[2024-06-11T03:59:51.070+0000] {processor.py:156} INFO - Started process (PID=1977) to work on /opt/airflow/dags/ETL_toll_data.py
[2024-06-11T03:59:51.074+0000] {processor.py:799} INFO - Processing file /opt/airflow/dags/ETL_toll_data.py for tasks to queue
[2024-06-11T03:59:51.081+0000] {logging_mixin.py:149} INFO - [2024-06-11T03:59:51.077+0000] {dagbag.py:541} INFO - Filling up the DagBag from /opt/airflow/dags/ETL_toll_data.py
[2024-06-11T03:59:52.924+0000] {processor.py:809} INFO - DAG(s) dict_keys(['ETL_toll_data_17']) retrieved from /opt/airflow/dags/ETL_toll_data.py
[2024-06-11T03:59:53.662+0000] {logging_mixin.py:149} INFO - [2024-06-11T03:59:53.661+0000] {dag.py:2726} INFO - Sync 1 DAGs
[2024-06-11T03:59:53.731+0000] {logging_mixin.py:149} INFO - [2024-06-11T03:59:53.730+0000] {dag.py:3490} INFO - Setting next_dagrun for ETL_toll_data_17 to 2024-06-11T00:00:00+00:00, run_after=2024-06-12T00:00:00+00:00
[2024-06-11T03:59:53.785+0000] {processor.py:178} INFO - Processing /opt/airflow/dags/ETL_toll_data.py took 2.744 seconds
[2024-06-11T04:00:24.153+0000] {processor.py:156} INFO - Started process (PID=1994) to work on /opt/airflow/dags/ETL_toll_data.py
[2024-06-11T04:00:24.158+0000] {processor.py:799} INFO - Processing file /opt/airflow/dags/ETL_toll_data.py for tasks to queue
[2024-06-11T04:00:24.163+0000] {logging_mixin.py:149} INFO - [2024-06-11T04:00:24.162+0000] {dagbag.py:541} INFO - Filling up the DagBag from /opt/airflow/dags/ETL_toll_data.py
[2024-06-11T04:00:24.732+0000] {processor.py:809} INFO - DAG(s) dict_keys(['ETL_toll_data_17']) retrieved from /opt/airflow/dags/ETL_toll_data.py
[2024-06-11T04:00:24.772+0000] {logging_mixin.py:149} INFO - [2024-06-11T04:00:24.771+0000] {dag.py:2726} INFO - Sync 1 DAGs
[2024-06-11T04:00:24.806+0000] {logging_mixin.py:149} INFO - [2024-06-11T04:00:24.806+0000] {dag.py:3490} INFO - Setting next_dagrun for ETL_toll_data_17 to 2024-06-11T00:00:00+00:00, run_after=2024-06-12T00:00:00+00:00
[2024-06-11T04:00:24.834+0000] {processor.py:178} INFO - Processing /opt/airflow/dags/ETL_toll_data.py took 0.697 seconds
[2024-06-11T04:00:55.156+0000] {processor.py:156} INFO - Started process (PID=2006) to work on /opt/airflow/dags/ETL_toll_data.py
[2024-06-11T04:00:55.159+0000] {processor.py:799} INFO - Processing file /opt/airflow/dags/ETL_toll_data.py for tasks to queue
[2024-06-11T04:00:55.162+0000] {logging_mixin.py:149} INFO - [2024-06-11T04:00:55.162+0000] {dagbag.py:541} INFO - Filling up the DagBag from /opt/airflow/dags/ETL_toll_data.py
[2024-06-11T04:00:55.647+0000] {processor.py:809} INFO - DAG(s) dict_keys(['ETL_toll_data_17']) retrieved from /opt/airflow/dags/ETL_toll_data.py
[2024-06-11T04:00:55.686+0000] {logging_mixin.py:149} INFO - [2024-06-11T04:00:55.686+0000] {dag.py:2726} INFO - Sync 1 DAGs
[2024-06-11T04:00:55.731+0000] {logging_mixin.py:149} INFO - [2024-06-11T04:00:55.731+0000] {dag.py:3490} INFO - Setting next_dagrun for ETL_toll_data_17 to 2024-06-11T00:00:00+00:00, run_after=2024-06-12T00:00:00+00:00
[2024-06-11T04:00:55.933+0000] {processor.py:178} INFO - Processing /opt/airflow/dags/ETL_toll_data.py took 0.785 seconds
[2024-06-11T04:01:26.231+0000] {processor.py:156} INFO - Started process (PID=2017) to work on /opt/airflow/dags/ETL_toll_data.py
[2024-06-11T04:01:26.233+0000] {processor.py:799} INFO - Processing file /opt/airflow/dags/ETL_toll_data.py for tasks to queue
[2024-06-11T04:01:26.235+0000] {logging_mixin.py:149} INFO - [2024-06-11T04:01:26.234+0000] {dagbag.py:541} INFO - Filling up the DagBag from /opt/airflow/dags/ETL_toll_data.py
[2024-06-11T04:01:26.819+0000] {processor.py:809} INFO - DAG(s) dict_keys(['ETL_toll_data_17']) retrieved from /opt/airflow/dags/ETL_toll_data.py
[2024-06-11T04:01:26.906+0000] {logging_mixin.py:149} INFO - [2024-06-11T04:01:26.905+0000] {dag.py:2726} INFO - Sync 1 DAGs
[2024-06-11T04:01:27.141+0000] {logging_mixin.py:149} INFO - [2024-06-11T04:01:27.141+0000] {dag.py:3490} INFO - Setting next_dagrun for ETL_toll_data_17 to 2024-06-11T00:00:00+00:00, run_after=2024-06-12T00:00:00+00:00
[2024-06-11T04:01:27.180+0000] {processor.py:178} INFO - Processing /opt/airflow/dags/ETL_toll_data.py took 0.959 seconds
[2024-06-11T04:01:57.268+0000] {processor.py:156} INFO - Started process (PID=2028) to work on /opt/airflow/dags/ETL_toll_data.py
[2024-06-11T04:01:57.270+0000] {processor.py:799} INFO - Processing file /opt/airflow/dags/ETL_toll_data.py for tasks to queue
[2024-06-11T04:01:57.272+0000] {logging_mixin.py:149} INFO - [2024-06-11T04:01:57.272+0000] {dagbag.py:541} INFO - Filling up the DagBag from /opt/airflow/dags/ETL_toll_data.py
[2024-06-11T04:01:57.968+0000] {processor.py:809} INFO - DAG(s) dict_keys(['ETL_toll_data_17']) retrieved from /opt/airflow/dags/ETL_toll_data.py
[2024-06-11T04:01:58.130+0000] {logging_mixin.py:149} INFO - [2024-06-11T04:01:58.128+0000] {dag.py:2726} INFO - Sync 1 DAGs
[2024-06-11T04:01:58.295+0000] {logging_mixin.py:149} INFO - [2024-06-11T04:01:58.294+0000] {dag.py:3490} INFO - Setting next_dagrun for ETL_toll_data_17 to 2024-06-11T00:00:00+00:00, run_after=2024-06-12T00:00:00+00:00
[2024-06-11T04:01:58.412+0000] {processor.py:178} INFO - Processing /opt/airflow/dags/ETL_toll_data.py took 1.150 seconds
[2024-06-11T04:02:28.579+0000] {processor.py:156} INFO - Started process (PID=2040) to work on /opt/airflow/dags/ETL_toll_data.py
[2024-06-11T04:02:28.581+0000] {processor.py:799} INFO - Processing file /opt/airflow/dags/ETL_toll_data.py for tasks to queue
[2024-06-11T04:02:28.583+0000] {logging_mixin.py:149} INFO - [2024-06-11T04:02:28.583+0000] {dagbag.py:541} INFO - Filling up the DagBag from /opt/airflow/dags/ETL_toll_data.py
[2024-06-11T04:02:29.152+0000] {processor.py:809} INFO - DAG(s) dict_keys(['ETL_toll_data_17']) retrieved from /opt/airflow/dags/ETL_toll_data.py
[2024-06-11T04:02:29.191+0000] {logging_mixin.py:149} INFO - [2024-06-11T04:02:29.191+0000] {dag.py:2726} INFO - Sync 1 DAGs
[2024-06-11T04:02:29.226+0000] {logging_mixin.py:149} INFO - [2024-06-11T04:02:29.226+0000] {dag.py:3490} INFO - Setting next_dagrun for ETL_toll_data_17 to 2024-06-11T00:00:00+00:00, run_after=2024-06-12T00:00:00+00:00
[2024-06-11T04:02:29.451+0000] {processor.py:178} INFO - Processing /opt/airflow/dags/ETL_toll_data.py took 0.876 seconds
[2024-06-11T04:03:00.010+0000] {processor.py:156} INFO - Started process (PID=2052) to work on /opt/airflow/dags/ETL_toll_data.py
[2024-06-11T04:03:00.042+0000] {processor.py:799} INFO - Processing file /opt/airflow/dags/ETL_toll_data.py for tasks to queue
[2024-06-11T04:03:00.056+0000] {logging_mixin.py:149} INFO - [2024-06-11T04:03:00.055+0000] {dagbag.py:541} INFO - Filling up the DagBag from /opt/airflow/dags/ETL_toll_data.py
[2024-06-11T04:03:01.503+0000] {processor.py:809} INFO - DAG(s) dict_keys(['ETL_toll_data_17']) retrieved from /opt/airflow/dags/ETL_toll_data.py
[2024-06-11T04:03:01.682+0000] {logging_mixin.py:149} INFO - [2024-06-11T04:03:01.680+0000] {dag.py:2726} INFO - Sync 1 DAGs
[2024-06-11T04:03:02.458+0000] {logging_mixin.py:149} INFO - [2024-06-11T04:03:02.458+0000] {dag.py:3490} INFO - Setting next_dagrun for ETL_toll_data_17 to 2024-06-11T00:00:00+00:00, run_after=2024-06-12T00:00:00+00:00
[2024-06-11T04:03:02.548+0000] {processor.py:178} INFO - Processing /opt/airflow/dags/ETL_toll_data.py took 2.572 seconds
[2024-06-11T04:03:33.011+0000] {processor.py:156} INFO - Started process (PID=2063) to work on /opt/airflow/dags/ETL_toll_data.py
[2024-06-11T04:03:33.013+0000] {processor.py:799} INFO - Processing file /opt/airflow/dags/ETL_toll_data.py for tasks to queue
[2024-06-11T04:03:33.017+0000] {logging_mixin.py:149} INFO - [2024-06-11T04:03:33.017+0000] {dagbag.py:541} INFO - Filling up the DagBag from /opt/airflow/dags/ETL_toll_data.py
[2024-06-11T04:03:33.638+0000] {processor.py:809} INFO - DAG(s) dict_keys(['ETL_toll_data_17']) retrieved from /opt/airflow/dags/ETL_toll_data.py
[2024-06-11T04:03:33.696+0000] {logging_mixin.py:149} INFO - [2024-06-11T04:03:33.695+0000] {dag.py:2726} INFO - Sync 1 DAGs
[2024-06-11T04:03:33.738+0000] {logging_mixin.py:149} INFO - [2024-06-11T04:03:33.738+0000] {dag.py:3490} INFO - Setting next_dagrun for ETL_toll_data_17 to 2024-06-11T00:00:00+00:00, run_after=2024-06-12T00:00:00+00:00
[2024-06-11T04:03:33.775+0000] {processor.py:178} INFO - Processing /opt/airflow/dags/ETL_toll_data.py took 0.769 seconds
[2024-06-11T04:04:04.155+0000] {processor.py:156} INFO - Started process (PID=2075) to work on /opt/airflow/dags/ETL_toll_data.py
[2024-06-11T04:04:04.164+0000] {processor.py:799} INFO - Processing file /opt/airflow/dags/ETL_toll_data.py for tasks to queue
[2024-06-11T04:04:04.169+0000] {logging_mixin.py:149} INFO - [2024-06-11T04:04:04.166+0000] {dagbag.py:541} INFO - Filling up the DagBag from /opt/airflow/dags/ETL_toll_data.py
[2024-06-11T04:04:05.288+0000] {processor.py:809} INFO - DAG(s) dict_keys(['ETL_toll_data_17']) retrieved from /opt/airflow/dags/ETL_toll_data.py
[2024-06-11T04:04:05.491+0000] {logging_mixin.py:149} INFO - [2024-06-11T04:04:05.490+0000] {dag.py:2726} INFO - Sync 1 DAGs
[2024-06-11T04:04:05.617+0000] {logging_mixin.py:149} INFO - [2024-06-11T04:04:05.616+0000] {dag.py:3490} INFO - Setting next_dagrun for ETL_toll_data_17 to 2024-06-11T00:00:00+00:00, run_after=2024-06-12T00:00:00+00:00
[2024-06-11T04:04:05.897+0000] {processor.py:178} INFO - Processing /opt/airflow/dags/ETL_toll_data.py took 1.748 seconds
[2024-06-11T04:04:36.189+0000] {processor.py:156} INFO - Started process (PID=2087) to work on /opt/airflow/dags/ETL_toll_data.py
[2024-06-11T04:04:36.191+0000] {processor.py:799} INFO - Processing file /opt/airflow/dags/ETL_toll_data.py for tasks to queue
[2024-06-11T04:04:36.193+0000] {logging_mixin.py:149} INFO - [2024-06-11T04:04:36.193+0000] {dagbag.py:541} INFO - Filling up the DagBag from /opt/airflow/dags/ETL_toll_data.py
[2024-06-11T04:04:36.725+0000] {processor.py:809} INFO - DAG(s) dict_keys(['ETL_toll_data_17']) retrieved from /opt/airflow/dags/ETL_toll_data.py
[2024-06-11T04:04:36.767+0000] {logging_mixin.py:149} INFO - [2024-06-11T04:04:36.766+0000] {dag.py:2726} INFO - Sync 1 DAGs
[2024-06-11T04:04:36.952+0000] {logging_mixin.py:149} INFO - [2024-06-11T04:04:36.952+0000] {dag.py:3490} INFO - Setting next_dagrun for ETL_toll_data_17 to 2024-06-11T00:00:00+00:00, run_after=2024-06-12T00:00:00+00:00
[2024-06-11T04:04:36.983+0000] {processor.py:178} INFO - Processing /opt/airflow/dags/ETL_toll_data.py took 0.801 seconds
[2024-06-11T04:05:07.142+0000] {processor.py:156} INFO - Started process (PID=2098) to work on /opt/airflow/dags/ETL_toll_data.py
[2024-06-11T04:05:07.147+0000] {processor.py:799} INFO - Processing file /opt/airflow/dags/ETL_toll_data.py for tasks to queue
[2024-06-11T04:05:07.149+0000] {logging_mixin.py:149} INFO - [2024-06-11T04:05:07.149+0000] {dagbag.py:541} INFO - Filling up the DagBag from /opt/airflow/dags/ETL_toll_data.py
[2024-06-11T04:05:07.859+0000] {processor.py:809} INFO - DAG(s) dict_keys(['ETL_toll_data_17']) retrieved from /opt/airflow/dags/ETL_toll_data.py
[2024-06-11T04:05:07.908+0000] {logging_mixin.py:149} INFO - [2024-06-11T04:05:07.908+0000] {dag.py:2726} INFO - Sync 1 DAGs
[2024-06-11T04:05:07.954+0000] {logging_mixin.py:149} INFO - [2024-06-11T04:05:07.954+0000] {dag.py:3490} INFO - Setting next_dagrun for ETL_toll_data_17 to 2024-06-11T00:00:00+00:00, run_after=2024-06-12T00:00:00+00:00
[2024-06-11T04:05:07.993+0000] {processor.py:178} INFO - Processing /opt/airflow/dags/ETL_toll_data.py took 0.860 seconds
[2024-06-11T04:05:38.228+0000] {processor.py:156} INFO - Started process (PID=2110) to work on /opt/airflow/dags/ETL_toll_data.py
[2024-06-11T04:05:38.230+0000] {processor.py:799} INFO - Processing file /opt/airflow/dags/ETL_toll_data.py for tasks to queue
[2024-06-11T04:05:38.233+0000] {logging_mixin.py:149} INFO - [2024-06-11T04:05:38.233+0000] {dagbag.py:541} INFO - Filling up the DagBag from /opt/airflow/dags/ETL_toll_data.py
[2024-06-11T04:05:38.952+0000] {processor.py:809} INFO - DAG(s) dict_keys(['ETL_toll_data_17']) retrieved from /opt/airflow/dags/ETL_toll_data.py
[2024-06-11T04:05:39.024+0000] {logging_mixin.py:149} INFO - [2024-06-11T04:05:39.022+0000] {dag.py:2726} INFO - Sync 1 DAGs
[2024-06-11T04:05:39.082+0000] {logging_mixin.py:149} INFO - [2024-06-11T04:05:39.082+0000] {dag.py:3490} INFO - Setting next_dagrun for ETL_toll_data_17 to 2024-06-11T00:00:00+00:00, run_after=2024-06-12T00:00:00+00:00
[2024-06-11T04:05:39.314+0000] {processor.py:178} INFO - Processing /opt/airflow/dags/ETL_toll_data.py took 1.092 seconds
