[2024-06-04T21:43:17.353+0000] {processor.py:156} INFO - Started process (PID=87) to work on /home/airflow/.local/lib/python3.7/site-packages/airflow/example_dags/example_xcomargs.py
[2024-06-04T21:43:17.409+0000] {processor.py:799} INFO - Processing file /home/airflow/.local/lib/python3.7/site-packages/airflow/example_dags/example_xcomargs.py for tasks to queue
[2024-06-04T21:43:17.432+0000] {logging_mixin.py:149} INFO - [2024-06-04T21:43:17.420+0000] {dagbag.py:541} INFO - Filling up the DagBag from /home/airflow/.local/lib/python3.7/site-packages/airflow/example_dags/example_xcomargs.py
[2024-06-04T21:43:17.666+0000] {processor.py:809} INFO - DAG(s) dict_keys(['example_xcom_args', 'example_xcom_args_with_operators']) retrieved from /home/airflow/.local/lib/python3.7/site-packages/airflow/example_dags/example_xcomargs.py
[2024-06-04T21:43:17.931+0000] {logging_mixin.py:149} INFO - [2024-06-04T21:43:17.930+0000] {dag.py:2726} INFO - Sync 2 DAGs
[2024-06-04T21:43:17.998+0000] {logging_mixin.py:149} INFO - [2024-06-04T21:43:17.998+0000] {dag.py:2747} INFO - Creating ORM DAG for example_xcom_args_with_operators
[2024-06-04T21:43:18.024+0000] {logging_mixin.py:149} INFO - [2024-06-04T21:43:18.023+0000] {dag.py:2747} INFO - Creating ORM DAG for example_xcom_args
[2024-06-04T21:43:18.196+0000] {logging_mixin.py:149} INFO - [2024-06-04T21:43:18.191+0000] {dag.py:3490} INFO - Setting next_dagrun for example_xcom_args to None, run_after=None
[2024-06-04T21:43:18.199+0000] {logging_mixin.py:149} INFO - [2024-06-04T21:43:18.199+0000] {dag.py:3490} INFO - Setting next_dagrun for example_xcom_args_with_operators to None, run_after=None
[2024-06-04T21:43:18.428+0000] {processor.py:178} INFO - Processing /home/airflow/.local/lib/python3.7/site-packages/airflow/example_dags/example_xcomargs.py took 1.132 seconds
[2024-06-04T21:43:59.851+0000] {processor.py:156} INFO - Started process (PID=143) to work on /home/airflow/.local/lib/python3.7/site-packages/airflow/example_dags/example_xcomargs.py
[2024-06-04T21:43:59.855+0000] {processor.py:799} INFO - Processing file /home/airflow/.local/lib/python3.7/site-packages/airflow/example_dags/example_xcomargs.py for tasks to queue
[2024-06-04T21:43:59.859+0000] {logging_mixin.py:149} INFO - [2024-06-04T21:43:59.859+0000] {dagbag.py:541} INFO - Filling up the DagBag from /home/airflow/.local/lib/python3.7/site-packages/airflow/example_dags/example_xcomargs.py
[2024-06-04T21:43:59.946+0000] {processor.py:809} INFO - DAG(s) dict_keys(['example_xcom_args_with_operators', 'example_xcom_args']) retrieved from /home/airflow/.local/lib/python3.7/site-packages/airflow/example_dags/example_xcomargs.py
[2024-06-04T21:44:00.144+0000] {logging_mixin.py:149} INFO - [2024-06-04T21:44:00.143+0000] {dag.py:2726} INFO - Sync 2 DAGs
[2024-06-04T21:44:00.265+0000] {logging_mixin.py:149} INFO - [2024-06-04T21:44:00.265+0000] {dag.py:3490} INFO - Setting next_dagrun for example_xcom_args to None, run_after=None
[2024-06-04T21:44:00.275+0000] {logging_mixin.py:149} INFO - [2024-06-04T21:44:00.275+0000] {dag.py:3490} INFO - Setting next_dagrun for example_xcom_args_with_operators to None, run_after=None
[2024-06-04T21:44:00.335+0000] {processor.py:178} INFO - Processing /home/airflow/.local/lib/python3.7/site-packages/airflow/example_dags/example_xcomargs.py took 0.530 seconds
[2024-06-04T21:44:30.467+0000] {processor.py:156} INFO - Started process (PID=198) to work on /home/airflow/.local/lib/python3.7/site-packages/airflow/example_dags/example_xcomargs.py
[2024-06-04T21:44:30.469+0000] {processor.py:799} INFO - Processing file /home/airflow/.local/lib/python3.7/site-packages/airflow/example_dags/example_xcomargs.py for tasks to queue
[2024-06-04T21:44:30.471+0000] {logging_mixin.py:149} INFO - [2024-06-04T21:44:30.471+0000] {dagbag.py:541} INFO - Filling up the DagBag from /home/airflow/.local/lib/python3.7/site-packages/airflow/example_dags/example_xcomargs.py
[2024-06-04T21:44:30.493+0000] {processor.py:809} INFO - DAG(s) dict_keys(['example_xcom_args_with_operators', 'example_xcom_args']) retrieved from /home/airflow/.local/lib/python3.7/site-packages/airflow/example_dags/example_xcomargs.py
[2024-06-04T21:44:30.550+0000] {logging_mixin.py:149} INFO - [2024-06-04T21:44:30.550+0000] {dag.py:2726} INFO - Sync 2 DAGs
[2024-06-04T21:44:30.598+0000] {logging_mixin.py:149} INFO - [2024-06-04T21:44:30.597+0000] {dag.py:3490} INFO - Setting next_dagrun for example_xcom_args to None, run_after=None
[2024-06-04T21:44:30.605+0000] {logging_mixin.py:149} INFO - [2024-06-04T21:44:30.605+0000] {dag.py:3490} INFO - Setting next_dagrun for example_xcom_args_with_operators to None, run_after=None
[2024-06-04T21:44:30.646+0000] {processor.py:178} INFO - Processing /home/airflow/.local/lib/python3.7/site-packages/airflow/example_dags/example_xcomargs.py took 0.186 seconds
[2024-06-04T21:45:03.488+0000] {processor.py:156} INFO - Started process (PID=261) to work on /home/airflow/.local/lib/python3.7/site-packages/airflow/example_dags/example_xcomargs.py
[2024-06-04T21:45:03.496+0000] {processor.py:799} INFO - Processing file /home/airflow/.local/lib/python3.7/site-packages/airflow/example_dags/example_xcomargs.py for tasks to queue
[2024-06-04T21:45:03.525+0000] {logging_mixin.py:149} INFO - [2024-06-04T21:45:03.525+0000] {dagbag.py:541} INFO - Filling up the DagBag from /home/airflow/.local/lib/python3.7/site-packages/airflow/example_dags/example_xcomargs.py
[2024-06-04T21:45:03.614+0000] {processor.py:809} INFO - DAG(s) dict_keys(['example_xcom_args_with_operators', 'example_xcom_args']) retrieved from /home/airflow/.local/lib/python3.7/site-packages/airflow/example_dags/example_xcomargs.py
[2024-06-04T21:45:03.873+0000] {logging_mixin.py:149} INFO - [2024-06-04T21:45:03.873+0000] {dag.py:2726} INFO - Sync 2 DAGs
[2024-06-04T21:45:03.931+0000] {logging_mixin.py:149} INFO - [2024-06-04T21:45:03.931+0000] {dag.py:3490} INFO - Setting next_dagrun for example_xcom_args to None, run_after=None
[2024-06-04T21:45:03.942+0000] {logging_mixin.py:149} INFO - [2024-06-04T21:45:03.941+0000] {dag.py:3490} INFO - Setting next_dagrun for example_xcom_args_with_operators to None, run_after=None
[2024-06-04T21:45:03.984+0000] {processor.py:178} INFO - Processing /home/airflow/.local/lib/python3.7/site-packages/airflow/example_dags/example_xcomargs.py took 0.503 seconds
[2024-06-04T21:45:34.516+0000] {processor.py:156} INFO - Started process (PID=316) to work on /home/airflow/.local/lib/python3.7/site-packages/airflow/example_dags/example_xcomargs.py
[2024-06-04T21:45:34.517+0000] {processor.py:799} INFO - Processing file /home/airflow/.local/lib/python3.7/site-packages/airflow/example_dags/example_xcomargs.py for tasks to queue
[2024-06-04T21:45:34.519+0000] {logging_mixin.py:149} INFO - [2024-06-04T21:45:34.518+0000] {dagbag.py:541} INFO - Filling up the DagBag from /home/airflow/.local/lib/python3.7/site-packages/airflow/example_dags/example_xcomargs.py
[2024-06-04T21:45:34.539+0000] {processor.py:809} INFO - DAG(s) dict_keys(['example_xcom_args_with_operators', 'example_xcom_args']) retrieved from /home/airflow/.local/lib/python3.7/site-packages/airflow/example_dags/example_xcomargs.py
[2024-06-04T21:45:34.629+0000] {logging_mixin.py:149} INFO - [2024-06-04T21:45:34.628+0000] {dag.py:2726} INFO - Sync 2 DAGs
[2024-06-04T21:45:34.707+0000] {logging_mixin.py:149} INFO - [2024-06-04T21:45:34.707+0000] {dag.py:3490} INFO - Setting next_dagrun for example_xcom_args to None, run_after=None
[2024-06-04T21:45:34.721+0000] {logging_mixin.py:149} INFO - [2024-06-04T21:45:34.721+0000] {dag.py:3490} INFO - Setting next_dagrun for example_xcom_args_with_operators to None, run_after=None
[2024-06-04T21:45:34.820+0000] {processor.py:178} INFO - Processing /home/airflow/.local/lib/python3.7/site-packages/airflow/example_dags/example_xcomargs.py took 0.309 seconds
[2024-06-04T21:46:07.145+0000] {processor.py:156} INFO - Started process (PID=372) to work on /home/airflow/.local/lib/python3.7/site-packages/airflow/example_dags/example_xcomargs.py
[2024-06-04T21:46:07.149+0000] {processor.py:799} INFO - Processing file /home/airflow/.local/lib/python3.7/site-packages/airflow/example_dags/example_xcomargs.py for tasks to queue
[2024-06-04T21:46:07.154+0000] {logging_mixin.py:149} INFO - [2024-06-04T21:46:07.153+0000] {dagbag.py:541} INFO - Filling up the DagBag from /home/airflow/.local/lib/python3.7/site-packages/airflow/example_dags/example_xcomargs.py
[2024-06-04T21:46:07.197+0000] {processor.py:809} INFO - DAG(s) dict_keys(['example_xcom_args_with_operators', 'example_xcom_args']) retrieved from /home/airflow/.local/lib/python3.7/site-packages/airflow/example_dags/example_xcomargs.py
[2024-06-04T21:46:07.360+0000] {logging_mixin.py:149} INFO - [2024-06-04T21:46:07.359+0000] {dag.py:2726} INFO - Sync 2 DAGs
[2024-06-04T21:46:07.500+0000] {logging_mixin.py:149} INFO - [2024-06-04T21:46:07.500+0000] {dag.py:3490} INFO - Setting next_dagrun for example_xcom_args to None, run_after=None
[2024-06-04T21:46:07.525+0000] {logging_mixin.py:149} INFO - [2024-06-04T21:46:07.525+0000] {dag.py:3490} INFO - Setting next_dagrun for example_xcom_args_with_operators to None, run_after=None
[2024-06-04T21:46:07.762+0000] {processor.py:178} INFO - Processing /home/airflow/.local/lib/python3.7/site-packages/airflow/example_dags/example_xcomargs.py took 0.673 seconds
[2024-06-04T21:46:38.646+0000] {processor.py:156} INFO - Started process (PID=428) to work on /home/airflow/.local/lib/python3.7/site-packages/airflow/example_dags/example_xcomargs.py
[2024-06-04T21:46:38.648+0000] {processor.py:799} INFO - Processing file /home/airflow/.local/lib/python3.7/site-packages/airflow/example_dags/example_xcomargs.py for tasks to queue
[2024-06-04T21:46:38.650+0000] {logging_mixin.py:149} INFO - [2024-06-04T21:46:38.650+0000] {dagbag.py:541} INFO - Filling up the DagBag from /home/airflow/.local/lib/python3.7/site-packages/airflow/example_dags/example_xcomargs.py
[2024-06-04T21:46:38.667+0000] {processor.py:809} INFO - DAG(s) dict_keys(['example_xcom_args', 'example_xcom_args_with_operators']) retrieved from /home/airflow/.local/lib/python3.7/site-packages/airflow/example_dags/example_xcomargs.py
[2024-06-04T21:46:38.713+0000] {logging_mixin.py:149} INFO - [2024-06-04T21:46:38.713+0000] {dag.py:2726} INFO - Sync 2 DAGs
[2024-06-04T21:46:38.755+0000] {logging_mixin.py:149} INFO - [2024-06-04T21:46:38.754+0000] {dag.py:3490} INFO - Setting next_dagrun for example_xcom_args to None, run_after=None
[2024-06-04T21:46:38.762+0000] {logging_mixin.py:149} INFO - [2024-06-04T21:46:38.761+0000] {dag.py:3490} INFO - Setting next_dagrun for example_xcom_args_with_operators to None, run_after=None
[2024-06-04T21:46:38.803+0000] {processor.py:178} INFO - Processing /home/airflow/.local/lib/python3.7/site-packages/airflow/example_dags/example_xcomargs.py took 0.161 seconds
[2024-06-04T21:47:09.696+0000] {processor.py:156} INFO - Started process (PID=484) to work on /home/airflow/.local/lib/python3.7/site-packages/airflow/example_dags/example_xcomargs.py
[2024-06-04T21:47:09.699+0000] {processor.py:799} INFO - Processing file /home/airflow/.local/lib/python3.7/site-packages/airflow/example_dags/example_xcomargs.py for tasks to queue
[2024-06-04T21:47:09.702+0000] {logging_mixin.py:149} INFO - [2024-06-04T21:47:09.701+0000] {dagbag.py:541} INFO - Filling up the DagBag from /home/airflow/.local/lib/python3.7/site-packages/airflow/example_dags/example_xcomargs.py
[2024-06-04T21:47:09.721+0000] {processor.py:809} INFO - DAG(s) dict_keys(['example_xcom_args_with_operators', 'example_xcom_args']) retrieved from /home/airflow/.local/lib/python3.7/site-packages/airflow/example_dags/example_xcomargs.py
[2024-06-04T21:47:09.780+0000] {logging_mixin.py:149} INFO - [2024-06-04T21:47:09.780+0000] {dag.py:2726} INFO - Sync 2 DAGs
[2024-06-04T21:47:09.832+0000] {logging_mixin.py:149} INFO - [2024-06-04T21:47:09.832+0000] {dag.py:3490} INFO - Setting next_dagrun for example_xcom_args to None, run_after=None
[2024-06-04T21:47:09.840+0000] {logging_mixin.py:149} INFO - [2024-06-04T21:47:09.839+0000] {dag.py:3490} INFO - Setting next_dagrun for example_xcom_args_with_operators to None, run_after=None
[2024-06-04T21:47:09.879+0000] {processor.py:178} INFO - Processing /home/airflow/.local/lib/python3.7/site-packages/airflow/example_dags/example_xcomargs.py took 0.190 seconds
[2024-06-04T21:47:40.848+0000] {processor.py:156} INFO - Started process (PID=540) to work on /home/airflow/.local/lib/python3.7/site-packages/airflow/example_dags/example_xcomargs.py
[2024-06-04T21:47:40.859+0000] {processor.py:799} INFO - Processing file /home/airflow/.local/lib/python3.7/site-packages/airflow/example_dags/example_xcomargs.py for tasks to queue
[2024-06-04T21:47:40.867+0000] {logging_mixin.py:149} INFO - [2024-06-04T21:47:40.867+0000] {dagbag.py:541} INFO - Filling up the DagBag from /home/airflow/.local/lib/python3.7/site-packages/airflow/example_dags/example_xcomargs.py
[2024-06-04T21:47:40.938+0000] {processor.py:809} INFO - DAG(s) dict_keys(['example_xcom_args_with_operators', 'example_xcom_args']) retrieved from /home/airflow/.local/lib/python3.7/site-packages/airflow/example_dags/example_xcomargs.py
[2024-06-04T21:47:41.138+0000] {logging_mixin.py:149} INFO - [2024-06-04T21:47:41.138+0000] {dag.py:2726} INFO - Sync 2 DAGs
[2024-06-04T21:47:41.383+0000] {logging_mixin.py:149} INFO - [2024-06-04T21:47:41.380+0000] {dag.py:3490} INFO - Setting next_dagrun for example_xcom_args to None, run_after=None
[2024-06-04T21:47:41.510+0000] {logging_mixin.py:149} INFO - [2024-06-04T21:47:41.503+0000] {dag.py:3490} INFO - Setting next_dagrun for example_xcom_args_with_operators to None, run_after=None
[2024-06-04T21:47:41.775+0000] {processor.py:178} INFO - Processing /home/airflow/.local/lib/python3.7/site-packages/airflow/example_dags/example_xcomargs.py took 0.951 seconds
[2024-06-04T21:48:11.984+0000] {processor.py:156} INFO - Started process (PID=595) to work on /home/airflow/.local/lib/python3.7/site-packages/airflow/example_dags/example_xcomargs.py
[2024-06-04T21:48:11.986+0000] {processor.py:799} INFO - Processing file /home/airflow/.local/lib/python3.7/site-packages/airflow/example_dags/example_xcomargs.py for tasks to queue
[2024-06-04T21:48:11.988+0000] {logging_mixin.py:149} INFO - [2024-06-04T21:48:11.988+0000] {dagbag.py:541} INFO - Filling up the DagBag from /home/airflow/.local/lib/python3.7/site-packages/airflow/example_dags/example_xcomargs.py
[2024-06-04T21:48:12.004+0000] {processor.py:809} INFO - DAG(s) dict_keys(['example_xcom_args', 'example_xcom_args_with_operators']) retrieved from /home/airflow/.local/lib/python3.7/site-packages/airflow/example_dags/example_xcomargs.py
[2024-06-04T21:48:12.057+0000] {logging_mixin.py:149} INFO - [2024-06-04T21:48:12.056+0000] {dag.py:2726} INFO - Sync 2 DAGs
[2024-06-04T21:48:12.108+0000] {logging_mixin.py:149} INFO - [2024-06-04T21:48:12.107+0000] {dag.py:3490} INFO - Setting next_dagrun for example_xcom_args to None, run_after=None
[2024-06-04T21:48:12.117+0000] {logging_mixin.py:149} INFO - [2024-06-04T21:48:12.117+0000] {dag.py:3490} INFO - Setting next_dagrun for example_xcom_args_with_operators to None, run_after=None
[2024-06-04T21:48:12.159+0000] {processor.py:178} INFO - Processing /home/airflow/.local/lib/python3.7/site-packages/airflow/example_dags/example_xcomargs.py took 0.181 seconds
[2024-06-04T21:48:42.678+0000] {processor.py:156} INFO - Started process (PID=650) to work on /home/airflow/.local/lib/python3.7/site-packages/airflow/example_dags/example_xcomargs.py
[2024-06-04T21:48:42.679+0000] {processor.py:799} INFO - Processing file /home/airflow/.local/lib/python3.7/site-packages/airflow/example_dags/example_xcomargs.py for tasks to queue
[2024-06-04T21:48:42.681+0000] {logging_mixin.py:149} INFO - [2024-06-04T21:48:42.681+0000] {dagbag.py:541} INFO - Filling up the DagBag from /home/airflow/.local/lib/python3.7/site-packages/airflow/example_dags/example_xcomargs.py
[2024-06-04T21:48:42.699+0000] {processor.py:809} INFO - DAG(s) dict_keys(['example_xcom_args_with_operators', 'example_xcom_args']) retrieved from /home/airflow/.local/lib/python3.7/site-packages/airflow/example_dags/example_xcomargs.py
[2024-06-04T21:48:42.760+0000] {logging_mixin.py:149} INFO - [2024-06-04T21:48:42.759+0000] {dag.py:2726} INFO - Sync 2 DAGs
[2024-06-04T21:48:42.809+0000] {logging_mixin.py:149} INFO - [2024-06-04T21:48:42.808+0000] {dag.py:3490} INFO - Setting next_dagrun for example_xcom_args to None, run_after=None
[2024-06-04T21:48:42.815+0000] {logging_mixin.py:149} INFO - [2024-06-04T21:48:42.815+0000] {dag.py:3490} INFO - Setting next_dagrun for example_xcom_args_with_operators to None, run_after=None
[2024-06-04T21:48:42.852+0000] {processor.py:178} INFO - Processing /home/airflow/.local/lib/python3.7/site-packages/airflow/example_dags/example_xcomargs.py took 0.179 seconds
[2024-06-04T21:49:13.221+0000] {processor.py:156} INFO - Started process (PID=707) to work on /home/airflow/.local/lib/python3.7/site-packages/airflow/example_dags/example_xcomargs.py
[2024-06-04T21:49:13.223+0000] {processor.py:799} INFO - Processing file /home/airflow/.local/lib/python3.7/site-packages/airflow/example_dags/example_xcomargs.py for tasks to queue
[2024-06-04T21:49:13.226+0000] {logging_mixin.py:149} INFO - [2024-06-04T21:49:13.226+0000] {dagbag.py:541} INFO - Filling up the DagBag from /home/airflow/.local/lib/python3.7/site-packages/airflow/example_dags/example_xcomargs.py
[2024-06-04T21:49:13.252+0000] {processor.py:809} INFO - DAG(s) dict_keys(['example_xcom_args', 'example_xcom_args_with_operators']) retrieved from /home/airflow/.local/lib/python3.7/site-packages/airflow/example_dags/example_xcomargs.py
[2024-06-04T21:49:13.328+0000] {logging_mixin.py:149} INFO - [2024-06-04T21:49:13.328+0000] {dag.py:2726} INFO - Sync 2 DAGs
[2024-06-04T21:49:13.403+0000] {logging_mixin.py:149} INFO - [2024-06-04T21:49:13.403+0000] {dag.py:3490} INFO - Setting next_dagrun for example_xcom_args to None, run_after=None
[2024-06-04T21:49:13.413+0000] {logging_mixin.py:149} INFO - [2024-06-04T21:49:13.412+0000] {dag.py:3490} INFO - Setting next_dagrun for example_xcom_args_with_operators to None, run_after=None
[2024-06-04T21:49:13.475+0000] {processor.py:178} INFO - Processing /home/airflow/.local/lib/python3.7/site-packages/airflow/example_dags/example_xcomargs.py took 0.261 seconds
[2024-06-04T21:49:43.934+0000] {processor.py:156} INFO - Started process (PID=763) to work on /home/airflow/.local/lib/python3.7/site-packages/airflow/example_dags/example_xcomargs.py
[2024-06-04T21:49:43.936+0000] {processor.py:799} INFO - Processing file /home/airflow/.local/lib/python3.7/site-packages/airflow/example_dags/example_xcomargs.py for tasks to queue
[2024-06-04T21:49:43.938+0000] {logging_mixin.py:149} INFO - [2024-06-04T21:49:43.938+0000] {dagbag.py:541} INFO - Filling up the DagBag from /home/airflow/.local/lib/python3.7/site-packages/airflow/example_dags/example_xcomargs.py
[2024-06-04T21:49:43.951+0000] {processor.py:809} INFO - DAG(s) dict_keys(['example_xcom_args_with_operators', 'example_xcom_args']) retrieved from /home/airflow/.local/lib/python3.7/site-packages/airflow/example_dags/example_xcomargs.py
[2024-06-04T21:49:43.997+0000] {logging_mixin.py:149} INFO - [2024-06-04T21:49:43.997+0000] {dag.py:2726} INFO - Sync 2 DAGs
[2024-06-04T21:49:44.045+0000] {logging_mixin.py:149} INFO - [2024-06-04T21:49:44.044+0000] {dag.py:3490} INFO - Setting next_dagrun for example_xcom_args to None, run_after=None
[2024-06-04T21:49:44.052+0000] {logging_mixin.py:149} INFO - [2024-06-04T21:49:44.052+0000] {dag.py:3490} INFO - Setting next_dagrun for example_xcom_args_with_operators to None, run_after=None
[2024-06-04T21:49:44.092+0000] {processor.py:178} INFO - Processing /home/airflow/.local/lib/python3.7/site-packages/airflow/example_dags/example_xcomargs.py took 0.163 seconds
[2024-06-04T21:50:14.990+0000] {processor.py:156} INFO - Started process (PID=819) to work on /home/airflow/.local/lib/python3.7/site-packages/airflow/example_dags/example_xcomargs.py
[2024-06-04T21:50:14.996+0000] {processor.py:799} INFO - Processing file /home/airflow/.local/lib/python3.7/site-packages/airflow/example_dags/example_xcomargs.py for tasks to queue
[2024-06-04T21:50:15.001+0000] {logging_mixin.py:149} INFO - [2024-06-04T21:50:15.000+0000] {dagbag.py:541} INFO - Filling up the DagBag from /home/airflow/.local/lib/python3.7/site-packages/airflow/example_dags/example_xcomargs.py
[2024-06-04T21:50:15.027+0000] {processor.py:809} INFO - DAG(s) dict_keys(['example_xcom_args', 'example_xcom_args_with_operators']) retrieved from /home/airflow/.local/lib/python3.7/site-packages/airflow/example_dags/example_xcomargs.py
[2024-06-04T21:50:15.106+0000] {logging_mixin.py:149} INFO - [2024-06-04T21:50:15.106+0000] {dag.py:2726} INFO - Sync 2 DAGs
[2024-06-04T21:50:15.253+0000] {logging_mixin.py:149} INFO - [2024-06-04T21:50:15.252+0000] {dag.py:3490} INFO - Setting next_dagrun for example_xcom_args to None, run_after=None
[2024-06-04T21:50:15.278+0000] {logging_mixin.py:149} INFO - [2024-06-04T21:50:15.278+0000] {dag.py:3490} INFO - Setting next_dagrun for example_xcom_args_with_operators to None, run_after=None
[2024-06-04T21:50:15.348+0000] {processor.py:178} INFO - Processing /home/airflow/.local/lib/python3.7/site-packages/airflow/example_dags/example_xcomargs.py took 0.377 seconds
[2024-06-04T21:50:45.682+0000] {processor.py:156} INFO - Started process (PID=875) to work on /home/airflow/.local/lib/python3.7/site-packages/airflow/example_dags/example_xcomargs.py
[2024-06-04T21:50:45.685+0000] {processor.py:799} INFO - Processing file /home/airflow/.local/lib/python3.7/site-packages/airflow/example_dags/example_xcomargs.py for tasks to queue
[2024-06-04T21:50:45.688+0000] {logging_mixin.py:149} INFO - [2024-06-04T21:50:45.688+0000] {dagbag.py:541} INFO - Filling up the DagBag from /home/airflow/.local/lib/python3.7/site-packages/airflow/example_dags/example_xcomargs.py
[2024-06-04T21:50:45.701+0000] {processor.py:809} INFO - DAG(s) dict_keys(['example_xcom_args_with_operators', 'example_xcom_args']) retrieved from /home/airflow/.local/lib/python3.7/site-packages/airflow/example_dags/example_xcomargs.py
[2024-06-04T21:50:45.750+0000] {logging_mixin.py:149} INFO - [2024-06-04T21:50:45.750+0000] {dag.py:2726} INFO - Sync 2 DAGs
[2024-06-04T21:50:45.791+0000] {logging_mixin.py:149} INFO - [2024-06-04T21:50:45.791+0000] {dag.py:3490} INFO - Setting next_dagrun for example_xcom_args to None, run_after=None
[2024-06-04T21:50:45.798+0000] {logging_mixin.py:149} INFO - [2024-06-04T21:50:45.798+0000] {dag.py:3490} INFO - Setting next_dagrun for example_xcom_args_with_operators to None, run_after=None
[2024-06-04T21:50:45.832+0000] {processor.py:178} INFO - Processing /home/airflow/.local/lib/python3.7/site-packages/airflow/example_dags/example_xcomargs.py took 0.159 seconds
[2024-06-04T21:51:16.311+0000] {processor.py:156} INFO - Started process (PID=930) to work on /home/airflow/.local/lib/python3.7/site-packages/airflow/example_dags/example_xcomargs.py
[2024-06-04T21:51:16.313+0000] {processor.py:799} INFO - Processing file /home/airflow/.local/lib/python3.7/site-packages/airflow/example_dags/example_xcomargs.py for tasks to queue
[2024-06-04T21:51:16.318+0000] {logging_mixin.py:149} INFO - [2024-06-04T21:51:16.317+0000] {dagbag.py:541} INFO - Filling up the DagBag from /home/airflow/.local/lib/python3.7/site-packages/airflow/example_dags/example_xcomargs.py
[2024-06-04T21:51:16.351+0000] {processor.py:809} INFO - DAG(s) dict_keys(['example_xcom_args', 'example_xcom_args_with_operators']) retrieved from /home/airflow/.local/lib/python3.7/site-packages/airflow/example_dags/example_xcomargs.py
[2024-06-04T21:51:16.520+0000] {logging_mixin.py:149} INFO - [2024-06-04T21:51:16.519+0000] {dag.py:2726} INFO - Sync 2 DAGs
[2024-06-04T21:51:16.684+0000] {logging_mixin.py:149} INFO - [2024-06-04T21:51:16.684+0000] {dag.py:3490} INFO - Setting next_dagrun for example_xcom_args to None, run_after=None
[2024-06-04T21:51:16.722+0000] {logging_mixin.py:149} INFO - [2024-06-04T21:51:16.722+0000] {dag.py:3490} INFO - Setting next_dagrun for example_xcom_args_with_operators to None, run_after=None
[2024-06-04T21:51:16.810+0000] {processor.py:178} INFO - Processing /home/airflow/.local/lib/python3.7/site-packages/airflow/example_dags/example_xcomargs.py took 0.510 seconds
[2024-06-04T21:51:47.598+0000] {processor.py:156} INFO - Started process (PID=986) to work on /home/airflow/.local/lib/python3.7/site-packages/airflow/example_dags/example_xcomargs.py
[2024-06-04T21:51:47.600+0000] {processor.py:799} INFO - Processing file /home/airflow/.local/lib/python3.7/site-packages/airflow/example_dags/example_xcomargs.py for tasks to queue
[2024-06-04T21:51:47.603+0000] {logging_mixin.py:149} INFO - [2024-06-04T21:51:47.602+0000] {dagbag.py:541} INFO - Filling up the DagBag from /home/airflow/.local/lib/python3.7/site-packages/airflow/example_dags/example_xcomargs.py
[2024-06-04T21:51:47.617+0000] {processor.py:809} INFO - DAG(s) dict_keys(['example_xcom_args', 'example_xcom_args_with_operators']) retrieved from /home/airflow/.local/lib/python3.7/site-packages/airflow/example_dags/example_xcomargs.py
[2024-06-04T21:51:47.662+0000] {logging_mixin.py:149} INFO - [2024-06-04T21:51:47.662+0000] {dag.py:2726} INFO - Sync 2 DAGs
[2024-06-04T21:51:47.710+0000] {logging_mixin.py:149} INFO - [2024-06-04T21:51:47.709+0000] {dag.py:3490} INFO - Setting next_dagrun for example_xcom_args to None, run_after=None
[2024-06-04T21:51:47.718+0000] {logging_mixin.py:149} INFO - [2024-06-04T21:51:47.717+0000] {dag.py:3490} INFO - Setting next_dagrun for example_xcom_args_with_operators to None, run_after=None
[2024-06-04T21:51:47.753+0000] {processor.py:178} INFO - Processing /home/airflow/.local/lib/python3.7/site-packages/airflow/example_dags/example_xcomargs.py took 0.159 seconds
