[2024-06-04T21:42:05.777+0000] {processor.py:156} INFO - Started process (PID=52) to work on /home/airflow/.local/lib/python3.7/site-packages/airflow/example_dags/example_external_task_marker_dag.py
[2024-06-04T21:42:05.792+0000] {processor.py:799} INFO - Processing file /home/airflow/.local/lib/python3.7/site-packages/airflow/example_dags/example_external_task_marker_dag.py for tasks to queue
[2024-06-04T21:42:05.801+0000] {logging_mixin.py:149} INFO - [2024-06-04T21:42:05.801+0000] {dagbag.py:541} INFO - Filling up the DagBag from /home/airflow/.local/lib/python3.7/site-packages/airflow/example_dags/example_external_task_marker_dag.py
[2024-06-04T21:42:05.877+0000] {processor.py:809} INFO - DAG(s) dict_keys(['example_external_task_marker_child', 'example_external_task_marker_parent']) retrieved from /home/airflow/.local/lib/python3.7/site-packages/airflow/example_dags/example_external_task_marker_dag.py
[2024-06-04T21:42:07.911+0000] {logging_mixin.py:149} INFO - [2024-06-04T21:42:07.910+0000] {manager.py:504} INFO - Created Permission View: can delete on DAG:example_external_task_marker_child
[2024-06-04T21:42:08.094+0000] {logging_mixin.py:149} INFO - [2024-06-04T21:42:08.093+0000] {manager.py:504} INFO - Created Permission View: can read on DAG:example_external_task_marker_child
[2024-06-04T21:42:08.202+0000] {logging_mixin.py:149} INFO - [2024-06-04T21:42:08.201+0000] {manager.py:504} INFO - Created Permission View: can edit on DAG:example_external_task_marker_child
[2024-06-04T21:42:08.390+0000] {logging_mixin.py:149} INFO - [2024-06-04T21:42:08.389+0000] {manager.py:504} INFO - Created Permission View: can delete on DAG:example_external_task_marker_parent
[2024-06-04T21:42:08.468+0000] {logging_mixin.py:149} INFO - [2024-06-04T21:42:08.468+0000] {manager.py:504} INFO - Created Permission View: can read on DAG:example_external_task_marker_parent
[2024-06-04T21:42:08.589+0000] {logging_mixin.py:149} INFO - [2024-06-04T21:42:08.570+0000] {manager.py:504} INFO - Created Permission View: can edit on DAG:example_external_task_marker_parent
[2024-06-04T21:42:08.598+0000] {logging_mixin.py:149} INFO - [2024-06-04T21:42:08.598+0000] {dag.py:2726} INFO - Sync 2 DAGs
[2024-06-04T21:42:09.247+0000] {logging_mixin.py:149} INFO - [2024-06-04T21:42:09.241+0000] {dag.py:2747} INFO - Creating ORM DAG for example_external_task_marker_parent
[2024-06-04T21:42:09.271+0000] {logging_mixin.py:149} INFO - [2024-06-04T21:42:09.270+0000] {dag.py:2747} INFO - Creating ORM DAG for example_external_task_marker_child
[2024-06-04T21:42:09.980+0000] {logging_mixin.py:149} INFO - [2024-06-04T21:42:09.965+0000] {dag.py:3490} INFO - Setting next_dagrun for example_external_task_marker_child to None, run_after=None
[2024-06-04T21:42:10.027+0000] {logging_mixin.py:149} INFO - [2024-06-04T21:42:10.019+0000] {dag.py:3490} INFO - Setting next_dagrun for example_external_task_marker_parent to None, run_after=None
[2024-06-04T21:42:10.487+0000] {processor.py:178} INFO - Processing /home/airflow/.local/lib/python3.7/site-packages/airflow/example_dags/example_external_task_marker_dag.py took 4.770 seconds
[2024-06-04T21:43:47.662+0000] {processor.py:156} INFO - Started process (PID=121) to work on /home/airflow/.local/lib/python3.7/site-packages/airflow/example_dags/example_external_task_marker_dag.py
[2024-06-04T21:43:47.673+0000] {processor.py:799} INFO - Processing file /home/airflow/.local/lib/python3.7/site-packages/airflow/example_dags/example_external_task_marker_dag.py for tasks to queue
[2024-06-04T21:43:47.701+0000] {logging_mixin.py:149} INFO - [2024-06-04T21:43:47.700+0000] {dagbag.py:541} INFO - Filling up the DagBag from /home/airflow/.local/lib/python3.7/site-packages/airflow/example_dags/example_external_task_marker_dag.py
[2024-06-04T21:43:47.781+0000] {processor.py:809} INFO - DAG(s) dict_keys(['example_external_task_marker_child', 'example_external_task_marker_parent']) retrieved from /home/airflow/.local/lib/python3.7/site-packages/airflow/example_dags/example_external_task_marker_dag.py
[2024-06-04T21:43:48.290+0000] {logging_mixin.py:149} INFO - [2024-06-04T21:43:48.289+0000] {dag.py:2726} INFO - Sync 2 DAGs
[2024-06-04T21:43:48.696+0000] {logging_mixin.py:149} INFO - [2024-06-04T21:43:48.696+0000] {dag.py:3490} INFO - Setting next_dagrun for example_external_task_marker_child to None, run_after=None
[2024-06-04T21:43:48.753+0000] {logging_mixin.py:149} INFO - [2024-06-04T21:43:48.753+0000] {dag.py:3490} INFO - Setting next_dagrun for example_external_task_marker_parent to None, run_after=None
[2024-06-04T21:43:48.946+0000] {processor.py:178} INFO - Processing /home/airflow/.local/lib/python3.7/site-packages/airflow/example_dags/example_external_task_marker_dag.py took 1.346 seconds
[2024-06-04T21:44:24.563+0000] {processor.py:156} INFO - Started process (PID=176) to work on /home/airflow/.local/lib/python3.7/site-packages/airflow/example_dags/example_external_task_marker_dag.py
[2024-06-04T21:44:24.620+0000] {processor.py:799} INFO - Processing file /home/airflow/.local/lib/python3.7/site-packages/airflow/example_dags/example_external_task_marker_dag.py for tasks to queue
[2024-06-04T21:44:24.633+0000] {logging_mixin.py:149} INFO - [2024-06-04T21:44:24.633+0000] {dagbag.py:541} INFO - Filling up the DagBag from /home/airflow/.local/lib/python3.7/site-packages/airflow/example_dags/example_external_task_marker_dag.py
[2024-06-04T21:44:24.675+0000] {processor.py:809} INFO - DAG(s) dict_keys(['example_external_task_marker_parent', 'example_external_task_marker_child']) retrieved from /home/airflow/.local/lib/python3.7/site-packages/airflow/example_dags/example_external_task_marker_dag.py
[2024-06-04T21:44:25.057+0000] {logging_mixin.py:149} INFO - [2024-06-04T21:44:25.056+0000] {dag.py:2726} INFO - Sync 2 DAGs
[2024-06-04T21:44:25.242+0000] {logging_mixin.py:149} INFO - [2024-06-04T21:44:25.242+0000] {dag.py:3490} INFO - Setting next_dagrun for example_external_task_marker_child to None, run_after=None
[2024-06-04T21:44:25.262+0000] {logging_mixin.py:149} INFO - [2024-06-04T21:44:25.261+0000] {dag.py:3490} INFO - Setting next_dagrun for example_external_task_marker_parent to None, run_after=None
[2024-06-04T21:44:25.539+0000] {processor.py:178} INFO - Processing /home/airflow/.local/lib/python3.7/site-packages/airflow/example_dags/example_external_task_marker_dag.py took 1.035 seconds
[2024-06-04T21:44:56.129+0000] {processor.py:156} INFO - Started process (PID=232) to work on /home/airflow/.local/lib/python3.7/site-packages/airflow/example_dags/example_external_task_marker_dag.py
[2024-06-04T21:44:56.133+0000] {processor.py:799} INFO - Processing file /home/airflow/.local/lib/python3.7/site-packages/airflow/example_dags/example_external_task_marker_dag.py for tasks to queue
[2024-06-04T21:44:56.146+0000] {logging_mixin.py:149} INFO - [2024-06-04T21:44:56.143+0000] {dagbag.py:541} INFO - Filling up the DagBag from /home/airflow/.local/lib/python3.7/site-packages/airflow/example_dags/example_external_task_marker_dag.py
[2024-06-04T21:44:56.185+0000] {processor.py:809} INFO - DAG(s) dict_keys(['example_external_task_marker_child', 'example_external_task_marker_parent']) retrieved from /home/airflow/.local/lib/python3.7/site-packages/airflow/example_dags/example_external_task_marker_dag.py
[2024-06-04T21:44:56.357+0000] {logging_mixin.py:149} INFO - [2024-06-04T21:44:56.357+0000] {dag.py:2726} INFO - Sync 2 DAGs
[2024-06-04T21:44:56.548+0000] {logging_mixin.py:149} INFO - [2024-06-04T21:44:56.548+0000] {dag.py:3490} INFO - Setting next_dagrun for example_external_task_marker_child to None, run_after=None
[2024-06-04T21:44:56.577+0000] {logging_mixin.py:149} INFO - [2024-06-04T21:44:56.577+0000] {dag.py:3490} INFO - Setting next_dagrun for example_external_task_marker_parent to None, run_after=None
[2024-06-04T21:44:56.759+0000] {processor.py:178} INFO - Processing /home/airflow/.local/lib/python3.7/site-packages/airflow/example_dags/example_external_task_marker_dag.py took 0.651 seconds
[2024-06-04T21:45:26.823+0000] {processor.py:156} INFO - Started process (PID=288) to work on /home/airflow/.local/lib/python3.7/site-packages/airflow/example_dags/example_external_task_marker_dag.py
[2024-06-04T21:45:26.826+0000] {processor.py:799} INFO - Processing file /home/airflow/.local/lib/python3.7/site-packages/airflow/example_dags/example_external_task_marker_dag.py for tasks to queue
[2024-06-04T21:45:26.829+0000] {logging_mixin.py:149} INFO - [2024-06-04T21:45:26.828+0000] {dagbag.py:541} INFO - Filling up the DagBag from /home/airflow/.local/lib/python3.7/site-packages/airflow/example_dags/example_external_task_marker_dag.py
[2024-06-04T21:45:26.844+0000] {processor.py:809} INFO - DAG(s) dict_keys(['example_external_task_marker_child', 'example_external_task_marker_parent']) retrieved from /home/airflow/.local/lib/python3.7/site-packages/airflow/example_dags/example_external_task_marker_dag.py
[2024-06-04T21:45:26.905+0000] {logging_mixin.py:149} INFO - [2024-06-04T21:45:26.904+0000] {dag.py:2726} INFO - Sync 2 DAGs
[2024-06-04T21:45:26.972+0000] {logging_mixin.py:149} INFO - [2024-06-04T21:45:26.971+0000] {dag.py:3490} INFO - Setting next_dagrun for example_external_task_marker_child to None, run_after=None
[2024-06-04T21:45:26.984+0000] {logging_mixin.py:149} INFO - [2024-06-04T21:45:26.983+0000] {dag.py:3490} INFO - Setting next_dagrun for example_external_task_marker_parent to None, run_after=None
[2024-06-04T21:45:27.029+0000] {processor.py:178} INFO - Processing /home/airflow/.local/lib/python3.7/site-packages/airflow/example_dags/example_external_task_marker_dag.py took 0.212 seconds
[2024-06-04T21:45:57.246+0000] {processor.py:156} INFO - Started process (PID=338) to work on /home/airflow/.local/lib/python3.7/site-packages/airflow/example_dags/example_external_task_marker_dag.py
[2024-06-04T21:45:57.255+0000] {processor.py:799} INFO - Processing file /home/airflow/.local/lib/python3.7/site-packages/airflow/example_dags/example_external_task_marker_dag.py for tasks to queue
[2024-06-04T21:45:57.268+0000] {logging_mixin.py:149} INFO - [2024-06-04T21:45:57.260+0000] {dagbag.py:541} INFO - Filling up the DagBag from /home/airflow/.local/lib/python3.7/site-packages/airflow/example_dags/example_external_task_marker_dag.py
[2024-06-04T21:45:57.302+0000] {processor.py:809} INFO - DAG(s) dict_keys(['example_external_task_marker_child', 'example_external_task_marker_parent']) retrieved from /home/airflow/.local/lib/python3.7/site-packages/airflow/example_dags/example_external_task_marker_dag.py
[2024-06-04T21:45:57.453+0000] {logging_mixin.py:149} INFO - [2024-06-04T21:45:57.453+0000] {dag.py:2726} INFO - Sync 2 DAGs
[2024-06-04T21:45:57.570+0000] {logging_mixin.py:149} INFO - [2024-06-04T21:45:57.570+0000] {dag.py:3490} INFO - Setting next_dagrun for example_external_task_marker_child to None, run_after=None
[2024-06-04T21:45:57.602+0000] {logging_mixin.py:149} INFO - [2024-06-04T21:45:57.602+0000] {dag.py:3490} INFO - Setting next_dagrun for example_external_task_marker_parent to None, run_after=None
[2024-06-04T21:45:57.780+0000] {processor.py:178} INFO - Processing /home/airflow/.local/lib/python3.7/site-packages/airflow/example_dags/example_external_task_marker_dag.py took 0.560 seconds
[2024-06-04T21:46:27.891+0000] {processor.py:156} INFO - Started process (PID=393) to work on /home/airflow/.local/lib/python3.7/site-packages/airflow/example_dags/example_external_task_marker_dag.py
[2024-06-04T21:46:27.892+0000] {processor.py:799} INFO - Processing file /home/airflow/.local/lib/python3.7/site-packages/airflow/example_dags/example_external_task_marker_dag.py for tasks to queue
[2024-06-04T21:46:27.894+0000] {logging_mixin.py:149} INFO - [2024-06-04T21:46:27.893+0000] {dagbag.py:541} INFO - Filling up the DagBag from /home/airflow/.local/lib/python3.7/site-packages/airflow/example_dags/example_external_task_marker_dag.py
[2024-06-04T21:46:27.903+0000] {processor.py:809} INFO - DAG(s) dict_keys(['example_external_task_marker_parent', 'example_external_task_marker_child']) retrieved from /home/airflow/.local/lib/python3.7/site-packages/airflow/example_dags/example_external_task_marker_dag.py
[2024-06-04T21:46:27.943+0000] {logging_mixin.py:149} INFO - [2024-06-04T21:46:27.943+0000] {dag.py:2726} INFO - Sync 2 DAGs
[2024-06-04T21:46:27.984+0000] {logging_mixin.py:149} INFO - [2024-06-04T21:46:27.984+0000] {dag.py:3490} INFO - Setting next_dagrun for example_external_task_marker_child to None, run_after=None
[2024-06-04T21:46:27.990+0000] {logging_mixin.py:149} INFO - [2024-06-04T21:46:27.990+0000] {dag.py:3490} INFO - Setting next_dagrun for example_external_task_marker_parent to None, run_after=None
[2024-06-04T21:46:28.022+0000] {processor.py:178} INFO - Processing /home/airflow/.local/lib/python3.7/site-packages/airflow/example_dags/example_external_task_marker_dag.py took 0.135 seconds
[2024-06-04T21:46:58.667+0000] {processor.py:156} INFO - Started process (PID=449) to work on /home/airflow/.local/lib/python3.7/site-packages/airflow/example_dags/example_external_task_marker_dag.py
[2024-06-04T21:46:58.668+0000] {processor.py:799} INFO - Processing file /home/airflow/.local/lib/python3.7/site-packages/airflow/example_dags/example_external_task_marker_dag.py for tasks to queue
[2024-06-04T21:46:58.670+0000] {logging_mixin.py:149} INFO - [2024-06-04T21:46:58.670+0000] {dagbag.py:541} INFO - Filling up the DagBag from /home/airflow/.local/lib/python3.7/site-packages/airflow/example_dags/example_external_task_marker_dag.py
[2024-06-04T21:46:58.681+0000] {processor.py:809} INFO - DAG(s) dict_keys(['example_external_task_marker_parent', 'example_external_task_marker_child']) retrieved from /home/airflow/.local/lib/python3.7/site-packages/airflow/example_dags/example_external_task_marker_dag.py
[2024-06-04T21:46:58.727+0000] {logging_mixin.py:149} INFO - [2024-06-04T21:46:58.726+0000] {dag.py:2726} INFO - Sync 2 DAGs
[2024-06-04T21:46:58.771+0000] {logging_mixin.py:149} INFO - [2024-06-04T21:46:58.771+0000] {dag.py:3490} INFO - Setting next_dagrun for example_external_task_marker_child to None, run_after=None
[2024-06-04T21:46:58.781+0000] {logging_mixin.py:149} INFO - [2024-06-04T21:46:58.781+0000] {dag.py:3490} INFO - Setting next_dagrun for example_external_task_marker_parent to None, run_after=None
[2024-06-04T21:46:58.814+0000] {processor.py:178} INFO - Processing /home/airflow/.local/lib/python3.7/site-packages/airflow/example_dags/example_external_task_marker_dag.py took 0.151 seconds
[2024-06-04T21:47:29.068+0000] {processor.py:156} INFO - Started process (PID=505) to work on /home/airflow/.local/lib/python3.7/site-packages/airflow/example_dags/example_external_task_marker_dag.py
[2024-06-04T21:47:29.071+0000] {processor.py:799} INFO - Processing file /home/airflow/.local/lib/python3.7/site-packages/airflow/example_dags/example_external_task_marker_dag.py for tasks to queue
[2024-06-04T21:47:29.087+0000] {logging_mixin.py:149} INFO - [2024-06-04T21:47:29.087+0000] {dagbag.py:541} INFO - Filling up the DagBag from /home/airflow/.local/lib/python3.7/site-packages/airflow/example_dags/example_external_task_marker_dag.py
[2024-06-04T21:47:29.115+0000] {processor.py:809} INFO - DAG(s) dict_keys(['example_external_task_marker_parent', 'example_external_task_marker_child']) retrieved from /home/airflow/.local/lib/python3.7/site-packages/airflow/example_dags/example_external_task_marker_dag.py
[2024-06-04T21:47:29.278+0000] {logging_mixin.py:149} INFO - [2024-06-04T21:47:29.277+0000] {dag.py:2726} INFO - Sync 2 DAGs
[2024-06-04T21:47:29.357+0000] {logging_mixin.py:149} INFO - [2024-06-04T21:47:29.356+0000] {dag.py:3490} INFO - Setting next_dagrun for example_external_task_marker_child to None, run_after=None
[2024-06-04T21:47:29.365+0000] {logging_mixin.py:149} INFO - [2024-06-04T21:47:29.365+0000] {dag.py:3490} INFO - Setting next_dagrun for example_external_task_marker_parent to None, run_after=None
[2024-06-04T21:47:29.400+0000] {processor.py:178} INFO - Processing /home/airflow/.local/lib/python3.7/site-packages/airflow/example_dags/example_external_task_marker_dag.py took 0.349 seconds
[2024-06-04T21:47:59.849+0000] {processor.py:156} INFO - Started process (PID=561) to work on /home/airflow/.local/lib/python3.7/site-packages/airflow/example_dags/example_external_task_marker_dag.py
[2024-06-04T21:47:59.851+0000] {processor.py:799} INFO - Processing file /home/airflow/.local/lib/python3.7/site-packages/airflow/example_dags/example_external_task_marker_dag.py for tasks to queue
[2024-06-04T21:47:59.855+0000] {logging_mixin.py:149} INFO - [2024-06-04T21:47:59.854+0000] {dagbag.py:541} INFO - Filling up the DagBag from /home/airflow/.local/lib/python3.7/site-packages/airflow/example_dags/example_external_task_marker_dag.py
[2024-06-04T21:47:59.895+0000] {processor.py:809} INFO - DAG(s) dict_keys(['example_external_task_marker_child', 'example_external_task_marker_parent']) retrieved from /home/airflow/.local/lib/python3.7/site-packages/airflow/example_dags/example_external_task_marker_dag.py
[2024-06-04T21:47:59.965+0000] {logging_mixin.py:149} INFO - [2024-06-04T21:47:59.965+0000] {dag.py:2726} INFO - Sync 2 DAGs
[2024-06-04T21:48:00.036+0000] {logging_mixin.py:149} INFO - [2024-06-04T21:48:00.035+0000] {dag.py:3490} INFO - Setting next_dagrun for example_external_task_marker_child to None, run_after=None
[2024-06-04T21:48:00.048+0000] {logging_mixin.py:149} INFO - [2024-06-04T21:48:00.047+0000] {dag.py:3490} INFO - Setting next_dagrun for example_external_task_marker_parent to None, run_after=None
[2024-06-04T21:48:00.094+0000] {processor.py:178} INFO - Processing /home/airflow/.local/lib/python3.7/site-packages/airflow/example_dags/example_external_task_marker_dag.py took 0.249 seconds
[2024-06-04T21:48:30.673+0000] {processor.py:156} INFO - Started process (PID=617) to work on /home/airflow/.local/lib/python3.7/site-packages/airflow/example_dags/example_external_task_marker_dag.py
[2024-06-04T21:48:30.680+0000] {processor.py:799} INFO - Processing file /home/airflow/.local/lib/python3.7/site-packages/airflow/example_dags/example_external_task_marker_dag.py for tasks to queue
[2024-06-04T21:48:30.688+0000] {logging_mixin.py:149} INFO - [2024-06-04T21:48:30.687+0000] {dagbag.py:541} INFO - Filling up the DagBag from /home/airflow/.local/lib/python3.7/site-packages/airflow/example_dags/example_external_task_marker_dag.py
[2024-06-04T21:48:30.747+0000] {processor.py:809} INFO - DAG(s) dict_keys(['example_external_task_marker_parent', 'example_external_task_marker_child']) retrieved from /home/airflow/.local/lib/python3.7/site-packages/airflow/example_dags/example_external_task_marker_dag.py
[2024-06-04T21:48:30.884+0000] {logging_mixin.py:149} INFO - [2024-06-04T21:48:30.884+0000] {dag.py:2726} INFO - Sync 2 DAGs
[2024-06-04T21:48:30.994+0000] {logging_mixin.py:149} INFO - [2024-06-04T21:48:30.994+0000] {dag.py:3490} INFO - Setting next_dagrun for example_external_task_marker_child to None, run_after=None
[2024-06-04T21:48:31.020+0000] {logging_mixin.py:149} INFO - [2024-06-04T21:48:31.020+0000] {dag.py:3490} INFO - Setting next_dagrun for example_external_task_marker_parent to None, run_after=None
[2024-06-04T21:48:31.168+0000] {processor.py:178} INFO - Processing /home/airflow/.local/lib/python3.7/site-packages/airflow/example_dags/example_external_task_marker_dag.py took 0.514 seconds
[2024-06-04T21:49:01.277+0000] {processor.py:156} INFO - Started process (PID=672) to work on /home/airflow/.local/lib/python3.7/site-packages/airflow/example_dags/example_external_task_marker_dag.py
[2024-06-04T21:49:01.279+0000] {processor.py:799} INFO - Processing file /home/airflow/.local/lib/python3.7/site-packages/airflow/example_dags/example_external_task_marker_dag.py for tasks to queue
[2024-06-04T21:49:01.283+0000] {logging_mixin.py:149} INFO - [2024-06-04T21:49:01.283+0000] {dagbag.py:541} INFO - Filling up the DagBag from /home/airflow/.local/lib/python3.7/site-packages/airflow/example_dags/example_external_task_marker_dag.py
[2024-06-04T21:49:01.304+0000] {processor.py:809} INFO - DAG(s) dict_keys(['example_external_task_marker_parent', 'example_external_task_marker_child']) retrieved from /home/airflow/.local/lib/python3.7/site-packages/airflow/example_dags/example_external_task_marker_dag.py
[2024-06-04T21:49:01.389+0000] {logging_mixin.py:149} INFO - [2024-06-04T21:49:01.389+0000] {dag.py:2726} INFO - Sync 2 DAGs
[2024-06-04T21:49:01.469+0000] {logging_mixin.py:149} INFO - [2024-06-04T21:49:01.469+0000] {dag.py:3490} INFO - Setting next_dagrun for example_external_task_marker_child to None, run_after=None
[2024-06-04T21:49:01.475+0000] {logging_mixin.py:149} INFO - [2024-06-04T21:49:01.475+0000] {dag.py:3490} INFO - Setting next_dagrun for example_external_task_marker_parent to None, run_after=None
[2024-06-04T21:49:01.512+0000] {processor.py:178} INFO - Processing /home/airflow/.local/lib/python3.7/site-packages/airflow/example_dags/example_external_task_marker_dag.py took 0.241 seconds
[2024-06-04T21:49:31.597+0000] {processor.py:156} INFO - Started process (PID=729) to work on /home/airflow/.local/lib/python3.7/site-packages/airflow/example_dags/example_external_task_marker_dag.py
[2024-06-04T21:49:31.599+0000] {processor.py:799} INFO - Processing file /home/airflow/.local/lib/python3.7/site-packages/airflow/example_dags/example_external_task_marker_dag.py for tasks to queue
[2024-06-04T21:49:31.606+0000] {logging_mixin.py:149} INFO - [2024-06-04T21:49:31.603+0000] {dagbag.py:541} INFO - Filling up the DagBag from /home/airflow/.local/lib/python3.7/site-packages/airflow/example_dags/example_external_task_marker_dag.py
[2024-06-04T21:49:31.626+0000] {processor.py:809} INFO - DAG(s) dict_keys(['example_external_task_marker_child', 'example_external_task_marker_parent']) retrieved from /home/airflow/.local/lib/python3.7/site-packages/airflow/example_dags/example_external_task_marker_dag.py
[2024-06-04T21:49:31.729+0000] {logging_mixin.py:149} INFO - [2024-06-04T21:49:31.728+0000] {dag.py:2726} INFO - Sync 2 DAGs
[2024-06-04T21:49:31.803+0000] {logging_mixin.py:149} INFO - [2024-06-04T21:49:31.803+0000] {dag.py:3490} INFO - Setting next_dagrun for example_external_task_marker_child to None, run_after=None
[2024-06-04T21:49:31.814+0000] {logging_mixin.py:149} INFO - [2024-06-04T21:49:31.814+0000] {dag.py:3490} INFO - Setting next_dagrun for example_external_task_marker_parent to None, run_after=None
[2024-06-04T21:49:31.894+0000] {processor.py:178} INFO - Processing /home/airflow/.local/lib/python3.7/site-packages/airflow/example_dags/example_external_task_marker_dag.py took 0.308 seconds
[2024-06-04T21:50:02.049+0000] {processor.py:156} INFO - Started process (PID=785) to work on /home/airflow/.local/lib/python3.7/site-packages/airflow/example_dags/example_external_task_marker_dag.py
[2024-06-04T21:50:02.051+0000] {processor.py:799} INFO - Processing file /home/airflow/.local/lib/python3.7/site-packages/airflow/example_dags/example_external_task_marker_dag.py for tasks to queue
[2024-06-04T21:50:02.058+0000] {logging_mixin.py:149} INFO - [2024-06-04T21:50:02.057+0000] {dagbag.py:541} INFO - Filling up the DagBag from /home/airflow/.local/lib/python3.7/site-packages/airflow/example_dags/example_external_task_marker_dag.py
[2024-06-04T21:50:02.081+0000] {processor.py:809} INFO - DAG(s) dict_keys(['example_external_task_marker_parent', 'example_external_task_marker_child']) retrieved from /home/airflow/.local/lib/python3.7/site-packages/airflow/example_dags/example_external_task_marker_dag.py
[2024-06-04T21:50:02.190+0000] {logging_mixin.py:149} INFO - [2024-06-04T21:50:02.190+0000] {dag.py:2726} INFO - Sync 2 DAGs
[2024-06-04T21:50:02.310+0000] {logging_mixin.py:149} INFO - [2024-06-04T21:50:02.307+0000] {dag.py:3490} INFO - Setting next_dagrun for example_external_task_marker_child to None, run_after=None
[2024-06-04T21:50:02.329+0000] {logging_mixin.py:149} INFO - [2024-06-04T21:50:02.328+0000] {dag.py:3490} INFO - Setting next_dagrun for example_external_task_marker_parent to None, run_after=None
[2024-06-04T21:50:02.490+0000] {processor.py:178} INFO - Processing /home/airflow/.local/lib/python3.7/site-packages/airflow/example_dags/example_external_task_marker_dag.py took 0.451 seconds
[2024-06-04T21:50:32.654+0000] {processor.py:156} INFO - Started process (PID=841) to work on /home/airflow/.local/lib/python3.7/site-packages/airflow/example_dags/example_external_task_marker_dag.py
[2024-06-04T21:50:32.656+0000] {processor.py:799} INFO - Processing file /home/airflow/.local/lib/python3.7/site-packages/airflow/example_dags/example_external_task_marker_dag.py for tasks to queue
[2024-06-04T21:50:32.659+0000] {logging_mixin.py:149} INFO - [2024-06-04T21:50:32.659+0000] {dagbag.py:541} INFO - Filling up the DagBag from /home/airflow/.local/lib/python3.7/site-packages/airflow/example_dags/example_external_task_marker_dag.py
[2024-06-04T21:50:32.672+0000] {processor.py:809} INFO - DAG(s) dict_keys(['example_external_task_marker_parent', 'example_external_task_marker_child']) retrieved from /home/airflow/.local/lib/python3.7/site-packages/airflow/example_dags/example_external_task_marker_dag.py
[2024-06-04T21:50:32.715+0000] {logging_mixin.py:149} INFO - [2024-06-04T21:50:32.714+0000] {dag.py:2726} INFO - Sync 2 DAGs
[2024-06-04T21:50:32.759+0000] {logging_mixin.py:149} INFO - [2024-06-04T21:50:32.759+0000] {dag.py:3490} INFO - Setting next_dagrun for example_external_task_marker_child to None, run_after=None
[2024-06-04T21:50:32.768+0000] {logging_mixin.py:149} INFO - [2024-06-04T21:50:32.768+0000] {dag.py:3490} INFO - Setting next_dagrun for example_external_task_marker_parent to None, run_after=None
[2024-06-04T21:50:32.805+0000] {processor.py:178} INFO - Processing /home/airflow/.local/lib/python3.7/site-packages/airflow/example_dags/example_external_task_marker_dag.py took 0.156 seconds
[2024-06-04T21:51:03.097+0000] {processor.py:156} INFO - Started process (PID=897) to work on /home/airflow/.local/lib/python3.7/site-packages/airflow/example_dags/example_external_task_marker_dag.py
[2024-06-04T21:51:03.101+0000] {processor.py:799} INFO - Processing file /home/airflow/.local/lib/python3.7/site-packages/airflow/example_dags/example_external_task_marker_dag.py for tasks to queue
[2024-06-04T21:51:03.107+0000] {logging_mixin.py:149} INFO - [2024-06-04T21:51:03.106+0000] {dagbag.py:541} INFO - Filling up the DagBag from /home/airflow/.local/lib/python3.7/site-packages/airflow/example_dags/example_external_task_marker_dag.py
[2024-06-04T21:51:03.128+0000] {processor.py:809} INFO - DAG(s) dict_keys(['example_external_task_marker_child', 'example_external_task_marker_parent']) retrieved from /home/airflow/.local/lib/python3.7/site-packages/airflow/example_dags/example_external_task_marker_dag.py
[2024-06-04T21:51:03.175+0000] {logging_mixin.py:149} INFO - [2024-06-04T21:51:03.175+0000] {dag.py:2726} INFO - Sync 2 DAGs
[2024-06-04T21:51:03.215+0000] {logging_mixin.py:149} INFO - [2024-06-04T21:51:03.215+0000] {dag.py:3490} INFO - Setting next_dagrun for example_external_task_marker_child to None, run_after=None
[2024-06-04T21:51:03.221+0000] {logging_mixin.py:149} INFO - [2024-06-04T21:51:03.221+0000] {dag.py:3490} INFO - Setting next_dagrun for example_external_task_marker_parent to None, run_after=None
[2024-06-04T21:51:03.254+0000] {processor.py:178} INFO - Processing /home/airflow/.local/lib/python3.7/site-packages/airflow/example_dags/example_external_task_marker_dag.py took 0.178 seconds
[2024-06-04T21:51:33.931+0000] {processor.py:156} INFO - Started process (PID=952) to work on /home/airflow/.local/lib/python3.7/site-packages/airflow/example_dags/example_external_task_marker_dag.py
[2024-06-04T21:51:33.933+0000] {processor.py:799} INFO - Processing file /home/airflow/.local/lib/python3.7/site-packages/airflow/example_dags/example_external_task_marker_dag.py for tasks to queue
[2024-06-04T21:51:33.936+0000] {logging_mixin.py:149} INFO - [2024-06-04T21:51:33.935+0000] {dagbag.py:541} INFO - Filling up the DagBag from /home/airflow/.local/lib/python3.7/site-packages/airflow/example_dags/example_external_task_marker_dag.py
[2024-06-04T21:51:33.948+0000] {processor.py:809} INFO - DAG(s) dict_keys(['example_external_task_marker_child', 'example_external_task_marker_parent']) retrieved from /home/airflow/.local/lib/python3.7/site-packages/airflow/example_dags/example_external_task_marker_dag.py
[2024-06-04T21:51:33.998+0000] {logging_mixin.py:149} INFO - [2024-06-04T21:51:33.998+0000] {dag.py:2726} INFO - Sync 2 DAGs
[2024-06-04T21:51:34.078+0000] {logging_mixin.py:149} INFO - [2024-06-04T21:51:34.077+0000] {dag.py:3490} INFO - Setting next_dagrun for example_external_task_marker_child to None, run_after=None
[2024-06-04T21:51:34.094+0000] {logging_mixin.py:149} INFO - [2024-06-04T21:51:34.093+0000] {dag.py:3490} INFO - Setting next_dagrun for example_external_task_marker_parent to None, run_after=None
[2024-06-04T21:51:34.198+0000] {processor.py:178} INFO - Processing /home/airflow/.local/lib/python3.7/site-packages/airflow/example_dags/example_external_task_marker_dag.py took 0.274 seconds
