[2024-06-04T21:42:46.243+0000] {processor.py:156} INFO - Started process (PID=70) to work on /home/airflow/.local/lib/python3.7/site-packages/airflow/example_dags/example_short_circuit_operator.py
[2024-06-04T21:42:46.255+0000] {processor.py:799} INFO - Processing file /home/airflow/.local/lib/python3.7/site-packages/airflow/example_dags/example_short_circuit_operator.py for tasks to queue
[2024-06-04T21:42:46.285+0000] {logging_mixin.py:149} INFO - [2024-06-04T21:42:46.281+0000] {dagbag.py:541} INFO - Filling up the DagBag from /home/airflow/.local/lib/python3.7/site-packages/airflow/example_dags/example_short_circuit_operator.py
[2024-06-04T21:42:46.481+0000] {processor.py:809} INFO - DAG(s) dict_keys(['example_short_circuit_operator']) retrieved from /home/airflow/.local/lib/python3.7/site-packages/airflow/example_dags/example_short_circuit_operator.py
[2024-06-04T21:42:49.540+0000] {logging_mixin.py:149} INFO - [2024-06-04T21:42:49.539+0000] {manager.py:504} INFO - Created Permission View: can delete on DAG:example_short_circuit_operator
[2024-06-04T21:42:49.758+0000] {logging_mixin.py:149} INFO - [2024-06-04T21:42:49.753+0000] {manager.py:504} INFO - Created Permission View: can read on DAG:example_short_circuit_operator
[2024-06-04T21:42:49.874+0000] {logging_mixin.py:149} INFO - [2024-06-04T21:42:49.868+0000] {manager.py:504} INFO - Created Permission View: can edit on DAG:example_short_circuit_operator
[2024-06-04T21:42:49.883+0000] {logging_mixin.py:149} INFO - [2024-06-04T21:42:49.880+0000] {dag.py:2726} INFO - Sync 1 DAGs
[2024-06-04T21:42:50.069+0000] {logging_mixin.py:149} INFO - [2024-06-04T21:42:50.068+0000] {dag.py:2747} INFO - Creating ORM DAG for example_short_circuit_operator
[2024-06-04T21:42:50.189+0000] {logging_mixin.py:149} INFO - [2024-06-04T21:42:50.189+0000] {dag.py:3490} INFO - Setting next_dagrun for example_short_circuit_operator to 2024-06-03T21:42:50.188760+00:00, run_after=2024-06-04T21:42:50.188760+00:00
[2024-06-04T21:42:50.621+0000] {processor.py:178} INFO - Processing /home/airflow/.local/lib/python3.7/site-packages/airflow/example_dags/example_short_circuit_operator.py took 4.437 seconds
[2024-06-04T21:43:55.289+0000] {processor.py:156} INFO - Started process (PID=132) to work on /home/airflow/.local/lib/python3.7/site-packages/airflow/example_dags/example_short_circuit_operator.py
[2024-06-04T21:43:55.297+0000] {processor.py:799} INFO - Processing file /home/airflow/.local/lib/python3.7/site-packages/airflow/example_dags/example_short_circuit_operator.py for tasks to queue
[2024-06-04T21:43:55.302+0000] {logging_mixin.py:149} INFO - [2024-06-04T21:43:55.302+0000] {dagbag.py:541} INFO - Filling up the DagBag from /home/airflow/.local/lib/python3.7/site-packages/airflow/example_dags/example_short_circuit_operator.py
[2024-06-04T21:43:55.331+0000] {processor.py:809} INFO - DAG(s) dict_keys(['example_short_circuit_operator']) retrieved from /home/airflow/.local/lib/python3.7/site-packages/airflow/example_dags/example_short_circuit_operator.py
[2024-06-04T21:43:55.455+0000] {logging_mixin.py:149} INFO - [2024-06-04T21:43:55.454+0000] {dag.py:2726} INFO - Sync 1 DAGs
[2024-06-04T21:43:55.577+0000] {logging_mixin.py:149} INFO - [2024-06-04T21:43:55.575+0000] {dag.py:3490} INFO - Setting next_dagrun for example_short_circuit_operator to 2024-06-03T21:43:55.574773+00:00, run_after=2024-06-04T21:43:55.574773+00:00
[2024-06-04T21:43:55.648+0000] {processor.py:178} INFO - Processing /home/airflow/.local/lib/python3.7/site-packages/airflow/example_dags/example_short_circuit_operator.py took 0.368 seconds
[2024-06-04T21:44:27.580+0000] {processor.py:156} INFO - Started process (PID=187) to work on /home/airflow/.local/lib/python3.7/site-packages/airflow/example_dags/example_short_circuit_operator.py
[2024-06-04T21:44:27.583+0000] {processor.py:799} INFO - Processing file /home/airflow/.local/lib/python3.7/site-packages/airflow/example_dags/example_short_circuit_operator.py for tasks to queue
[2024-06-04T21:44:27.585+0000] {logging_mixin.py:149} INFO - [2024-06-04T21:44:27.585+0000] {dagbag.py:541} INFO - Filling up the DagBag from /home/airflow/.local/lib/python3.7/site-packages/airflow/example_dags/example_short_circuit_operator.py
[2024-06-04T21:44:27.608+0000] {processor.py:809} INFO - DAG(s) dict_keys(['example_short_circuit_operator']) retrieved from /home/airflow/.local/lib/python3.7/site-packages/airflow/example_dags/example_short_circuit_operator.py
[2024-06-04T21:44:27.681+0000] {logging_mixin.py:149} INFO - [2024-06-04T21:44:27.680+0000] {dag.py:2726} INFO - Sync 1 DAGs
[2024-06-04T21:44:27.763+0000] {logging_mixin.py:149} INFO - [2024-06-04T21:44:27.762+0000] {dag.py:3490} INFO - Setting next_dagrun for example_short_circuit_operator to 2024-06-03T21:44:27.761811+00:00, run_after=2024-06-04T21:44:27.761811+00:00
[2024-06-04T21:44:27.820+0000] {processor.py:178} INFO - Processing /home/airflow/.local/lib/python3.7/site-packages/airflow/example_dags/example_short_circuit_operator.py took 0.250 seconds
[2024-06-04T21:45:00.705+0000] {processor.py:156} INFO - Started process (PID=243) to work on /home/airflow/.local/lib/python3.7/site-packages/airflow/example_dags/example_short_circuit_operator.py
[2024-06-04T21:45:00.709+0000] {processor.py:799} INFO - Processing file /home/airflow/.local/lib/python3.7/site-packages/airflow/example_dags/example_short_circuit_operator.py for tasks to queue
[2024-06-04T21:45:00.714+0000] {logging_mixin.py:149} INFO - [2024-06-04T21:45:00.712+0000] {dagbag.py:541} INFO - Filling up the DagBag from /home/airflow/.local/lib/python3.7/site-packages/airflow/example_dags/example_short_circuit_operator.py
[2024-06-04T21:45:00.753+0000] {processor.py:809} INFO - DAG(s) dict_keys(['example_short_circuit_operator']) retrieved from /home/airflow/.local/lib/python3.7/site-packages/airflow/example_dags/example_short_circuit_operator.py
[2024-06-04T21:45:00.833+0000] {logging_mixin.py:149} INFO - [2024-06-04T21:45:00.832+0000] {dag.py:2726} INFO - Sync 1 DAGs
[2024-06-04T21:45:00.921+0000] {logging_mixin.py:149} INFO - [2024-06-04T21:45:00.920+0000] {dag.py:3490} INFO - Setting next_dagrun for example_short_circuit_operator to 2024-06-03T21:45:00.920480+00:00, run_after=2024-06-04T21:45:00.920480+00:00
[2024-06-04T21:45:00.985+0000] {processor.py:178} INFO - Processing /home/airflow/.local/lib/python3.7/site-packages/airflow/example_dags/example_short_circuit_operator.py took 0.287 seconds
[2024-06-04T21:45:31.283+0000] {processor.py:156} INFO - Started process (PID=299) to work on /home/airflow/.local/lib/python3.7/site-packages/airflow/example_dags/example_short_circuit_operator.py
[2024-06-04T21:45:31.285+0000] {processor.py:799} INFO - Processing file /home/airflow/.local/lib/python3.7/site-packages/airflow/example_dags/example_short_circuit_operator.py for tasks to queue
[2024-06-04T21:45:31.292+0000] {logging_mixin.py:149} INFO - [2024-06-04T21:45:31.291+0000] {dagbag.py:541} INFO - Filling up the DagBag from /home/airflow/.local/lib/python3.7/site-packages/airflow/example_dags/example_short_circuit_operator.py
[2024-06-04T21:45:31.310+0000] {processor.py:809} INFO - DAG(s) dict_keys(['example_short_circuit_operator']) retrieved from /home/airflow/.local/lib/python3.7/site-packages/airflow/example_dags/example_short_circuit_operator.py
[2024-06-04T21:45:31.362+0000] {logging_mixin.py:149} INFO - [2024-06-04T21:45:31.362+0000] {dag.py:2726} INFO - Sync 1 DAGs
[2024-06-04T21:45:31.434+0000] {logging_mixin.py:149} INFO - [2024-06-04T21:45:31.434+0000] {dag.py:3490} INFO - Setting next_dagrun for example_short_circuit_operator to 2024-06-03T21:45:31.433306+00:00, run_after=2024-06-04T21:45:31.433306+00:00
[2024-06-04T21:45:31.506+0000] {processor.py:178} INFO - Processing /home/airflow/.local/lib/python3.7/site-packages/airflow/example_dags/example_short_circuit_operator.py took 0.228 seconds
[2024-06-04T21:46:01.915+0000] {processor.py:156} INFO - Started process (PID=354) to work on /home/airflow/.local/lib/python3.7/site-packages/airflow/example_dags/example_short_circuit_operator.py
[2024-06-04T21:46:01.918+0000] {processor.py:799} INFO - Processing file /home/airflow/.local/lib/python3.7/site-packages/airflow/example_dags/example_short_circuit_operator.py for tasks to queue
[2024-06-04T21:46:01.923+0000] {logging_mixin.py:149} INFO - [2024-06-04T21:46:01.922+0000] {dagbag.py:541} INFO - Filling up the DagBag from /home/airflow/.local/lib/python3.7/site-packages/airflow/example_dags/example_short_circuit_operator.py
[2024-06-04T21:46:01.959+0000] {processor.py:809} INFO - DAG(s) dict_keys(['example_short_circuit_operator']) retrieved from /home/airflow/.local/lib/python3.7/site-packages/airflow/example_dags/example_short_circuit_operator.py
[2024-06-04T21:46:02.069+0000] {logging_mixin.py:149} INFO - [2024-06-04T21:46:02.069+0000] {dag.py:2726} INFO - Sync 1 DAGs
[2024-06-04T21:46:02.166+0000] {logging_mixin.py:149} INFO - [2024-06-04T21:46:02.166+0000] {dag.py:3490} INFO - Setting next_dagrun for example_short_circuit_operator to 2024-06-03T21:46:02.166160+00:00, run_after=2024-06-04T21:46:02.166160+00:00
[2024-06-04T21:46:02.285+0000] {processor.py:178} INFO - Processing /home/airflow/.local/lib/python3.7/site-packages/airflow/example_dags/example_short_circuit_operator.py took 0.384 seconds
[2024-06-04T21:46:32.412+0000] {processor.py:156} INFO - Started process (PID=410) to work on /home/airflow/.local/lib/python3.7/site-packages/airflow/example_dags/example_short_circuit_operator.py
[2024-06-04T21:46:32.413+0000] {processor.py:799} INFO - Processing file /home/airflow/.local/lib/python3.7/site-packages/airflow/example_dags/example_short_circuit_operator.py for tasks to queue
[2024-06-04T21:46:32.415+0000] {logging_mixin.py:149} INFO - [2024-06-04T21:46:32.415+0000] {dagbag.py:541} INFO - Filling up the DagBag from /home/airflow/.local/lib/python3.7/site-packages/airflow/example_dags/example_short_circuit_operator.py
[2024-06-04T21:46:32.429+0000] {processor.py:809} INFO - DAG(s) dict_keys(['example_short_circuit_operator']) retrieved from /home/airflow/.local/lib/python3.7/site-packages/airflow/example_dags/example_short_circuit_operator.py
[2024-06-04T21:46:32.468+0000] {logging_mixin.py:149} INFO - [2024-06-04T21:46:32.468+0000] {dag.py:2726} INFO - Sync 1 DAGs
[2024-06-04T21:46:32.509+0000] {logging_mixin.py:149} INFO - [2024-06-04T21:46:32.509+0000] {dag.py:3490} INFO - Setting next_dagrun for example_short_circuit_operator to 2024-06-03T21:46:32.509429+00:00, run_after=2024-06-04T21:46:32.509429+00:00
[2024-06-04T21:46:32.545+0000] {processor.py:178} INFO - Processing /home/airflow/.local/lib/python3.7/site-packages/airflow/example_dags/example_short_circuit_operator.py took 0.139 seconds
[2024-06-04T21:47:02.700+0000] {processor.py:156} INFO - Started process (PID=466) to work on /home/airflow/.local/lib/python3.7/site-packages/airflow/example_dags/example_short_circuit_operator.py
[2024-06-04T21:47:02.702+0000] {processor.py:799} INFO - Processing file /home/airflow/.local/lib/python3.7/site-packages/airflow/example_dags/example_short_circuit_operator.py for tasks to queue
[2024-06-04T21:47:02.704+0000] {logging_mixin.py:149} INFO - [2024-06-04T21:47:02.704+0000] {dagbag.py:541} INFO - Filling up the DagBag from /home/airflow/.local/lib/python3.7/site-packages/airflow/example_dags/example_short_circuit_operator.py
[2024-06-04T21:47:02.716+0000] {processor.py:809} INFO - DAG(s) dict_keys(['example_short_circuit_operator']) retrieved from /home/airflow/.local/lib/python3.7/site-packages/airflow/example_dags/example_short_circuit_operator.py
[2024-06-04T21:47:02.753+0000] {logging_mixin.py:149} INFO - [2024-06-04T21:47:02.753+0000] {dag.py:2726} INFO - Sync 1 DAGs
[2024-06-04T21:47:02.793+0000] {logging_mixin.py:149} INFO - [2024-06-04T21:47:02.792+0000] {dag.py:3490} INFO - Setting next_dagrun for example_short_circuit_operator to 2024-06-03T21:47:02.792432+00:00, run_after=2024-06-04T21:47:02.792432+00:00
[2024-06-04T21:47:02.827+0000] {processor.py:178} INFO - Processing /home/airflow/.local/lib/python3.7/site-packages/airflow/example_dags/example_short_circuit_operator.py took 0.132 seconds
[2024-06-04T21:47:34.248+0000] {processor.py:156} INFO - Started process (PID=529) to work on /home/airflow/.local/lib/python3.7/site-packages/airflow/example_dags/example_short_circuit_operator.py
[2024-06-04T21:47:34.250+0000] {processor.py:799} INFO - Processing file /home/airflow/.local/lib/python3.7/site-packages/airflow/example_dags/example_short_circuit_operator.py for tasks to queue
[2024-06-04T21:47:34.254+0000] {logging_mixin.py:149} INFO - [2024-06-04T21:47:34.253+0000] {dagbag.py:541} INFO - Filling up the DagBag from /home/airflow/.local/lib/python3.7/site-packages/airflow/example_dags/example_short_circuit_operator.py
[2024-06-04T21:47:34.270+0000] {processor.py:809} INFO - DAG(s) dict_keys(['example_short_circuit_operator']) retrieved from /home/airflow/.local/lib/python3.7/site-packages/airflow/example_dags/example_short_circuit_operator.py
[2024-06-04T21:47:34.327+0000] {logging_mixin.py:149} INFO - [2024-06-04T21:47:34.326+0000] {dag.py:2726} INFO - Sync 1 DAGs
[2024-06-04T21:47:34.375+0000] {logging_mixin.py:149} INFO - [2024-06-04T21:47:34.375+0000] {dag.py:3490} INFO - Setting next_dagrun for example_short_circuit_operator to 2024-06-03T21:47:34.374943+00:00, run_after=2024-06-04T21:47:34.374943+00:00
[2024-06-04T21:47:34.422+0000] {processor.py:178} INFO - Processing /home/airflow/.local/lib/python3.7/site-packages/airflow/example_dags/example_short_circuit_operator.py took 0.180 seconds
[2024-06-04T21:48:06.389+0000] {processor.py:156} INFO - Started process (PID=585) to work on /home/airflow/.local/lib/python3.7/site-packages/airflow/example_dags/example_short_circuit_operator.py
[2024-06-04T21:48:06.397+0000] {processor.py:799} INFO - Processing file /home/airflow/.local/lib/python3.7/site-packages/airflow/example_dags/example_short_circuit_operator.py for tasks to queue
[2024-06-04T21:48:06.401+0000] {logging_mixin.py:149} INFO - [2024-06-04T21:48:06.400+0000] {dagbag.py:541} INFO - Filling up the DagBag from /home/airflow/.local/lib/python3.7/site-packages/airflow/example_dags/example_short_circuit_operator.py
[2024-06-04T21:48:06.433+0000] {processor.py:809} INFO - DAG(s) dict_keys(['example_short_circuit_operator']) retrieved from /home/airflow/.local/lib/python3.7/site-packages/airflow/example_dags/example_short_circuit_operator.py
[2024-06-04T21:48:06.567+0000] {logging_mixin.py:149} INFO - [2024-06-04T21:48:06.566+0000] {dag.py:2726} INFO - Sync 1 DAGs
[2024-06-04T21:48:06.721+0000] {logging_mixin.py:149} INFO - [2024-06-04T21:48:06.720+0000] {dag.py:3490} INFO - Setting next_dagrun for example_short_circuit_operator to 2024-06-03T21:48:06.719790+00:00, run_after=2024-06-04T21:48:06.719790+00:00
[2024-06-04T21:48:06.808+0000] {processor.py:178} INFO - Processing /home/airflow/.local/lib/python3.7/site-packages/airflow/example_dags/example_short_circuit_operator.py took 0.439 seconds
[2024-06-04T21:48:37.976+0000] {processor.py:156} INFO - Started process (PID=640) to work on /home/airflow/.local/lib/python3.7/site-packages/airflow/example_dags/example_short_circuit_operator.py
[2024-06-04T21:48:37.980+0000] {processor.py:799} INFO - Processing file /home/airflow/.local/lib/python3.7/site-packages/airflow/example_dags/example_short_circuit_operator.py for tasks to queue
[2024-06-04T21:48:37.984+0000] {logging_mixin.py:149} INFO - [2024-06-04T21:48:37.984+0000] {dagbag.py:541} INFO - Filling up the DagBag from /home/airflow/.local/lib/python3.7/site-packages/airflow/example_dags/example_short_circuit_operator.py
[2024-06-04T21:48:38.030+0000] {processor.py:809} INFO - DAG(s) dict_keys(['example_short_circuit_operator']) retrieved from /home/airflow/.local/lib/python3.7/site-packages/airflow/example_dags/example_short_circuit_operator.py
[2024-06-04T21:48:38.151+0000] {logging_mixin.py:149} INFO - [2024-06-04T21:48:38.151+0000] {dag.py:2726} INFO - Sync 1 DAGs
[2024-06-04T21:48:38.266+0000] {logging_mixin.py:149} INFO - [2024-06-04T21:48:38.265+0000] {dag.py:3490} INFO - Setting next_dagrun for example_short_circuit_operator to 2024-06-03T21:48:38.264001+00:00, run_after=2024-06-04T21:48:38.264001+00:00
[2024-06-04T21:48:38.388+0000] {processor.py:178} INFO - Processing /home/airflow/.local/lib/python3.7/site-packages/airflow/example_dags/example_short_circuit_operator.py took 0.423 seconds
[2024-06-04T21:49:08.671+0000] {processor.py:156} INFO - Started process (PID=697) to work on /home/airflow/.local/lib/python3.7/site-packages/airflow/example_dags/example_short_circuit_operator.py
[2024-06-04T21:49:08.676+0000] {processor.py:799} INFO - Processing file /home/airflow/.local/lib/python3.7/site-packages/airflow/example_dags/example_short_circuit_operator.py for tasks to queue
[2024-06-04T21:49:08.686+0000] {logging_mixin.py:149} INFO - [2024-06-04T21:49:08.686+0000] {dagbag.py:541} INFO - Filling up the DagBag from /home/airflow/.local/lib/python3.7/site-packages/airflow/example_dags/example_short_circuit_operator.py
[2024-06-04T21:49:08.715+0000] {processor.py:809} INFO - DAG(s) dict_keys(['example_short_circuit_operator']) retrieved from /home/airflow/.local/lib/python3.7/site-packages/airflow/example_dags/example_short_circuit_operator.py
[2024-06-04T21:49:08.818+0000] {logging_mixin.py:149} INFO - [2024-06-04T21:49:08.817+0000] {dag.py:2726} INFO - Sync 1 DAGs
[2024-06-04T21:49:08.940+0000] {logging_mixin.py:149} INFO - [2024-06-04T21:49:08.940+0000] {dag.py:3490} INFO - Setting next_dagrun for example_short_circuit_operator to 2024-06-03T21:49:08.939566+00:00, run_after=2024-06-04T21:49:08.939566+00:00
[2024-06-04T21:49:09.007+0000] {processor.py:178} INFO - Processing /home/airflow/.local/lib/python3.7/site-packages/airflow/example_dags/example_short_circuit_operator.py took 0.347 seconds
[2024-06-04T21:49:39.099+0000] {processor.py:156} INFO - Started process (PID=753) to work on /home/airflow/.local/lib/python3.7/site-packages/airflow/example_dags/example_short_circuit_operator.py
[2024-06-04T21:49:39.101+0000] {processor.py:799} INFO - Processing file /home/airflow/.local/lib/python3.7/site-packages/airflow/example_dags/example_short_circuit_operator.py for tasks to queue
[2024-06-04T21:49:39.102+0000] {logging_mixin.py:149} INFO - [2024-06-04T21:49:39.102+0000] {dagbag.py:541} INFO - Filling up the DagBag from /home/airflow/.local/lib/python3.7/site-packages/airflow/example_dags/example_short_circuit_operator.py
[2024-06-04T21:49:39.116+0000] {processor.py:809} INFO - DAG(s) dict_keys(['example_short_circuit_operator']) retrieved from /home/airflow/.local/lib/python3.7/site-packages/airflow/example_dags/example_short_circuit_operator.py
[2024-06-04T21:49:39.160+0000] {logging_mixin.py:149} INFO - [2024-06-04T21:49:39.160+0000] {dag.py:2726} INFO - Sync 1 DAGs
[2024-06-04T21:49:39.208+0000] {logging_mixin.py:149} INFO - [2024-06-04T21:49:39.208+0000] {dag.py:3490} INFO - Setting next_dagrun for example_short_circuit_operator to 2024-06-03T21:49:39.207563+00:00, run_after=2024-06-04T21:49:39.207563+00:00
[2024-06-04T21:49:39.245+0000] {processor.py:178} INFO - Processing /home/airflow/.local/lib/python3.7/site-packages/airflow/example_dags/example_short_circuit_operator.py took 0.151 seconds
[2024-06-04T21:50:09.945+0000] {processor.py:156} INFO - Started process (PID=809) to work on /home/airflow/.local/lib/python3.7/site-packages/airflow/example_dags/example_short_circuit_operator.py
[2024-06-04T21:50:09.947+0000] {processor.py:799} INFO - Processing file /home/airflow/.local/lib/python3.7/site-packages/airflow/example_dags/example_short_circuit_operator.py for tasks to queue
[2024-06-04T21:50:09.949+0000] {logging_mixin.py:149} INFO - [2024-06-04T21:50:09.949+0000] {dagbag.py:541} INFO - Filling up the DagBag from /home/airflow/.local/lib/python3.7/site-packages/airflow/example_dags/example_short_circuit_operator.py
[2024-06-04T21:50:09.965+0000] {processor.py:809} INFO - DAG(s) dict_keys(['example_short_circuit_operator']) retrieved from /home/airflow/.local/lib/python3.7/site-packages/airflow/example_dags/example_short_circuit_operator.py
[2024-06-04T21:50:10.020+0000] {logging_mixin.py:149} INFO - [2024-06-04T21:50:10.019+0000] {dag.py:2726} INFO - Sync 1 DAGs
[2024-06-04T21:50:10.064+0000] {logging_mixin.py:149} INFO - [2024-06-04T21:50:10.064+0000] {dag.py:3490} INFO - Setting next_dagrun for example_short_circuit_operator to 2024-06-03T21:50:10.064144+00:00, run_after=2024-06-04T21:50:10.064144+00:00
[2024-06-04T21:50:10.105+0000] {processor.py:178} INFO - Processing /home/airflow/.local/lib/python3.7/site-packages/airflow/example_dags/example_short_circuit_operator.py took 0.166 seconds
[2024-06-04T21:50:40.682+0000] {processor.py:156} INFO - Started process (PID=865) to work on /home/airflow/.local/lib/python3.7/site-packages/airflow/example_dags/example_short_circuit_operator.py
[2024-06-04T21:50:40.684+0000] {processor.py:799} INFO - Processing file /home/airflow/.local/lib/python3.7/site-packages/airflow/example_dags/example_short_circuit_operator.py for tasks to queue
[2024-06-04T21:50:40.689+0000] {logging_mixin.py:149} INFO - [2024-06-04T21:50:40.686+0000] {dagbag.py:541} INFO - Filling up the DagBag from /home/airflow/.local/lib/python3.7/site-packages/airflow/example_dags/example_short_circuit_operator.py
[2024-06-04T21:50:40.708+0000] {processor.py:809} INFO - DAG(s) dict_keys(['example_short_circuit_operator']) retrieved from /home/airflow/.local/lib/python3.7/site-packages/airflow/example_dags/example_short_circuit_operator.py
[2024-06-04T21:50:40.760+0000] {logging_mixin.py:149} INFO - [2024-06-04T21:50:40.759+0000] {dag.py:2726} INFO - Sync 1 DAGs
[2024-06-04T21:50:40.812+0000] {logging_mixin.py:149} INFO - [2024-06-04T21:50:40.811+0000] {dag.py:3490} INFO - Setting next_dagrun for example_short_circuit_operator to 2024-06-03T21:50:40.811524+00:00, run_after=2024-06-04T21:50:40.811524+00:00
[2024-06-04T21:50:40.848+0000] {processor.py:178} INFO - Processing /home/airflow/.local/lib/python3.7/site-packages/airflow/example_dags/example_short_circuit_operator.py took 0.171 seconds
[2024-06-04T21:51:12.619+0000] {processor.py:156} INFO - Started process (PID=920) to work on /home/airflow/.local/lib/python3.7/site-packages/airflow/example_dags/example_short_circuit_operator.py
[2024-06-04T21:51:12.623+0000] {processor.py:799} INFO - Processing file /home/airflow/.local/lib/python3.7/site-packages/airflow/example_dags/example_short_circuit_operator.py for tasks to queue
[2024-06-04T21:51:12.626+0000] {logging_mixin.py:149} INFO - [2024-06-04T21:51:12.625+0000] {dagbag.py:541} INFO - Filling up the DagBag from /home/airflow/.local/lib/python3.7/site-packages/airflow/example_dags/example_short_circuit_operator.py
[2024-06-04T21:51:12.667+0000] {processor.py:809} INFO - DAG(s) dict_keys(['example_short_circuit_operator']) retrieved from /home/airflow/.local/lib/python3.7/site-packages/airflow/example_dags/example_short_circuit_operator.py
[2024-06-04T21:51:12.772+0000] {logging_mixin.py:149} INFO - [2024-06-04T21:51:12.771+0000] {dag.py:2726} INFO - Sync 1 DAGs
[2024-06-04T21:51:12.876+0000] {logging_mixin.py:149} INFO - [2024-06-04T21:51:12.875+0000] {dag.py:3490} INFO - Setting next_dagrun for example_short_circuit_operator to 2024-06-03T21:51:12.874528+00:00, run_after=2024-06-04T21:51:12.874528+00:00
[2024-06-04T21:51:13.001+0000] {processor.py:178} INFO - Processing /home/airflow/.local/lib/python3.7/site-packages/airflow/example_dags/example_short_circuit_operator.py took 0.394 seconds
[2024-06-04T21:51:43.499+0000] {processor.py:156} INFO - Started process (PID=976) to work on /home/airflow/.local/lib/python3.7/site-packages/airflow/example_dags/example_short_circuit_operator.py
[2024-06-04T21:51:43.500+0000] {processor.py:799} INFO - Processing file /home/airflow/.local/lib/python3.7/site-packages/airflow/example_dags/example_short_circuit_operator.py for tasks to queue
[2024-06-04T21:51:43.502+0000] {logging_mixin.py:149} INFO - [2024-06-04T21:51:43.502+0000] {dagbag.py:541} INFO - Filling up the DagBag from /home/airflow/.local/lib/python3.7/site-packages/airflow/example_dags/example_short_circuit_operator.py
[2024-06-04T21:51:43.515+0000] {processor.py:809} INFO - DAG(s) dict_keys(['example_short_circuit_operator']) retrieved from /home/airflow/.local/lib/python3.7/site-packages/airflow/example_dags/example_short_circuit_operator.py
[2024-06-04T21:51:43.554+0000] {logging_mixin.py:149} INFO - [2024-06-04T21:51:43.554+0000] {dag.py:2726} INFO - Sync 1 DAGs
[2024-06-04T21:51:43.593+0000] {logging_mixin.py:149} INFO - [2024-06-04T21:51:43.592+0000] {dag.py:3490} INFO - Setting next_dagrun for example_short_circuit_operator to 2024-06-03T21:51:43.592639+00:00, run_after=2024-06-04T21:51:43.592639+00:00
[2024-06-04T21:51:43.626+0000] {processor.py:178} INFO - Processing /home/airflow/.local/lib/python3.7/site-packages/airflow/example_dags/example_short_circuit_operator.py took 0.131 seconds
