[2024-06-04T21:42:35.012+0000] {processor.py:156} INFO - Started process (PID=67) to work on /home/airflow/.local/lib/python3.7/site-packages/airflow/example_dags/example_branch_operator.py
[2024-06-04T21:42:35.203+0000] {processor.py:799} INFO - Processing file /home/airflow/.local/lib/python3.7/site-packages/airflow/example_dags/example_branch_operator.py for tasks to queue
[2024-06-04T21:42:35.210+0000] {logging_mixin.py:149} INFO - [2024-06-04T21:42:35.209+0000] {dagbag.py:541} INFO - Filling up the DagBag from /home/airflow/.local/lib/python3.7/site-packages/airflow/example_dags/example_branch_operator.py
[2024-06-04T21:42:35.621+0000] {processor.py:809} INFO - DAG(s) dict_keys(['example_branch_operator']) retrieved from /home/airflow/.local/lib/python3.7/site-packages/airflow/example_dags/example_branch_operator.py
[2024-06-04T21:42:39.578+0000] {logging_mixin.py:149} INFO - [2024-06-04T21:42:39.554+0000] {manager.py:504} INFO - Created Permission View: can delete on DAG:example_branch_operator
[2024-06-04T21:42:39.724+0000] {logging_mixin.py:149} INFO - [2024-06-04T21:42:39.724+0000] {manager.py:504} INFO - Created Permission View: can read on DAG:example_branch_operator
[2024-06-04T21:42:39.811+0000] {logging_mixin.py:149} INFO - [2024-06-04T21:42:39.808+0000] {manager.py:504} INFO - Created Permission View: can edit on DAG:example_branch_operator
[2024-06-04T21:42:39.815+0000] {logging_mixin.py:149} INFO - [2024-06-04T21:42:39.815+0000] {dag.py:2726} INFO - Sync 1 DAGs
[2024-06-04T21:42:40.226+0000] {logging_mixin.py:149} INFO - [2024-06-04T21:42:40.225+0000] {dag.py:2747} INFO - Creating ORM DAG for example_branch_operator
[2024-06-04T21:42:40.493+0000] {logging_mixin.py:149} INFO - [2024-06-04T21:42:40.492+0000] {dag.py:3490} INFO - Setting next_dagrun for example_branch_operator to 2024-06-03T00:00:00+00:00, run_after=2024-06-04T00:00:00+00:00
[2024-06-04T21:42:40.986+0000] {processor.py:178} INFO - Processing /home/airflow/.local/lib/python3.7/site-packages/airflow/example_dags/example_branch_operator.py took 6.596 seconds
[2024-06-04T21:43:52.957+0000] {processor.py:156} INFO - Started process (PID=129) to work on /home/airflow/.local/lib/python3.7/site-packages/airflow/example_dags/example_branch_operator.py
[2024-06-04T21:43:52.960+0000] {processor.py:799} INFO - Processing file /home/airflow/.local/lib/python3.7/site-packages/airflow/example_dags/example_branch_operator.py for tasks to queue
[2024-06-04T21:43:52.968+0000] {logging_mixin.py:149} INFO - [2024-06-04T21:43:52.967+0000] {dagbag.py:541} INFO - Filling up the DagBag from /home/airflow/.local/lib/python3.7/site-packages/airflow/example_dags/example_branch_operator.py
[2024-06-04T21:43:53.021+0000] {processor.py:809} INFO - DAG(s) dict_keys(['example_branch_operator']) retrieved from /home/airflow/.local/lib/python3.7/site-packages/airflow/example_dags/example_branch_operator.py
[2024-06-04T21:43:53.189+0000] {logging_mixin.py:149} INFO - [2024-06-04T21:43:53.189+0000] {dag.py:2726} INFO - Sync 1 DAGs
[2024-06-04T21:43:53.322+0000] {logging_mixin.py:149} INFO - [2024-06-04T21:43:53.322+0000] {dag.py:3490} INFO - Setting next_dagrun for example_branch_operator to 2024-06-03T00:00:00+00:00, run_after=2024-06-04T00:00:00+00:00
[2024-06-04T21:43:54.719+0000] {processor.py:178} INFO - Processing /home/airflow/.local/lib/python3.7/site-packages/airflow/example_dags/example_branch_operator.py took 1.778 seconds
[2024-06-04T21:44:27.201+0000] {processor.py:156} INFO - Started process (PID=184) to work on /home/airflow/.local/lib/python3.7/site-packages/airflow/example_dags/example_branch_operator.py
[2024-06-04T21:44:27.203+0000] {processor.py:799} INFO - Processing file /home/airflow/.local/lib/python3.7/site-packages/airflow/example_dags/example_branch_operator.py for tasks to queue
[2024-06-04T21:44:27.205+0000] {logging_mixin.py:149} INFO - [2024-06-04T21:44:27.205+0000] {dagbag.py:541} INFO - Filling up the DagBag from /home/airflow/.local/lib/python3.7/site-packages/airflow/example_dags/example_branch_operator.py
[2024-06-04T21:44:27.226+0000] {processor.py:809} INFO - DAG(s) dict_keys(['example_branch_operator']) retrieved from /home/airflow/.local/lib/python3.7/site-packages/airflow/example_dags/example_branch_operator.py
[2024-06-04T21:44:27.289+0000] {logging_mixin.py:149} INFO - [2024-06-04T21:44:27.288+0000] {dag.py:2726} INFO - Sync 1 DAGs
[2024-06-04T21:44:27.367+0000] {logging_mixin.py:149} INFO - [2024-06-04T21:44:27.367+0000] {dag.py:3490} INFO - Setting next_dagrun for example_branch_operator to 2024-06-03T00:00:00+00:00, run_after=2024-06-04T00:00:00+00:00
[2024-06-04T21:44:27.428+0000] {processor.py:178} INFO - Processing /home/airflow/.local/lib/python3.7/site-packages/airflow/example_dags/example_branch_operator.py took 0.233 seconds
[2024-06-04T21:44:59.457+0000] {processor.py:156} INFO - Started process (PID=240) to work on /home/airflow/.local/lib/python3.7/site-packages/airflow/example_dags/example_branch_operator.py
[2024-06-04T21:44:59.460+0000] {processor.py:799} INFO - Processing file /home/airflow/.local/lib/python3.7/site-packages/airflow/example_dags/example_branch_operator.py for tasks to queue
[2024-06-04T21:44:59.466+0000] {logging_mixin.py:149} INFO - [2024-06-04T21:44:59.466+0000] {dagbag.py:541} INFO - Filling up the DagBag from /home/airflow/.local/lib/python3.7/site-packages/airflow/example_dags/example_branch_operator.py
[2024-06-04T21:44:59.506+0000] {processor.py:809} INFO - DAG(s) dict_keys(['example_branch_operator']) retrieved from /home/airflow/.local/lib/python3.7/site-packages/airflow/example_dags/example_branch_operator.py
[2024-06-04T21:44:59.621+0000] {logging_mixin.py:149} INFO - [2024-06-04T21:44:59.620+0000] {dag.py:2726} INFO - Sync 1 DAGs
[2024-06-04T21:44:59.983+0000] {logging_mixin.py:149} INFO - [2024-06-04T21:44:59.982+0000] {dag.py:3490} INFO - Setting next_dagrun for example_branch_operator to 2024-06-03T00:00:00+00:00, run_after=2024-06-04T00:00:00+00:00
[2024-06-04T21:45:00.190+0000] {processor.py:178} INFO - Processing /home/airflow/.local/lib/python3.7/site-packages/airflow/example_dags/example_branch_operator.py took 0.742 seconds
[2024-06-04T21:45:30.986+0000] {processor.py:156} INFO - Started process (PID=296) to work on /home/airflow/.local/lib/python3.7/site-packages/airflow/example_dags/example_branch_operator.py
[2024-06-04T21:45:30.988+0000] {processor.py:799} INFO - Processing file /home/airflow/.local/lib/python3.7/site-packages/airflow/example_dags/example_branch_operator.py for tasks to queue
[2024-06-04T21:45:30.991+0000] {logging_mixin.py:149} INFO - [2024-06-04T21:45:30.990+0000] {dagbag.py:541} INFO - Filling up the DagBag from /home/airflow/.local/lib/python3.7/site-packages/airflow/example_dags/example_branch_operator.py
[2024-06-04T21:45:31.015+0000] {processor.py:809} INFO - DAG(s) dict_keys(['example_branch_operator']) retrieved from /home/airflow/.local/lib/python3.7/site-packages/airflow/example_dags/example_branch_operator.py
[2024-06-04T21:45:31.091+0000] {logging_mixin.py:149} INFO - [2024-06-04T21:45:31.091+0000] {dag.py:2726} INFO - Sync 1 DAGs
[2024-06-04T21:45:31.153+0000] {logging_mixin.py:149} INFO - [2024-06-04T21:45:31.152+0000] {dag.py:3490} INFO - Setting next_dagrun for example_branch_operator to 2024-06-03T00:00:00+00:00, run_after=2024-06-04T00:00:00+00:00
[2024-06-04T21:45:31.216+0000] {processor.py:178} INFO - Processing /home/airflow/.local/lib/python3.7/site-packages/airflow/example_dags/example_branch_operator.py took 0.237 seconds
[2024-06-04T21:46:01.369+0000] {processor.py:156} INFO - Started process (PID=351) to work on /home/airflow/.local/lib/python3.7/site-packages/airflow/example_dags/example_branch_operator.py
[2024-06-04T21:46:01.373+0000] {processor.py:799} INFO - Processing file /home/airflow/.local/lib/python3.7/site-packages/airflow/example_dags/example_branch_operator.py for tasks to queue
[2024-06-04T21:46:01.376+0000] {logging_mixin.py:149} INFO - [2024-06-04T21:46:01.376+0000] {dagbag.py:541} INFO - Filling up the DagBag from /home/airflow/.local/lib/python3.7/site-packages/airflow/example_dags/example_branch_operator.py
[2024-06-04T21:46:01.412+0000] {processor.py:809} INFO - DAG(s) dict_keys(['example_branch_operator']) retrieved from /home/airflow/.local/lib/python3.7/site-packages/airflow/example_dags/example_branch_operator.py
[2024-06-04T21:46:01.607+0000] {logging_mixin.py:149} INFO - [2024-06-04T21:46:01.606+0000] {dag.py:2726} INFO - Sync 1 DAGs
[2024-06-04T21:46:01.734+0000] {logging_mixin.py:149} INFO - [2024-06-04T21:46:01.733+0000] {dag.py:3490} INFO - Setting next_dagrun for example_branch_operator to 2024-06-03T00:00:00+00:00, run_after=2024-06-04T00:00:00+00:00
[2024-06-04T21:46:01.828+0000] {processor.py:178} INFO - Processing /home/airflow/.local/lib/python3.7/site-packages/airflow/example_dags/example_branch_operator.py took 0.466 seconds
[2024-06-04T21:46:32.034+0000] {processor.py:156} INFO - Started process (PID=408) to work on /home/airflow/.local/lib/python3.7/site-packages/airflow/example_dags/example_branch_operator.py
[2024-06-04T21:46:32.036+0000] {processor.py:799} INFO - Processing file /home/airflow/.local/lib/python3.7/site-packages/airflow/example_dags/example_branch_operator.py for tasks to queue
[2024-06-04T21:46:32.039+0000] {logging_mixin.py:149} INFO - [2024-06-04T21:46:32.038+0000] {dagbag.py:541} INFO - Filling up the DagBag from /home/airflow/.local/lib/python3.7/site-packages/airflow/example_dags/example_branch_operator.py
[2024-06-04T21:46:32.061+0000] {processor.py:809} INFO - DAG(s) dict_keys(['example_branch_operator']) retrieved from /home/airflow/.local/lib/python3.7/site-packages/airflow/example_dags/example_branch_operator.py
[2024-06-04T21:46:32.119+0000] {logging_mixin.py:149} INFO - [2024-06-04T21:46:32.118+0000] {dag.py:2726} INFO - Sync 1 DAGs
[2024-06-04T21:46:32.163+0000] {logging_mixin.py:149} INFO - [2024-06-04T21:46:32.163+0000] {dag.py:3490} INFO - Setting next_dagrun for example_branch_operator to 2024-06-03T00:00:00+00:00, run_after=2024-06-04T00:00:00+00:00
[2024-06-04T21:46:32.200+0000] {processor.py:178} INFO - Processing /home/airflow/.local/lib/python3.7/site-packages/airflow/example_dags/example_branch_operator.py took 0.173 seconds
[2024-06-04T21:47:02.281+0000] {processor.py:156} INFO - Started process (PID=463) to work on /home/airflow/.local/lib/python3.7/site-packages/airflow/example_dags/example_branch_operator.py
[2024-06-04T21:47:02.283+0000] {processor.py:799} INFO - Processing file /home/airflow/.local/lib/python3.7/site-packages/airflow/example_dags/example_branch_operator.py for tasks to queue
[2024-06-04T21:47:02.285+0000] {logging_mixin.py:149} INFO - [2024-06-04T21:47:02.284+0000] {dagbag.py:541} INFO - Filling up the DagBag from /home/airflow/.local/lib/python3.7/site-packages/airflow/example_dags/example_branch_operator.py
[2024-06-04T21:47:02.307+0000] {processor.py:809} INFO - DAG(s) dict_keys(['example_branch_operator']) retrieved from /home/airflow/.local/lib/python3.7/site-packages/airflow/example_dags/example_branch_operator.py
[2024-06-04T21:47:02.363+0000] {logging_mixin.py:149} INFO - [2024-06-04T21:47:02.363+0000] {dag.py:2726} INFO - Sync 1 DAGs
[2024-06-04T21:47:02.428+0000] {logging_mixin.py:149} INFO - [2024-06-04T21:47:02.428+0000] {dag.py:3490} INFO - Setting next_dagrun for example_branch_operator to 2024-06-03T00:00:00+00:00, run_after=2024-06-04T00:00:00+00:00
[2024-06-04T21:47:02.478+0000] {processor.py:178} INFO - Processing /home/airflow/.local/lib/python3.7/site-packages/airflow/example_dags/example_branch_operator.py took 0.201 seconds
[2024-06-04T21:47:33.977+0000] {processor.py:156} INFO - Started process (PID=526) to work on /home/airflow/.local/lib/python3.7/site-packages/airflow/example_dags/example_branch_operator.py
[2024-06-04T21:47:33.981+0000] {processor.py:799} INFO - Processing file /home/airflow/.local/lib/python3.7/site-packages/airflow/example_dags/example_branch_operator.py for tasks to queue
[2024-06-04T21:47:33.984+0000] {logging_mixin.py:149} INFO - [2024-06-04T21:47:33.984+0000] {dagbag.py:541} INFO - Filling up the DagBag from /home/airflow/.local/lib/python3.7/site-packages/airflow/example_dags/example_branch_operator.py
[2024-06-04T21:47:34.031+0000] {processor.py:809} INFO - DAG(s) dict_keys(['example_branch_operator']) retrieved from /home/airflow/.local/lib/python3.7/site-packages/airflow/example_dags/example_branch_operator.py
[2024-06-04T21:47:34.097+0000] {logging_mixin.py:149} INFO - [2024-06-04T21:47:34.096+0000] {dag.py:2726} INFO - Sync 1 DAGs
[2024-06-04T21:47:34.144+0000] {logging_mixin.py:149} INFO - [2024-06-04T21:47:34.144+0000] {dag.py:3490} INFO - Setting next_dagrun for example_branch_operator to 2024-06-03T00:00:00+00:00, run_after=2024-06-04T00:00:00+00:00
[2024-06-04T21:47:34.183+0000] {processor.py:178} INFO - Processing /home/airflow/.local/lib/python3.7/site-packages/airflow/example_dags/example_branch_operator.py took 0.219 seconds
[2024-06-04T21:48:05.535+0000] {processor.py:156} INFO - Started process (PID=582) to work on /home/airflow/.local/lib/python3.7/site-packages/airflow/example_dags/example_branch_operator.py
[2024-06-04T21:48:05.547+0000] {processor.py:799} INFO - Processing file /home/airflow/.local/lib/python3.7/site-packages/airflow/example_dags/example_branch_operator.py for tasks to queue
[2024-06-04T21:48:05.563+0000] {logging_mixin.py:149} INFO - [2024-06-04T21:48:05.557+0000] {dagbag.py:541} INFO - Filling up the DagBag from /home/airflow/.local/lib/python3.7/site-packages/airflow/example_dags/example_branch_operator.py
[2024-06-04T21:48:05.618+0000] {processor.py:809} INFO - DAG(s) dict_keys(['example_branch_operator']) retrieved from /home/airflow/.local/lib/python3.7/site-packages/airflow/example_dags/example_branch_operator.py
[2024-06-04T21:48:05.766+0000] {logging_mixin.py:149} INFO - [2024-06-04T21:48:05.766+0000] {dag.py:2726} INFO - Sync 1 DAGs
[2024-06-04T21:48:05.895+0000] {logging_mixin.py:149} INFO - [2024-06-04T21:48:05.892+0000] {dag.py:3490} INFO - Setting next_dagrun for example_branch_operator to 2024-06-03T00:00:00+00:00, run_after=2024-06-04T00:00:00+00:00
[2024-06-04T21:48:05.996+0000] {processor.py:178} INFO - Processing /home/airflow/.local/lib/python3.7/site-packages/airflow/example_dags/example_branch_operator.py took 0.484 seconds
[2024-06-04T21:48:37.148+0000] {processor.py:156} INFO - Started process (PID=637) to work on /home/airflow/.local/lib/python3.7/site-packages/airflow/example_dags/example_branch_operator.py
[2024-06-04T21:48:37.160+0000] {processor.py:799} INFO - Processing file /home/airflow/.local/lib/python3.7/site-packages/airflow/example_dags/example_branch_operator.py for tasks to queue
[2024-06-04T21:48:37.166+0000] {logging_mixin.py:149} INFO - [2024-06-04T21:48:37.165+0000] {dagbag.py:541} INFO - Filling up the DagBag from /home/airflow/.local/lib/python3.7/site-packages/airflow/example_dags/example_branch_operator.py
[2024-06-04T21:48:37.234+0000] {processor.py:809} INFO - DAG(s) dict_keys(['example_branch_operator']) retrieved from /home/airflow/.local/lib/python3.7/site-packages/airflow/example_dags/example_branch_operator.py
[2024-06-04T21:48:37.368+0000] {logging_mixin.py:149} INFO - [2024-06-04T21:48:37.367+0000] {dag.py:2726} INFO - Sync 1 DAGs
[2024-06-04T21:48:37.556+0000] {logging_mixin.py:149} INFO - [2024-06-04T21:48:37.549+0000] {dag.py:3490} INFO - Setting next_dagrun for example_branch_operator to 2024-06-03T00:00:00+00:00, run_after=2024-06-04T00:00:00+00:00
[2024-06-04T21:48:37.697+0000] {processor.py:178} INFO - Processing /home/airflow/.local/lib/python3.7/site-packages/airflow/example_dags/example_branch_operator.py took 0.578 seconds
[2024-06-04T21:49:08.010+0000] {processor.py:156} INFO - Started process (PID=694) to work on /home/airflow/.local/lib/python3.7/site-packages/airflow/example_dags/example_branch_operator.py
[2024-06-04T21:49:08.012+0000] {processor.py:799} INFO - Processing file /home/airflow/.local/lib/python3.7/site-packages/airflow/example_dags/example_branch_operator.py for tasks to queue
[2024-06-04T21:49:08.013+0000] {logging_mixin.py:149} INFO - [2024-06-04T21:49:08.013+0000] {dagbag.py:541} INFO - Filling up the DagBag from /home/airflow/.local/lib/python3.7/site-packages/airflow/example_dags/example_branch_operator.py
[2024-06-04T21:49:08.041+0000] {processor.py:809} INFO - DAG(s) dict_keys(['example_branch_operator']) retrieved from /home/airflow/.local/lib/python3.7/site-packages/airflow/example_dags/example_branch_operator.py
[2024-06-04T21:49:08.110+0000] {logging_mixin.py:149} INFO - [2024-06-04T21:49:08.110+0000] {dag.py:2726} INFO - Sync 1 DAGs
[2024-06-04T21:49:08.177+0000] {logging_mixin.py:149} INFO - [2024-06-04T21:49:08.176+0000] {dag.py:3490} INFO - Setting next_dagrun for example_branch_operator to 2024-06-03T00:00:00+00:00, run_after=2024-06-04T00:00:00+00:00
[2024-06-04T21:49:08.243+0000] {processor.py:178} INFO - Processing /home/airflow/.local/lib/python3.7/site-packages/airflow/example_dags/example_branch_operator.py took 0.239 seconds
[2024-06-04T21:49:38.587+0000] {processor.py:156} INFO - Started process (PID=750) to work on /home/airflow/.local/lib/python3.7/site-packages/airflow/example_dags/example_branch_operator.py
[2024-06-04T21:49:38.589+0000] {processor.py:799} INFO - Processing file /home/airflow/.local/lib/python3.7/site-packages/airflow/example_dags/example_branch_operator.py for tasks to queue
[2024-06-04T21:49:38.591+0000] {logging_mixin.py:149} INFO - [2024-06-04T21:49:38.590+0000] {dagbag.py:541} INFO - Filling up the DagBag from /home/airflow/.local/lib/python3.7/site-packages/airflow/example_dags/example_branch_operator.py
[2024-06-04T21:49:38.605+0000] {processor.py:809} INFO - DAG(s) dict_keys(['example_branch_operator']) retrieved from /home/airflow/.local/lib/python3.7/site-packages/airflow/example_dags/example_branch_operator.py
[2024-06-04T21:49:38.653+0000] {logging_mixin.py:149} INFO - [2024-06-04T21:49:38.653+0000] {dag.py:2726} INFO - Sync 1 DAGs
[2024-06-04T21:49:38.698+0000] {logging_mixin.py:149} INFO - [2024-06-04T21:49:38.698+0000] {dag.py:3490} INFO - Setting next_dagrun for example_branch_operator to 2024-06-03T00:00:00+00:00, run_after=2024-06-04T00:00:00+00:00
[2024-06-04T21:49:38.736+0000] {processor.py:178} INFO - Processing /home/airflow/.local/lib/python3.7/site-packages/airflow/example_dags/example_branch_operator.py took 0.155 seconds
[2024-06-04T21:50:09.590+0000] {processor.py:156} INFO - Started process (PID=806) to work on /home/airflow/.local/lib/python3.7/site-packages/airflow/example_dags/example_branch_operator.py
[2024-06-04T21:50:09.591+0000] {processor.py:799} INFO - Processing file /home/airflow/.local/lib/python3.7/site-packages/airflow/example_dags/example_branch_operator.py for tasks to queue
[2024-06-04T21:50:09.593+0000] {logging_mixin.py:149} INFO - [2024-06-04T21:50:09.592+0000] {dagbag.py:541} INFO - Filling up the DagBag from /home/airflow/.local/lib/python3.7/site-packages/airflow/example_dags/example_branch_operator.py
[2024-06-04T21:50:09.610+0000] {processor.py:809} INFO - DAG(s) dict_keys(['example_branch_operator']) retrieved from /home/airflow/.local/lib/python3.7/site-packages/airflow/example_dags/example_branch_operator.py
[2024-06-04T21:50:09.652+0000] {logging_mixin.py:149} INFO - [2024-06-04T21:50:09.652+0000] {dag.py:2726} INFO - Sync 1 DAGs
[2024-06-04T21:50:09.703+0000] {logging_mixin.py:149} INFO - [2024-06-04T21:50:09.703+0000] {dag.py:3490} INFO - Setting next_dagrun for example_branch_operator to 2024-06-03T00:00:00+00:00, run_after=2024-06-04T00:00:00+00:00
[2024-06-04T21:50:09.737+0000] {processor.py:178} INFO - Processing /home/airflow/.local/lib/python3.7/site-packages/airflow/example_dags/example_branch_operator.py took 0.153 seconds
[2024-06-04T21:50:40.259+0000] {processor.py:156} INFO - Started process (PID=862) to work on /home/airflow/.local/lib/python3.7/site-packages/airflow/example_dags/example_branch_operator.py
[2024-06-04T21:50:40.261+0000] {processor.py:799} INFO - Processing file /home/airflow/.local/lib/python3.7/site-packages/airflow/example_dags/example_branch_operator.py for tasks to queue
[2024-06-04T21:50:40.263+0000] {logging_mixin.py:149} INFO - [2024-06-04T21:50:40.262+0000] {dagbag.py:541} INFO - Filling up the DagBag from /home/airflow/.local/lib/python3.7/site-packages/airflow/example_dags/example_branch_operator.py
[2024-06-04T21:50:40.283+0000] {processor.py:809} INFO - DAG(s) dict_keys(['example_branch_operator']) retrieved from /home/airflow/.local/lib/python3.7/site-packages/airflow/example_dags/example_branch_operator.py
[2024-06-04T21:50:40.325+0000] {logging_mixin.py:149} INFO - [2024-06-04T21:50:40.325+0000] {dag.py:2726} INFO - Sync 1 DAGs
[2024-06-04T21:50:40.377+0000] {logging_mixin.py:149} INFO - [2024-06-04T21:50:40.377+0000] {dag.py:3490} INFO - Setting next_dagrun for example_branch_operator to 2024-06-03T00:00:00+00:00, run_after=2024-06-04T00:00:00+00:00
[2024-06-04T21:50:40.417+0000] {processor.py:178} INFO - Processing /home/airflow/.local/lib/python3.7/site-packages/airflow/example_dags/example_branch_operator.py took 0.162 seconds
[2024-06-04T21:51:11.832+0000] {processor.py:156} INFO - Started process (PID=917) to work on /home/airflow/.local/lib/python3.7/site-packages/airflow/example_dags/example_branch_operator.py
[2024-06-04T21:51:11.839+0000] {processor.py:799} INFO - Processing file /home/airflow/.local/lib/python3.7/site-packages/airflow/example_dags/example_branch_operator.py for tasks to queue
[2024-06-04T21:51:11.846+0000] {logging_mixin.py:149} INFO - [2024-06-04T21:51:11.845+0000] {dagbag.py:541} INFO - Filling up the DagBag from /home/airflow/.local/lib/python3.7/site-packages/airflow/example_dags/example_branch_operator.py
[2024-06-04T21:51:11.886+0000] {processor.py:809} INFO - DAG(s) dict_keys(['example_branch_operator']) retrieved from /home/airflow/.local/lib/python3.7/site-packages/airflow/example_dags/example_branch_operator.py
[2024-06-04T21:51:12.032+0000] {logging_mixin.py:149} INFO - [2024-06-04T21:51:12.031+0000] {dag.py:2726} INFO - Sync 1 DAGs
[2024-06-04T21:51:12.159+0000] {logging_mixin.py:149} INFO - [2024-06-04T21:51:12.155+0000] {dag.py:3490} INFO - Setting next_dagrun for example_branch_operator to 2024-06-03T00:00:00+00:00, run_after=2024-06-04T00:00:00+00:00
[2024-06-04T21:51:12.304+0000] {processor.py:178} INFO - Processing /home/airflow/.local/lib/python3.7/site-packages/airflow/example_dags/example_branch_operator.py took 0.501 seconds
[2024-06-04T21:51:42.513+0000] {processor.py:156} INFO - Started process (PID=968) to work on /home/airflow/.local/lib/python3.7/site-packages/airflow/example_dags/example_branch_operator.py
[2024-06-04T21:51:42.515+0000] {processor.py:799} INFO - Processing file /home/airflow/.local/lib/python3.7/site-packages/airflow/example_dags/example_branch_operator.py for tasks to queue
[2024-06-04T21:51:42.517+0000] {logging_mixin.py:149} INFO - [2024-06-04T21:51:42.516+0000] {dagbag.py:541} INFO - Filling up the DagBag from /home/airflow/.local/lib/python3.7/site-packages/airflow/example_dags/example_branch_operator.py
[2024-06-04T21:51:42.536+0000] {processor.py:809} INFO - DAG(s) dict_keys(['example_branch_operator']) retrieved from /home/airflow/.local/lib/python3.7/site-packages/airflow/example_dags/example_branch_operator.py
[2024-06-04T21:51:42.605+0000] {logging_mixin.py:149} INFO - [2024-06-04T21:51:42.605+0000] {dag.py:2726} INFO - Sync 1 DAGs
[2024-06-04T21:51:42.666+0000] {logging_mixin.py:149} INFO - [2024-06-04T21:51:42.666+0000] {dag.py:3490} INFO - Setting next_dagrun for example_branch_operator to 2024-06-03T00:00:00+00:00, run_after=2024-06-04T00:00:00+00:00
[2024-06-04T21:51:42.712+0000] {processor.py:178} INFO - Processing /home/airflow/.local/lib/python3.7/site-packages/airflow/example_dags/example_branch_operator.py took 0.209 seconds
