[2024-06-04T21:43:18.717+0000] {processor.py:156} INFO - Started process (PID=88) to work on /home/airflow/.local/lib/python3.7/site-packages/airflow/example_dags/example_python_operator.py
[2024-06-04T21:43:18.730+0000] {processor.py:799} INFO - Processing file /home/airflow/.local/lib/python3.7/site-packages/airflow/example_dags/example_python_operator.py for tasks to queue
[2024-06-04T21:43:18.778+0000] {logging_mixin.py:149} INFO - [2024-06-04T21:43:18.777+0000] {dagbag.py:541} INFO - Filling up the DagBag from /home/airflow/.local/lib/python3.7/site-packages/airflow/example_dags/example_python_operator.py
[2024-06-04T21:43:19.097+0000] {logging_mixin.py:149} INFO - [2024-06-04T21:43:19.052+0000] {taskmixin.py:211} WARNING - Dependency <Task(_PythonDecoratedOperator): print_the_context>, log_sql_query already registered for DAG: example_python_operator
[2024-06-04T21:43:19.102+0000] {logging_mixin.py:149} INFO - [2024-06-04T21:43:19.102+0000] {taskmixin.py:211} WARNING - Dependency <Task(_PythonDecoratedOperator): log_sql_query>, print_the_context already registered for DAG: example_python_operator
[2024-06-04T21:43:19.109+0000] {logging_mixin.py:149} INFO - [2024-06-04T21:43:19.108+0000] {taskmixin.py:211} WARNING - Dependency <Task(_PythonDecoratedOperator): print_the_context>, log_sql_query already registered for DAG: example_python_operator
[2024-06-04T21:43:19.118+0000] {logging_mixin.py:149} INFO - [2024-06-04T21:43:19.118+0000] {taskmixin.py:211} WARNING - Dependency <Task(_PythonDecoratedOperator): log_sql_query>, print_the_context already registered for DAG: example_python_operator
[2024-06-04T21:43:19.140+0000] {logging_mixin.py:149} INFO - [2024-06-04T21:43:19.130+0000] {taskmixin.py:211} WARNING - Dependency <Task(_PythonDecoratedOperator): print_the_context>, log_sql_query already registered for DAG: example_python_operator
[2024-06-04T21:43:19.165+0000] {logging_mixin.py:149} INFO - [2024-06-04T21:43:19.164+0000] {taskmixin.py:211} WARNING - Dependency <Task(_PythonDecoratedOperator): log_sql_query>, print_the_context already registered for DAG: example_python_operator
[2024-06-04T21:43:19.228+0000] {logging_mixin.py:149} INFO - [2024-06-04T21:43:19.228+0000] {taskmixin.py:211} WARNING - Dependency <Task(_PythonDecoratedOperator): print_the_context>, log_sql_query already registered for DAG: example_python_operator
[2024-06-04T21:43:19.233+0000] {logging_mixin.py:149} INFO - [2024-06-04T21:43:19.232+0000] {taskmixin.py:211} WARNING - Dependency <Task(_PythonDecoratedOperator): log_sql_query>, print_the_context already registered for DAG: example_python_operator
[2024-06-04T21:43:19.461+0000] {processor.py:809} INFO - DAG(s) dict_keys(['example_python_operator']) retrieved from /home/airflow/.local/lib/python3.7/site-packages/airflow/example_dags/example_python_operator.py
[2024-06-04T21:43:19.991+0000] {logging_mixin.py:149} INFO - [2024-06-04T21:43:19.990+0000] {dag.py:2726} INFO - Sync 1 DAGs
[2024-06-04T21:43:20.481+0000] {logging_mixin.py:149} INFO - [2024-06-04T21:43:20.480+0000] {dag.py:2747} INFO - Creating ORM DAG for example_python_operator
[2024-06-04T21:43:20.793+0000] {logging_mixin.py:149} INFO - [2024-06-04T21:43:20.792+0000] {dag.py:3490} INFO - Setting next_dagrun for example_python_operator to None, run_after=None
[2024-06-04T21:43:21.244+0000] {processor.py:178} INFO - Processing /home/airflow/.local/lib/python3.7/site-packages/airflow/example_dags/example_python_operator.py took 2.610 seconds
[2024-06-04T21:44:00.222+0000] {processor.py:156} INFO - Started process (PID=144) to work on /home/airflow/.local/lib/python3.7/site-packages/airflow/example_dags/example_python_operator.py
[2024-06-04T21:44:00.232+0000] {processor.py:799} INFO - Processing file /home/airflow/.local/lib/python3.7/site-packages/airflow/example_dags/example_python_operator.py for tasks to queue
[2024-06-04T21:44:00.236+0000] {logging_mixin.py:149} INFO - [2024-06-04T21:44:00.236+0000] {dagbag.py:541} INFO - Filling up the DagBag from /home/airflow/.local/lib/python3.7/site-packages/airflow/example_dags/example_python_operator.py
[2024-06-04T21:44:00.256+0000] {logging_mixin.py:149} INFO - [2024-06-04T21:44:00.255+0000] {taskmixin.py:211} WARNING - Dependency <Task(_PythonDecoratedOperator): print_the_context>, log_sql_query already registered for DAG: example_python_operator
[2024-06-04T21:44:00.258+0000] {logging_mixin.py:149} INFO - [2024-06-04T21:44:00.257+0000] {taskmixin.py:211} WARNING - Dependency <Task(_PythonDecoratedOperator): log_sql_query>, print_the_context already registered for DAG: example_python_operator
[2024-06-04T21:44:00.261+0000] {logging_mixin.py:149} INFO - [2024-06-04T21:44:00.261+0000] {taskmixin.py:211} WARNING - Dependency <Task(_PythonDecoratedOperator): print_the_context>, log_sql_query already registered for DAG: example_python_operator
[2024-06-04T21:44:00.263+0000] {logging_mixin.py:149} INFO - [2024-06-04T21:44:00.262+0000] {taskmixin.py:211} WARNING - Dependency <Task(_PythonDecoratedOperator): log_sql_query>, print_the_context already registered for DAG: example_python_operator
[2024-06-04T21:44:00.273+0000] {logging_mixin.py:149} INFO - [2024-06-04T21:44:00.270+0000] {taskmixin.py:211} WARNING - Dependency <Task(_PythonDecoratedOperator): print_the_context>, log_sql_query already registered for DAG: example_python_operator
[2024-06-04T21:44:00.276+0000] {logging_mixin.py:149} INFO - [2024-06-04T21:44:00.276+0000] {taskmixin.py:211} WARNING - Dependency <Task(_PythonDecoratedOperator): log_sql_query>, print_the_context already registered for DAG: example_python_operator
[2024-06-04T21:44:00.290+0000] {logging_mixin.py:149} INFO - [2024-06-04T21:44:00.290+0000] {taskmixin.py:211} WARNING - Dependency <Task(_PythonDecoratedOperator): print_the_context>, log_sql_query already registered for DAG: example_python_operator
[2024-06-04T21:44:00.293+0000] {logging_mixin.py:149} INFO - [2024-06-04T21:44:00.291+0000] {taskmixin.py:211} WARNING - Dependency <Task(_PythonDecoratedOperator): log_sql_query>, print_the_context already registered for DAG: example_python_operator
[2024-06-04T21:44:00.302+0000] {processor.py:809} INFO - DAG(s) dict_keys(['example_python_operator']) retrieved from /home/airflow/.local/lib/python3.7/site-packages/airflow/example_dags/example_python_operator.py
[2024-06-04T21:44:00.525+0000] {logging_mixin.py:149} INFO - [2024-06-04T21:44:00.525+0000] {dag.py:2726} INFO - Sync 1 DAGs
[2024-06-04T21:44:00.697+0000] {logging_mixin.py:149} INFO - [2024-06-04T21:44:00.696+0000] {dag.py:3490} INFO - Setting next_dagrun for example_python_operator to None, run_after=None
[2024-06-04T21:44:00.767+0000] {processor.py:178} INFO - Processing /home/airflow/.local/lib/python3.7/site-packages/airflow/example_dags/example_python_operator.py took 0.552 seconds
[2024-06-04T21:44:31.530+0000] {processor.py:156} INFO - Started process (PID=199) to work on /home/airflow/.local/lib/python3.7/site-packages/airflow/example_dags/example_python_operator.py
[2024-06-04T21:44:31.537+0000] {processor.py:799} INFO - Processing file /home/airflow/.local/lib/python3.7/site-packages/airflow/example_dags/example_python_operator.py for tasks to queue
[2024-06-04T21:44:31.543+0000] {logging_mixin.py:149} INFO - [2024-06-04T21:44:31.543+0000] {dagbag.py:541} INFO - Filling up the DagBag from /home/airflow/.local/lib/python3.7/site-packages/airflow/example_dags/example_python_operator.py
[2024-06-04T21:44:31.563+0000] {logging_mixin.py:149} INFO - [2024-06-04T21:44:31.562+0000] {taskmixin.py:211} WARNING - Dependency <Task(_PythonDecoratedOperator): print_the_context>, log_sql_query already registered for DAG: example_python_operator
[2024-06-04T21:44:31.566+0000] {logging_mixin.py:149} INFO - [2024-06-04T21:44:31.566+0000] {taskmixin.py:211} WARNING - Dependency <Task(_PythonDecoratedOperator): log_sql_query>, print_the_context already registered for DAG: example_python_operator
[2024-06-04T21:44:31.569+0000] {logging_mixin.py:149} INFO - [2024-06-04T21:44:31.569+0000] {taskmixin.py:211} WARNING - Dependency <Task(_PythonDecoratedOperator): print_the_context>, log_sql_query already registered for DAG: example_python_operator
[2024-06-04T21:44:31.571+0000] {logging_mixin.py:149} INFO - [2024-06-04T21:44:31.571+0000] {taskmixin.py:211} WARNING - Dependency <Task(_PythonDecoratedOperator): log_sql_query>, print_the_context already registered for DAG: example_python_operator
[2024-06-04T21:44:31.578+0000] {logging_mixin.py:149} INFO - [2024-06-04T21:44:31.577+0000] {taskmixin.py:211} WARNING - Dependency <Task(_PythonDecoratedOperator): print_the_context>, log_sql_query already registered for DAG: example_python_operator
[2024-06-04T21:44:31.579+0000] {logging_mixin.py:149} INFO - [2024-06-04T21:44:31.579+0000] {taskmixin.py:211} WARNING - Dependency <Task(_PythonDecoratedOperator): log_sql_query>, print_the_context already registered for DAG: example_python_operator
[2024-06-04T21:44:31.582+0000] {logging_mixin.py:149} INFO - [2024-06-04T21:44:31.581+0000] {taskmixin.py:211} WARNING - Dependency <Task(_PythonDecoratedOperator): print_the_context>, log_sql_query already registered for DAG: example_python_operator
[2024-06-04T21:44:31.583+0000] {logging_mixin.py:149} INFO - [2024-06-04T21:44:31.583+0000] {taskmixin.py:211} WARNING - Dependency <Task(_PythonDecoratedOperator): log_sql_query>, print_the_context already registered for DAG: example_python_operator
[2024-06-04T21:44:31.590+0000] {processor.py:809} INFO - DAG(s) dict_keys(['example_python_operator']) retrieved from /home/airflow/.local/lib/python3.7/site-packages/airflow/example_dags/example_python_operator.py
[2024-06-04T21:44:31.707+0000] {logging_mixin.py:149} INFO - [2024-06-04T21:44:31.707+0000] {dag.py:2726} INFO - Sync 1 DAGs
[2024-06-04T21:44:31.788+0000] {logging_mixin.py:149} INFO - [2024-06-04T21:44:31.788+0000] {dag.py:3490} INFO - Setting next_dagrun for example_python_operator to None, run_after=None
[2024-06-04T21:44:31.861+0000] {processor.py:178} INFO - Processing /home/airflow/.local/lib/python3.7/site-packages/airflow/example_dags/example_python_operator.py took 0.342 seconds
[2024-06-04T21:45:03.608+0000] {processor.py:156} INFO - Started process (PID=262) to work on /home/airflow/.local/lib/python3.7/site-packages/airflow/example_dags/example_python_operator.py
[2024-06-04T21:45:03.614+0000] {processor.py:799} INFO - Processing file /home/airflow/.local/lib/python3.7/site-packages/airflow/example_dags/example_python_operator.py for tasks to queue
[2024-06-04T21:45:03.628+0000] {logging_mixin.py:149} INFO - [2024-06-04T21:45:03.625+0000] {dagbag.py:541} INFO - Filling up the DagBag from /home/airflow/.local/lib/python3.7/site-packages/airflow/example_dags/example_python_operator.py
[2024-06-04T21:45:03.692+0000] {logging_mixin.py:149} INFO - [2024-06-04T21:45:03.691+0000] {taskmixin.py:211} WARNING - Dependency <Task(_PythonDecoratedOperator): print_the_context>, log_sql_query already registered for DAG: example_python_operator
[2024-06-04T21:45:03.704+0000] {logging_mixin.py:149} INFO - [2024-06-04T21:45:03.704+0000] {taskmixin.py:211} WARNING - Dependency <Task(_PythonDecoratedOperator): log_sql_query>, print_the_context already registered for DAG: example_python_operator
[2024-06-04T21:45:03.732+0000] {logging_mixin.py:149} INFO - [2024-06-04T21:45:03.731+0000] {taskmixin.py:211} WARNING - Dependency <Task(_PythonDecoratedOperator): print_the_context>, log_sql_query already registered for DAG: example_python_operator
[2024-06-04T21:45:03.748+0000] {logging_mixin.py:149} INFO - [2024-06-04T21:45:03.748+0000] {taskmixin.py:211} WARNING - Dependency <Task(_PythonDecoratedOperator): log_sql_query>, print_the_context already registered for DAG: example_python_operator
[2024-06-04T21:45:03.763+0000] {logging_mixin.py:149} INFO - [2024-06-04T21:45:03.761+0000] {taskmixin.py:211} WARNING - Dependency <Task(_PythonDecoratedOperator): print_the_context>, log_sql_query already registered for DAG: example_python_operator
[2024-06-04T21:45:03.777+0000] {logging_mixin.py:149} INFO - [2024-06-04T21:45:03.776+0000] {taskmixin.py:211} WARNING - Dependency <Task(_PythonDecoratedOperator): log_sql_query>, print_the_context already registered for DAG: example_python_operator
[2024-06-04T21:45:03.797+0000] {logging_mixin.py:149} INFO - [2024-06-04T21:45:03.796+0000] {taskmixin.py:211} WARNING - Dependency <Task(_PythonDecoratedOperator): print_the_context>, log_sql_query already registered for DAG: example_python_operator
[2024-06-04T21:45:03.801+0000] {logging_mixin.py:149} INFO - [2024-06-04T21:45:03.800+0000] {taskmixin.py:211} WARNING - Dependency <Task(_PythonDecoratedOperator): log_sql_query>, print_the_context already registered for DAG: example_python_operator
[2024-06-04T21:45:03.813+0000] {processor.py:809} INFO - DAG(s) dict_keys(['example_python_operator']) retrieved from /home/airflow/.local/lib/python3.7/site-packages/airflow/example_dags/example_python_operator.py
[2024-06-04T21:45:03.916+0000] {logging_mixin.py:149} INFO - [2024-06-04T21:45:03.915+0000] {dag.py:2726} INFO - Sync 1 DAGs
[2024-06-04T21:45:03.975+0000] {logging_mixin.py:149} INFO - [2024-06-04T21:45:03.975+0000] {dag.py:3490} INFO - Setting next_dagrun for example_python_operator to None, run_after=None
[2024-06-04T21:45:04.021+0000] {processor.py:178} INFO - Processing /home/airflow/.local/lib/python3.7/site-packages/airflow/example_dags/example_python_operator.py took 0.459 seconds
[2024-06-04T21:45:34.731+0000] {processor.py:156} INFO - Started process (PID=317) to work on /home/airflow/.local/lib/python3.7/site-packages/airflow/example_dags/example_python_operator.py
[2024-06-04T21:45:34.735+0000] {processor.py:799} INFO - Processing file /home/airflow/.local/lib/python3.7/site-packages/airflow/example_dags/example_python_operator.py for tasks to queue
[2024-06-04T21:45:34.739+0000] {logging_mixin.py:149} INFO - [2024-06-04T21:45:34.738+0000] {dagbag.py:541} INFO - Filling up the DagBag from /home/airflow/.local/lib/python3.7/site-packages/airflow/example_dags/example_python_operator.py
[2024-06-04T21:45:34.763+0000] {logging_mixin.py:149} INFO - [2024-06-04T21:45:34.763+0000] {taskmixin.py:211} WARNING - Dependency <Task(_PythonDecoratedOperator): print_the_context>, log_sql_query already registered for DAG: example_python_operator
[2024-06-04T21:45:34.767+0000] {logging_mixin.py:149} INFO - [2024-06-04T21:45:34.766+0000] {taskmixin.py:211} WARNING - Dependency <Task(_PythonDecoratedOperator): log_sql_query>, print_the_context already registered for DAG: example_python_operator
[2024-06-04T21:45:34.771+0000] {logging_mixin.py:149} INFO - [2024-06-04T21:45:34.771+0000] {taskmixin.py:211} WARNING - Dependency <Task(_PythonDecoratedOperator): print_the_context>, log_sql_query already registered for DAG: example_python_operator
[2024-06-04T21:45:34.772+0000] {logging_mixin.py:149} INFO - [2024-06-04T21:45:34.772+0000] {taskmixin.py:211} WARNING - Dependency <Task(_PythonDecoratedOperator): log_sql_query>, print_the_context already registered for DAG: example_python_operator
[2024-06-04T21:45:34.776+0000] {logging_mixin.py:149} INFO - [2024-06-04T21:45:34.776+0000] {taskmixin.py:211} WARNING - Dependency <Task(_PythonDecoratedOperator): print_the_context>, log_sql_query already registered for DAG: example_python_operator
[2024-06-04T21:45:34.779+0000] {logging_mixin.py:149} INFO - [2024-06-04T21:45:34.778+0000] {taskmixin.py:211} WARNING - Dependency <Task(_PythonDecoratedOperator): log_sql_query>, print_the_context already registered for DAG: example_python_operator
[2024-06-04T21:45:34.782+0000] {logging_mixin.py:149} INFO - [2024-06-04T21:45:34.781+0000] {taskmixin.py:211} WARNING - Dependency <Task(_PythonDecoratedOperator): print_the_context>, log_sql_query already registered for DAG: example_python_operator
[2024-06-04T21:45:34.785+0000] {logging_mixin.py:149} INFO - [2024-06-04T21:45:34.785+0000] {taskmixin.py:211} WARNING - Dependency <Task(_PythonDecoratedOperator): log_sql_query>, print_the_context already registered for DAG: example_python_operator
[2024-06-04T21:45:34.798+0000] {processor.py:809} INFO - DAG(s) dict_keys(['example_python_operator']) retrieved from /home/airflow/.local/lib/python3.7/site-packages/airflow/example_dags/example_python_operator.py
[2024-06-04T21:45:34.905+0000] {logging_mixin.py:149} INFO - [2024-06-04T21:45:34.904+0000] {dag.py:2726} INFO - Sync 1 DAGs
[2024-06-04T21:45:34.964+0000] {logging_mixin.py:149} INFO - [2024-06-04T21:45:34.964+0000] {dag.py:3490} INFO - Setting next_dagrun for example_python_operator to None, run_after=None
[2024-06-04T21:45:35.062+0000] {processor.py:178} INFO - Processing /home/airflow/.local/lib/python3.7/site-packages/airflow/example_dags/example_python_operator.py took 0.342 seconds
[2024-06-04T21:46:08.033+0000] {processor.py:156} INFO - Started process (PID=373) to work on /home/airflow/.local/lib/python3.7/site-packages/airflow/example_dags/example_python_operator.py
[2024-06-04T21:46:08.059+0000] {processor.py:799} INFO - Processing file /home/airflow/.local/lib/python3.7/site-packages/airflow/example_dags/example_python_operator.py for tasks to queue
[2024-06-04T21:46:08.077+0000] {logging_mixin.py:149} INFO - [2024-06-04T21:46:08.068+0000] {dagbag.py:541} INFO - Filling up the DagBag from /home/airflow/.local/lib/python3.7/site-packages/airflow/example_dags/example_python_operator.py
[2024-06-04T21:46:08.162+0000] {logging_mixin.py:149} INFO - [2024-06-04T21:46:08.161+0000] {taskmixin.py:211} WARNING - Dependency <Task(_PythonDecoratedOperator): print_the_context>, log_sql_query already registered for DAG: example_python_operator
[2024-06-04T21:46:08.177+0000] {logging_mixin.py:149} INFO - [2024-06-04T21:46:08.176+0000] {taskmixin.py:211} WARNING - Dependency <Task(_PythonDecoratedOperator): log_sql_query>, print_the_context already registered for DAG: example_python_operator
[2024-06-04T21:46:08.202+0000] {logging_mixin.py:149} INFO - [2024-06-04T21:46:08.199+0000] {taskmixin.py:211} WARNING - Dependency <Task(_PythonDecoratedOperator): print_the_context>, log_sql_query already registered for DAG: example_python_operator
[2024-06-04T21:46:08.208+0000] {logging_mixin.py:149} INFO - [2024-06-04T21:46:08.208+0000] {taskmixin.py:211} WARNING - Dependency <Task(_PythonDecoratedOperator): log_sql_query>, print_the_context already registered for DAG: example_python_operator
[2024-06-04T21:46:08.232+0000] {logging_mixin.py:149} INFO - [2024-06-04T21:46:08.229+0000] {taskmixin.py:211} WARNING - Dependency <Task(_PythonDecoratedOperator): print_the_context>, log_sql_query already registered for DAG: example_python_operator
[2024-06-04T21:46:08.237+0000] {logging_mixin.py:149} INFO - [2024-06-04T21:46:08.237+0000] {taskmixin.py:211} WARNING - Dependency <Task(_PythonDecoratedOperator): log_sql_query>, print_the_context already registered for DAG: example_python_operator
[2024-06-04T21:46:08.258+0000] {logging_mixin.py:149} INFO - [2024-06-04T21:46:08.258+0000] {taskmixin.py:211} WARNING - Dependency <Task(_PythonDecoratedOperator): print_the_context>, log_sql_query already registered for DAG: example_python_operator
[2024-06-04T21:46:08.262+0000] {logging_mixin.py:149} INFO - [2024-06-04T21:46:08.262+0000] {taskmixin.py:211} WARNING - Dependency <Task(_PythonDecoratedOperator): log_sql_query>, print_the_context already registered for DAG: example_python_operator
[2024-06-04T21:46:08.281+0000] {processor.py:809} INFO - DAG(s) dict_keys(['example_python_operator']) retrieved from /home/airflow/.local/lib/python3.7/site-packages/airflow/example_dags/example_python_operator.py
[2024-06-04T21:46:08.617+0000] {logging_mixin.py:149} INFO - [2024-06-04T21:46:08.616+0000] {dag.py:2726} INFO - Sync 1 DAGs
[2024-06-04T21:46:08.824+0000] {logging_mixin.py:149} INFO - [2024-06-04T21:46:08.823+0000] {dag.py:3490} INFO - Setting next_dagrun for example_python_operator to None, run_after=None
[2024-06-04T21:46:09.062+0000] {processor.py:178} INFO - Processing /home/airflow/.local/lib/python3.7/site-packages/airflow/example_dags/example_python_operator.py took 1.069 seconds
[2024-06-04T21:46:39.854+0000] {processor.py:156} INFO - Started process (PID=429) to work on /home/airflow/.local/lib/python3.7/site-packages/airflow/example_dags/example_python_operator.py
[2024-06-04T21:46:39.856+0000] {processor.py:799} INFO - Processing file /home/airflow/.local/lib/python3.7/site-packages/airflow/example_dags/example_python_operator.py for tasks to queue
[2024-06-04T21:46:39.858+0000] {logging_mixin.py:149} INFO - [2024-06-04T21:46:39.857+0000] {dagbag.py:541} INFO - Filling up the DagBag from /home/airflow/.local/lib/python3.7/site-packages/airflow/example_dags/example_python_operator.py
[2024-06-04T21:46:39.870+0000] {logging_mixin.py:149} INFO - [2024-06-04T21:46:39.870+0000] {taskmixin.py:211} WARNING - Dependency <Task(_PythonDecoratedOperator): print_the_context>, log_sql_query already registered for DAG: example_python_operator
[2024-06-04T21:46:39.871+0000] {logging_mixin.py:149} INFO - [2024-06-04T21:46:39.871+0000] {taskmixin.py:211} WARNING - Dependency <Task(_PythonDecoratedOperator): log_sql_query>, print_the_context already registered for DAG: example_python_operator
[2024-06-04T21:46:39.873+0000] {logging_mixin.py:149} INFO - [2024-06-04T21:46:39.873+0000] {taskmixin.py:211} WARNING - Dependency <Task(_PythonDecoratedOperator): print_the_context>, log_sql_query already registered for DAG: example_python_operator
[2024-06-04T21:46:39.874+0000] {logging_mixin.py:149} INFO - [2024-06-04T21:46:39.874+0000] {taskmixin.py:211} WARNING - Dependency <Task(_PythonDecoratedOperator): log_sql_query>, print_the_context already registered for DAG: example_python_operator
[2024-06-04T21:46:39.877+0000] {logging_mixin.py:149} INFO - [2024-06-04T21:46:39.876+0000] {taskmixin.py:211} WARNING - Dependency <Task(_PythonDecoratedOperator): print_the_context>, log_sql_query already registered for DAG: example_python_operator
[2024-06-04T21:46:39.878+0000] {logging_mixin.py:149} INFO - [2024-06-04T21:46:39.878+0000] {taskmixin.py:211} WARNING - Dependency <Task(_PythonDecoratedOperator): log_sql_query>, print_the_context already registered for DAG: example_python_operator
[2024-06-04T21:46:39.881+0000] {logging_mixin.py:149} INFO - [2024-06-04T21:46:39.881+0000] {taskmixin.py:211} WARNING - Dependency <Task(_PythonDecoratedOperator): print_the_context>, log_sql_query already registered for DAG: example_python_operator
[2024-06-04T21:46:39.882+0000] {logging_mixin.py:149} INFO - [2024-06-04T21:46:39.882+0000] {taskmixin.py:211} WARNING - Dependency <Task(_PythonDecoratedOperator): log_sql_query>, print_the_context already registered for DAG: example_python_operator
[2024-06-04T21:46:39.888+0000] {processor.py:809} INFO - DAG(s) dict_keys(['example_python_operator']) retrieved from /home/airflow/.local/lib/python3.7/site-packages/airflow/example_dags/example_python_operator.py
[2024-06-04T21:46:39.940+0000] {logging_mixin.py:149} INFO - [2024-06-04T21:46:39.940+0000] {dag.py:2726} INFO - Sync 1 DAGs
[2024-06-04T21:46:39.983+0000] {logging_mixin.py:149} INFO - [2024-06-04T21:46:39.983+0000] {dag.py:3490} INFO - Setting next_dagrun for example_python_operator to None, run_after=None
[2024-06-04T21:46:40.028+0000] {processor.py:178} INFO - Processing /home/airflow/.local/lib/python3.7/site-packages/airflow/example_dags/example_python_operator.py took 0.180 seconds
[2024-06-04T21:47:10.220+0000] {processor.py:156} INFO - Started process (PID=485) to work on /home/airflow/.local/lib/python3.7/site-packages/airflow/example_dags/example_python_operator.py
[2024-06-04T21:47:10.222+0000] {processor.py:799} INFO - Processing file /home/airflow/.local/lib/python3.7/site-packages/airflow/example_dags/example_python_operator.py for tasks to queue
[2024-06-04T21:47:10.224+0000] {logging_mixin.py:149} INFO - [2024-06-04T21:47:10.224+0000] {dagbag.py:541} INFO - Filling up the DagBag from /home/airflow/.local/lib/python3.7/site-packages/airflow/example_dags/example_python_operator.py
[2024-06-04T21:47:10.242+0000] {logging_mixin.py:149} INFO - [2024-06-04T21:47:10.242+0000] {taskmixin.py:211} WARNING - Dependency <Task(_PythonDecoratedOperator): print_the_context>, log_sql_query already registered for DAG: example_python_operator
[2024-06-04T21:47:10.244+0000] {logging_mixin.py:149} INFO - [2024-06-04T21:47:10.243+0000] {taskmixin.py:211} WARNING - Dependency <Task(_PythonDecoratedOperator): log_sql_query>, print_the_context already registered for DAG: example_python_operator
[2024-06-04T21:47:10.246+0000] {logging_mixin.py:149} INFO - [2024-06-04T21:47:10.246+0000] {taskmixin.py:211} WARNING - Dependency <Task(_PythonDecoratedOperator): print_the_context>, log_sql_query already registered for DAG: example_python_operator
[2024-06-04T21:47:10.248+0000] {logging_mixin.py:149} INFO - [2024-06-04T21:47:10.248+0000] {taskmixin.py:211} WARNING - Dependency <Task(_PythonDecoratedOperator): log_sql_query>, print_the_context already registered for DAG: example_python_operator
[2024-06-04T21:47:10.252+0000] {logging_mixin.py:149} INFO - [2024-06-04T21:47:10.252+0000] {taskmixin.py:211} WARNING - Dependency <Task(_PythonDecoratedOperator): print_the_context>, log_sql_query already registered for DAG: example_python_operator
[2024-06-04T21:47:10.255+0000] {logging_mixin.py:149} INFO - [2024-06-04T21:47:10.254+0000] {taskmixin.py:211} WARNING - Dependency <Task(_PythonDecoratedOperator): log_sql_query>, print_the_context already registered for DAG: example_python_operator
[2024-06-04T21:47:10.258+0000] {logging_mixin.py:149} INFO - [2024-06-04T21:47:10.257+0000] {taskmixin.py:211} WARNING - Dependency <Task(_PythonDecoratedOperator): print_the_context>, log_sql_query already registered for DAG: example_python_operator
[2024-06-04T21:47:10.259+0000] {logging_mixin.py:149} INFO - [2024-06-04T21:47:10.258+0000] {taskmixin.py:211} WARNING - Dependency <Task(_PythonDecoratedOperator): log_sql_query>, print_the_context already registered for DAG: example_python_operator
[2024-06-04T21:47:10.267+0000] {processor.py:809} INFO - DAG(s) dict_keys(['example_python_operator']) retrieved from /home/airflow/.local/lib/python3.7/site-packages/airflow/example_dags/example_python_operator.py
[2024-06-04T21:47:10.313+0000] {logging_mixin.py:149} INFO - [2024-06-04T21:47:10.313+0000] {dag.py:2726} INFO - Sync 1 DAGs
[2024-06-04T21:47:10.362+0000] {logging_mixin.py:149} INFO - [2024-06-04T21:47:10.361+0000] {dag.py:3490} INFO - Setting next_dagrun for example_python_operator to None, run_after=None
[2024-06-04T21:47:10.399+0000] {processor.py:178} INFO - Processing /home/airflow/.local/lib/python3.7/site-packages/airflow/example_dags/example_python_operator.py took 0.184 seconds
[2024-06-04T21:47:42.005+0000] {processor.py:156} INFO - Started process (PID=541) to work on /home/airflow/.local/lib/python3.7/site-packages/airflow/example_dags/example_python_operator.py
[2024-06-04T21:47:42.009+0000] {processor.py:799} INFO - Processing file /home/airflow/.local/lib/python3.7/site-packages/airflow/example_dags/example_python_operator.py for tasks to queue
[2024-06-04T21:47:42.021+0000] {logging_mixin.py:149} INFO - [2024-06-04T21:47:42.021+0000] {dagbag.py:541} INFO - Filling up the DagBag from /home/airflow/.local/lib/python3.7/site-packages/airflow/example_dags/example_python_operator.py
[2024-06-04T21:47:42.089+0000] {logging_mixin.py:149} INFO - [2024-06-04T21:47:42.089+0000] {taskmixin.py:211} WARNING - Dependency <Task(_PythonDecoratedOperator): print_the_context>, log_sql_query already registered for DAG: example_python_operator
[2024-06-04T21:47:42.092+0000] {logging_mixin.py:149} INFO - [2024-06-04T21:47:42.092+0000] {taskmixin.py:211} WARNING - Dependency <Task(_PythonDecoratedOperator): log_sql_query>, print_the_context already registered for DAG: example_python_operator
[2024-06-04T21:47:42.105+0000] {logging_mixin.py:149} INFO - [2024-06-04T21:47:42.105+0000] {taskmixin.py:211} WARNING - Dependency <Task(_PythonDecoratedOperator): print_the_context>, log_sql_query already registered for DAG: example_python_operator
[2024-06-04T21:47:42.117+0000] {logging_mixin.py:149} INFO - [2024-06-04T21:47:42.117+0000] {taskmixin.py:211} WARNING - Dependency <Task(_PythonDecoratedOperator): log_sql_query>, print_the_context already registered for DAG: example_python_operator
[2024-06-04T21:47:42.136+0000] {logging_mixin.py:149} INFO - [2024-06-04T21:47:42.133+0000] {taskmixin.py:211} WARNING - Dependency <Task(_PythonDecoratedOperator): print_the_context>, log_sql_query already registered for DAG: example_python_operator
[2024-06-04T21:47:42.140+0000] {logging_mixin.py:149} INFO - [2024-06-04T21:47:42.140+0000] {taskmixin.py:211} WARNING - Dependency <Task(_PythonDecoratedOperator): log_sql_query>, print_the_context already registered for DAG: example_python_operator
[2024-06-04T21:47:42.158+0000] {logging_mixin.py:149} INFO - [2024-06-04T21:47:42.157+0000] {taskmixin.py:211} WARNING - Dependency <Task(_PythonDecoratedOperator): print_the_context>, log_sql_query already registered for DAG: example_python_operator
[2024-06-04T21:47:42.172+0000] {logging_mixin.py:149} INFO - [2024-06-04T21:47:42.171+0000] {taskmixin.py:211} WARNING - Dependency <Task(_PythonDecoratedOperator): log_sql_query>, print_the_context already registered for DAG: example_python_operator
[2024-06-04T21:47:42.206+0000] {processor.py:809} INFO - DAG(s) dict_keys(['example_python_operator']) retrieved from /home/airflow/.local/lib/python3.7/site-packages/airflow/example_dags/example_python_operator.py
[2024-06-04T21:47:42.396+0000] {logging_mixin.py:149} INFO - [2024-06-04T21:47:42.395+0000] {dag.py:2726} INFO - Sync 1 DAGs
[2024-06-04T21:47:42.677+0000] {logging_mixin.py:149} INFO - [2024-06-04T21:47:42.677+0000] {dag.py:3490} INFO - Setting next_dagrun for example_python_operator to None, run_after=None
[2024-06-04T21:47:42.840+0000] {processor.py:178} INFO - Processing /home/airflow/.local/lib/python3.7/site-packages/airflow/example_dags/example_python_operator.py took 0.850 seconds
[2024-06-04T21:48:13.014+0000] {processor.py:156} INFO - Started process (PID=597) to work on /home/airflow/.local/lib/python3.7/site-packages/airflow/example_dags/example_python_operator.py
[2024-06-04T21:48:13.017+0000] {processor.py:799} INFO - Processing file /home/airflow/.local/lib/python3.7/site-packages/airflow/example_dags/example_python_operator.py for tasks to queue
[2024-06-04T21:48:13.022+0000] {logging_mixin.py:149} INFO - [2024-06-04T21:48:13.021+0000] {dagbag.py:541} INFO - Filling up the DagBag from /home/airflow/.local/lib/python3.7/site-packages/airflow/example_dags/example_python_operator.py
[2024-06-04T21:48:13.039+0000] {logging_mixin.py:149} INFO - [2024-06-04T21:48:13.039+0000] {taskmixin.py:211} WARNING - Dependency <Task(_PythonDecoratedOperator): print_the_context>, log_sql_query already registered for DAG: example_python_operator
[2024-06-04T21:48:13.040+0000] {logging_mixin.py:149} INFO - [2024-06-04T21:48:13.040+0000] {taskmixin.py:211} WARNING - Dependency <Task(_PythonDecoratedOperator): log_sql_query>, print_the_context already registered for DAG: example_python_operator
[2024-06-04T21:48:13.042+0000] {logging_mixin.py:149} INFO - [2024-06-04T21:48:13.042+0000] {taskmixin.py:211} WARNING - Dependency <Task(_PythonDecoratedOperator): print_the_context>, log_sql_query already registered for DAG: example_python_operator
[2024-06-04T21:48:13.046+0000] {logging_mixin.py:149} INFO - [2024-06-04T21:48:13.043+0000] {taskmixin.py:211} WARNING - Dependency <Task(_PythonDecoratedOperator): log_sql_query>, print_the_context already registered for DAG: example_python_operator
[2024-06-04T21:48:13.054+0000] {logging_mixin.py:149} INFO - [2024-06-04T21:48:13.053+0000] {taskmixin.py:211} WARNING - Dependency <Task(_PythonDecoratedOperator): print_the_context>, log_sql_query already registered for DAG: example_python_operator
[2024-06-04T21:48:13.055+0000] {logging_mixin.py:149} INFO - [2024-06-04T21:48:13.055+0000] {taskmixin.py:211} WARNING - Dependency <Task(_PythonDecoratedOperator): log_sql_query>, print_the_context already registered for DAG: example_python_operator
[2024-06-04T21:48:13.058+0000] {logging_mixin.py:149} INFO - [2024-06-04T21:48:13.058+0000] {taskmixin.py:211} WARNING - Dependency <Task(_PythonDecoratedOperator): print_the_context>, log_sql_query already registered for DAG: example_python_operator
[2024-06-04T21:48:13.060+0000] {logging_mixin.py:149} INFO - [2024-06-04T21:48:13.059+0000] {taskmixin.py:211} WARNING - Dependency <Task(_PythonDecoratedOperator): log_sql_query>, print_the_context already registered for DAG: example_python_operator
[2024-06-04T21:48:13.075+0000] {processor.py:809} INFO - DAG(s) dict_keys(['example_python_operator']) retrieved from /home/airflow/.local/lib/python3.7/site-packages/airflow/example_dags/example_python_operator.py
[2024-06-04T21:48:13.139+0000] {logging_mixin.py:149} INFO - [2024-06-04T21:48:13.139+0000] {dag.py:2726} INFO - Sync 1 DAGs
[2024-06-04T21:48:13.216+0000] {logging_mixin.py:149} INFO - [2024-06-04T21:48:13.215+0000] {dag.py:3490} INFO - Setting next_dagrun for example_python_operator to None, run_after=None
[2024-06-04T21:48:13.271+0000] {processor.py:178} INFO - Processing /home/airflow/.local/lib/python3.7/site-packages/airflow/example_dags/example_python_operator.py took 0.265 seconds
[2024-06-04T21:48:43.806+0000] {processor.py:156} INFO - Started process (PID=652) to work on /home/airflow/.local/lib/python3.7/site-packages/airflow/example_dags/example_python_operator.py
[2024-06-04T21:48:43.809+0000] {processor.py:799} INFO - Processing file /home/airflow/.local/lib/python3.7/site-packages/airflow/example_dags/example_python_operator.py for tasks to queue
[2024-06-04T21:48:43.812+0000] {logging_mixin.py:149} INFO - [2024-06-04T21:48:43.812+0000] {dagbag.py:541} INFO - Filling up the DagBag from /home/airflow/.local/lib/python3.7/site-packages/airflow/example_dags/example_python_operator.py
[2024-06-04T21:48:43.829+0000] {logging_mixin.py:149} INFO - [2024-06-04T21:48:43.829+0000] {taskmixin.py:211} WARNING - Dependency <Task(_PythonDecoratedOperator): print_the_context>, log_sql_query already registered for DAG: example_python_operator
[2024-06-04T21:48:43.831+0000] {logging_mixin.py:149} INFO - [2024-06-04T21:48:43.830+0000] {taskmixin.py:211} WARNING - Dependency <Task(_PythonDecoratedOperator): log_sql_query>, print_the_context already registered for DAG: example_python_operator
[2024-06-04T21:48:43.834+0000] {logging_mixin.py:149} INFO - [2024-06-04T21:48:43.834+0000] {taskmixin.py:211} WARNING - Dependency <Task(_PythonDecoratedOperator): print_the_context>, log_sql_query already registered for DAG: example_python_operator
[2024-06-04T21:48:43.836+0000] {logging_mixin.py:149} INFO - [2024-06-04T21:48:43.835+0000] {taskmixin.py:211} WARNING - Dependency <Task(_PythonDecoratedOperator): log_sql_query>, print_the_context already registered for DAG: example_python_operator
[2024-06-04T21:48:43.842+0000] {logging_mixin.py:149} INFO - [2024-06-04T21:48:43.842+0000] {taskmixin.py:211} WARNING - Dependency <Task(_PythonDecoratedOperator): print_the_context>, log_sql_query already registered for DAG: example_python_operator
[2024-06-04T21:48:43.844+0000] {logging_mixin.py:149} INFO - [2024-06-04T21:48:43.843+0000] {taskmixin.py:211} WARNING - Dependency <Task(_PythonDecoratedOperator): log_sql_query>, print_the_context already registered for DAG: example_python_operator
[2024-06-04T21:48:43.848+0000] {logging_mixin.py:149} INFO - [2024-06-04T21:48:43.846+0000] {taskmixin.py:211} WARNING - Dependency <Task(_PythonDecoratedOperator): print_the_context>, log_sql_query already registered for DAG: example_python_operator
[2024-06-04T21:48:43.849+0000] {logging_mixin.py:149} INFO - [2024-06-04T21:48:43.849+0000] {taskmixin.py:211} WARNING - Dependency <Task(_PythonDecoratedOperator): log_sql_query>, print_the_context already registered for DAG: example_python_operator
[2024-06-04T21:48:43.862+0000] {processor.py:809} INFO - DAG(s) dict_keys(['example_python_operator']) retrieved from /home/airflow/.local/lib/python3.7/site-packages/airflow/example_dags/example_python_operator.py
[2024-06-04T21:48:43.927+0000] {logging_mixin.py:149} INFO - [2024-06-04T21:48:43.927+0000] {dag.py:2726} INFO - Sync 1 DAGs
[2024-06-04T21:48:43.978+0000] {logging_mixin.py:149} INFO - [2024-06-04T21:48:43.978+0000] {dag.py:3490} INFO - Setting next_dagrun for example_python_operator to None, run_after=None
[2024-06-04T21:48:44.034+0000] {processor.py:178} INFO - Processing /home/airflow/.local/lib/python3.7/site-packages/airflow/example_dags/example_python_operator.py took 0.237 seconds
[2024-06-04T21:49:14.227+0000] {processor.py:156} INFO - Started process (PID=708) to work on /home/airflow/.local/lib/python3.7/site-packages/airflow/example_dags/example_python_operator.py
[2024-06-04T21:49:14.228+0000] {processor.py:799} INFO - Processing file /home/airflow/.local/lib/python3.7/site-packages/airflow/example_dags/example_python_operator.py for tasks to queue
[2024-06-04T21:49:14.230+0000] {logging_mixin.py:149} INFO - [2024-06-04T21:49:14.230+0000] {dagbag.py:541} INFO - Filling up the DagBag from /home/airflow/.local/lib/python3.7/site-packages/airflow/example_dags/example_python_operator.py
[2024-06-04T21:49:14.242+0000] {logging_mixin.py:149} INFO - [2024-06-04T21:49:14.241+0000] {taskmixin.py:211} WARNING - Dependency <Task(_PythonDecoratedOperator): print_the_context>, log_sql_query already registered for DAG: example_python_operator
[2024-06-04T21:49:14.242+0000] {logging_mixin.py:149} INFO - [2024-06-04T21:49:14.242+0000] {taskmixin.py:211} WARNING - Dependency <Task(_PythonDecoratedOperator): log_sql_query>, print_the_context already registered for DAG: example_python_operator
[2024-06-04T21:49:14.244+0000] {logging_mixin.py:149} INFO - [2024-06-04T21:49:14.244+0000] {taskmixin.py:211} WARNING - Dependency <Task(_PythonDecoratedOperator): print_the_context>, log_sql_query already registered for DAG: example_python_operator
[2024-06-04T21:49:14.245+0000] {logging_mixin.py:149} INFO - [2024-06-04T21:49:14.245+0000] {taskmixin.py:211} WARNING - Dependency <Task(_PythonDecoratedOperator): log_sql_query>, print_the_context already registered for DAG: example_python_operator
[2024-06-04T21:49:14.248+0000] {logging_mixin.py:149} INFO - [2024-06-04T21:49:14.247+0000] {taskmixin.py:211} WARNING - Dependency <Task(_PythonDecoratedOperator): print_the_context>, log_sql_query already registered for DAG: example_python_operator
[2024-06-04T21:49:14.249+0000] {logging_mixin.py:149} INFO - [2024-06-04T21:49:14.248+0000] {taskmixin.py:211} WARNING - Dependency <Task(_PythonDecoratedOperator): log_sql_query>, print_the_context already registered for DAG: example_python_operator
[2024-06-04T21:49:14.251+0000] {logging_mixin.py:149} INFO - [2024-06-04T21:49:14.251+0000] {taskmixin.py:211} WARNING - Dependency <Task(_PythonDecoratedOperator): print_the_context>, log_sql_query already registered for DAG: example_python_operator
[2024-06-04T21:49:14.253+0000] {logging_mixin.py:149} INFO - [2024-06-04T21:49:14.252+0000] {taskmixin.py:211} WARNING - Dependency <Task(_PythonDecoratedOperator): log_sql_query>, print_the_context already registered for DAG: example_python_operator
[2024-06-04T21:49:14.259+0000] {processor.py:809} INFO - DAG(s) dict_keys(['example_python_operator']) retrieved from /home/airflow/.local/lib/python3.7/site-packages/airflow/example_dags/example_python_operator.py
[2024-06-04T21:49:14.297+0000] {logging_mixin.py:149} INFO - [2024-06-04T21:49:14.297+0000] {dag.py:2726} INFO - Sync 1 DAGs
[2024-06-04T21:49:14.336+0000] {logging_mixin.py:149} INFO - [2024-06-04T21:49:14.336+0000] {dag.py:3490} INFO - Setting next_dagrun for example_python_operator to None, run_after=None
[2024-06-04T21:49:14.368+0000] {processor.py:178} INFO - Processing /home/airflow/.local/lib/python3.7/site-packages/airflow/example_dags/example_python_operator.py took 0.145 seconds
[2024-06-04T21:49:45.087+0000] {processor.py:156} INFO - Started process (PID=765) to work on /home/airflow/.local/lib/python3.7/site-packages/airflow/example_dags/example_python_operator.py
[2024-06-04T21:49:45.092+0000] {processor.py:799} INFO - Processing file /home/airflow/.local/lib/python3.7/site-packages/airflow/example_dags/example_python_operator.py for tasks to queue
[2024-06-04T21:49:45.094+0000] {logging_mixin.py:149} INFO - [2024-06-04T21:49:45.094+0000] {dagbag.py:541} INFO - Filling up the DagBag from /home/airflow/.local/lib/python3.7/site-packages/airflow/example_dags/example_python_operator.py
[2024-06-04T21:49:45.122+0000] {logging_mixin.py:149} INFO - [2024-06-04T21:49:45.121+0000] {taskmixin.py:211} WARNING - Dependency <Task(_PythonDecoratedOperator): print_the_context>, log_sql_query already registered for DAG: example_python_operator
[2024-06-04T21:49:45.128+0000] {logging_mixin.py:149} INFO - [2024-06-04T21:49:45.128+0000] {taskmixin.py:211} WARNING - Dependency <Task(_PythonDecoratedOperator): log_sql_query>, print_the_context already registered for DAG: example_python_operator
[2024-06-04T21:49:45.140+0000] {logging_mixin.py:149} INFO - [2024-06-04T21:49:45.140+0000] {taskmixin.py:211} WARNING - Dependency <Task(_PythonDecoratedOperator): print_the_context>, log_sql_query already registered for DAG: example_python_operator
[2024-06-04T21:49:45.141+0000] {logging_mixin.py:149} INFO - [2024-06-04T21:49:45.141+0000] {taskmixin.py:211} WARNING - Dependency <Task(_PythonDecoratedOperator): log_sql_query>, print_the_context already registered for DAG: example_python_operator
[2024-06-04T21:49:45.144+0000] {logging_mixin.py:149} INFO - [2024-06-04T21:49:45.144+0000] {taskmixin.py:211} WARNING - Dependency <Task(_PythonDecoratedOperator): print_the_context>, log_sql_query already registered for DAG: example_python_operator
[2024-06-04T21:49:45.149+0000] {logging_mixin.py:149} INFO - [2024-06-04T21:49:45.148+0000] {taskmixin.py:211} WARNING - Dependency <Task(_PythonDecoratedOperator): log_sql_query>, print_the_context already registered for DAG: example_python_operator
[2024-06-04T21:49:45.168+0000] {logging_mixin.py:149} INFO - [2024-06-04T21:49:45.166+0000] {taskmixin.py:211} WARNING - Dependency <Task(_PythonDecoratedOperator): print_the_context>, log_sql_query already registered for DAG: example_python_operator
[2024-06-04T21:49:45.171+0000] {logging_mixin.py:149} INFO - [2024-06-04T21:49:45.171+0000] {taskmixin.py:211} WARNING - Dependency <Task(_PythonDecoratedOperator): log_sql_query>, print_the_context already registered for DAG: example_python_operator
[2024-06-04T21:49:45.182+0000] {processor.py:809} INFO - DAG(s) dict_keys(['example_python_operator']) retrieved from /home/airflow/.local/lib/python3.7/site-packages/airflow/example_dags/example_python_operator.py
[2024-06-04T21:49:45.290+0000] {logging_mixin.py:149} INFO - [2024-06-04T21:49:45.290+0000] {dag.py:2726} INFO - Sync 1 DAGs
[2024-06-04T21:49:45.470+0000] {logging_mixin.py:149} INFO - [2024-06-04T21:49:45.470+0000] {dag.py:3490} INFO - Setting next_dagrun for example_python_operator to None, run_after=None
[2024-06-04T21:49:45.556+0000] {processor.py:178} INFO - Processing /home/airflow/.local/lib/python3.7/site-packages/airflow/example_dags/example_python_operator.py took 0.481 seconds
[2024-06-04T21:50:16.162+0000] {processor.py:156} INFO - Started process (PID=821) to work on /home/airflow/.local/lib/python3.7/site-packages/airflow/example_dags/example_python_operator.py
[2024-06-04T21:50:16.165+0000] {processor.py:799} INFO - Processing file /home/airflow/.local/lib/python3.7/site-packages/airflow/example_dags/example_python_operator.py for tasks to queue
[2024-06-04T21:50:16.167+0000] {logging_mixin.py:149} INFO - [2024-06-04T21:50:16.167+0000] {dagbag.py:541} INFO - Filling up the DagBag from /home/airflow/.local/lib/python3.7/site-packages/airflow/example_dags/example_python_operator.py
[2024-06-04T21:50:16.186+0000] {logging_mixin.py:149} INFO - [2024-06-04T21:50:16.186+0000] {taskmixin.py:211} WARNING - Dependency <Task(_PythonDecoratedOperator): print_the_context>, log_sql_query already registered for DAG: example_python_operator
[2024-06-04T21:50:16.187+0000] {logging_mixin.py:149} INFO - [2024-06-04T21:50:16.186+0000] {taskmixin.py:211} WARNING - Dependency <Task(_PythonDecoratedOperator): log_sql_query>, print_the_context already registered for DAG: example_python_operator
[2024-06-04T21:50:16.191+0000] {logging_mixin.py:149} INFO - [2024-06-04T21:50:16.191+0000] {taskmixin.py:211} WARNING - Dependency <Task(_PythonDecoratedOperator): print_the_context>, log_sql_query already registered for DAG: example_python_operator
[2024-06-04T21:50:16.192+0000] {logging_mixin.py:149} INFO - [2024-06-04T21:50:16.192+0000] {taskmixin.py:211} WARNING - Dependency <Task(_PythonDecoratedOperator): log_sql_query>, print_the_context already registered for DAG: example_python_operator
[2024-06-04T21:50:16.195+0000] {logging_mixin.py:149} INFO - [2024-06-04T21:50:16.195+0000] {taskmixin.py:211} WARNING - Dependency <Task(_PythonDecoratedOperator): print_the_context>, log_sql_query already registered for DAG: example_python_operator
[2024-06-04T21:50:16.196+0000] {logging_mixin.py:149} INFO - [2024-06-04T21:50:16.196+0000] {taskmixin.py:211} WARNING - Dependency <Task(_PythonDecoratedOperator): log_sql_query>, print_the_context already registered for DAG: example_python_operator
[2024-06-04T21:50:16.198+0000] {logging_mixin.py:149} INFO - [2024-06-04T21:50:16.198+0000] {taskmixin.py:211} WARNING - Dependency <Task(_PythonDecoratedOperator): print_the_context>, log_sql_query already registered for DAG: example_python_operator
[2024-06-04T21:50:16.199+0000] {logging_mixin.py:149} INFO - [2024-06-04T21:50:16.199+0000] {taskmixin.py:211} WARNING - Dependency <Task(_PythonDecoratedOperator): log_sql_query>, print_the_context already registered for DAG: example_python_operator
[2024-06-04T21:50:16.207+0000] {processor.py:809} INFO - DAG(s) dict_keys(['example_python_operator']) retrieved from /home/airflow/.local/lib/python3.7/site-packages/airflow/example_dags/example_python_operator.py
[2024-06-04T21:50:16.253+0000] {logging_mixin.py:149} INFO - [2024-06-04T21:50:16.252+0000] {dag.py:2726} INFO - Sync 1 DAGs
[2024-06-04T21:50:16.299+0000] {logging_mixin.py:149} INFO - [2024-06-04T21:50:16.299+0000] {dag.py:3490} INFO - Setting next_dagrun for example_python_operator to None, run_after=None
[2024-06-04T21:50:16.341+0000] {processor.py:178} INFO - Processing /home/airflow/.local/lib/python3.7/site-packages/airflow/example_dags/example_python_operator.py took 0.196 seconds
[2024-06-04T21:50:46.785+0000] {processor.py:156} INFO - Started process (PID=876) to work on /home/airflow/.local/lib/python3.7/site-packages/airflow/example_dags/example_python_operator.py
[2024-06-04T21:50:46.787+0000] {processor.py:799} INFO - Processing file /home/airflow/.local/lib/python3.7/site-packages/airflow/example_dags/example_python_operator.py for tasks to queue
[2024-06-04T21:50:46.789+0000] {logging_mixin.py:149} INFO - [2024-06-04T21:50:46.788+0000] {dagbag.py:541} INFO - Filling up the DagBag from /home/airflow/.local/lib/python3.7/site-packages/airflow/example_dags/example_python_operator.py
[2024-06-04T21:50:46.803+0000] {logging_mixin.py:149} INFO - [2024-06-04T21:50:46.803+0000] {taskmixin.py:211} WARNING - Dependency <Task(_PythonDecoratedOperator): print_the_context>, log_sql_query already registered for DAG: example_python_operator
[2024-06-04T21:50:46.805+0000] {logging_mixin.py:149} INFO - [2024-06-04T21:50:46.804+0000] {taskmixin.py:211} WARNING - Dependency <Task(_PythonDecoratedOperator): log_sql_query>, print_the_context already registered for DAG: example_python_operator
[2024-06-04T21:50:46.808+0000] {logging_mixin.py:149} INFO - [2024-06-04T21:50:46.807+0000] {taskmixin.py:211} WARNING - Dependency <Task(_PythonDecoratedOperator): print_the_context>, log_sql_query already registered for DAG: example_python_operator
[2024-06-04T21:50:46.810+0000] {logging_mixin.py:149} INFO - [2024-06-04T21:50:46.809+0000] {taskmixin.py:211} WARNING - Dependency <Task(_PythonDecoratedOperator): log_sql_query>, print_the_context already registered for DAG: example_python_operator
[2024-06-04T21:50:46.813+0000] {logging_mixin.py:149} INFO - [2024-06-04T21:50:46.813+0000] {taskmixin.py:211} WARNING - Dependency <Task(_PythonDecoratedOperator): print_the_context>, log_sql_query already registered for DAG: example_python_operator
[2024-06-04T21:50:46.814+0000] {logging_mixin.py:149} INFO - [2024-06-04T21:50:46.814+0000] {taskmixin.py:211} WARNING - Dependency <Task(_PythonDecoratedOperator): log_sql_query>, print_the_context already registered for DAG: example_python_operator
[2024-06-04T21:50:46.816+0000] {logging_mixin.py:149} INFO - [2024-06-04T21:50:46.816+0000] {taskmixin.py:211} WARNING - Dependency <Task(_PythonDecoratedOperator): print_the_context>, log_sql_query already registered for DAG: example_python_operator
[2024-06-04T21:50:46.819+0000] {logging_mixin.py:149} INFO - [2024-06-04T21:50:46.818+0000] {taskmixin.py:211} WARNING - Dependency <Task(_PythonDecoratedOperator): log_sql_query>, print_the_context already registered for DAG: example_python_operator
[2024-06-04T21:50:46.826+0000] {processor.py:809} INFO - DAG(s) dict_keys(['example_python_operator']) retrieved from /home/airflow/.local/lib/python3.7/site-packages/airflow/example_dags/example_python_operator.py
[2024-06-04T21:50:46.886+0000] {logging_mixin.py:149} INFO - [2024-06-04T21:50:46.885+0000] {dag.py:2726} INFO - Sync 1 DAGs
[2024-06-04T21:50:46.928+0000] {logging_mixin.py:149} INFO - [2024-06-04T21:50:46.928+0000] {dag.py:3490} INFO - Setting next_dagrun for example_python_operator to None, run_after=None
[2024-06-04T21:50:46.969+0000] {processor.py:178} INFO - Processing /home/airflow/.local/lib/python3.7/site-packages/airflow/example_dags/example_python_operator.py took 0.188 seconds
[2024-06-04T21:51:17.318+0000] {processor.py:156} INFO - Started process (PID=931) to work on /home/airflow/.local/lib/python3.7/site-packages/airflow/example_dags/example_python_operator.py
[2024-06-04T21:51:17.323+0000] {processor.py:799} INFO - Processing file /home/airflow/.local/lib/python3.7/site-packages/airflow/example_dags/example_python_operator.py for tasks to queue
[2024-06-04T21:51:17.327+0000] {logging_mixin.py:149} INFO - [2024-06-04T21:51:17.327+0000] {dagbag.py:541} INFO - Filling up the DagBag from /home/airflow/.local/lib/python3.7/site-packages/airflow/example_dags/example_python_operator.py
[2024-06-04T21:51:17.361+0000] {logging_mixin.py:149} INFO - [2024-06-04T21:51:17.360+0000] {taskmixin.py:211} WARNING - Dependency <Task(_PythonDecoratedOperator): print_the_context>, log_sql_query already registered for DAG: example_python_operator
[2024-06-04T21:51:17.363+0000] {logging_mixin.py:149} INFO - [2024-06-04T21:51:17.362+0000] {taskmixin.py:211} WARNING - Dependency <Task(_PythonDecoratedOperator): log_sql_query>, print_the_context already registered for DAG: example_python_operator
[2024-06-04T21:51:17.365+0000] {logging_mixin.py:149} INFO - [2024-06-04T21:51:17.365+0000] {taskmixin.py:211} WARNING - Dependency <Task(_PythonDecoratedOperator): print_the_context>, log_sql_query already registered for DAG: example_python_operator
[2024-06-04T21:51:17.367+0000] {logging_mixin.py:149} INFO - [2024-06-04T21:51:17.367+0000] {taskmixin.py:211} WARNING - Dependency <Task(_PythonDecoratedOperator): log_sql_query>, print_the_context already registered for DAG: example_python_operator
[2024-06-04T21:51:17.388+0000] {logging_mixin.py:149} INFO - [2024-06-04T21:51:17.384+0000] {taskmixin.py:211} WARNING - Dependency <Task(_PythonDecoratedOperator): print_the_context>, log_sql_query already registered for DAG: example_python_operator
[2024-06-04T21:51:17.393+0000] {logging_mixin.py:149} INFO - [2024-06-04T21:51:17.393+0000] {taskmixin.py:211} WARNING - Dependency <Task(_PythonDecoratedOperator): log_sql_query>, print_the_context already registered for DAG: example_python_operator
[2024-06-04T21:51:17.396+0000] {logging_mixin.py:149} INFO - [2024-06-04T21:51:17.395+0000] {taskmixin.py:211} WARNING - Dependency <Task(_PythonDecoratedOperator): print_the_context>, log_sql_query already registered for DAG: example_python_operator
[2024-06-04T21:51:17.401+0000] {logging_mixin.py:149} INFO - [2024-06-04T21:51:17.399+0000] {taskmixin.py:211} WARNING - Dependency <Task(_PythonDecoratedOperator): log_sql_query>, print_the_context already registered for DAG: example_python_operator
[2024-06-04T21:51:17.415+0000] {processor.py:809} INFO - DAG(s) dict_keys(['example_python_operator']) retrieved from /home/airflow/.local/lib/python3.7/site-packages/airflow/example_dags/example_python_operator.py
[2024-06-04T21:51:17.531+0000] {logging_mixin.py:149} INFO - [2024-06-04T21:51:17.530+0000] {dag.py:2726} INFO - Sync 1 DAGs
[2024-06-04T21:51:17.617+0000] {logging_mixin.py:149} INFO - [2024-06-04T21:51:17.616+0000] {dag.py:3490} INFO - Setting next_dagrun for example_python_operator to None, run_after=None
[2024-06-04T21:51:17.717+0000] {processor.py:178} INFO - Processing /home/airflow/.local/lib/python3.7/site-packages/airflow/example_dags/example_python_operator.py took 0.406 seconds
[2024-06-04T21:51:47.788+0000] {processor.py:156} INFO - Started process (PID=987) to work on /home/airflow/.local/lib/python3.7/site-packages/airflow/example_dags/example_python_operator.py
[2024-06-04T21:51:47.791+0000] {processor.py:799} INFO - Processing file /home/airflow/.local/lib/python3.7/site-packages/airflow/example_dags/example_python_operator.py for tasks to queue
[2024-06-04T21:51:47.795+0000] {logging_mixin.py:149} INFO - [2024-06-04T21:51:47.795+0000] {dagbag.py:541} INFO - Filling up the DagBag from /home/airflow/.local/lib/python3.7/site-packages/airflow/example_dags/example_python_operator.py
[2024-06-04T21:51:47.817+0000] {logging_mixin.py:149} INFO - [2024-06-04T21:51:47.817+0000] {taskmixin.py:211} WARNING - Dependency <Task(_PythonDecoratedOperator): print_the_context>, log_sql_query already registered for DAG: example_python_operator
[2024-06-04T21:51:47.818+0000] {logging_mixin.py:149} INFO - [2024-06-04T21:51:47.818+0000] {taskmixin.py:211} WARNING - Dependency <Task(_PythonDecoratedOperator): log_sql_query>, print_the_context already registered for DAG: example_python_operator
[2024-06-04T21:51:47.822+0000] {logging_mixin.py:149} INFO - [2024-06-04T21:51:47.822+0000] {taskmixin.py:211} WARNING - Dependency <Task(_PythonDecoratedOperator): print_the_context>, log_sql_query already registered for DAG: example_python_operator
[2024-06-04T21:51:47.824+0000] {logging_mixin.py:149} INFO - [2024-06-04T21:51:47.824+0000] {taskmixin.py:211} WARNING - Dependency <Task(_PythonDecoratedOperator): log_sql_query>, print_the_context already registered for DAG: example_python_operator
[2024-06-04T21:51:47.829+0000] {logging_mixin.py:149} INFO - [2024-06-04T21:51:47.827+0000] {taskmixin.py:211} WARNING - Dependency <Task(_PythonDecoratedOperator): print_the_context>, log_sql_query already registered for DAG: example_python_operator
[2024-06-04T21:51:47.830+0000] {logging_mixin.py:149} INFO - [2024-06-04T21:51:47.830+0000] {taskmixin.py:211} WARNING - Dependency <Task(_PythonDecoratedOperator): log_sql_query>, print_the_context already registered for DAG: example_python_operator
[2024-06-04T21:51:47.834+0000] {logging_mixin.py:149} INFO - [2024-06-04T21:51:47.834+0000] {taskmixin.py:211} WARNING - Dependency <Task(_PythonDecoratedOperator): print_the_context>, log_sql_query already registered for DAG: example_python_operator
[2024-06-04T21:51:47.836+0000] {logging_mixin.py:149} INFO - [2024-06-04T21:51:47.835+0000] {taskmixin.py:211} WARNING - Dependency <Task(_PythonDecoratedOperator): log_sql_query>, print_the_context already registered for DAG: example_python_operator
[2024-06-04T21:51:47.846+0000] {processor.py:809} INFO - DAG(s) dict_keys(['example_python_operator']) retrieved from /home/airflow/.local/lib/python3.7/site-packages/airflow/example_dags/example_python_operator.py
[2024-06-04T21:51:47.898+0000] {logging_mixin.py:149} INFO - [2024-06-04T21:51:47.898+0000] {dag.py:2726} INFO - Sync 1 DAGs
[2024-06-04T21:51:47.959+0000] {logging_mixin.py:149} INFO - [2024-06-04T21:51:47.958+0000] {dag.py:3490} INFO - Setting next_dagrun for example_python_operator to None, run_after=None
[2024-06-04T21:51:47.999+0000] {processor.py:178} INFO - Processing /home/airflow/.local/lib/python3.7/site-packages/airflow/example_dags/example_python_operator.py took 0.218 seconds
