[2024-06-04T21:43:26.415+0000] {processor.py:156} INFO - Started process (PID=93) to work on /home/airflow/.local/lib/python3.7/site-packages/airflow/example_dags/example_sensor_decorator.py
[2024-06-04T21:43:26.419+0000] {processor.py:799} INFO - Processing file /home/airflow/.local/lib/python3.7/site-packages/airflow/example_dags/example_sensor_decorator.py for tasks to queue
[2024-06-04T21:43:26.481+0000] {logging_mixin.py:149} INFO - [2024-06-04T21:43:26.466+0000] {dagbag.py:541} INFO - Filling up the DagBag from /home/airflow/.local/lib/python3.7/site-packages/airflow/example_dags/example_sensor_decorator.py
[2024-06-04T21:43:26.584+0000] {processor.py:809} INFO - DAG(s) dict_keys(['example_sensor_decorator']) retrieved from /home/airflow/.local/lib/python3.7/site-packages/airflow/example_dags/example_sensor_decorator.py
[2024-06-04T21:43:26.787+0000] {logging_mixin.py:149} INFO - [2024-06-04T21:43:26.786+0000] {dag.py:2726} INFO - Sync 1 DAGs
[2024-06-04T21:43:27.180+0000] {logging_mixin.py:149} INFO - [2024-06-04T21:43:27.179+0000] {dag.py:2747} INFO - Creating ORM DAG for example_sensor_decorator
[2024-06-04T21:43:27.283+0000] {logging_mixin.py:149} INFO - [2024-06-04T21:43:27.283+0000] {dag.py:3490} INFO - Setting next_dagrun for example_sensor_decorator to None, run_after=None
[2024-06-04T21:43:27.576+0000] {processor.py:178} INFO - Processing /home/airflow/.local/lib/python3.7/site-packages/airflow/example_dags/example_sensor_decorator.py took 1.190 seconds
[2024-06-04T21:44:01.574+0000] {processor.py:156} INFO - Started process (PID=149) to work on /home/airflow/.local/lib/python3.7/site-packages/airflow/example_dags/example_sensor_decorator.py
[2024-06-04T21:44:01.579+0000] {processor.py:799} INFO - Processing file /home/airflow/.local/lib/python3.7/site-packages/airflow/example_dags/example_sensor_decorator.py for tasks to queue
[2024-06-04T21:44:01.582+0000] {logging_mixin.py:149} INFO - [2024-06-04T21:44:01.581+0000] {dagbag.py:541} INFO - Filling up the DagBag from /home/airflow/.local/lib/python3.7/site-packages/airflow/example_dags/example_sensor_decorator.py
[2024-06-04T21:44:01.602+0000] {processor.py:809} INFO - DAG(s) dict_keys(['example_sensor_decorator']) retrieved from /home/airflow/.local/lib/python3.7/site-packages/airflow/example_dags/example_sensor_decorator.py
[2024-06-04T21:44:01.684+0000] {logging_mixin.py:149} INFO - [2024-06-04T21:44:01.683+0000] {dag.py:2726} INFO - Sync 1 DAGs
[2024-06-04T21:44:01.782+0000] {logging_mixin.py:149} INFO - [2024-06-04T21:44:01.781+0000] {dag.py:3490} INFO - Setting next_dagrun for example_sensor_decorator to None, run_after=None
[2024-06-04T21:44:01.831+0000] {processor.py:178} INFO - Processing /home/airflow/.local/lib/python3.7/site-packages/airflow/example_dags/example_sensor_decorator.py took 0.266 seconds
[2024-06-04T21:44:32.066+0000] {processor.py:156} INFO - Started process (PID=203) to work on /home/airflow/.local/lib/python3.7/site-packages/airflow/example_dags/example_sensor_decorator.py
[2024-06-04T21:44:32.068+0000] {processor.py:799} INFO - Processing file /home/airflow/.local/lib/python3.7/site-packages/airflow/example_dags/example_sensor_decorator.py for tasks to queue
[2024-06-04T21:44:32.070+0000] {logging_mixin.py:149} INFO - [2024-06-04T21:44:32.069+0000] {dagbag.py:541} INFO - Filling up the DagBag from /home/airflow/.local/lib/python3.7/site-packages/airflow/example_dags/example_sensor_decorator.py
[2024-06-04T21:44:32.087+0000] {processor.py:809} INFO - DAG(s) dict_keys(['example_sensor_decorator']) retrieved from /home/airflow/.local/lib/python3.7/site-packages/airflow/example_dags/example_sensor_decorator.py
[2024-06-04T21:44:32.156+0000] {logging_mixin.py:149} INFO - [2024-06-04T21:44:32.156+0000] {dag.py:2726} INFO - Sync 1 DAGs
[2024-06-04T21:44:32.250+0000] {logging_mixin.py:149} INFO - [2024-06-04T21:44:32.250+0000] {dag.py:3490} INFO - Setting next_dagrun for example_sensor_decorator to None, run_after=None
[2024-06-04T21:44:32.298+0000] {processor.py:178} INFO - Processing /home/airflow/.local/lib/python3.7/site-packages/airflow/example_dags/example_sensor_decorator.py took 0.237 seconds
[2024-06-04T21:45:04.455+0000] {processor.py:156} INFO - Started process (PID=267) to work on /home/airflow/.local/lib/python3.7/site-packages/airflow/example_dags/example_sensor_decorator.py
[2024-06-04T21:45:04.461+0000] {processor.py:799} INFO - Processing file /home/airflow/.local/lib/python3.7/site-packages/airflow/example_dags/example_sensor_decorator.py for tasks to queue
[2024-06-04T21:45:04.467+0000] {logging_mixin.py:149} INFO - [2024-06-04T21:45:04.465+0000] {dagbag.py:541} INFO - Filling up the DagBag from /home/airflow/.local/lib/python3.7/site-packages/airflow/example_dags/example_sensor_decorator.py
[2024-06-04T21:45:04.498+0000] {processor.py:809} INFO - DAG(s) dict_keys(['example_sensor_decorator']) retrieved from /home/airflow/.local/lib/python3.7/site-packages/airflow/example_dags/example_sensor_decorator.py
[2024-06-04T21:45:04.562+0000] {logging_mixin.py:149} INFO - [2024-06-04T21:45:04.561+0000] {dag.py:2726} INFO - Sync 1 DAGs
[2024-06-04T21:45:04.638+0000] {logging_mixin.py:149} INFO - [2024-06-04T21:45:04.636+0000] {dag.py:3490} INFO - Setting next_dagrun for example_sensor_decorator to None, run_after=None
[2024-06-04T21:45:04.700+0000] {processor.py:178} INFO - Processing /home/airflow/.local/lib/python3.7/site-packages/airflow/example_dags/example_sensor_decorator.py took 0.254 seconds
[2024-06-04T21:45:35.627+0000] {processor.py:156} INFO - Started process (PID=322) to work on /home/airflow/.local/lib/python3.7/site-packages/airflow/example_dags/example_sensor_decorator.py
[2024-06-04T21:45:35.632+0000] {processor.py:799} INFO - Processing file /home/airflow/.local/lib/python3.7/site-packages/airflow/example_dags/example_sensor_decorator.py for tasks to queue
[2024-06-04T21:45:35.634+0000] {logging_mixin.py:149} INFO - [2024-06-04T21:45:35.633+0000] {dagbag.py:541} INFO - Filling up the DagBag from /home/airflow/.local/lib/python3.7/site-packages/airflow/example_dags/example_sensor_decorator.py
[2024-06-04T21:45:35.650+0000] {processor.py:809} INFO - DAG(s) dict_keys(['example_sensor_decorator']) retrieved from /home/airflow/.local/lib/python3.7/site-packages/airflow/example_dags/example_sensor_decorator.py
[2024-06-04T21:45:35.714+0000] {logging_mixin.py:149} INFO - [2024-06-04T21:45:35.713+0000] {dag.py:2726} INFO - Sync 1 DAGs
[2024-06-04T21:45:35.785+0000] {logging_mixin.py:149} INFO - [2024-06-04T21:45:35.785+0000] {dag.py:3490} INFO - Setting next_dagrun for example_sensor_decorator to None, run_after=None
[2024-06-04T21:45:35.841+0000] {processor.py:178} INFO - Processing /home/airflow/.local/lib/python3.7/site-packages/airflow/example_dags/example_sensor_decorator.py took 0.219 seconds
[2024-06-04T21:46:10.417+0000] {processor.py:156} INFO - Started process (PID=378) to work on /home/airflow/.local/lib/python3.7/site-packages/airflow/example_dags/example_sensor_decorator.py
[2024-06-04T21:46:10.449+0000] {processor.py:799} INFO - Processing file /home/airflow/.local/lib/python3.7/site-packages/airflow/example_dags/example_sensor_decorator.py for tasks to queue
[2024-06-04T21:46:10.474+0000] {logging_mixin.py:149} INFO - [2024-06-04T21:46:10.474+0000] {dagbag.py:541} INFO - Filling up the DagBag from /home/airflow/.local/lib/python3.7/site-packages/airflow/example_dags/example_sensor_decorator.py
[2024-06-04T21:46:10.574+0000] {processor.py:809} INFO - DAG(s) dict_keys(['example_sensor_decorator']) retrieved from /home/airflow/.local/lib/python3.7/site-packages/airflow/example_dags/example_sensor_decorator.py
[2024-06-04T21:46:10.963+0000] {logging_mixin.py:149} INFO - [2024-06-04T21:46:10.962+0000] {dag.py:2726} INFO - Sync 1 DAGs
[2024-06-04T21:46:11.259+0000] {logging_mixin.py:149} INFO - [2024-06-04T21:46:11.258+0000] {dag.py:3490} INFO - Setting next_dagrun for example_sensor_decorator to None, run_after=None
[2024-06-04T21:46:11.647+0000] {processor.py:178} INFO - Processing /home/airflow/.local/lib/python3.7/site-packages/airflow/example_dags/example_sensor_decorator.py took 1.291 seconds
[2024-06-04T21:46:42.117+0000] {processor.py:156} INFO - Started process (PID=434) to work on /home/airflow/.local/lib/python3.7/site-packages/airflow/example_dags/example_sensor_decorator.py
[2024-06-04T21:46:42.121+0000] {processor.py:799} INFO - Processing file /home/airflow/.local/lib/python3.7/site-packages/airflow/example_dags/example_sensor_decorator.py for tasks to queue
[2024-06-04T21:46:42.123+0000] {logging_mixin.py:149} INFO - [2024-06-04T21:46:42.122+0000] {dagbag.py:541} INFO - Filling up the DagBag from /home/airflow/.local/lib/python3.7/site-packages/airflow/example_dags/example_sensor_decorator.py
[2024-06-04T21:46:42.132+0000] {processor.py:809} INFO - DAG(s) dict_keys(['example_sensor_decorator']) retrieved from /home/airflow/.local/lib/python3.7/site-packages/airflow/example_dags/example_sensor_decorator.py
[2024-06-04T21:46:42.182+0000] {logging_mixin.py:149} INFO - [2024-06-04T21:46:42.182+0000] {dag.py:2726} INFO - Sync 1 DAGs
[2024-06-04T21:46:42.244+0000] {logging_mixin.py:149} INFO - [2024-06-04T21:46:42.244+0000] {dag.py:3490} INFO - Setting next_dagrun for example_sensor_decorator to None, run_after=None
[2024-06-04T21:46:42.290+0000] {processor.py:178} INFO - Processing /home/airflow/.local/lib/python3.7/site-packages/airflow/example_dags/example_sensor_decorator.py took 0.179 seconds
[2024-06-04T21:47:12.635+0000] {processor.py:156} INFO - Started process (PID=490) to work on /home/airflow/.local/lib/python3.7/site-packages/airflow/example_dags/example_sensor_decorator.py
[2024-06-04T21:47:12.638+0000] {processor.py:799} INFO - Processing file /home/airflow/.local/lib/python3.7/site-packages/airflow/example_dags/example_sensor_decorator.py for tasks to queue
[2024-06-04T21:47:12.640+0000] {logging_mixin.py:149} INFO - [2024-06-04T21:47:12.640+0000] {dagbag.py:541} INFO - Filling up the DagBag from /home/airflow/.local/lib/python3.7/site-packages/airflow/example_dags/example_sensor_decorator.py
[2024-06-04T21:47:12.654+0000] {processor.py:809} INFO - DAG(s) dict_keys(['example_sensor_decorator']) retrieved from /home/airflow/.local/lib/python3.7/site-packages/airflow/example_dags/example_sensor_decorator.py
[2024-06-04T21:47:12.722+0000] {logging_mixin.py:149} INFO - [2024-06-04T21:47:12.722+0000] {dag.py:2726} INFO - Sync 1 DAGs
[2024-06-04T21:47:12.774+0000] {logging_mixin.py:149} INFO - [2024-06-04T21:47:12.774+0000] {dag.py:3490} INFO - Setting next_dagrun for example_sensor_decorator to None, run_after=None
[2024-06-04T21:47:12.830+0000] {processor.py:178} INFO - Processing /home/airflow/.local/lib/python3.7/site-packages/airflow/example_dags/example_sensor_decorator.py took 0.202 seconds
[2024-06-04T21:47:44.849+0000] {processor.py:156} INFO - Started process (PID=546) to work on /home/airflow/.local/lib/python3.7/site-packages/airflow/example_dags/example_sensor_decorator.py
[2024-06-04T21:47:44.869+0000] {processor.py:799} INFO - Processing file /home/airflow/.local/lib/python3.7/site-packages/airflow/example_dags/example_sensor_decorator.py for tasks to queue
[2024-06-04T21:47:44.873+0000] {logging_mixin.py:149} INFO - [2024-06-04T21:47:44.873+0000] {dagbag.py:541} INFO - Filling up the DagBag from /home/airflow/.local/lib/python3.7/site-packages/airflow/example_dags/example_sensor_decorator.py
[2024-06-04T21:47:44.935+0000] {processor.py:809} INFO - DAG(s) dict_keys(['example_sensor_decorator']) retrieved from /home/airflow/.local/lib/python3.7/site-packages/airflow/example_dags/example_sensor_decorator.py
[2024-06-04T21:47:45.097+0000] {logging_mixin.py:149} INFO - [2024-06-04T21:47:45.096+0000] {dag.py:2726} INFO - Sync 1 DAGs
[2024-06-04T21:47:45.328+0000] {logging_mixin.py:149} INFO - [2024-06-04T21:47:45.328+0000] {dag.py:3490} INFO - Setting next_dagrun for example_sensor_decorator to None, run_after=None
[2024-06-04T21:47:45.436+0000] {processor.py:178} INFO - Processing /home/airflow/.local/lib/python3.7/site-packages/airflow/example_dags/example_sensor_decorator.py took 0.642 seconds
[2024-06-04T21:48:16.267+0000] {processor.py:156} INFO - Started process (PID=602) to work on /home/airflow/.local/lib/python3.7/site-packages/airflow/example_dags/example_sensor_decorator.py
[2024-06-04T21:48:16.275+0000] {processor.py:799} INFO - Processing file /home/airflow/.local/lib/python3.7/site-packages/airflow/example_dags/example_sensor_decorator.py for tasks to queue
[2024-06-04T21:48:16.284+0000] {logging_mixin.py:149} INFO - [2024-06-04T21:48:16.282+0000] {dagbag.py:541} INFO - Filling up the DagBag from /home/airflow/.local/lib/python3.7/site-packages/airflow/example_dags/example_sensor_decorator.py
[2024-06-04T21:48:16.329+0000] {processor.py:809} INFO - DAG(s) dict_keys(['example_sensor_decorator']) retrieved from /home/airflow/.local/lib/python3.7/site-packages/airflow/example_dags/example_sensor_decorator.py
[2024-06-04T21:48:16.477+0000] {logging_mixin.py:149} INFO - [2024-06-04T21:48:16.474+0000] {dag.py:2726} INFO - Sync 1 DAGs
[2024-06-04T21:48:16.684+0000] {logging_mixin.py:149} INFO - [2024-06-04T21:48:16.683+0000] {dag.py:3490} INFO - Setting next_dagrun for example_sensor_decorator to None, run_after=None
[2024-06-04T21:48:16.811+0000] {processor.py:178} INFO - Processing /home/airflow/.local/lib/python3.7/site-packages/airflow/example_dags/example_sensor_decorator.py took 0.562 seconds
[2024-06-04T21:48:46.982+0000] {processor.py:156} INFO - Started process (PID=657) to work on /home/airflow/.local/lib/python3.7/site-packages/airflow/example_dags/example_sensor_decorator.py
[2024-06-04T21:48:46.986+0000] {processor.py:799} INFO - Processing file /home/airflow/.local/lib/python3.7/site-packages/airflow/example_dags/example_sensor_decorator.py for tasks to queue
[2024-06-04T21:48:46.989+0000] {logging_mixin.py:149} INFO - [2024-06-04T21:48:46.988+0000] {dagbag.py:541} INFO - Filling up the DagBag from /home/airflow/.local/lib/python3.7/site-packages/airflow/example_dags/example_sensor_decorator.py
[2024-06-04T21:48:47.011+0000] {processor.py:809} INFO - DAG(s) dict_keys(['example_sensor_decorator']) retrieved from /home/airflow/.local/lib/python3.7/site-packages/airflow/example_dags/example_sensor_decorator.py
[2024-06-04T21:48:47.129+0000] {logging_mixin.py:149} INFO - [2024-06-04T21:48:47.128+0000] {dag.py:2726} INFO - Sync 1 DAGs
[2024-06-04T21:48:47.252+0000] {logging_mixin.py:149} INFO - [2024-06-04T21:48:47.251+0000] {dag.py:3490} INFO - Setting next_dagrun for example_sensor_decorator to None, run_after=None
[2024-06-04T21:48:47.334+0000] {processor.py:178} INFO - Processing /home/airflow/.local/lib/python3.7/site-packages/airflow/example_dags/example_sensor_decorator.py took 0.362 seconds
[2024-06-04T21:49:17.929+0000] {processor.py:156} INFO - Started process (PID=714) to work on /home/airflow/.local/lib/python3.7/site-packages/airflow/example_dags/example_sensor_decorator.py
[2024-06-04T21:49:17.933+0000] {processor.py:799} INFO - Processing file /home/airflow/.local/lib/python3.7/site-packages/airflow/example_dags/example_sensor_decorator.py for tasks to queue
[2024-06-04T21:49:17.935+0000] {logging_mixin.py:149} INFO - [2024-06-04T21:49:17.935+0000] {dagbag.py:541} INFO - Filling up the DagBag from /home/airflow/.local/lib/python3.7/site-packages/airflow/example_dags/example_sensor_decorator.py
[2024-06-04T21:49:17.951+0000] {processor.py:809} INFO - DAG(s) dict_keys(['example_sensor_decorator']) retrieved from /home/airflow/.local/lib/python3.7/site-packages/airflow/example_dags/example_sensor_decorator.py
[2024-06-04T21:49:18.011+0000] {logging_mixin.py:149} INFO - [2024-06-04T21:49:18.011+0000] {dag.py:2726} INFO - Sync 1 DAGs
[2024-06-04T21:49:18.070+0000] {logging_mixin.py:149} INFO - [2024-06-04T21:49:18.070+0000] {dag.py:3490} INFO - Setting next_dagrun for example_sensor_decorator to None, run_after=None
[2024-06-04T21:49:18.112+0000] {processor.py:178} INFO - Processing /home/airflow/.local/lib/python3.7/site-packages/airflow/example_dags/example_sensor_decorator.py took 0.191 seconds
[2024-06-04T21:49:48.377+0000] {processor.py:156} INFO - Started process (PID=770) to work on /home/airflow/.local/lib/python3.7/site-packages/airflow/example_dags/example_sensor_decorator.py
[2024-06-04T21:49:48.379+0000] {processor.py:799} INFO - Processing file /home/airflow/.local/lib/python3.7/site-packages/airflow/example_dags/example_sensor_decorator.py for tasks to queue
[2024-06-04T21:49:48.381+0000] {logging_mixin.py:149} INFO - [2024-06-04T21:49:48.381+0000] {dagbag.py:541} INFO - Filling up the DagBag from /home/airflow/.local/lib/python3.7/site-packages/airflow/example_dags/example_sensor_decorator.py
[2024-06-04T21:49:48.391+0000] {processor.py:809} INFO - DAG(s) dict_keys(['example_sensor_decorator']) retrieved from /home/airflow/.local/lib/python3.7/site-packages/airflow/example_dags/example_sensor_decorator.py
[2024-06-04T21:49:48.432+0000] {logging_mixin.py:149} INFO - [2024-06-04T21:49:48.432+0000] {dag.py:2726} INFO - Sync 1 DAGs
[2024-06-04T21:49:48.494+0000] {logging_mixin.py:149} INFO - [2024-06-04T21:49:48.494+0000] {dag.py:3490} INFO - Setting next_dagrun for example_sensor_decorator to None, run_after=None
[2024-06-04T21:49:48.535+0000] {processor.py:178} INFO - Processing /home/airflow/.local/lib/python3.7/site-packages/airflow/example_dags/example_sensor_decorator.py took 0.167 seconds
[2024-06-04T21:50:19.068+0000] {processor.py:156} INFO - Started process (PID=826) to work on /home/airflow/.local/lib/python3.7/site-packages/airflow/example_dags/example_sensor_decorator.py
[2024-06-04T21:50:19.072+0000] {processor.py:799} INFO - Processing file /home/airflow/.local/lib/python3.7/site-packages/airflow/example_dags/example_sensor_decorator.py for tasks to queue
[2024-06-04T21:50:19.075+0000] {logging_mixin.py:149} INFO - [2024-06-04T21:50:19.074+0000] {dagbag.py:541} INFO - Filling up the DagBag from /home/airflow/.local/lib/python3.7/site-packages/airflow/example_dags/example_sensor_decorator.py
[2024-06-04T21:50:19.088+0000] {processor.py:809} INFO - DAG(s) dict_keys(['example_sensor_decorator']) retrieved from /home/airflow/.local/lib/python3.7/site-packages/airflow/example_dags/example_sensor_decorator.py
[2024-06-04T21:50:19.135+0000] {logging_mixin.py:149} INFO - [2024-06-04T21:50:19.135+0000] {dag.py:2726} INFO - Sync 1 DAGs
[2024-06-04T21:50:19.179+0000] {logging_mixin.py:149} INFO - [2024-06-04T21:50:19.179+0000] {dag.py:3490} INFO - Setting next_dagrun for example_sensor_decorator to None, run_after=None
[2024-06-04T21:50:19.223+0000] {processor.py:178} INFO - Processing /home/airflow/.local/lib/python3.7/site-packages/airflow/example_dags/example_sensor_decorator.py took 0.162 seconds
[2024-06-04T21:50:49.596+0000] {processor.py:156} INFO - Started process (PID=882) to work on /home/airflow/.local/lib/python3.7/site-packages/airflow/example_dags/example_sensor_decorator.py
[2024-06-04T21:50:49.598+0000] {processor.py:799} INFO - Processing file /home/airflow/.local/lib/python3.7/site-packages/airflow/example_dags/example_sensor_decorator.py for tasks to queue
[2024-06-04T21:50:49.600+0000] {logging_mixin.py:149} INFO - [2024-06-04T21:50:49.600+0000] {dagbag.py:541} INFO - Filling up the DagBag from /home/airflow/.local/lib/python3.7/site-packages/airflow/example_dags/example_sensor_decorator.py
[2024-06-04T21:50:49.612+0000] {processor.py:809} INFO - DAG(s) dict_keys(['example_sensor_decorator']) retrieved from /home/airflow/.local/lib/python3.7/site-packages/airflow/example_dags/example_sensor_decorator.py
[2024-06-04T21:50:49.655+0000] {logging_mixin.py:149} INFO - [2024-06-04T21:50:49.654+0000] {dag.py:2726} INFO - Sync 1 DAGs
[2024-06-04T21:50:49.704+0000] {logging_mixin.py:149} INFO - [2024-06-04T21:50:49.704+0000] {dag.py:3490} INFO - Setting next_dagrun for example_sensor_decorator to None, run_after=None
[2024-06-04T21:50:49.744+0000] {processor.py:178} INFO - Processing /home/airflow/.local/lib/python3.7/site-packages/airflow/example_dags/example_sensor_decorator.py took 0.153 seconds
[2024-06-04T21:51:20.492+0000] {processor.py:156} INFO - Started process (PID=937) to work on /home/airflow/.local/lib/python3.7/site-packages/airflow/example_dags/example_sensor_decorator.py
[2024-06-04T21:51:20.493+0000] {processor.py:799} INFO - Processing file /home/airflow/.local/lib/python3.7/site-packages/airflow/example_dags/example_sensor_decorator.py for tasks to queue
[2024-06-04T21:51:20.497+0000] {logging_mixin.py:149} INFO - [2024-06-04T21:51:20.496+0000] {dagbag.py:541} INFO - Filling up the DagBag from /home/airflow/.local/lib/python3.7/site-packages/airflow/example_dags/example_sensor_decorator.py
[2024-06-04T21:51:20.509+0000] {processor.py:809} INFO - DAG(s) dict_keys(['example_sensor_decorator']) retrieved from /home/airflow/.local/lib/python3.7/site-packages/airflow/example_dags/example_sensor_decorator.py
[2024-06-04T21:51:20.552+0000] {logging_mixin.py:149} INFO - [2024-06-04T21:51:20.552+0000] {dag.py:2726} INFO - Sync 1 DAGs
[2024-06-04T21:51:20.600+0000] {logging_mixin.py:149} INFO - [2024-06-04T21:51:20.599+0000] {dag.py:3490} INFO - Setting next_dagrun for example_sensor_decorator to None, run_after=None
[2024-06-04T21:51:20.643+0000] {processor.py:178} INFO - Processing /home/airflow/.local/lib/python3.7/site-packages/airflow/example_dags/example_sensor_decorator.py took 0.155 seconds
[2024-06-04T21:51:50.931+0000] {processor.py:156} INFO - Started process (PID=994) to work on /home/airflow/.local/lib/python3.7/site-packages/airflow/example_dags/example_sensor_decorator.py
[2024-06-04T21:51:50.933+0000] {processor.py:799} INFO - Processing file /home/airflow/.local/lib/python3.7/site-packages/airflow/example_dags/example_sensor_decorator.py for tasks to queue
[2024-06-04T21:51:50.936+0000] {logging_mixin.py:149} INFO - [2024-06-04T21:51:50.935+0000] {dagbag.py:541} INFO - Filling up the DagBag from /home/airflow/.local/lib/python3.7/site-packages/airflow/example_dags/example_sensor_decorator.py
[2024-06-04T21:51:50.951+0000] {processor.py:809} INFO - DAG(s) dict_keys(['example_sensor_decorator']) retrieved from /home/airflow/.local/lib/python3.7/site-packages/airflow/example_dags/example_sensor_decorator.py
[2024-06-04T21:51:51.015+0000] {logging_mixin.py:149} INFO - [2024-06-04T21:51:51.015+0000] {dag.py:2726} INFO - Sync 1 DAGs
[2024-06-04T21:51:51.083+0000] {logging_mixin.py:149} INFO - [2024-06-04T21:51:51.082+0000] {dag.py:3490} INFO - Setting next_dagrun for example_sensor_decorator to None, run_after=None
[2024-06-04T21:51:51.127+0000] {processor.py:178} INFO - Processing /home/airflow/.local/lib/python3.7/site-packages/airflow/example_dags/example_sensor_decorator.py took 0.203 seconds
