[2024-06-04T21:43:21.759+0000] {processor.py:156} INFO - Started process (PID=89) to work on /home/airflow/.local/lib/python3.7/site-packages/airflow/example_dags/example_time_delta_sensor_async.py
[2024-06-04T21:43:21.768+0000] {processor.py:799} INFO - Processing file /home/airflow/.local/lib/python3.7/site-packages/airflow/example_dags/example_time_delta_sensor_async.py for tasks to queue
[2024-06-04T21:43:21.782+0000] {logging_mixin.py:149} INFO - [2024-06-04T21:43:21.777+0000] {dagbag.py:541} INFO - Filling up the DagBag from /home/airflow/.local/lib/python3.7/site-packages/airflow/example_dags/example_time_delta_sensor_async.py
[2024-06-04T21:43:21.815+0000] {processor.py:809} INFO - DAG(s) dict_keys(['example_time_delta_sensor_async']) retrieved from /home/airflow/.local/lib/python3.7/site-packages/airflow/example_dags/example_time_delta_sensor_async.py
[2024-06-04T21:43:22.007+0000] {logging_mixin.py:149} INFO - [2024-06-04T21:43:22.006+0000] {dag.py:2726} INFO - Sync 1 DAGs
[2024-06-04T21:43:22.268+0000] {logging_mixin.py:149} INFO - [2024-06-04T21:43:22.268+0000] {dag.py:2747} INFO - Creating ORM DAG for example_time_delta_sensor_async
[2024-06-04T21:43:22.524+0000] {logging_mixin.py:149} INFO - [2024-06-04T21:43:22.520+0000] {dag.py:3490} INFO - Setting next_dagrun for example_time_delta_sensor_async to None, run_after=None
[2024-06-04T21:43:23.077+0000] {processor.py:178} INFO - Processing /home/airflow/.local/lib/python3.7/site-packages/airflow/example_dags/example_time_delta_sensor_async.py took 1.350 seconds
[2024-06-04T21:44:00.399+0000] {processor.py:156} INFO - Started process (PID=145) to work on /home/airflow/.local/lib/python3.7/site-packages/airflow/example_dags/example_time_delta_sensor_async.py
[2024-06-04T21:44:00.404+0000] {processor.py:799} INFO - Processing file /home/airflow/.local/lib/python3.7/site-packages/airflow/example_dags/example_time_delta_sensor_async.py for tasks to queue
[2024-06-04T21:44:00.408+0000] {logging_mixin.py:149} INFO - [2024-06-04T21:44:00.408+0000] {dagbag.py:541} INFO - Filling up the DagBag from /home/airflow/.local/lib/python3.7/site-packages/airflow/example_dags/example_time_delta_sensor_async.py
[2024-06-04T21:44:00.420+0000] {processor.py:809} INFO - DAG(s) dict_keys(['example_time_delta_sensor_async']) retrieved from /home/airflow/.local/lib/python3.7/site-packages/airflow/example_dags/example_time_delta_sensor_async.py
[2024-06-04T21:44:00.494+0000] {logging_mixin.py:149} INFO - [2024-06-04T21:44:00.494+0000] {dag.py:2726} INFO - Sync 1 DAGs
[2024-06-04T21:44:00.642+0000] {logging_mixin.py:149} INFO - [2024-06-04T21:44:00.642+0000] {dag.py:3490} INFO - Setting next_dagrun for example_time_delta_sensor_async to None, run_after=None
[2024-06-04T21:44:00.786+0000] {processor.py:178} INFO - Processing /home/airflow/.local/lib/python3.7/site-packages/airflow/example_dags/example_time_delta_sensor_async.py took 0.395 seconds
[2024-06-04T21:44:31.545+0000] {processor.py:156} INFO - Started process (PID=200) to work on /home/airflow/.local/lib/python3.7/site-packages/airflow/example_dags/example_time_delta_sensor_async.py
[2024-06-04T21:44:31.547+0000] {processor.py:799} INFO - Processing file /home/airflow/.local/lib/python3.7/site-packages/airflow/example_dags/example_time_delta_sensor_async.py for tasks to queue
[2024-06-04T21:44:31.549+0000] {logging_mixin.py:149} INFO - [2024-06-04T21:44:31.549+0000] {dagbag.py:541} INFO - Filling up the DagBag from /home/airflow/.local/lib/python3.7/site-packages/airflow/example_dags/example_time_delta_sensor_async.py
[2024-06-04T21:44:31.558+0000] {processor.py:809} INFO - DAG(s) dict_keys(['example_time_delta_sensor_async']) retrieved from /home/airflow/.local/lib/python3.7/site-packages/airflow/example_dags/example_time_delta_sensor_async.py
[2024-06-04T21:44:31.632+0000] {logging_mixin.py:149} INFO - [2024-06-04T21:44:31.631+0000] {dag.py:2726} INFO - Sync 1 DAGs
[2024-06-04T21:44:31.723+0000] {logging_mixin.py:149} INFO - [2024-06-04T21:44:31.722+0000] {dag.py:3490} INFO - Setting next_dagrun for example_time_delta_sensor_async to None, run_after=None
[2024-06-04T21:44:31.773+0000] {processor.py:178} INFO - Processing /home/airflow/.local/lib/python3.7/site-packages/airflow/example_dags/example_time_delta_sensor_async.py took 0.242 seconds
[2024-06-04T21:45:04.023+0000] {processor.py:156} INFO - Started process (PID=263) to work on /home/airflow/.local/lib/python3.7/site-packages/airflow/example_dags/example_time_delta_sensor_async.py
[2024-06-04T21:45:04.025+0000] {processor.py:799} INFO - Processing file /home/airflow/.local/lib/python3.7/site-packages/airflow/example_dags/example_time_delta_sensor_async.py for tasks to queue
[2024-06-04T21:45:04.028+0000] {logging_mixin.py:149} INFO - [2024-06-04T21:45:04.028+0000] {dagbag.py:541} INFO - Filling up the DagBag from /home/airflow/.local/lib/python3.7/site-packages/airflow/example_dags/example_time_delta_sensor_async.py
[2024-06-04T21:45:04.036+0000] {processor.py:809} INFO - DAG(s) dict_keys(['example_time_delta_sensor_async']) retrieved from /home/airflow/.local/lib/python3.7/site-packages/airflow/example_dags/example_time_delta_sensor_async.py
[2024-06-04T21:45:04.080+0000] {logging_mixin.py:149} INFO - [2024-06-04T21:45:04.079+0000] {dag.py:2726} INFO - Sync 1 DAGs
[2024-06-04T21:45:04.125+0000] {logging_mixin.py:149} INFO - [2024-06-04T21:45:04.124+0000] {dag.py:3490} INFO - Setting next_dagrun for example_time_delta_sensor_async to None, run_after=None
[2024-06-04T21:45:04.164+0000] {processor.py:178} INFO - Processing /home/airflow/.local/lib/python3.7/site-packages/airflow/example_dags/example_time_delta_sensor_async.py took 0.148 seconds
[2024-06-04T21:45:34.889+0000] {processor.py:156} INFO - Started process (PID=318) to work on /home/airflow/.local/lib/python3.7/site-packages/airflow/example_dags/example_time_delta_sensor_async.py
[2024-06-04T21:45:34.894+0000] {processor.py:799} INFO - Processing file /home/airflow/.local/lib/python3.7/site-packages/airflow/example_dags/example_time_delta_sensor_async.py for tasks to queue
[2024-06-04T21:45:34.898+0000] {logging_mixin.py:149} INFO - [2024-06-04T21:45:34.897+0000] {dagbag.py:541} INFO - Filling up the DagBag from /home/airflow/.local/lib/python3.7/site-packages/airflow/example_dags/example_time_delta_sensor_async.py
[2024-06-04T21:45:34.914+0000] {processor.py:809} INFO - DAG(s) dict_keys(['example_time_delta_sensor_async']) retrieved from /home/airflow/.local/lib/python3.7/site-packages/airflow/example_dags/example_time_delta_sensor_async.py
[2024-06-04T21:45:34.980+0000] {logging_mixin.py:149} INFO - [2024-06-04T21:45:34.980+0000] {dag.py:2726} INFO - Sync 1 DAGs
[2024-06-04T21:45:35.204+0000] {logging_mixin.py:149} INFO - [2024-06-04T21:45:35.204+0000] {dag.py:3490} INFO - Setting next_dagrun for example_time_delta_sensor_async to None, run_after=None
[2024-06-04T21:45:35.317+0000] {processor.py:178} INFO - Processing /home/airflow/.local/lib/python3.7/site-packages/airflow/example_dags/example_time_delta_sensor_async.py took 0.435 seconds
[2024-06-04T21:46:08.125+0000] {processor.py:156} INFO - Started process (PID=374) to work on /home/airflow/.local/lib/python3.7/site-packages/airflow/example_dags/example_time_delta_sensor_async.py
[2024-06-04T21:46:08.153+0000] {processor.py:799} INFO - Processing file /home/airflow/.local/lib/python3.7/site-packages/airflow/example_dags/example_time_delta_sensor_async.py for tasks to queue
[2024-06-04T21:46:08.190+0000] {logging_mixin.py:149} INFO - [2024-06-04T21:46:08.189+0000] {dagbag.py:541} INFO - Filling up the DagBag from /home/airflow/.local/lib/python3.7/site-packages/airflow/example_dags/example_time_delta_sensor_async.py
[2024-06-04T21:46:08.261+0000] {processor.py:809} INFO - DAG(s) dict_keys(['example_time_delta_sensor_async']) retrieved from /home/airflow/.local/lib/python3.7/site-packages/airflow/example_dags/example_time_delta_sensor_async.py
[2024-06-04T21:46:08.740+0000] {logging_mixin.py:149} INFO - [2024-06-04T21:46:08.740+0000] {dag.py:2726} INFO - Sync 1 DAGs
[2024-06-04T21:46:09.149+0000] {logging_mixin.py:149} INFO - [2024-06-04T21:46:09.147+0000] {dag.py:3490} INFO - Setting next_dagrun for example_time_delta_sensor_async to None, run_after=None
[2024-06-04T21:46:09.360+0000] {processor.py:178} INFO - Processing /home/airflow/.local/lib/python3.7/site-packages/airflow/example_dags/example_time_delta_sensor_async.py took 1.325 seconds
[2024-06-04T21:46:39.865+0000] {processor.py:156} INFO - Started process (PID=430) to work on /home/airflow/.local/lib/python3.7/site-packages/airflow/example_dags/example_time_delta_sensor_async.py
[2024-06-04T21:46:39.866+0000] {processor.py:799} INFO - Processing file /home/airflow/.local/lib/python3.7/site-packages/airflow/example_dags/example_time_delta_sensor_async.py for tasks to queue
[2024-06-04T21:46:39.869+0000] {logging_mixin.py:149} INFO - [2024-06-04T21:46:39.868+0000] {dagbag.py:541} INFO - Filling up the DagBag from /home/airflow/.local/lib/python3.7/site-packages/airflow/example_dags/example_time_delta_sensor_async.py
[2024-06-04T21:46:39.880+0000] {processor.py:809} INFO - DAG(s) dict_keys(['example_time_delta_sensor_async']) retrieved from /home/airflow/.local/lib/python3.7/site-packages/airflow/example_dags/example_time_delta_sensor_async.py
[2024-06-04T21:46:39.932+0000] {logging_mixin.py:149} INFO - [2024-06-04T21:46:39.931+0000] {dag.py:2726} INFO - Sync 1 DAGs
[2024-06-04T21:46:39.980+0000] {logging_mixin.py:149} INFO - [2024-06-04T21:46:39.980+0000] {dag.py:3490} INFO - Setting next_dagrun for example_time_delta_sensor_async to None, run_after=None
[2024-06-04T21:46:40.023+0000] {processor.py:178} INFO - Processing /home/airflow/.local/lib/python3.7/site-packages/airflow/example_dags/example_time_delta_sensor_async.py took 0.164 seconds
[2024-06-04T21:47:10.228+0000] {processor.py:156} INFO - Started process (PID=486) to work on /home/airflow/.local/lib/python3.7/site-packages/airflow/example_dags/example_time_delta_sensor_async.py
[2024-06-04T21:47:10.230+0000] {processor.py:799} INFO - Processing file /home/airflow/.local/lib/python3.7/site-packages/airflow/example_dags/example_time_delta_sensor_async.py for tasks to queue
[2024-06-04T21:47:10.232+0000] {logging_mixin.py:149} INFO - [2024-06-04T21:47:10.232+0000] {dagbag.py:541} INFO - Filling up the DagBag from /home/airflow/.local/lib/python3.7/site-packages/airflow/example_dags/example_time_delta_sensor_async.py
[2024-06-04T21:47:10.241+0000] {processor.py:809} INFO - DAG(s) dict_keys(['example_time_delta_sensor_async']) retrieved from /home/airflow/.local/lib/python3.7/site-packages/airflow/example_dags/example_time_delta_sensor_async.py
[2024-06-04T21:47:10.294+0000] {logging_mixin.py:149} INFO - [2024-06-04T21:47:10.294+0000] {dag.py:2726} INFO - Sync 1 DAGs
[2024-06-04T21:47:10.338+0000] {logging_mixin.py:149} INFO - [2024-06-04T21:47:10.338+0000] {dag.py:3490} INFO - Setting next_dagrun for example_time_delta_sensor_async to None, run_after=None
[2024-06-04T21:47:10.379+0000] {processor.py:178} INFO - Processing /home/airflow/.local/lib/python3.7/site-packages/airflow/example_dags/example_time_delta_sensor_async.py took 0.158 seconds
[2024-06-04T21:47:42.820+0000] {processor.py:156} INFO - Started process (PID=542) to work on /home/airflow/.local/lib/python3.7/site-packages/airflow/example_dags/example_time_delta_sensor_async.py
[2024-06-04T21:47:42.837+0000] {processor.py:799} INFO - Processing file /home/airflow/.local/lib/python3.7/site-packages/airflow/example_dags/example_time_delta_sensor_async.py for tasks to queue
[2024-06-04T21:47:42.844+0000] {logging_mixin.py:149} INFO - [2024-06-04T21:47:42.843+0000] {dagbag.py:541} INFO - Filling up the DagBag from /home/airflow/.local/lib/python3.7/site-packages/airflow/example_dags/example_time_delta_sensor_async.py
[2024-06-04T21:47:42.883+0000] {processor.py:809} INFO - DAG(s) dict_keys(['example_time_delta_sensor_async']) retrieved from /home/airflow/.local/lib/python3.7/site-packages/airflow/example_dags/example_time_delta_sensor_async.py
[2024-06-04T21:47:43.074+0000] {logging_mixin.py:149} INFO - [2024-06-04T21:47:43.071+0000] {dag.py:2726} INFO - Sync 1 DAGs
[2024-06-04T21:47:43.279+0000] {logging_mixin.py:149} INFO - [2024-06-04T21:47:43.274+0000] {dag.py:3490} INFO - Setting next_dagrun for example_time_delta_sensor_async to None, run_after=None
[2024-06-04T21:47:43.402+0000] {processor.py:178} INFO - Processing /home/airflow/.local/lib/python3.7/site-packages/airflow/example_dags/example_time_delta_sensor_async.py took 0.612 seconds
[2024-06-04T21:48:13.671+0000] {processor.py:156} INFO - Started process (PID=598) to work on /home/airflow/.local/lib/python3.7/site-packages/airflow/example_dags/example_time_delta_sensor_async.py
[2024-06-04T21:48:13.673+0000] {processor.py:799} INFO - Processing file /home/airflow/.local/lib/python3.7/site-packages/airflow/example_dags/example_time_delta_sensor_async.py for tasks to queue
[2024-06-04T21:48:13.674+0000] {logging_mixin.py:149} INFO - [2024-06-04T21:48:13.674+0000] {dagbag.py:541} INFO - Filling up the DagBag from /home/airflow/.local/lib/python3.7/site-packages/airflow/example_dags/example_time_delta_sensor_async.py
[2024-06-04T21:48:13.684+0000] {processor.py:809} INFO - DAG(s) dict_keys(['example_time_delta_sensor_async']) retrieved from /home/airflow/.local/lib/python3.7/site-packages/airflow/example_dags/example_time_delta_sensor_async.py
[2024-06-04T21:48:13.725+0000] {logging_mixin.py:149} INFO - [2024-06-04T21:48:13.724+0000] {dag.py:2726} INFO - Sync 1 DAGs
[2024-06-04T21:48:13.772+0000] {logging_mixin.py:149} INFO - [2024-06-04T21:48:13.772+0000] {dag.py:3490} INFO - Setting next_dagrun for example_time_delta_sensor_async to None, run_after=None
[2024-06-04T21:48:13.810+0000] {processor.py:178} INFO - Processing /home/airflow/.local/lib/python3.7/site-packages/airflow/example_dags/example_time_delta_sensor_async.py took 0.143 seconds
[2024-06-04T21:48:44.070+0000] {processor.py:156} INFO - Started process (PID=653) to work on /home/airflow/.local/lib/python3.7/site-packages/airflow/example_dags/example_time_delta_sensor_async.py
[2024-06-04T21:48:44.073+0000] {processor.py:799} INFO - Processing file /home/airflow/.local/lib/python3.7/site-packages/airflow/example_dags/example_time_delta_sensor_async.py for tasks to queue
[2024-06-04T21:48:44.075+0000] {logging_mixin.py:149} INFO - [2024-06-04T21:48:44.075+0000] {dagbag.py:541} INFO - Filling up the DagBag from /home/airflow/.local/lib/python3.7/site-packages/airflow/example_dags/example_time_delta_sensor_async.py
[2024-06-04T21:48:44.086+0000] {processor.py:809} INFO - DAG(s) dict_keys(['example_time_delta_sensor_async']) retrieved from /home/airflow/.local/lib/python3.7/site-packages/airflow/example_dags/example_time_delta_sensor_async.py
[2024-06-04T21:48:44.141+0000] {logging_mixin.py:149} INFO - [2024-06-04T21:48:44.141+0000] {dag.py:2726} INFO - Sync 1 DAGs
[2024-06-04T21:48:44.186+0000] {logging_mixin.py:149} INFO - [2024-06-04T21:48:44.186+0000] {dag.py:3490} INFO - Setting next_dagrun for example_time_delta_sensor_async to None, run_after=None
[2024-06-04T21:48:44.223+0000] {processor.py:178} INFO - Processing /home/airflow/.local/lib/python3.7/site-packages/airflow/example_dags/example_time_delta_sensor_async.py took 0.159 seconds
[2024-06-04T21:49:14.396+0000] {processor.py:156} INFO - Started process (PID=709) to work on /home/airflow/.local/lib/python3.7/site-packages/airflow/example_dags/example_time_delta_sensor_async.py
[2024-06-04T21:49:14.397+0000] {processor.py:799} INFO - Processing file /home/airflow/.local/lib/python3.7/site-packages/airflow/example_dags/example_time_delta_sensor_async.py for tasks to queue
[2024-06-04T21:49:14.399+0000] {logging_mixin.py:149} INFO - [2024-06-04T21:49:14.399+0000] {dagbag.py:541} INFO - Filling up the DagBag from /home/airflow/.local/lib/python3.7/site-packages/airflow/example_dags/example_time_delta_sensor_async.py
[2024-06-04T21:49:14.407+0000] {processor.py:809} INFO - DAG(s) dict_keys(['example_time_delta_sensor_async']) retrieved from /home/airflow/.local/lib/python3.7/site-packages/airflow/example_dags/example_time_delta_sensor_async.py
[2024-06-04T21:49:14.442+0000] {logging_mixin.py:149} INFO - [2024-06-04T21:49:14.442+0000] {dag.py:2726} INFO - Sync 1 DAGs
[2024-06-04T21:49:14.483+0000] {logging_mixin.py:149} INFO - [2024-06-04T21:49:14.483+0000] {dag.py:3490} INFO - Setting next_dagrun for example_time_delta_sensor_async to None, run_after=None
[2024-06-04T21:49:14.521+0000] {processor.py:178} INFO - Processing /home/airflow/.local/lib/python3.7/site-packages/airflow/example_dags/example_time_delta_sensor_async.py took 0.129 seconds
[2024-06-04T21:49:45.639+0000] {processor.py:156} INFO - Started process (PID=766) to work on /home/airflow/.local/lib/python3.7/site-packages/airflow/example_dags/example_time_delta_sensor_async.py
[2024-06-04T21:49:45.641+0000] {processor.py:799} INFO - Processing file /home/airflow/.local/lib/python3.7/site-packages/airflow/example_dags/example_time_delta_sensor_async.py for tasks to queue
[2024-06-04T21:49:45.644+0000] {logging_mixin.py:149} INFO - [2024-06-04T21:49:45.643+0000] {dagbag.py:541} INFO - Filling up the DagBag from /home/airflow/.local/lib/python3.7/site-packages/airflow/example_dags/example_time_delta_sensor_async.py
[2024-06-04T21:49:45.660+0000] {processor.py:809} INFO - DAG(s) dict_keys(['example_time_delta_sensor_async']) retrieved from /home/airflow/.local/lib/python3.7/site-packages/airflow/example_dags/example_time_delta_sensor_async.py
[2024-06-04T21:49:45.743+0000] {logging_mixin.py:149} INFO - [2024-06-04T21:49:45.743+0000] {dag.py:2726} INFO - Sync 1 DAGs
[2024-06-04T21:49:45.815+0000] {logging_mixin.py:149} INFO - [2024-06-04T21:49:45.815+0000] {dag.py:3490} INFO - Setting next_dagrun for example_time_delta_sensor_async to None, run_after=None
[2024-06-04T21:49:45.866+0000] {processor.py:178} INFO - Processing /home/airflow/.local/lib/python3.7/site-packages/airflow/example_dags/example_time_delta_sensor_async.py took 0.239 seconds
[2024-06-04T21:50:16.374+0000] {processor.py:156} INFO - Started process (PID=822) to work on /home/airflow/.local/lib/python3.7/site-packages/airflow/example_dags/example_time_delta_sensor_async.py
[2024-06-04T21:50:16.375+0000] {processor.py:799} INFO - Processing file /home/airflow/.local/lib/python3.7/site-packages/airflow/example_dags/example_time_delta_sensor_async.py for tasks to queue
[2024-06-04T21:50:16.377+0000] {logging_mixin.py:149} INFO - [2024-06-04T21:50:16.377+0000] {dagbag.py:541} INFO - Filling up the DagBag from /home/airflow/.local/lib/python3.7/site-packages/airflow/example_dags/example_time_delta_sensor_async.py
[2024-06-04T21:50:16.384+0000] {processor.py:809} INFO - DAG(s) dict_keys(['example_time_delta_sensor_async']) retrieved from /home/airflow/.local/lib/python3.7/site-packages/airflow/example_dags/example_time_delta_sensor_async.py
[2024-06-04T21:50:16.421+0000] {logging_mixin.py:149} INFO - [2024-06-04T21:50:16.420+0000] {dag.py:2726} INFO - Sync 1 DAGs
[2024-06-04T21:50:16.458+0000] {logging_mixin.py:149} INFO - [2024-06-04T21:50:16.458+0000] {dag.py:3490} INFO - Setting next_dagrun for example_time_delta_sensor_async to None, run_after=None
[2024-06-04T21:50:16.493+0000] {processor.py:178} INFO - Processing /home/airflow/.local/lib/python3.7/site-packages/airflow/example_dags/example_time_delta_sensor_async.py took 0.125 seconds
[2024-06-04T21:50:46.798+0000] {processor.py:156} INFO - Started process (PID=877) to work on /home/airflow/.local/lib/python3.7/site-packages/airflow/example_dags/example_time_delta_sensor_async.py
[2024-06-04T21:50:46.799+0000] {processor.py:799} INFO - Processing file /home/airflow/.local/lib/python3.7/site-packages/airflow/example_dags/example_time_delta_sensor_async.py for tasks to queue
[2024-06-04T21:50:46.801+0000] {logging_mixin.py:149} INFO - [2024-06-04T21:50:46.801+0000] {dagbag.py:541} INFO - Filling up the DagBag from /home/airflow/.local/lib/python3.7/site-packages/airflow/example_dags/example_time_delta_sensor_async.py
[2024-06-04T21:50:46.810+0000] {processor.py:809} INFO - DAG(s) dict_keys(['example_time_delta_sensor_async']) retrieved from /home/airflow/.local/lib/python3.7/site-packages/airflow/example_dags/example_time_delta_sensor_async.py
[2024-06-04T21:50:46.865+0000] {logging_mixin.py:149} INFO - [2024-06-04T21:50:46.865+0000] {dag.py:2726} INFO - Sync 1 DAGs
[2024-06-04T21:50:46.911+0000] {logging_mixin.py:149} INFO - [2024-06-04T21:50:46.911+0000] {dag.py:3490} INFO - Setting next_dagrun for example_time_delta_sensor_async to None, run_after=None
[2024-06-04T21:50:46.951+0000] {processor.py:178} INFO - Processing /home/airflow/.local/lib/python3.7/site-packages/airflow/example_dags/example_time_delta_sensor_async.py took 0.160 seconds
[2024-06-04T21:51:17.336+0000] {processor.py:156} INFO - Started process (PID=932) to work on /home/airflow/.local/lib/python3.7/site-packages/airflow/example_dags/example_time_delta_sensor_async.py
[2024-06-04T21:51:17.338+0000] {processor.py:799} INFO - Processing file /home/airflow/.local/lib/python3.7/site-packages/airflow/example_dags/example_time_delta_sensor_async.py for tasks to queue
[2024-06-04T21:51:17.340+0000] {logging_mixin.py:149} INFO - [2024-06-04T21:51:17.340+0000] {dagbag.py:541} INFO - Filling up the DagBag from /home/airflow/.local/lib/python3.7/site-packages/airflow/example_dags/example_time_delta_sensor_async.py
[2024-06-04T21:51:17.350+0000] {processor.py:809} INFO - DAG(s) dict_keys(['example_time_delta_sensor_async']) retrieved from /home/airflow/.local/lib/python3.7/site-packages/airflow/example_dags/example_time_delta_sensor_async.py
[2024-06-04T21:51:17.435+0000] {logging_mixin.py:149} INFO - [2024-06-04T21:51:17.434+0000] {dag.py:2726} INFO - Sync 1 DAGs
[2024-06-04T21:51:17.551+0000] {logging_mixin.py:149} INFO - [2024-06-04T21:51:17.551+0000] {dag.py:3490} INFO - Setting next_dagrun for example_time_delta_sensor_async to None, run_after=None
[2024-06-04T21:51:17.625+0000] {processor.py:178} INFO - Processing /home/airflow/.local/lib/python3.7/site-packages/airflow/example_dags/example_time_delta_sensor_async.py took 0.295 seconds
[2024-06-04T21:51:47.804+0000] {processor.py:156} INFO - Started process (PID=988) to work on /home/airflow/.local/lib/python3.7/site-packages/airflow/example_dags/example_time_delta_sensor_async.py
[2024-06-04T21:51:47.808+0000] {processor.py:799} INFO - Processing file /home/airflow/.local/lib/python3.7/site-packages/airflow/example_dags/example_time_delta_sensor_async.py for tasks to queue
[2024-06-04T21:51:47.811+0000] {logging_mixin.py:149} INFO - [2024-06-04T21:51:47.811+0000] {dagbag.py:541} INFO - Filling up the DagBag from /home/airflow/.local/lib/python3.7/site-packages/airflow/example_dags/example_time_delta_sensor_async.py
[2024-06-04T21:51:47.822+0000] {processor.py:809} INFO - DAG(s) dict_keys(['example_time_delta_sensor_async']) retrieved from /home/airflow/.local/lib/python3.7/site-packages/airflow/example_dags/example_time_delta_sensor_async.py
[2024-06-04T21:51:47.880+0000] {logging_mixin.py:149} INFO - [2024-06-04T21:51:47.879+0000] {dag.py:2726} INFO - Sync 1 DAGs
[2024-06-04T21:51:47.935+0000] {logging_mixin.py:149} INFO - [2024-06-04T21:51:47.934+0000] {dag.py:3490} INFO - Setting next_dagrun for example_time_delta_sensor_async to None, run_after=None
[2024-06-04T21:51:47.980+0000] {processor.py:178} INFO - Processing /home/airflow/.local/lib/python3.7/site-packages/airflow/example_dags/example_time_delta_sensor_async.py took 0.183 seconds
