[2024-06-04T21:42:51.488+0000] {processor.py:156} INFO - Started process (PID=72) to work on /home/airflow/.local/lib/python3.7/site-packages/airflow/example_dags/example_branch_operator_decorator.py
[2024-06-04T21:42:51.611+0000] {processor.py:799} INFO - Processing file /home/airflow/.local/lib/python3.7/site-packages/airflow/example_dags/example_branch_operator_decorator.py for tasks to queue
[2024-06-04T21:42:51.660+0000] {logging_mixin.py:149} INFO - [2024-06-04T21:42:51.657+0000] {dagbag.py:541} INFO - Filling up the DagBag from /home/airflow/.local/lib/python3.7/site-packages/airflow/example_dags/example_branch_operator_decorator.py
[2024-06-04T21:42:52.533+0000] {processor.py:809} INFO - DAG(s) dict_keys(['example_branch_python_operator_decorator']) retrieved from /home/airflow/.local/lib/python3.7/site-packages/airflow/example_dags/example_branch_operator_decorator.py
[2024-06-04T21:42:56.804+0000] {logging_mixin.py:149} INFO - [2024-06-04T21:42:56.804+0000] {manager.py:504} INFO - Created Permission View: can delete on DAG:example_branch_python_operator_decorator
[2024-06-04T21:42:57.184+0000] {logging_mixin.py:149} INFO - [2024-06-04T21:42:57.183+0000] {manager.py:504} INFO - Created Permission View: can read on DAG:example_branch_python_operator_decorator
[2024-06-04T21:42:57.432+0000] {logging_mixin.py:149} INFO - [2024-06-04T21:42:57.423+0000] {manager.py:504} INFO - Created Permission View: can edit on DAG:example_branch_python_operator_decorator
[2024-06-04T21:42:57.445+0000] {logging_mixin.py:149} INFO - [2024-06-04T21:42:57.436+0000] {dag.py:2726} INFO - Sync 1 DAGs
[2024-06-04T21:42:57.603+0000] {logging_mixin.py:149} INFO - [2024-06-04T21:42:57.602+0000] {dag.py:2747} INFO - Creating ORM DAG for example_branch_python_operator_decorator
[2024-06-04T21:42:57.964+0000] {logging_mixin.py:149} INFO - [2024-06-04T21:42:57.929+0000] {dag.py:3490} INFO - Setting next_dagrun for example_branch_python_operator_decorator to 2024-06-03T00:00:00+00:00, run_after=2024-06-04T00:00:00+00:00
[2024-06-04T21:42:58.441+0000] {processor.py:178} INFO - Processing /home/airflow/.local/lib/python3.7/site-packages/airflow/example_dags/example_branch_operator_decorator.py took 7.401 seconds
[2024-06-04T21:43:55.718+0000] {processor.py:156} INFO - Started process (PID=134) to work on /home/airflow/.local/lib/python3.7/site-packages/airflow/example_dags/example_branch_operator_decorator.py
[2024-06-04T21:43:55.721+0000] {processor.py:799} INFO - Processing file /home/airflow/.local/lib/python3.7/site-packages/airflow/example_dags/example_branch_operator_decorator.py for tasks to queue
[2024-06-04T21:43:55.723+0000] {logging_mixin.py:149} INFO - [2024-06-04T21:43:55.723+0000] {dagbag.py:541} INFO - Filling up the DagBag from /home/airflow/.local/lib/python3.7/site-packages/airflow/example_dags/example_branch_operator_decorator.py
[2024-06-04T21:43:55.798+0000] {processor.py:809} INFO - DAG(s) dict_keys(['example_branch_python_operator_decorator']) retrieved from /home/airflow/.local/lib/python3.7/site-packages/airflow/example_dags/example_branch_operator_decorator.py
[2024-06-04T21:43:55.918+0000] {logging_mixin.py:149} INFO - [2024-06-04T21:43:55.917+0000] {dag.py:2726} INFO - Sync 1 DAGs
[2024-06-04T21:43:56.053+0000] {logging_mixin.py:149} INFO - [2024-06-04T21:43:56.053+0000] {dag.py:3490} INFO - Setting next_dagrun for example_branch_python_operator_decorator to 2024-06-03T00:00:00+00:00, run_after=2024-06-04T00:00:00+00:00
[2024-06-04T21:43:56.202+0000] {processor.py:178} INFO - Processing /home/airflow/.local/lib/python3.7/site-packages/airflow/example_dags/example_branch_operator_decorator.py took 0.494 seconds
[2024-06-04T21:44:27.871+0000] {processor.py:156} INFO - Started process (PID=189) to work on /home/airflow/.local/lib/python3.7/site-packages/airflow/example_dags/example_branch_operator_decorator.py
[2024-06-04T21:44:27.874+0000] {processor.py:799} INFO - Processing file /home/airflow/.local/lib/python3.7/site-packages/airflow/example_dags/example_branch_operator_decorator.py for tasks to queue
[2024-06-04T21:44:27.877+0000] {logging_mixin.py:149} INFO - [2024-06-04T21:44:27.876+0000] {dagbag.py:541} INFO - Filling up the DagBag from /home/airflow/.local/lib/python3.7/site-packages/airflow/example_dags/example_branch_operator_decorator.py
[2024-06-04T21:44:27.901+0000] {processor.py:809} INFO - DAG(s) dict_keys(['example_branch_python_operator_decorator']) retrieved from /home/airflow/.local/lib/python3.7/site-packages/airflow/example_dags/example_branch_operator_decorator.py
[2024-06-04T21:44:27.958+0000] {logging_mixin.py:149} INFO - [2024-06-04T21:44:27.957+0000] {dag.py:2726} INFO - Sync 1 DAGs
[2024-06-04T21:44:28.014+0000] {logging_mixin.py:149} INFO - [2024-06-04T21:44:28.013+0000] {dag.py:3490} INFO - Setting next_dagrun for example_branch_python_operator_decorator to 2024-06-03T00:00:00+00:00, run_after=2024-06-04T00:00:00+00:00
[2024-06-04T21:44:28.080+0000] {processor.py:178} INFO - Processing /home/airflow/.local/lib/python3.7/site-packages/airflow/example_dags/example_branch_operator_decorator.py took 0.217 seconds
[2024-06-04T21:45:01.050+0000] {processor.py:156} INFO - Started process (PID=245) to work on /home/airflow/.local/lib/python3.7/site-packages/airflow/example_dags/example_branch_operator_decorator.py
[2024-06-04T21:45:01.053+0000] {processor.py:799} INFO - Processing file /home/airflow/.local/lib/python3.7/site-packages/airflow/example_dags/example_branch_operator_decorator.py for tasks to queue
[2024-06-04T21:45:01.054+0000] {logging_mixin.py:149} INFO - [2024-06-04T21:45:01.054+0000] {dagbag.py:541} INFO - Filling up the DagBag from /home/airflow/.local/lib/python3.7/site-packages/airflow/example_dags/example_branch_operator_decorator.py
[2024-06-04T21:45:01.091+0000] {processor.py:809} INFO - DAG(s) dict_keys(['example_branch_python_operator_decorator']) retrieved from /home/airflow/.local/lib/python3.7/site-packages/airflow/example_dags/example_branch_operator_decorator.py
[2024-06-04T21:45:01.248+0000] {logging_mixin.py:149} INFO - [2024-06-04T21:45:01.248+0000] {dag.py:2726} INFO - Sync 1 DAGs
[2024-06-04T21:45:01.392+0000] {logging_mixin.py:149} INFO - [2024-06-04T21:45:01.391+0000] {dag.py:3490} INFO - Setting next_dagrun for example_branch_python_operator_decorator to 2024-06-03T00:00:00+00:00, run_after=2024-06-04T00:00:00+00:00
[2024-06-04T21:45:01.449+0000] {processor.py:178} INFO - Processing /home/airflow/.local/lib/python3.7/site-packages/airflow/example_dags/example_branch_operator_decorator.py took 0.409 seconds
[2024-06-04T21:45:31.897+0000] {processor.py:156} INFO - Started process (PID=301) to work on /home/airflow/.local/lib/python3.7/site-packages/airflow/example_dags/example_branch_operator_decorator.py
[2024-06-04T21:45:31.900+0000] {processor.py:799} INFO - Processing file /home/airflow/.local/lib/python3.7/site-packages/airflow/example_dags/example_branch_operator_decorator.py for tasks to queue
[2024-06-04T21:45:31.904+0000] {logging_mixin.py:149} INFO - [2024-06-04T21:45:31.903+0000] {dagbag.py:541} INFO - Filling up the DagBag from /home/airflow/.local/lib/python3.7/site-packages/airflow/example_dags/example_branch_operator_decorator.py
[2024-06-04T21:45:31.943+0000] {processor.py:809} INFO - DAG(s) dict_keys(['example_branch_python_operator_decorator']) retrieved from /home/airflow/.local/lib/python3.7/site-packages/airflow/example_dags/example_branch_operator_decorator.py
[2024-06-04T21:45:32.031+0000] {logging_mixin.py:149} INFO - [2024-06-04T21:45:32.031+0000] {dag.py:2726} INFO - Sync 1 DAGs
[2024-06-04T21:45:32.210+0000] {logging_mixin.py:149} INFO - [2024-06-04T21:45:32.209+0000] {dag.py:3490} INFO - Setting next_dagrun for example_branch_python_operator_decorator to 2024-06-03T00:00:00+00:00, run_after=2024-06-04T00:00:00+00:00
[2024-06-04T21:45:32.312+0000] {processor.py:178} INFO - Processing /home/airflow/.local/lib/python3.7/site-packages/airflow/example_dags/example_branch_operator_decorator.py took 0.422 seconds
[2024-06-04T21:46:02.852+0000] {processor.py:156} INFO - Started process (PID=363) to work on /home/airflow/.local/lib/python3.7/site-packages/airflow/example_dags/example_branch_operator_decorator.py
[2024-06-04T21:46:02.868+0000] {processor.py:799} INFO - Processing file /home/airflow/.local/lib/python3.7/site-packages/airflow/example_dags/example_branch_operator_decorator.py for tasks to queue
[2024-06-04T21:46:02.874+0000] {logging_mixin.py:149} INFO - [2024-06-04T21:46:02.874+0000] {dagbag.py:541} INFO - Filling up the DagBag from /home/airflow/.local/lib/python3.7/site-packages/airflow/example_dags/example_branch_operator_decorator.py
[2024-06-04T21:46:02.952+0000] {processor.py:809} INFO - DAG(s) dict_keys(['example_branch_python_operator_decorator']) retrieved from /home/airflow/.local/lib/python3.7/site-packages/airflow/example_dags/example_branch_operator_decorator.py
[2024-06-04T21:46:03.055+0000] {logging_mixin.py:149} INFO - [2024-06-04T21:46:03.054+0000] {dag.py:2726} INFO - Sync 1 DAGs
[2024-06-04T21:46:03.170+0000] {logging_mixin.py:149} INFO - [2024-06-04T21:46:03.170+0000] {dag.py:3490} INFO - Setting next_dagrun for example_branch_python_operator_decorator to 2024-06-03T00:00:00+00:00, run_after=2024-06-04T00:00:00+00:00
[2024-06-04T21:46:03.338+0000] {processor.py:178} INFO - Processing /home/airflow/.local/lib/python3.7/site-packages/airflow/example_dags/example_branch_operator_decorator.py took 0.523 seconds
[2024-06-04T21:46:33.590+0000] {processor.py:156} INFO - Started process (PID=419) to work on /home/airflow/.local/lib/python3.7/site-packages/airflow/example_dags/example_branch_operator_decorator.py
[2024-06-04T21:46:33.594+0000] {processor.py:799} INFO - Processing file /home/airflow/.local/lib/python3.7/site-packages/airflow/example_dags/example_branch_operator_decorator.py for tasks to queue
[2024-06-04T21:46:33.596+0000] {logging_mixin.py:149} INFO - [2024-06-04T21:46:33.596+0000] {dagbag.py:541} INFO - Filling up the DagBag from /home/airflow/.local/lib/python3.7/site-packages/airflow/example_dags/example_branch_operator_decorator.py
[2024-06-04T21:46:33.618+0000] {processor.py:809} INFO - DAG(s) dict_keys(['example_branch_python_operator_decorator']) retrieved from /home/airflow/.local/lib/python3.7/site-packages/airflow/example_dags/example_branch_operator_decorator.py
[2024-06-04T21:46:33.679+0000] {logging_mixin.py:149} INFO - [2024-06-04T21:46:33.679+0000] {dag.py:2726} INFO - Sync 1 DAGs
[2024-06-04T21:46:33.747+0000] {logging_mixin.py:149} INFO - [2024-06-04T21:46:33.747+0000] {dag.py:3490} INFO - Setting next_dagrun for example_branch_python_operator_decorator to 2024-06-03T00:00:00+00:00, run_after=2024-06-04T00:00:00+00:00
[2024-06-04T21:46:33.806+0000] {processor.py:178} INFO - Processing /home/airflow/.local/lib/python3.7/site-packages/airflow/example_dags/example_branch_operator_decorator.py took 0.223 seconds
[2024-06-04T21:47:03.871+0000] {processor.py:156} INFO - Started process (PID=475) to work on /home/airflow/.local/lib/python3.7/site-packages/airflow/example_dags/example_branch_operator_decorator.py
[2024-06-04T21:47:03.873+0000] {processor.py:799} INFO - Processing file /home/airflow/.local/lib/python3.7/site-packages/airflow/example_dags/example_branch_operator_decorator.py for tasks to queue
[2024-06-04T21:47:03.876+0000] {logging_mixin.py:149} INFO - [2024-06-04T21:47:03.876+0000] {dagbag.py:541} INFO - Filling up the DagBag from /home/airflow/.local/lib/python3.7/site-packages/airflow/example_dags/example_branch_operator_decorator.py
[2024-06-04T21:47:03.895+0000] {processor.py:809} INFO - DAG(s) dict_keys(['example_branch_python_operator_decorator']) retrieved from /home/airflow/.local/lib/python3.7/site-packages/airflow/example_dags/example_branch_operator_decorator.py
[2024-06-04T21:47:03.944+0000] {logging_mixin.py:149} INFO - [2024-06-04T21:47:03.943+0000] {dag.py:2726} INFO - Sync 1 DAGs
[2024-06-04T21:47:03.990+0000] {logging_mixin.py:149} INFO - [2024-06-04T21:47:03.990+0000] {dag.py:3490} INFO - Setting next_dagrun for example_branch_python_operator_decorator to 2024-06-03T00:00:00+00:00, run_after=2024-06-04T00:00:00+00:00
[2024-06-04T21:47:04.027+0000] {processor.py:178} INFO - Processing /home/airflow/.local/lib/python3.7/site-packages/airflow/example_dags/example_branch_operator_decorator.py took 0.164 seconds
[2024-06-04T21:47:34.468+0000] {processor.py:156} INFO - Started process (PID=531) to work on /home/airflow/.local/lib/python3.7/site-packages/airflow/example_dags/example_branch_operator_decorator.py
[2024-06-04T21:47:34.470+0000] {processor.py:799} INFO - Processing file /home/airflow/.local/lib/python3.7/site-packages/airflow/example_dags/example_branch_operator_decorator.py for tasks to queue
[2024-06-04T21:47:34.473+0000] {logging_mixin.py:149} INFO - [2024-06-04T21:47:34.473+0000] {dagbag.py:541} INFO - Filling up the DagBag from /home/airflow/.local/lib/python3.7/site-packages/airflow/example_dags/example_branch_operator_decorator.py
[2024-06-04T21:47:34.499+0000] {processor.py:809} INFO - DAG(s) dict_keys(['example_branch_python_operator_decorator']) retrieved from /home/airflow/.local/lib/python3.7/site-packages/airflow/example_dags/example_branch_operator_decorator.py
[2024-06-04T21:47:34.642+0000] {logging_mixin.py:149} INFO - [2024-06-04T21:47:34.642+0000] {dag.py:2726} INFO - Sync 1 DAGs
[2024-06-04T21:47:34.821+0000] {logging_mixin.py:149} INFO - [2024-06-04T21:47:34.820+0000] {dag.py:3490} INFO - Setting next_dagrun for example_branch_python_operator_decorator to 2024-06-03T00:00:00+00:00, run_after=2024-06-04T00:00:00+00:00
[2024-06-04T21:47:34.965+0000] {processor.py:178} INFO - Processing /home/airflow/.local/lib/python3.7/site-packages/airflow/example_dags/example_branch_operator_decorator.py took 0.503 seconds
[2024-06-04T21:48:06.878+0000] {processor.py:156} INFO - Started process (PID=587) to work on /home/airflow/.local/lib/python3.7/site-packages/airflow/example_dags/example_branch_operator_decorator.py
[2024-06-04T21:48:06.883+0000] {processor.py:799} INFO - Processing file /home/airflow/.local/lib/python3.7/site-packages/airflow/example_dags/example_branch_operator_decorator.py for tasks to queue
[2024-06-04T21:48:06.890+0000] {logging_mixin.py:149} INFO - [2024-06-04T21:48:06.889+0000] {dagbag.py:541} INFO - Filling up the DagBag from /home/airflow/.local/lib/python3.7/site-packages/airflow/example_dags/example_branch_operator_decorator.py
[2024-06-04T21:48:06.917+0000] {processor.py:809} INFO - DAG(s) dict_keys(['example_branch_python_operator_decorator']) retrieved from /home/airflow/.local/lib/python3.7/site-packages/airflow/example_dags/example_branch_operator_decorator.py
[2024-06-04T21:48:07.035+0000] {logging_mixin.py:149} INFO - [2024-06-04T21:48:07.033+0000] {dag.py:2726} INFO - Sync 1 DAGs
[2024-06-04T21:48:07.147+0000] {logging_mixin.py:149} INFO - [2024-06-04T21:48:07.146+0000] {dag.py:3490} INFO - Setting next_dagrun for example_branch_python_operator_decorator to 2024-06-03T00:00:00+00:00, run_after=2024-06-04T00:00:00+00:00
[2024-06-04T21:48:07.213+0000] {processor.py:178} INFO - Processing /home/airflow/.local/lib/python3.7/site-packages/airflow/example_dags/example_branch_operator_decorator.py took 0.345 seconds
[2024-06-04T21:48:38.466+0000] {processor.py:156} INFO - Started process (PID=642) to work on /home/airflow/.local/lib/python3.7/site-packages/airflow/example_dags/example_branch_operator_decorator.py
[2024-06-04T21:48:38.469+0000] {processor.py:799} INFO - Processing file /home/airflow/.local/lib/python3.7/site-packages/airflow/example_dags/example_branch_operator_decorator.py for tasks to queue
[2024-06-04T21:48:38.471+0000] {logging_mixin.py:149} INFO - [2024-06-04T21:48:38.470+0000] {dagbag.py:541} INFO - Filling up the DagBag from /home/airflow/.local/lib/python3.7/site-packages/airflow/example_dags/example_branch_operator_decorator.py
[2024-06-04T21:48:38.503+0000] {processor.py:809} INFO - DAG(s) dict_keys(['example_branch_python_operator_decorator']) retrieved from /home/airflow/.local/lib/python3.7/site-packages/airflow/example_dags/example_branch_operator_decorator.py
[2024-06-04T21:48:38.619+0000] {logging_mixin.py:149} INFO - [2024-06-04T21:48:38.618+0000] {dag.py:2726} INFO - Sync 1 DAGs
[2024-06-04T21:48:38.786+0000] {logging_mixin.py:149} INFO - [2024-06-04T21:48:38.785+0000] {dag.py:3490} INFO - Setting next_dagrun for example_branch_python_operator_decorator to 2024-06-03T00:00:00+00:00, run_after=2024-06-04T00:00:00+00:00
[2024-06-04T21:48:38.907+0000] {processor.py:178} INFO - Processing /home/airflow/.local/lib/python3.7/site-packages/airflow/example_dags/example_branch_operator_decorator.py took 0.449 seconds
[2024-06-04T21:49:09.066+0000] {processor.py:156} INFO - Started process (PID=699) to work on /home/airflow/.local/lib/python3.7/site-packages/airflow/example_dags/example_branch_operator_decorator.py
[2024-06-04T21:49:09.071+0000] {processor.py:799} INFO - Processing file /home/airflow/.local/lib/python3.7/site-packages/airflow/example_dags/example_branch_operator_decorator.py for tasks to queue
[2024-06-04T21:49:09.073+0000] {logging_mixin.py:149} INFO - [2024-06-04T21:49:09.073+0000] {dagbag.py:541} INFO - Filling up the DagBag from /home/airflow/.local/lib/python3.7/site-packages/airflow/example_dags/example_branch_operator_decorator.py
[2024-06-04T21:49:09.101+0000] {processor.py:809} INFO - DAG(s) dict_keys(['example_branch_python_operator_decorator']) retrieved from /home/airflow/.local/lib/python3.7/site-packages/airflow/example_dags/example_branch_operator_decorator.py
[2024-06-04T21:49:09.186+0000] {logging_mixin.py:149} INFO - [2024-06-04T21:49:09.185+0000] {dag.py:2726} INFO - Sync 1 DAGs
[2024-06-04T21:49:09.273+0000] {logging_mixin.py:149} INFO - [2024-06-04T21:49:09.273+0000] {dag.py:3490} INFO - Setting next_dagrun for example_branch_python_operator_decorator to 2024-06-03T00:00:00+00:00, run_after=2024-06-04T00:00:00+00:00
[2024-06-04T21:49:09.342+0000] {processor.py:178} INFO - Processing /home/airflow/.local/lib/python3.7/site-packages/airflow/example_dags/example_branch_operator_decorator.py took 0.284 seconds
[2024-06-04T21:49:40.127+0000] {processor.py:156} INFO - Started process (PID=755) to work on /home/airflow/.local/lib/python3.7/site-packages/airflow/example_dags/example_branch_operator_decorator.py
[2024-06-04T21:49:40.129+0000] {processor.py:799} INFO - Processing file /home/airflow/.local/lib/python3.7/site-packages/airflow/example_dags/example_branch_operator_decorator.py for tasks to queue
[2024-06-04T21:49:40.131+0000] {logging_mixin.py:149} INFO - [2024-06-04T21:49:40.130+0000] {dagbag.py:541} INFO - Filling up the DagBag from /home/airflow/.local/lib/python3.7/site-packages/airflow/example_dags/example_branch_operator_decorator.py
[2024-06-04T21:49:40.149+0000] {processor.py:809} INFO - DAG(s) dict_keys(['example_branch_python_operator_decorator']) retrieved from /home/airflow/.local/lib/python3.7/site-packages/airflow/example_dags/example_branch_operator_decorator.py
[2024-06-04T21:49:40.206+0000] {logging_mixin.py:149} INFO - [2024-06-04T21:49:40.206+0000] {dag.py:2726} INFO - Sync 1 DAGs
[2024-06-04T21:49:40.270+0000] {logging_mixin.py:149} INFO - [2024-06-04T21:49:40.270+0000] {dag.py:3490} INFO - Setting next_dagrun for example_branch_python_operator_decorator to 2024-06-03T00:00:00+00:00, run_after=2024-06-04T00:00:00+00:00
[2024-06-04T21:49:40.315+0000] {processor.py:178} INFO - Processing /home/airflow/.local/lib/python3.7/site-packages/airflow/example_dags/example_branch_operator_decorator.py took 0.194 seconds
[2024-06-04T21:50:11.147+0000] {processor.py:156} INFO - Started process (PID=811) to work on /home/airflow/.local/lib/python3.7/site-packages/airflow/example_dags/example_branch_operator_decorator.py
[2024-06-04T21:50:11.148+0000] {processor.py:799} INFO - Processing file /home/airflow/.local/lib/python3.7/site-packages/airflow/example_dags/example_branch_operator_decorator.py for tasks to queue
[2024-06-04T21:50:11.150+0000] {logging_mixin.py:149} INFO - [2024-06-04T21:50:11.150+0000] {dagbag.py:541} INFO - Filling up the DagBag from /home/airflow/.local/lib/python3.7/site-packages/airflow/example_dags/example_branch_operator_decorator.py
[2024-06-04T21:50:11.168+0000] {processor.py:809} INFO - DAG(s) dict_keys(['example_branch_python_operator_decorator']) retrieved from /home/airflow/.local/lib/python3.7/site-packages/airflow/example_dags/example_branch_operator_decorator.py
[2024-06-04T21:50:11.210+0000] {logging_mixin.py:149} INFO - [2024-06-04T21:50:11.210+0000] {dag.py:2726} INFO - Sync 1 DAGs
[2024-06-04T21:50:11.266+0000] {logging_mixin.py:149} INFO - [2024-06-04T21:50:11.266+0000] {dag.py:3490} INFO - Setting next_dagrun for example_branch_python_operator_decorator to 2024-06-03T00:00:00+00:00, run_after=2024-06-04T00:00:00+00:00
[2024-06-04T21:50:11.303+0000] {processor.py:178} INFO - Processing /home/airflow/.local/lib/python3.7/site-packages/airflow/example_dags/example_branch_operator_decorator.py took 0.162 seconds
[2024-06-04T21:50:41.881+0000] {processor.py:156} INFO - Started process (PID=867) to work on /home/airflow/.local/lib/python3.7/site-packages/airflow/example_dags/example_branch_operator_decorator.py
[2024-06-04T21:50:41.882+0000] {processor.py:799} INFO - Processing file /home/airflow/.local/lib/python3.7/site-packages/airflow/example_dags/example_branch_operator_decorator.py for tasks to queue
[2024-06-04T21:50:41.884+0000] {logging_mixin.py:149} INFO - [2024-06-04T21:50:41.883+0000] {dagbag.py:541} INFO - Filling up the DagBag from /home/airflow/.local/lib/python3.7/site-packages/airflow/example_dags/example_branch_operator_decorator.py
[2024-06-04T21:50:41.901+0000] {processor.py:809} INFO - DAG(s) dict_keys(['example_branch_python_operator_decorator']) retrieved from /home/airflow/.local/lib/python3.7/site-packages/airflow/example_dags/example_branch_operator_decorator.py
[2024-06-04T21:50:41.950+0000] {logging_mixin.py:149} INFO - [2024-06-04T21:50:41.950+0000] {dag.py:2726} INFO - Sync 1 DAGs
[2024-06-04T21:50:41.997+0000] {logging_mixin.py:149} INFO - [2024-06-04T21:50:41.997+0000] {dag.py:3490} INFO - Setting next_dagrun for example_branch_python_operator_decorator to 2024-06-03T00:00:00+00:00, run_after=2024-06-04T00:00:00+00:00
[2024-06-04T21:50:42.036+0000] {processor.py:178} INFO - Processing /home/airflow/.local/lib/python3.7/site-packages/airflow/example_dags/example_branch_operator_decorator.py took 0.160 seconds
[2024-06-04T21:51:13.103+0000] {processor.py:156} INFO - Started process (PID=922) to work on /home/airflow/.local/lib/python3.7/site-packages/airflow/example_dags/example_branch_operator_decorator.py
[2024-06-04T21:51:13.106+0000] {processor.py:799} INFO - Processing file /home/airflow/.local/lib/python3.7/site-packages/airflow/example_dags/example_branch_operator_decorator.py for tasks to queue
[2024-06-04T21:51:13.108+0000] {logging_mixin.py:149} INFO - [2024-06-04T21:51:13.107+0000] {dagbag.py:541} INFO - Filling up the DagBag from /home/airflow/.local/lib/python3.7/site-packages/airflow/example_dags/example_branch_operator_decorator.py
[2024-06-04T21:51:13.143+0000] {processor.py:809} INFO - DAG(s) dict_keys(['example_branch_python_operator_decorator']) retrieved from /home/airflow/.local/lib/python3.7/site-packages/airflow/example_dags/example_branch_operator_decorator.py
[2024-06-04T21:51:13.268+0000] {logging_mixin.py:149} INFO - [2024-06-04T21:51:13.268+0000] {dag.py:2726} INFO - Sync 1 DAGs
[2024-06-04T21:51:13.564+0000] {logging_mixin.py:149} INFO - [2024-06-04T21:51:13.563+0000] {dag.py:3490} INFO - Setting next_dagrun for example_branch_python_operator_decorator to 2024-06-03T00:00:00+00:00, run_after=2024-06-04T00:00:00+00:00
[2024-06-04T21:51:13.684+0000] {processor.py:178} INFO - Processing /home/airflow/.local/lib/python3.7/site-packages/airflow/example_dags/example_branch_operator_decorator.py took 0.591 seconds
[2024-06-04T21:51:43.822+0000] {processor.py:156} INFO - Started process (PID=978) to work on /home/airflow/.local/lib/python3.7/site-packages/airflow/example_dags/example_branch_operator_decorator.py
[2024-06-04T21:51:43.823+0000] {processor.py:799} INFO - Processing file /home/airflow/.local/lib/python3.7/site-packages/airflow/example_dags/example_branch_operator_decorator.py for tasks to queue
[2024-06-04T21:51:43.826+0000] {logging_mixin.py:149} INFO - [2024-06-04T21:51:43.825+0000] {dagbag.py:541} INFO - Filling up the DagBag from /home/airflow/.local/lib/python3.7/site-packages/airflow/example_dags/example_branch_operator_decorator.py
[2024-06-04T21:51:43.841+0000] {processor.py:809} INFO - DAG(s) dict_keys(['example_branch_python_operator_decorator']) retrieved from /home/airflow/.local/lib/python3.7/site-packages/airflow/example_dags/example_branch_operator_decorator.py
[2024-06-04T21:51:43.879+0000] {logging_mixin.py:149} INFO - [2024-06-04T21:51:43.879+0000] {dag.py:2726} INFO - Sync 1 DAGs
[2024-06-04T21:51:43.919+0000] {logging_mixin.py:149} INFO - [2024-06-04T21:51:43.919+0000] {dag.py:3490} INFO - Setting next_dagrun for example_branch_python_operator_decorator to 2024-06-03T00:00:00+00:00, run_after=2024-06-04T00:00:00+00:00
[2024-06-04T21:51:43.950+0000] {processor.py:178} INFO - Processing /home/airflow/.local/lib/python3.7/site-packages/airflow/example_dags/example_branch_operator_decorator.py took 0.133 seconds
