[2024-06-04T21:43:23.255+0000] {processor.py:156} INFO - Started process (PID=90) to work on /home/airflow/.local/lib/python3.7/site-packages/airflow/example_dags/example_short_circuit_decorator.py
[2024-06-04T21:43:23.280+0000] {processor.py:799} INFO - Processing file /home/airflow/.local/lib/python3.7/site-packages/airflow/example_dags/example_short_circuit_decorator.py for tasks to queue
[2024-06-04T21:43:23.296+0000] {logging_mixin.py:149} INFO - [2024-06-04T21:43:23.295+0000] {dagbag.py:541} INFO - Filling up the DagBag from /home/airflow/.local/lib/python3.7/site-packages/airflow/example_dags/example_short_circuit_decorator.py
[2024-06-04T21:43:23.412+0000] {processor.py:809} INFO - DAG(s) dict_keys(['example_short_circuit_decorator']) retrieved from /home/airflow/.local/lib/python3.7/site-packages/airflow/example_dags/example_short_circuit_decorator.py
[2024-06-04T21:43:23.511+0000] {logging_mixin.py:149} INFO - [2024-06-04T21:43:23.509+0000] {dag.py:2726} INFO - Sync 1 DAGs
[2024-06-04T21:43:23.827+0000] {logging_mixin.py:149} INFO - [2024-06-04T21:43:23.826+0000] {dag.py:2747} INFO - Creating ORM DAG for example_short_circuit_decorator
[2024-06-04T21:43:24.044+0000] {logging_mixin.py:149} INFO - [2024-06-04T21:43:24.037+0000] {dag.py:3490} INFO - Setting next_dagrun for example_short_circuit_decorator to 2024-06-03T21:43:24.034624+00:00, run_after=2024-06-04T21:43:24.034624+00:00
[2024-06-04T21:43:24.304+0000] {processor.py:178} INFO - Processing /home/airflow/.local/lib/python3.7/site-packages/airflow/example_dags/example_short_circuit_decorator.py took 1.080 seconds
[2024-06-04T21:44:00.874+0000] {processor.py:156} INFO - Started process (PID=146) to work on /home/airflow/.local/lib/python3.7/site-packages/airflow/example_dags/example_short_circuit_decorator.py
[2024-06-04T21:44:00.878+0000] {processor.py:799} INFO - Processing file /home/airflow/.local/lib/python3.7/site-packages/airflow/example_dags/example_short_circuit_decorator.py for tasks to queue
[2024-06-04T21:44:00.886+0000] {logging_mixin.py:149} INFO - [2024-06-04T21:44:00.881+0000] {dagbag.py:541} INFO - Filling up the DagBag from /home/airflow/.local/lib/python3.7/site-packages/airflow/example_dags/example_short_circuit_decorator.py
[2024-06-04T21:44:00.916+0000] {processor.py:809} INFO - DAG(s) dict_keys(['example_short_circuit_decorator']) retrieved from /home/airflow/.local/lib/python3.7/site-packages/airflow/example_dags/example_short_circuit_decorator.py
[2024-06-04T21:44:01.076+0000] {logging_mixin.py:149} INFO - [2024-06-04T21:44:01.076+0000] {dag.py:2726} INFO - Sync 1 DAGs
[2024-06-04T21:44:01.343+0000] {logging_mixin.py:149} INFO - [2024-06-04T21:44:01.343+0000] {dag.py:3490} INFO - Setting next_dagrun for example_short_circuit_decorator to 2024-06-03T21:44:01.337199+00:00, run_after=2024-06-04T21:44:01.337199+00:00
[2024-06-04T21:44:01.433+0000] {processor.py:178} INFO - Processing /home/airflow/.local/lib/python3.7/site-packages/airflow/example_dags/example_short_circuit_decorator.py took 0.580 seconds
[2024-06-04T21:44:31.815+0000] {processor.py:156} INFO - Started process (PID=201) to work on /home/airflow/.local/lib/python3.7/site-packages/airflow/example_dags/example_short_circuit_decorator.py
[2024-06-04T21:44:31.817+0000] {processor.py:799} INFO - Processing file /home/airflow/.local/lib/python3.7/site-packages/airflow/example_dags/example_short_circuit_decorator.py for tasks to queue
[2024-06-04T21:44:31.819+0000] {logging_mixin.py:149} INFO - [2024-06-04T21:44:31.819+0000] {dagbag.py:541} INFO - Filling up the DagBag from /home/airflow/.local/lib/python3.7/site-packages/airflow/example_dags/example_short_circuit_decorator.py
[2024-06-04T21:44:31.846+0000] {processor.py:809} INFO - DAG(s) dict_keys(['example_short_circuit_decorator']) retrieved from /home/airflow/.local/lib/python3.7/site-packages/airflow/example_dags/example_short_circuit_decorator.py
[2024-06-04T21:44:31.906+0000] {logging_mixin.py:149} INFO - [2024-06-04T21:44:31.905+0000] {dag.py:2726} INFO - Sync 1 DAGs
[2024-06-04T21:44:31.975+0000] {logging_mixin.py:149} INFO - [2024-06-04T21:44:31.975+0000] {dag.py:3490} INFO - Setting next_dagrun for example_short_circuit_decorator to 2024-06-03T21:44:31.974692+00:00, run_after=2024-06-04T21:44:31.974692+00:00
[2024-06-04T21:44:32.026+0000] {processor.py:178} INFO - Processing /home/airflow/.local/lib/python3.7/site-packages/airflow/example_dags/example_short_circuit_decorator.py took 0.217 seconds
[2024-06-04T21:45:04.060+0000] {processor.py:156} INFO - Started process (PID=264) to work on /home/airflow/.local/lib/python3.7/site-packages/airflow/example_dags/example_short_circuit_decorator.py
[2024-06-04T21:45:04.061+0000] {processor.py:799} INFO - Processing file /home/airflow/.local/lib/python3.7/site-packages/airflow/example_dags/example_short_circuit_decorator.py for tasks to queue
[2024-06-04T21:45:04.064+0000] {logging_mixin.py:149} INFO - [2024-06-04T21:45:04.063+0000] {dagbag.py:541} INFO - Filling up the DagBag from /home/airflow/.local/lib/python3.7/site-packages/airflow/example_dags/example_short_circuit_decorator.py
[2024-06-04T21:45:04.086+0000] {processor.py:809} INFO - DAG(s) dict_keys(['example_short_circuit_decorator']) retrieved from /home/airflow/.local/lib/python3.7/site-packages/airflow/example_dags/example_short_circuit_decorator.py
[2024-06-04T21:45:04.124+0000] {logging_mixin.py:149} INFO - [2024-06-04T21:45:04.124+0000] {dag.py:2726} INFO - Sync 1 DAGs
[2024-06-04T21:45:04.165+0000] {logging_mixin.py:149} INFO - [2024-06-04T21:45:04.164+0000] {dag.py:3490} INFO - Setting next_dagrun for example_short_circuit_decorator to 2024-06-03T21:45:04.164556+00:00, run_after=2024-06-04T21:45:04.164556+00:00
[2024-06-04T21:45:04.214+0000] {processor.py:178} INFO - Processing /home/airflow/.local/lib/python3.7/site-packages/airflow/example_dags/example_short_circuit_decorator.py took 0.159 seconds
[2024-06-04T21:45:35.195+0000] {processor.py:156} INFO - Started process (PID=319) to work on /home/airflow/.local/lib/python3.7/site-packages/airflow/example_dags/example_short_circuit_decorator.py
[2024-06-04T21:45:35.206+0000] {processor.py:799} INFO - Processing file /home/airflow/.local/lib/python3.7/site-packages/airflow/example_dags/example_short_circuit_decorator.py for tasks to queue
[2024-06-04T21:45:35.217+0000] {logging_mixin.py:149} INFO - [2024-06-04T21:45:35.210+0000] {dagbag.py:541} INFO - Filling up the DagBag from /home/airflow/.local/lib/python3.7/site-packages/airflow/example_dags/example_short_circuit_decorator.py
[2024-06-04T21:45:35.268+0000] {processor.py:809} INFO - DAG(s) dict_keys(['example_short_circuit_decorator']) retrieved from /home/airflow/.local/lib/python3.7/site-packages/airflow/example_dags/example_short_circuit_decorator.py
[2024-06-04T21:45:35.368+0000] {logging_mixin.py:149} INFO - [2024-06-04T21:45:35.366+0000] {dag.py:2726} INFO - Sync 1 DAGs
[2024-06-04T21:45:35.435+0000] {logging_mixin.py:149} INFO - [2024-06-04T21:45:35.435+0000] {dag.py:3490} INFO - Setting next_dagrun for example_short_circuit_decorator to 2024-06-03T21:45:35.435406+00:00, run_after=2024-06-04T21:45:35.435406+00:00
[2024-06-04T21:45:35.487+0000] {processor.py:178} INFO - Processing /home/airflow/.local/lib/python3.7/site-packages/airflow/example_dags/example_short_circuit_decorator.py took 0.310 seconds
[2024-06-04T21:46:09.256+0000] {processor.py:156} INFO - Started process (PID=375) to work on /home/airflow/.local/lib/python3.7/site-packages/airflow/example_dags/example_short_circuit_decorator.py
[2024-06-04T21:46:09.264+0000] {processor.py:799} INFO - Processing file /home/airflow/.local/lib/python3.7/site-packages/airflow/example_dags/example_short_circuit_decorator.py for tasks to queue
[2024-06-04T21:46:09.276+0000] {logging_mixin.py:149} INFO - [2024-06-04T21:46:09.273+0000] {dagbag.py:541} INFO - Filling up the DagBag from /home/airflow/.local/lib/python3.7/site-packages/airflow/example_dags/example_short_circuit_decorator.py
[2024-06-04T21:46:09.325+0000] {processor.py:809} INFO - DAG(s) dict_keys(['example_short_circuit_decorator']) retrieved from /home/airflow/.local/lib/python3.7/site-packages/airflow/example_dags/example_short_circuit_decorator.py
[2024-06-04T21:46:09.683+0000] {logging_mixin.py:149} INFO - [2024-06-04T21:46:09.682+0000] {dag.py:2726} INFO - Sync 1 DAGs
[2024-06-04T21:46:09.855+0000] {logging_mixin.py:149} INFO - [2024-06-04T21:46:09.855+0000] {dag.py:3490} INFO - Setting next_dagrun for example_short_circuit_decorator to 2024-06-03T21:46:09.854950+00:00, run_after=2024-06-04T21:46:09.854950+00:00
[2024-06-04T21:46:10.025+0000] {processor.py:178} INFO - Processing /home/airflow/.local/lib/python3.7/site-packages/airflow/example_dags/example_short_circuit_decorator.py took 0.785 seconds
[2024-06-04T21:46:40.888+0000] {processor.py:156} INFO - Started process (PID=431) to work on /home/airflow/.local/lib/python3.7/site-packages/airflow/example_dags/example_short_circuit_decorator.py
[2024-06-04T21:46:40.892+0000] {processor.py:799} INFO - Processing file /home/airflow/.local/lib/python3.7/site-packages/airflow/example_dags/example_short_circuit_decorator.py for tasks to queue
[2024-06-04T21:46:40.896+0000] {logging_mixin.py:149} INFO - [2024-06-04T21:46:40.895+0000] {dagbag.py:541} INFO - Filling up the DagBag from /home/airflow/.local/lib/python3.7/site-packages/airflow/example_dags/example_short_circuit_decorator.py
[2024-06-04T21:46:40.919+0000] {processor.py:809} INFO - DAG(s) dict_keys(['example_short_circuit_decorator']) retrieved from /home/airflow/.local/lib/python3.7/site-packages/airflow/example_dags/example_short_circuit_decorator.py
[2024-06-04T21:46:40.978+0000] {logging_mixin.py:149} INFO - [2024-06-04T21:46:40.977+0000] {dag.py:2726} INFO - Sync 1 DAGs
[2024-06-04T21:46:41.033+0000] {logging_mixin.py:149} INFO - [2024-06-04T21:46:41.033+0000] {dag.py:3490} INFO - Setting next_dagrun for example_short_circuit_decorator to 2024-06-03T21:46:41.032855+00:00, run_after=2024-06-04T21:46:41.032855+00:00
[2024-06-04T21:46:41.078+0000] {processor.py:178} INFO - Processing /home/airflow/.local/lib/python3.7/site-packages/airflow/example_dags/example_short_circuit_decorator.py took 0.203 seconds
[2024-06-04T21:47:11.430+0000] {processor.py:156} INFO - Started process (PID=487) to work on /home/airflow/.local/lib/python3.7/site-packages/airflow/example_dags/example_short_circuit_decorator.py
[2024-06-04T21:47:11.432+0000] {processor.py:799} INFO - Processing file /home/airflow/.local/lib/python3.7/site-packages/airflow/example_dags/example_short_circuit_decorator.py for tasks to queue
[2024-06-04T21:47:11.434+0000] {logging_mixin.py:149} INFO - [2024-06-04T21:47:11.434+0000] {dagbag.py:541} INFO - Filling up the DagBag from /home/airflow/.local/lib/python3.7/site-packages/airflow/example_dags/example_short_circuit_decorator.py
[2024-06-04T21:47:11.454+0000] {processor.py:809} INFO - DAG(s) dict_keys(['example_short_circuit_decorator']) retrieved from /home/airflow/.local/lib/python3.7/site-packages/airflow/example_dags/example_short_circuit_decorator.py
[2024-06-04T21:47:11.494+0000] {logging_mixin.py:149} INFO - [2024-06-04T21:47:11.493+0000] {dag.py:2726} INFO - Sync 1 DAGs
[2024-06-04T21:47:11.548+0000] {logging_mixin.py:149} INFO - [2024-06-04T21:47:11.547+0000] {dag.py:3490} INFO - Setting next_dagrun for example_short_circuit_decorator to 2024-06-03T21:47:11.547238+00:00, run_after=2024-06-04T21:47:11.547238+00:00
[2024-06-04T21:47:11.589+0000] {processor.py:178} INFO - Processing /home/airflow/.local/lib/python3.7/site-packages/airflow/example_dags/example_short_circuit_decorator.py took 0.165 seconds
[2024-06-04T21:47:42.965+0000] {processor.py:156} INFO - Started process (PID=543) to work on /home/airflow/.local/lib/python3.7/site-packages/airflow/example_dags/example_short_circuit_decorator.py
[2024-06-04T21:47:42.970+0000] {processor.py:799} INFO - Processing file /home/airflow/.local/lib/python3.7/site-packages/airflow/example_dags/example_short_circuit_decorator.py for tasks to queue
[2024-06-04T21:47:42.983+0000] {logging_mixin.py:149} INFO - [2024-06-04T21:47:42.983+0000] {dagbag.py:541} INFO - Filling up the DagBag from /home/airflow/.local/lib/python3.7/site-packages/airflow/example_dags/example_short_circuit_decorator.py
[2024-06-04T21:47:43.044+0000] {processor.py:809} INFO - DAG(s) dict_keys(['example_short_circuit_decorator']) retrieved from /home/airflow/.local/lib/python3.7/site-packages/airflow/example_dags/example_short_circuit_decorator.py
[2024-06-04T21:47:43.205+0000] {logging_mixin.py:149} INFO - [2024-06-04T21:47:43.204+0000] {dag.py:2726} INFO - Sync 1 DAGs
[2024-06-04T21:47:43.336+0000] {logging_mixin.py:149} INFO - [2024-06-04T21:47:43.333+0000] {dag.py:3490} INFO - Setting next_dagrun for example_short_circuit_decorator to 2024-06-03T21:47:43.333103+00:00, run_after=2024-06-04T21:47:43.333103+00:00
[2024-06-04T21:47:43.562+0000] {processor.py:178} INFO - Processing /home/airflow/.local/lib/python3.7/site-packages/airflow/example_dags/example_short_circuit_decorator.py took 0.615 seconds
[2024-06-04T21:48:13.853+0000] {processor.py:156} INFO - Started process (PID=599) to work on /home/airflow/.local/lib/python3.7/site-packages/airflow/example_dags/example_short_circuit_decorator.py
[2024-06-04T21:48:13.855+0000] {processor.py:799} INFO - Processing file /home/airflow/.local/lib/python3.7/site-packages/airflow/example_dags/example_short_circuit_decorator.py for tasks to queue
[2024-06-04T21:48:13.857+0000] {logging_mixin.py:149} INFO - [2024-06-04T21:48:13.856+0000] {dagbag.py:541} INFO - Filling up the DagBag from /home/airflow/.local/lib/python3.7/site-packages/airflow/example_dags/example_short_circuit_decorator.py
[2024-06-04T21:48:13.876+0000] {processor.py:809} INFO - DAG(s) dict_keys(['example_short_circuit_decorator']) retrieved from /home/airflow/.local/lib/python3.7/site-packages/airflow/example_dags/example_short_circuit_decorator.py
[2024-06-04T21:48:13.922+0000] {logging_mixin.py:149} INFO - [2024-06-04T21:48:13.922+0000] {dag.py:2726} INFO - Sync 1 DAGs
[2024-06-04T21:48:13.973+0000] {logging_mixin.py:149} INFO - [2024-06-04T21:48:13.973+0000] {dag.py:3490} INFO - Setting next_dagrun for example_short_circuit_decorator to 2024-06-03T21:48:13.972909+00:00, run_after=2024-06-04T21:48:13.972909+00:00
[2024-06-04T21:48:14.028+0000] {processor.py:178} INFO - Processing /home/airflow/.local/lib/python3.7/site-packages/airflow/example_dags/example_short_circuit_decorator.py took 0.181 seconds
[2024-06-04T21:48:44.257+0000] {processor.py:156} INFO - Started process (PID=654) to work on /home/airflow/.local/lib/python3.7/site-packages/airflow/example_dags/example_short_circuit_decorator.py
[2024-06-04T21:48:44.259+0000] {processor.py:799} INFO - Processing file /home/airflow/.local/lib/python3.7/site-packages/airflow/example_dags/example_short_circuit_decorator.py for tasks to queue
[2024-06-04T21:48:44.261+0000] {logging_mixin.py:149} INFO - [2024-06-04T21:48:44.261+0000] {dagbag.py:541} INFO - Filling up the DagBag from /home/airflow/.local/lib/python3.7/site-packages/airflow/example_dags/example_short_circuit_decorator.py
[2024-06-04T21:48:44.281+0000] {processor.py:809} INFO - DAG(s) dict_keys(['example_short_circuit_decorator']) retrieved from /home/airflow/.local/lib/python3.7/site-packages/airflow/example_dags/example_short_circuit_decorator.py
[2024-06-04T21:48:44.326+0000] {logging_mixin.py:149} INFO - [2024-06-04T21:48:44.325+0000] {dag.py:2726} INFO - Sync 1 DAGs
[2024-06-04T21:48:44.368+0000] {logging_mixin.py:149} INFO - [2024-06-04T21:48:44.368+0000] {dag.py:3490} INFO - Setting next_dagrun for example_short_circuit_decorator to 2024-06-03T21:48:44.368136+00:00, run_after=2024-06-04T21:48:44.368136+00:00
[2024-06-04T21:48:44.413+0000] {processor.py:178} INFO - Processing /home/airflow/.local/lib/python3.7/site-packages/airflow/example_dags/example_short_circuit_decorator.py took 0.162 seconds
[2024-06-04T21:49:14.564+0000] {processor.py:156} INFO - Started process (PID=711) to work on /home/airflow/.local/lib/python3.7/site-packages/airflow/example_dags/example_short_circuit_decorator.py
[2024-06-04T21:49:14.566+0000] {processor.py:799} INFO - Processing file /home/airflow/.local/lib/python3.7/site-packages/airflow/example_dags/example_short_circuit_decorator.py for tasks to queue
[2024-06-04T21:49:14.571+0000] {logging_mixin.py:149} INFO - [2024-06-04T21:49:14.571+0000] {dagbag.py:541} INFO - Filling up the DagBag from /home/airflow/.local/lib/python3.7/site-packages/airflow/example_dags/example_short_circuit_decorator.py
[2024-06-04T21:49:14.587+0000] {processor.py:809} INFO - DAG(s) dict_keys(['example_short_circuit_decorator']) retrieved from /home/airflow/.local/lib/python3.7/site-packages/airflow/example_dags/example_short_circuit_decorator.py
[2024-06-04T21:49:14.633+0000] {logging_mixin.py:149} INFO - [2024-06-04T21:49:14.633+0000] {dag.py:2726} INFO - Sync 1 DAGs
[2024-06-04T21:49:14.673+0000] {logging_mixin.py:149} INFO - [2024-06-04T21:49:14.673+0000] {dag.py:3490} INFO - Setting next_dagrun for example_short_circuit_decorator to 2024-06-03T21:49:14.672671+00:00, run_after=2024-06-04T21:49:14.672671+00:00
[2024-06-04T21:49:14.708+0000] {processor.py:178} INFO - Processing /home/airflow/.local/lib/python3.7/site-packages/airflow/example_dags/example_short_circuit_decorator.py took 0.151 seconds
[2024-06-04T21:49:45.904+0000] {processor.py:156} INFO - Started process (PID=767) to work on /home/airflow/.local/lib/python3.7/site-packages/airflow/example_dags/example_short_circuit_decorator.py
[2024-06-04T21:49:45.907+0000] {processor.py:799} INFO - Processing file /home/airflow/.local/lib/python3.7/site-packages/airflow/example_dags/example_short_circuit_decorator.py for tasks to queue
[2024-06-04T21:49:45.909+0000] {logging_mixin.py:149} INFO - [2024-06-04T21:49:45.909+0000] {dagbag.py:541} INFO - Filling up the DagBag from /home/airflow/.local/lib/python3.7/site-packages/airflow/example_dags/example_short_circuit_decorator.py
[2024-06-04T21:49:45.937+0000] {processor.py:809} INFO - DAG(s) dict_keys(['example_short_circuit_decorator']) retrieved from /home/airflow/.local/lib/python3.7/site-packages/airflow/example_dags/example_short_circuit_decorator.py
[2024-06-04T21:49:46.011+0000] {logging_mixin.py:149} INFO - [2024-06-04T21:49:46.011+0000] {dag.py:2726} INFO - Sync 1 DAGs
[2024-06-04T21:49:46.071+0000] {logging_mixin.py:149} INFO - [2024-06-04T21:49:46.071+0000] {dag.py:3490} INFO - Setting next_dagrun for example_short_circuit_decorator to 2024-06-03T21:49:46.070826+00:00, run_after=2024-06-04T21:49:46.070826+00:00
[2024-06-04T21:49:46.120+0000] {processor.py:178} INFO - Processing /home/airflow/.local/lib/python3.7/site-packages/airflow/example_dags/example_short_circuit_decorator.py took 0.220 seconds
[2024-06-04T21:50:16.527+0000] {processor.py:156} INFO - Started process (PID=823) to work on /home/airflow/.local/lib/python3.7/site-packages/airflow/example_dags/example_short_circuit_decorator.py
[2024-06-04T21:50:16.529+0000] {processor.py:799} INFO - Processing file /home/airflow/.local/lib/python3.7/site-packages/airflow/example_dags/example_short_circuit_decorator.py for tasks to queue
[2024-06-04T21:50:16.532+0000] {logging_mixin.py:149} INFO - [2024-06-04T21:50:16.532+0000] {dagbag.py:541} INFO - Filling up the DagBag from /home/airflow/.local/lib/python3.7/site-packages/airflow/example_dags/example_short_circuit_decorator.py
[2024-06-04T21:50:16.564+0000] {processor.py:809} INFO - DAG(s) dict_keys(['example_short_circuit_decorator']) retrieved from /home/airflow/.local/lib/python3.7/site-packages/airflow/example_dags/example_short_circuit_decorator.py
[2024-06-04T21:50:16.717+0000] {logging_mixin.py:149} INFO - [2024-06-04T21:50:16.715+0000] {dag.py:2726} INFO - Sync 1 DAGs
[2024-06-04T21:50:16.780+0000] {logging_mixin.py:149} INFO - [2024-06-04T21:50:16.779+0000] {dag.py:3490} INFO - Setting next_dagrun for example_short_circuit_decorator to 2024-06-03T21:50:16.779294+00:00, run_after=2024-06-04T21:50:16.779294+00:00
[2024-06-04T21:50:16.848+0000] {processor.py:178} INFO - Processing /home/airflow/.local/lib/python3.7/site-packages/airflow/example_dags/example_short_circuit_decorator.py took 0.328 seconds
[2024-06-04T21:50:47.011+0000] {processor.py:156} INFO - Started process (PID=879) to work on /home/airflow/.local/lib/python3.7/site-packages/airflow/example_dags/example_short_circuit_decorator.py
[2024-06-04T21:50:47.013+0000] {processor.py:799} INFO - Processing file /home/airflow/.local/lib/python3.7/site-packages/airflow/example_dags/example_short_circuit_decorator.py for tasks to queue
[2024-06-04T21:50:47.015+0000] {logging_mixin.py:149} INFO - [2024-06-04T21:50:47.014+0000] {dagbag.py:541} INFO - Filling up the DagBag from /home/airflow/.local/lib/python3.7/site-packages/airflow/example_dags/example_short_circuit_decorator.py
[2024-06-04T21:50:47.035+0000] {processor.py:809} INFO - DAG(s) dict_keys(['example_short_circuit_decorator']) retrieved from /home/airflow/.local/lib/python3.7/site-packages/airflow/example_dags/example_short_circuit_decorator.py
[2024-06-04T21:50:47.092+0000] {logging_mixin.py:149} INFO - [2024-06-04T21:50:47.092+0000] {dag.py:2726} INFO - Sync 1 DAGs
[2024-06-04T21:50:47.153+0000] {logging_mixin.py:149} INFO - [2024-06-04T21:50:47.152+0000] {dag.py:3490} INFO - Setting next_dagrun for example_short_circuit_decorator to 2024-06-03T21:50:47.152297+00:00, run_after=2024-06-04T21:50:47.152297+00:00
[2024-06-04T21:50:47.219+0000] {processor.py:178} INFO - Processing /home/airflow/.local/lib/python3.7/site-packages/airflow/example_dags/example_short_circuit_decorator.py took 0.213 seconds
[2024-06-04T21:51:17.716+0000] {processor.py:156} INFO - Started process (PID=933) to work on /home/airflow/.local/lib/python3.7/site-packages/airflow/example_dags/example_short_circuit_decorator.py
[2024-06-04T21:51:17.719+0000] {processor.py:799} INFO - Processing file /home/airflow/.local/lib/python3.7/site-packages/airflow/example_dags/example_short_circuit_decorator.py for tasks to queue
[2024-06-04T21:51:17.735+0000] {logging_mixin.py:149} INFO - [2024-06-04T21:51:17.727+0000] {dagbag.py:541} INFO - Filling up the DagBag from /home/airflow/.local/lib/python3.7/site-packages/airflow/example_dags/example_short_circuit_decorator.py
[2024-06-04T21:51:17.772+0000] {processor.py:809} INFO - DAG(s) dict_keys(['example_short_circuit_decorator']) retrieved from /home/airflow/.local/lib/python3.7/site-packages/airflow/example_dags/example_short_circuit_decorator.py
[2024-06-04T21:51:17.921+0000] {logging_mixin.py:149} INFO - [2024-06-04T21:51:17.921+0000] {dag.py:2726} INFO - Sync 1 DAGs
[2024-06-04T21:51:18.016+0000] {logging_mixin.py:149} INFO - [2024-06-04T21:51:18.016+0000] {dag.py:3490} INFO - Setting next_dagrun for example_short_circuit_decorator to 2024-06-03T21:51:18.015522+00:00, run_after=2024-06-04T21:51:18.015522+00:00
[2024-06-04T21:51:18.069+0000] {processor.py:178} INFO - Processing /home/airflow/.local/lib/python3.7/site-packages/airflow/example_dags/example_short_circuit_decorator.py took 0.360 seconds
[2024-06-04T21:51:49.542+0000] {processor.py:156} INFO - Started process (PID=991) to work on /home/airflow/.local/lib/python3.7/site-packages/airflow/example_dags/example_short_circuit_decorator.py
[2024-06-04T21:51:49.545+0000] {processor.py:799} INFO - Processing file /home/airflow/.local/lib/python3.7/site-packages/airflow/example_dags/example_short_circuit_decorator.py for tasks to queue
[2024-06-04T21:51:49.547+0000] {logging_mixin.py:149} INFO - [2024-06-04T21:51:49.546+0000] {dagbag.py:541} INFO - Filling up the DagBag from /home/airflow/.local/lib/python3.7/site-packages/airflow/example_dags/example_short_circuit_decorator.py
[2024-06-04T21:51:49.563+0000] {processor.py:809} INFO - DAG(s) dict_keys(['example_short_circuit_decorator']) retrieved from /home/airflow/.local/lib/python3.7/site-packages/airflow/example_dags/example_short_circuit_decorator.py
[2024-06-04T21:51:49.614+0000] {logging_mixin.py:149} INFO - [2024-06-04T21:51:49.614+0000] {dag.py:2726} INFO - Sync 1 DAGs
[2024-06-04T21:51:49.669+0000] {logging_mixin.py:149} INFO - [2024-06-04T21:51:49.669+0000] {dag.py:3490} INFO - Setting next_dagrun for example_short_circuit_decorator to 2024-06-03T21:51:49.669184+00:00, run_after=2024-06-04T21:51:49.669184+00:00
[2024-06-04T21:51:49.717+0000] {processor.py:178} INFO - Processing /home/airflow/.local/lib/python3.7/site-packages/airflow/example_dags/example_short_circuit_decorator.py took 0.179 seconds
