[2024-06-04T21:43:28.715+0000] {processor.py:156} INFO - Started process (PID=96) to work on /home/airflow/.local/lib/python3.7/site-packages/airflow/example_dags/example_skip_dag.py
[2024-06-04T21:43:28.727+0000] {processor.py:799} INFO - Processing file /home/airflow/.local/lib/python3.7/site-packages/airflow/example_dags/example_skip_dag.py for tasks to queue
[2024-06-04T21:43:28.746+0000] {logging_mixin.py:149} INFO - [2024-06-04T21:43:28.746+0000] {dagbag.py:541} INFO - Filling up the DagBag from /home/airflow/.local/lib/python3.7/site-packages/airflow/example_dags/example_skip_dag.py
[2024-06-04T21:43:28.903+0000] {processor.py:809} INFO - DAG(s) dict_keys(['example_skip_dag']) retrieved from /home/airflow/.local/lib/python3.7/site-packages/airflow/example_dags/example_skip_dag.py
[2024-06-04T21:43:29.087+0000] {logging_mixin.py:149} INFO - [2024-06-04T21:43:29.084+0000] {dag.py:2726} INFO - Sync 1 DAGs
[2024-06-04T21:43:29.480+0000] {logging_mixin.py:149} INFO - [2024-06-04T21:43:29.480+0000] {dag.py:2747} INFO - Creating ORM DAG for example_skip_dag
[2024-06-04T21:43:29.793+0000] {logging_mixin.py:149} INFO - [2024-06-04T21:43:29.792+0000] {dag.py:3490} INFO - Setting next_dagrun for example_skip_dag to 2024-06-03T21:43:29.792465+00:00, run_after=2024-06-04T21:43:29.792465+00:00
[2024-06-04T21:43:30.299+0000] {processor.py:178} INFO - Processing /home/airflow/.local/lib/python3.7/site-packages/airflow/example_dags/example_skip_dag.py took 1.669 seconds
[2024-06-04T21:44:02.418+0000] {processor.py:156} INFO - Started process (PID=158) to work on /home/airflow/.local/lib/python3.7/site-packages/airflow/example_dags/example_skip_dag.py
[2024-06-04T21:44:02.420+0000] {processor.py:799} INFO - Processing file /home/airflow/.local/lib/python3.7/site-packages/airflow/example_dags/example_skip_dag.py for tasks to queue
[2024-06-04T21:44:02.429+0000] {logging_mixin.py:149} INFO - [2024-06-04T21:44:02.428+0000] {dagbag.py:541} INFO - Filling up the DagBag from /home/airflow/.local/lib/python3.7/site-packages/airflow/example_dags/example_skip_dag.py
[2024-06-04T21:44:02.502+0000] {processor.py:809} INFO - DAG(s) dict_keys(['example_skip_dag']) retrieved from /home/airflow/.local/lib/python3.7/site-packages/airflow/example_dags/example_skip_dag.py
[2024-06-04T21:44:02.594+0000] {logging_mixin.py:149} INFO - [2024-06-04T21:44:02.594+0000] {dag.py:2726} INFO - Sync 1 DAGs
[2024-06-04T21:44:02.739+0000] {logging_mixin.py:149} INFO - [2024-06-04T21:44:02.738+0000] {dag.py:3490} INFO - Setting next_dagrun for example_skip_dag to 2024-06-03T21:44:02.737696+00:00, run_after=2024-06-04T21:44:02.737696+00:00
[2024-06-04T21:44:02.892+0000] {processor.py:178} INFO - Processing /home/airflow/.local/lib/python3.7/site-packages/airflow/example_dags/example_skip_dag.py took 0.491 seconds
[2024-06-04T21:44:33.698+0000] {processor.py:156} INFO - Started process (PID=214) to work on /home/airflow/.local/lib/python3.7/site-packages/airflow/example_dags/example_skip_dag.py
[2024-06-04T21:44:33.706+0000] {processor.py:799} INFO - Processing file /home/airflow/.local/lib/python3.7/site-packages/airflow/example_dags/example_skip_dag.py for tasks to queue
[2024-06-04T21:44:33.708+0000] {logging_mixin.py:149} INFO - [2024-06-04T21:44:33.708+0000] {dagbag.py:541} INFO - Filling up the DagBag from /home/airflow/.local/lib/python3.7/site-packages/airflow/example_dags/example_skip_dag.py
[2024-06-04T21:44:33.729+0000] {processor.py:809} INFO - DAG(s) dict_keys(['example_skip_dag']) retrieved from /home/airflow/.local/lib/python3.7/site-packages/airflow/example_dags/example_skip_dag.py
[2024-06-04T21:44:33.813+0000] {logging_mixin.py:149} INFO - [2024-06-04T21:44:33.812+0000] {dag.py:2726} INFO - Sync 1 DAGs
[2024-06-04T21:44:33.909+0000] {logging_mixin.py:149} INFO - [2024-06-04T21:44:33.908+0000] {dag.py:3490} INFO - Setting next_dagrun for example_skip_dag to 2024-06-03T21:44:33.908283+00:00, run_after=2024-06-04T21:44:33.908283+00:00
[2024-06-04T21:44:33.970+0000] {processor.py:178} INFO - Processing /home/airflow/.local/lib/python3.7/site-packages/airflow/example_dags/example_skip_dag.py took 0.278 seconds
[2024-06-04T21:45:04.837+0000] {processor.py:156} INFO - Started process (PID=270) to work on /home/airflow/.local/lib/python3.7/site-packages/airflow/example_dags/example_skip_dag.py
[2024-06-04T21:45:04.839+0000] {processor.py:799} INFO - Processing file /home/airflow/.local/lib/python3.7/site-packages/airflow/example_dags/example_skip_dag.py for tasks to queue
[2024-06-04T21:45:04.841+0000] {logging_mixin.py:149} INFO - [2024-06-04T21:45:04.841+0000] {dagbag.py:541} INFO - Filling up the DagBag from /home/airflow/.local/lib/python3.7/site-packages/airflow/example_dags/example_skip_dag.py
[2024-06-04T21:45:04.858+0000] {processor.py:809} INFO - DAG(s) dict_keys(['example_skip_dag']) retrieved from /home/airflow/.local/lib/python3.7/site-packages/airflow/example_dags/example_skip_dag.py
[2024-06-04T21:45:04.906+0000] {logging_mixin.py:149} INFO - [2024-06-04T21:45:04.906+0000] {dag.py:2726} INFO - Sync 1 DAGs
[2024-06-04T21:45:04.950+0000] {logging_mixin.py:149} INFO - [2024-06-04T21:45:04.950+0000] {dag.py:3490} INFO - Setting next_dagrun for example_skip_dag to 2024-06-03T21:45:04.949803+00:00, run_after=2024-06-04T21:45:04.949803+00:00
[2024-06-04T21:45:04.993+0000] {processor.py:178} INFO - Processing /home/airflow/.local/lib/python3.7/site-packages/airflow/example_dags/example_skip_dag.py took 0.161 seconds
[2024-06-04T21:45:36.361+0000] {processor.py:156} INFO - Started process (PID=325) to work on /home/airflow/.local/lib/python3.7/site-packages/airflow/example_dags/example_skip_dag.py
[2024-06-04T21:45:36.363+0000] {processor.py:799} INFO - Processing file /home/airflow/.local/lib/python3.7/site-packages/airflow/example_dags/example_skip_dag.py for tasks to queue
[2024-06-04T21:45:36.366+0000] {logging_mixin.py:149} INFO - [2024-06-04T21:45:36.366+0000] {dagbag.py:541} INFO - Filling up the DagBag from /home/airflow/.local/lib/python3.7/site-packages/airflow/example_dags/example_skip_dag.py
[2024-06-04T21:45:36.380+0000] {processor.py:809} INFO - DAG(s) dict_keys(['example_skip_dag']) retrieved from /home/airflow/.local/lib/python3.7/site-packages/airflow/example_dags/example_skip_dag.py
[2024-06-04T21:45:36.420+0000] {logging_mixin.py:149} INFO - [2024-06-04T21:45:36.420+0000] {dag.py:2726} INFO - Sync 1 DAGs
[2024-06-04T21:45:36.462+0000] {logging_mixin.py:149} INFO - [2024-06-04T21:45:36.461+0000] {dag.py:3490} INFO - Setting next_dagrun for example_skip_dag to 2024-06-03T21:45:36.461576+00:00, run_after=2024-06-04T21:45:36.461576+00:00
[2024-06-04T21:45:36.498+0000] {processor.py:178} INFO - Processing /home/airflow/.local/lib/python3.7/site-packages/airflow/example_dags/example_skip_dag.py took 0.141 seconds
[2024-06-04T21:46:12.946+0000] {processor.py:156} INFO - Started process (PID=381) to work on /home/airflow/.local/lib/python3.7/site-packages/airflow/example_dags/example_skip_dag.py
[2024-06-04T21:46:12.984+0000] {processor.py:799} INFO - Processing file /home/airflow/.local/lib/python3.7/site-packages/airflow/example_dags/example_skip_dag.py for tasks to queue
[2024-06-04T21:46:12.997+0000] {logging_mixin.py:149} INFO - [2024-06-04T21:46:12.996+0000] {dagbag.py:541} INFO - Filling up the DagBag from /home/airflow/.local/lib/python3.7/site-packages/airflow/example_dags/example_skip_dag.py
[2024-06-04T21:46:13.135+0000] {processor.py:809} INFO - DAG(s) dict_keys(['example_skip_dag']) retrieved from /home/airflow/.local/lib/python3.7/site-packages/airflow/example_dags/example_skip_dag.py
[2024-06-04T21:46:13.475+0000] {logging_mixin.py:149} INFO - [2024-06-04T21:46:13.475+0000] {dag.py:2726} INFO - Sync 1 DAGs
[2024-06-04T21:46:13.923+0000] {logging_mixin.py:149} INFO - [2024-06-04T21:46:13.922+0000] {dag.py:3490} INFO - Setting next_dagrun for example_skip_dag to 2024-06-03T21:46:13.922377+00:00, run_after=2024-06-04T21:46:13.922377+00:00
[2024-06-04T21:46:14.368+0000] {processor.py:178} INFO - Processing /home/airflow/.local/lib/python3.7/site-packages/airflow/example_dags/example_skip_dag.py took 1.532 seconds
[2024-06-04T21:46:44.585+0000] {processor.py:156} INFO - Started process (PID=437) to work on /home/airflow/.local/lib/python3.7/site-packages/airflow/example_dags/example_skip_dag.py
[2024-06-04T21:46:44.587+0000] {processor.py:799} INFO - Processing file /home/airflow/.local/lib/python3.7/site-packages/airflow/example_dags/example_skip_dag.py for tasks to queue
[2024-06-04T21:46:44.589+0000] {logging_mixin.py:149} INFO - [2024-06-04T21:46:44.589+0000] {dagbag.py:541} INFO - Filling up the DagBag from /home/airflow/.local/lib/python3.7/site-packages/airflow/example_dags/example_skip_dag.py
[2024-06-04T21:46:44.600+0000] {processor.py:809} INFO - DAG(s) dict_keys(['example_skip_dag']) retrieved from /home/airflow/.local/lib/python3.7/site-packages/airflow/example_dags/example_skip_dag.py
[2024-06-04T21:46:44.637+0000] {logging_mixin.py:149} INFO - [2024-06-04T21:46:44.636+0000] {dag.py:2726} INFO - Sync 1 DAGs
[2024-06-04T21:46:44.674+0000] {logging_mixin.py:149} INFO - [2024-06-04T21:46:44.674+0000] {dag.py:3490} INFO - Setting next_dagrun for example_skip_dag to 2024-06-03T21:46:44.673769+00:00, run_after=2024-06-04T21:46:44.673769+00:00
[2024-06-04T21:46:44.709+0000] {processor.py:178} INFO - Processing /home/airflow/.local/lib/python3.7/site-packages/airflow/example_dags/example_skip_dag.py took 0.133 seconds
[2024-06-04T21:47:14.934+0000] {processor.py:156} INFO - Started process (PID=493) to work on /home/airflow/.local/lib/python3.7/site-packages/airflow/example_dags/example_skip_dag.py
[2024-06-04T21:47:14.935+0000] {processor.py:799} INFO - Processing file /home/airflow/.local/lib/python3.7/site-packages/airflow/example_dags/example_skip_dag.py for tasks to queue
[2024-06-04T21:47:14.937+0000] {logging_mixin.py:149} INFO - [2024-06-04T21:47:14.936+0000] {dagbag.py:541} INFO - Filling up the DagBag from /home/airflow/.local/lib/python3.7/site-packages/airflow/example_dags/example_skip_dag.py
[2024-06-04T21:47:14.961+0000] {processor.py:809} INFO - DAG(s) dict_keys(['example_skip_dag']) retrieved from /home/airflow/.local/lib/python3.7/site-packages/airflow/example_dags/example_skip_dag.py
[2024-06-04T21:47:15.013+0000] {logging_mixin.py:149} INFO - [2024-06-04T21:47:15.013+0000] {dag.py:2726} INFO - Sync 1 DAGs
[2024-06-04T21:47:15.066+0000] {logging_mixin.py:149} INFO - [2024-06-04T21:47:15.066+0000] {dag.py:3490} INFO - Setting next_dagrun for example_skip_dag to 2024-06-03T21:47:15.066214+00:00, run_after=2024-06-04T21:47:15.066214+00:00
[2024-06-04T21:47:15.114+0000] {processor.py:178} INFO - Processing /home/airflow/.local/lib/python3.7/site-packages/airflow/example_dags/example_skip_dag.py took 0.185 seconds
[2024-06-04T21:47:46.072+0000] {processor.py:156} INFO - Started process (PID=549) to work on /home/airflow/.local/lib/python3.7/site-packages/airflow/example_dags/example_skip_dag.py
[2024-06-04T21:47:46.075+0000] {processor.py:799} INFO - Processing file /home/airflow/.local/lib/python3.7/site-packages/airflow/example_dags/example_skip_dag.py for tasks to queue
[2024-06-04T21:47:46.078+0000] {logging_mixin.py:149} INFO - [2024-06-04T21:47:46.077+0000] {dagbag.py:541} INFO - Filling up the DagBag from /home/airflow/.local/lib/python3.7/site-packages/airflow/example_dags/example_skip_dag.py
[2024-06-04T21:47:46.107+0000] {processor.py:809} INFO - DAG(s) dict_keys(['example_skip_dag']) retrieved from /home/airflow/.local/lib/python3.7/site-packages/airflow/example_dags/example_skip_dag.py
[2024-06-04T21:47:46.205+0000] {logging_mixin.py:149} INFO - [2024-06-04T21:47:46.204+0000] {dag.py:2726} INFO - Sync 1 DAGs
[2024-06-04T21:47:46.324+0000] {logging_mixin.py:149} INFO - [2024-06-04T21:47:46.323+0000] {dag.py:3490} INFO - Setting next_dagrun for example_skip_dag to 2024-06-03T21:47:46.322973+00:00, run_after=2024-06-04T21:47:46.322973+00:00
[2024-06-04T21:47:46.458+0000] {processor.py:178} INFO - Processing /home/airflow/.local/lib/python3.7/site-packages/airflow/example_dags/example_skip_dag.py took 0.393 seconds
[2024-06-04T21:48:16.995+0000] {processor.py:156} INFO - Started process (PID=605) to work on /home/airflow/.local/lib/python3.7/site-packages/airflow/example_dags/example_skip_dag.py
[2024-06-04T21:48:16.997+0000] {processor.py:799} INFO - Processing file /home/airflow/.local/lib/python3.7/site-packages/airflow/example_dags/example_skip_dag.py for tasks to queue
[2024-06-04T21:48:16.999+0000] {logging_mixin.py:149} INFO - [2024-06-04T21:48:16.999+0000] {dagbag.py:541} INFO - Filling up the DagBag from /home/airflow/.local/lib/python3.7/site-packages/airflow/example_dags/example_skip_dag.py
[2024-06-04T21:48:17.018+0000] {processor.py:809} INFO - DAG(s) dict_keys(['example_skip_dag']) retrieved from /home/airflow/.local/lib/python3.7/site-packages/airflow/example_dags/example_skip_dag.py
[2024-06-04T21:48:17.134+0000] {logging_mixin.py:149} INFO - [2024-06-04T21:48:17.133+0000] {dag.py:2726} INFO - Sync 1 DAGs
[2024-06-04T21:48:17.251+0000] {logging_mixin.py:149} INFO - [2024-06-04T21:48:17.250+0000] {dag.py:3490} INFO - Setting next_dagrun for example_skip_dag to 2024-06-03T21:48:17.250149+00:00, run_after=2024-06-04T21:48:17.250149+00:00
[2024-06-04T21:48:17.366+0000] {processor.py:178} INFO - Processing /home/airflow/.local/lib/python3.7/site-packages/airflow/example_dags/example_skip_dag.py took 0.379 seconds
[2024-06-04T21:48:48.425+0000] {processor.py:156} INFO - Started process (PID=660) to work on /home/airflow/.local/lib/python3.7/site-packages/airflow/example_dags/example_skip_dag.py
[2024-06-04T21:48:48.429+0000] {processor.py:799} INFO - Processing file /home/airflow/.local/lib/python3.7/site-packages/airflow/example_dags/example_skip_dag.py for tasks to queue
[2024-06-04T21:48:48.435+0000] {logging_mixin.py:149} INFO - [2024-06-04T21:48:48.434+0000] {dagbag.py:541} INFO - Filling up the DagBag from /home/airflow/.local/lib/python3.7/site-packages/airflow/example_dags/example_skip_dag.py
[2024-06-04T21:48:48.468+0000] {processor.py:809} INFO - DAG(s) dict_keys(['example_skip_dag']) retrieved from /home/airflow/.local/lib/python3.7/site-packages/airflow/example_dags/example_skip_dag.py
[2024-06-04T21:48:48.572+0000] {logging_mixin.py:149} INFO - [2024-06-04T21:48:48.572+0000] {dag.py:2726} INFO - Sync 1 DAGs
[2024-06-04T21:48:48.652+0000] {logging_mixin.py:149} INFO - [2024-06-04T21:48:48.651+0000] {dag.py:3490} INFO - Setting next_dagrun for example_skip_dag to 2024-06-03T21:48:48.651426+00:00, run_after=2024-06-04T21:48:48.651426+00:00
[2024-06-04T21:48:48.709+0000] {processor.py:178} INFO - Processing /home/airflow/.local/lib/python3.7/site-packages/airflow/example_dags/example_skip_dag.py took 0.293 seconds
[2024-06-04T21:49:19.171+0000] {processor.py:156} INFO - Started process (PID=717) to work on /home/airflow/.local/lib/python3.7/site-packages/airflow/example_dags/example_skip_dag.py
[2024-06-04T21:49:19.173+0000] {processor.py:799} INFO - Processing file /home/airflow/.local/lib/python3.7/site-packages/airflow/example_dags/example_skip_dag.py for tasks to queue
[2024-06-04T21:49:19.175+0000] {logging_mixin.py:149} INFO - [2024-06-04T21:49:19.175+0000] {dagbag.py:541} INFO - Filling up the DagBag from /home/airflow/.local/lib/python3.7/site-packages/airflow/example_dags/example_skip_dag.py
[2024-06-04T21:49:19.191+0000] {processor.py:809} INFO - DAG(s) dict_keys(['example_skip_dag']) retrieved from /home/airflow/.local/lib/python3.7/site-packages/airflow/example_dags/example_skip_dag.py
[2024-06-04T21:49:19.247+0000] {logging_mixin.py:149} INFO - [2024-06-04T21:49:19.247+0000] {dag.py:2726} INFO - Sync 1 DAGs
[2024-06-04T21:49:19.327+0000] {logging_mixin.py:149} INFO - [2024-06-04T21:49:19.327+0000] {dag.py:3490} INFO - Setting next_dagrun for example_skip_dag to 2024-06-03T21:49:19.326768+00:00, run_after=2024-06-04T21:49:19.326768+00:00
[2024-06-04T21:49:19.385+0000] {processor.py:178} INFO - Processing /home/airflow/.local/lib/python3.7/site-packages/airflow/example_dags/example_skip_dag.py took 0.220 seconds
[2024-06-04T21:49:49.610+0000] {processor.py:156} INFO - Started process (PID=773) to work on /home/airflow/.local/lib/python3.7/site-packages/airflow/example_dags/example_skip_dag.py
[2024-06-04T21:49:49.612+0000] {processor.py:799} INFO - Processing file /home/airflow/.local/lib/python3.7/site-packages/airflow/example_dags/example_skip_dag.py for tasks to queue
[2024-06-04T21:49:49.614+0000] {logging_mixin.py:149} INFO - [2024-06-04T21:49:49.614+0000] {dagbag.py:541} INFO - Filling up the DagBag from /home/airflow/.local/lib/python3.7/site-packages/airflow/example_dags/example_skip_dag.py
[2024-06-04T21:49:49.626+0000] {processor.py:809} INFO - DAG(s) dict_keys(['example_skip_dag']) retrieved from /home/airflow/.local/lib/python3.7/site-packages/airflow/example_dags/example_skip_dag.py
[2024-06-04T21:49:49.676+0000] {logging_mixin.py:149} INFO - [2024-06-04T21:49:49.676+0000] {dag.py:2726} INFO - Sync 1 DAGs
[2024-06-04T21:49:49.725+0000] {logging_mixin.py:149} INFO - [2024-06-04T21:49:49.725+0000] {dag.py:3490} INFO - Setting next_dagrun for example_skip_dag to 2024-06-03T21:49:49.725314+00:00, run_after=2024-06-04T21:49:49.725314+00:00
[2024-06-04T21:49:49.772+0000] {processor.py:178} INFO - Processing /home/airflow/.local/lib/python3.7/site-packages/airflow/example_dags/example_skip_dag.py took 0.168 seconds
[2024-06-04T21:50:20.281+0000] {processor.py:156} INFO - Started process (PID=829) to work on /home/airflow/.local/lib/python3.7/site-packages/airflow/example_dags/example_skip_dag.py
[2024-06-04T21:50:20.283+0000] {processor.py:799} INFO - Processing file /home/airflow/.local/lib/python3.7/site-packages/airflow/example_dags/example_skip_dag.py for tasks to queue
[2024-06-04T21:50:20.287+0000] {logging_mixin.py:149} INFO - [2024-06-04T21:50:20.286+0000] {dagbag.py:541} INFO - Filling up the DagBag from /home/airflow/.local/lib/python3.7/site-packages/airflow/example_dags/example_skip_dag.py
[2024-06-04T21:50:20.301+0000] {processor.py:809} INFO - DAG(s) dict_keys(['example_skip_dag']) retrieved from /home/airflow/.local/lib/python3.7/site-packages/airflow/example_dags/example_skip_dag.py
[2024-06-04T21:50:20.343+0000] {logging_mixin.py:149} INFO - [2024-06-04T21:50:20.343+0000] {dag.py:2726} INFO - Sync 1 DAGs
[2024-06-04T21:50:20.391+0000] {logging_mixin.py:149} INFO - [2024-06-04T21:50:20.390+0000] {dag.py:3490} INFO - Setting next_dagrun for example_skip_dag to 2024-06-03T21:50:20.390467+00:00, run_after=2024-06-04T21:50:20.390467+00:00
[2024-06-04T21:50:20.429+0000] {processor.py:178} INFO - Processing /home/airflow/.local/lib/python3.7/site-packages/airflow/example_dags/example_skip_dag.py took 0.154 seconds
[2024-06-04T21:50:50.824+0000] {processor.py:156} INFO - Started process (PID=885) to work on /home/airflow/.local/lib/python3.7/site-packages/airflow/example_dags/example_skip_dag.py
[2024-06-04T21:50:50.825+0000] {processor.py:799} INFO - Processing file /home/airflow/.local/lib/python3.7/site-packages/airflow/example_dags/example_skip_dag.py for tasks to queue
[2024-06-04T21:50:50.831+0000] {logging_mixin.py:149} INFO - [2024-06-04T21:50:50.830+0000] {dagbag.py:541} INFO - Filling up the DagBag from /home/airflow/.local/lib/python3.7/site-packages/airflow/example_dags/example_skip_dag.py
[2024-06-04T21:50:50.856+0000] {processor.py:809} INFO - DAG(s) dict_keys(['example_skip_dag']) retrieved from /home/airflow/.local/lib/python3.7/site-packages/airflow/example_dags/example_skip_dag.py
[2024-06-04T21:50:50.908+0000] {logging_mixin.py:149} INFO - [2024-06-04T21:50:50.907+0000] {dag.py:2726} INFO - Sync 1 DAGs
[2024-06-04T21:50:50.951+0000] {logging_mixin.py:149} INFO - [2024-06-04T21:50:50.951+0000] {dag.py:3490} INFO - Setting next_dagrun for example_skip_dag to 2024-06-03T21:50:50.950917+00:00, run_after=2024-06-04T21:50:50.950917+00:00
[2024-06-04T21:50:50.990+0000] {processor.py:178} INFO - Processing /home/airflow/.local/lib/python3.7/site-packages/airflow/example_dags/example_skip_dag.py took 0.176 seconds
[2024-06-04T21:51:21.703+0000] {processor.py:156} INFO - Started process (PID=940) to work on /home/airflow/.local/lib/python3.7/site-packages/airflow/example_dags/example_skip_dag.py
[2024-06-04T21:51:21.705+0000] {processor.py:799} INFO - Processing file /home/airflow/.local/lib/python3.7/site-packages/airflow/example_dags/example_skip_dag.py for tasks to queue
[2024-06-04T21:51:21.710+0000] {logging_mixin.py:149} INFO - [2024-06-04T21:51:21.710+0000] {dagbag.py:541} INFO - Filling up the DagBag from /home/airflow/.local/lib/python3.7/site-packages/airflow/example_dags/example_skip_dag.py
[2024-06-04T21:51:21.731+0000] {processor.py:809} INFO - DAG(s) dict_keys(['example_skip_dag']) retrieved from /home/airflow/.local/lib/python3.7/site-packages/airflow/example_dags/example_skip_dag.py
[2024-06-04T21:51:21.803+0000] {logging_mixin.py:149} INFO - [2024-06-04T21:51:21.802+0000] {dag.py:2726} INFO - Sync 1 DAGs
[2024-06-04T21:51:21.853+0000] {logging_mixin.py:149} INFO - [2024-06-04T21:51:21.853+0000] {dag.py:3490} INFO - Setting next_dagrun for example_skip_dag to 2024-06-03T21:51:21.852571+00:00, run_after=2024-06-04T21:51:21.852571+00:00
[2024-06-04T21:51:21.900+0000] {processor.py:178} INFO - Processing /home/airflow/.local/lib/python3.7/site-packages/airflow/example_dags/example_skip_dag.py took 0.201 seconds
[2024-06-04T21:51:52.183+0000] {processor.py:156} INFO - Started process (PID=997) to work on /home/airflow/.local/lib/python3.7/site-packages/airflow/example_dags/example_skip_dag.py
[2024-06-04T21:51:52.185+0000] {processor.py:799} INFO - Processing file /home/airflow/.local/lib/python3.7/site-packages/airflow/example_dags/example_skip_dag.py for tasks to queue
[2024-06-04T21:51:52.188+0000] {logging_mixin.py:149} INFO - [2024-06-04T21:51:52.187+0000] {dagbag.py:541} INFO - Filling up the DagBag from /home/airflow/.local/lib/python3.7/site-packages/airflow/example_dags/example_skip_dag.py
[2024-06-04T21:51:52.203+0000] {processor.py:809} INFO - DAG(s) dict_keys(['example_skip_dag']) retrieved from /home/airflow/.local/lib/python3.7/site-packages/airflow/example_dags/example_skip_dag.py
[2024-06-04T21:51:52.249+0000] {logging_mixin.py:149} INFO - [2024-06-04T21:51:52.248+0000] {dag.py:2726} INFO - Sync 1 DAGs
[2024-06-04T21:51:52.345+0000] {logging_mixin.py:149} INFO - [2024-06-04T21:51:52.344+0000] {dag.py:3490} INFO - Setting next_dagrun for example_skip_dag to 2024-06-03T21:51:52.344339+00:00, run_after=2024-06-04T21:51:52.344339+00:00
[2024-06-04T21:51:52.430+0000] {processor.py:178} INFO - Processing /home/airflow/.local/lib/python3.7/site-packages/airflow/example_dags/example_skip_dag.py took 0.254 seconds
