[2024-06-04T21:42:47.467+0000] {processor.py:156} INFO - Started process (PID=71) to work on /home/airflow/.local/lib/python3.7/site-packages/airflow/example_dags/example_branch_python_dop_operator_3.py
[2024-06-04T21:42:47.473+0000] {processor.py:799} INFO - Processing file /home/airflow/.local/lib/python3.7/site-packages/airflow/example_dags/example_branch_python_dop_operator_3.py for tasks to queue
[2024-06-04T21:42:47.512+0000] {logging_mixin.py:149} INFO - [2024-06-04T21:42:47.507+0000] {dagbag.py:541} INFO - Filling up the DagBag from /home/airflow/.local/lib/python3.7/site-packages/airflow/example_dags/example_branch_python_dop_operator_3.py
[2024-06-04T21:42:47.935+0000] {processor.py:809} INFO - DAG(s) dict_keys(['example_branch_dop_operator_v3']) retrieved from /home/airflow/.local/lib/python3.7/site-packages/airflow/example_dags/example_branch_python_dop_operator_3.py
[2024-06-04T21:42:50.609+0000] {logging_mixin.py:149} INFO - [2024-06-04T21:42:50.609+0000] {manager.py:504} INFO - Created Permission View: can delete on DAG:example_branch_dop_operator_v3
[2024-06-04T21:42:50.727+0000] {logging_mixin.py:149} INFO - [2024-06-04T21:42:50.727+0000] {manager.py:504} INFO - Created Permission View: can read on DAG:example_branch_dop_operator_v3
[2024-06-04T21:42:51.022+0000] {logging_mixin.py:149} INFO - [2024-06-04T21:42:51.022+0000] {manager.py:504} INFO - Created Permission View: can edit on DAG:example_branch_dop_operator_v3
[2024-06-04T21:42:51.030+0000] {logging_mixin.py:149} INFO - [2024-06-04T21:42:51.030+0000] {dag.py:2726} INFO - Sync 1 DAGs
[2024-06-04T21:42:52.065+0000] {logging_mixin.py:149} INFO - [2024-06-04T21:42:52.044+0000] {dag.py:2747} INFO - Creating ORM DAG for example_branch_dop_operator_v3
[2024-06-04T21:42:52.635+0000] {logging_mixin.py:149} INFO - [2024-06-04T21:42:52.626+0000] {dag.py:3490} INFO - Setting next_dagrun for example_branch_dop_operator_v3 to 2024-06-04T21:41:00+00:00, run_after=2024-06-04T21:42:00+00:00
[2024-06-04T21:42:52.963+0000] {processor.py:178} INFO - Processing /home/airflow/.local/lib/python3.7/site-packages/airflow/example_dags/example_branch_python_dop_operator_3.py took 5.549 seconds
[2024-06-04T21:43:55.321+0000] {processor.py:156} INFO - Started process (PID=133) to work on /home/airflow/.local/lib/python3.7/site-packages/airflow/example_dags/example_branch_python_dop_operator_3.py
[2024-06-04T21:43:55.328+0000] {processor.py:799} INFO - Processing file /home/airflow/.local/lib/python3.7/site-packages/airflow/example_dags/example_branch_python_dop_operator_3.py for tasks to queue
[2024-06-04T21:43:55.332+0000] {logging_mixin.py:149} INFO - [2024-06-04T21:43:55.331+0000] {dagbag.py:541} INFO - Filling up the DagBag from /home/airflow/.local/lib/python3.7/site-packages/airflow/example_dags/example_branch_python_dop_operator_3.py
[2024-06-04T21:43:55.372+0000] {processor.py:809} INFO - DAG(s) dict_keys(['example_branch_dop_operator_v3']) retrieved from /home/airflow/.local/lib/python3.7/site-packages/airflow/example_dags/example_branch_python_dop_operator_3.py
[2024-06-04T21:43:55.480+0000] {logging_mixin.py:149} INFO - [2024-06-04T21:43:55.480+0000] {dag.py:2726} INFO - Sync 1 DAGs
[2024-06-04T21:43:55.645+0000] {logging_mixin.py:149} INFO - [2024-06-04T21:43:55.645+0000] {dag.py:3490} INFO - Setting next_dagrun for example_branch_dop_operator_v3 to 2024-06-04T21:42:00+00:00, run_after=2024-06-04T21:43:00+00:00
[2024-06-04T21:43:55.743+0000] {processor.py:178} INFO - Processing /home/airflow/.local/lib/python3.7/site-packages/airflow/example_dags/example_branch_python_dop_operator_3.py took 0.430 seconds
[2024-06-04T21:44:27.760+0000] {processor.py:156} INFO - Started process (PID=188) to work on /home/airflow/.local/lib/python3.7/site-packages/airflow/example_dags/example_branch_python_dop_operator_3.py
[2024-06-04T21:44:27.762+0000] {processor.py:799} INFO - Processing file /home/airflow/.local/lib/python3.7/site-packages/airflow/example_dags/example_branch_python_dop_operator_3.py for tasks to queue
[2024-06-04T21:44:27.766+0000] {logging_mixin.py:149} INFO - [2024-06-04T21:44:27.766+0000] {dagbag.py:541} INFO - Filling up the DagBag from /home/airflow/.local/lib/python3.7/site-packages/airflow/example_dags/example_branch_python_dop_operator_3.py
[2024-06-04T21:44:27.791+0000] {processor.py:809} INFO - DAG(s) dict_keys(['example_branch_dop_operator_v3']) retrieved from /home/airflow/.local/lib/python3.7/site-packages/airflow/example_dags/example_branch_python_dop_operator_3.py
[2024-06-04T21:44:27.854+0000] {logging_mixin.py:149} INFO - [2024-06-04T21:44:27.854+0000] {dag.py:2726} INFO - Sync 1 DAGs
[2024-06-04T21:44:27.936+0000] {logging_mixin.py:149} INFO - [2024-06-04T21:44:27.936+0000] {dag.py:3490} INFO - Setting next_dagrun for example_branch_dop_operator_v3 to 2024-06-04T21:43:00+00:00, run_after=2024-06-04T21:44:00+00:00
[2024-06-04T21:44:27.998+0000] {processor.py:178} INFO - Processing /home/airflow/.local/lib/python3.7/site-packages/airflow/example_dags/example_branch_python_dop_operator_3.py took 0.245 seconds
[2024-06-04T21:45:00.822+0000] {processor.py:156} INFO - Started process (PID=244) to work on /home/airflow/.local/lib/python3.7/site-packages/airflow/example_dags/example_branch_python_dop_operator_3.py
[2024-06-04T21:45:00.831+0000] {processor.py:799} INFO - Processing file /home/airflow/.local/lib/python3.7/site-packages/airflow/example_dags/example_branch_python_dop_operator_3.py for tasks to queue
[2024-06-04T21:45:00.835+0000] {logging_mixin.py:149} INFO - [2024-06-04T21:45:00.834+0000] {dagbag.py:541} INFO - Filling up the DagBag from /home/airflow/.local/lib/python3.7/site-packages/airflow/example_dags/example_branch_python_dop_operator_3.py
[2024-06-04T21:45:00.869+0000] {processor.py:809} INFO - DAG(s) dict_keys(['example_branch_dop_operator_v3']) retrieved from /home/airflow/.local/lib/python3.7/site-packages/airflow/example_dags/example_branch_python_dop_operator_3.py
[2024-06-04T21:45:00.936+0000] {logging_mixin.py:149} INFO - [2024-06-04T21:45:00.935+0000] {dag.py:2726} INFO - Sync 1 DAGs
[2024-06-04T21:45:01.024+0000] {logging_mixin.py:149} INFO - [2024-06-04T21:45:01.023+0000] {dag.py:3490} INFO - Setting next_dagrun for example_branch_dop_operator_v3 to 2024-06-04T21:44:00+00:00, run_after=2024-06-04T21:45:00+00:00
[2024-06-04T21:45:01.084+0000] {processor.py:178} INFO - Processing /home/airflow/.local/lib/python3.7/site-packages/airflow/example_dags/example_branch_python_dop_operator_3.py took 0.268 seconds
[2024-06-04T21:45:31.571+0000] {processor.py:156} INFO - Started process (PID=300) to work on /home/airflow/.local/lib/python3.7/site-packages/airflow/example_dags/example_branch_python_dop_operator_3.py
[2024-06-04T21:45:31.576+0000] {processor.py:799} INFO - Processing file /home/airflow/.local/lib/python3.7/site-packages/airflow/example_dags/example_branch_python_dop_operator_3.py for tasks to queue
[2024-06-04T21:45:31.580+0000] {logging_mixin.py:149} INFO - [2024-06-04T21:45:31.579+0000] {dagbag.py:541} INFO - Filling up the DagBag from /home/airflow/.local/lib/python3.7/site-packages/airflow/example_dags/example_branch_python_dop_operator_3.py
[2024-06-04T21:45:31.613+0000] {processor.py:809} INFO - DAG(s) dict_keys(['example_branch_dop_operator_v3']) retrieved from /home/airflow/.local/lib/python3.7/site-packages/airflow/example_dags/example_branch_python_dop_operator_3.py
[2024-06-04T21:45:31.695+0000] {logging_mixin.py:149} INFO - [2024-06-04T21:45:31.695+0000] {dag.py:2726} INFO - Sync 1 DAGs
[2024-06-04T21:45:31.780+0000] {logging_mixin.py:149} INFO - [2024-06-04T21:45:31.780+0000] {dag.py:3490} INFO - Setting next_dagrun for example_branch_dop_operator_v3 to 2024-06-04T21:44:00+00:00, run_after=2024-06-04T21:45:00+00:00
[2024-06-04T21:45:31.846+0000] {processor.py:178} INFO - Processing /home/airflow/.local/lib/python3.7/site-packages/airflow/example_dags/example_branch_python_dop_operator_3.py took 0.300 seconds
[2024-06-04T21:46:02.244+0000] {processor.py:156} INFO - Started process (PID=355) to work on /home/airflow/.local/lib/python3.7/site-packages/airflow/example_dags/example_branch_python_dop_operator_3.py
[2024-06-04T21:46:02.253+0000] {processor.py:799} INFO - Processing file /home/airflow/.local/lib/python3.7/site-packages/airflow/example_dags/example_branch_python_dop_operator_3.py for tasks to queue
[2024-06-04T21:46:02.261+0000] {logging_mixin.py:149} INFO - [2024-06-04T21:46:02.258+0000] {dagbag.py:541} INFO - Filling up the DagBag from /home/airflow/.local/lib/python3.7/site-packages/airflow/example_dags/example_branch_python_dop_operator_3.py
[2024-06-04T21:46:02.286+0000] {processor.py:809} INFO - DAG(s) dict_keys(['example_branch_dop_operator_v3']) retrieved from /home/airflow/.local/lib/python3.7/site-packages/airflow/example_dags/example_branch_python_dop_operator_3.py
[2024-06-04T21:46:02.376+0000] {logging_mixin.py:149} INFO - [2024-06-04T21:46:02.375+0000] {dag.py:2726} INFO - Sync 1 DAGs
[2024-06-04T21:46:02.495+0000] {logging_mixin.py:149} INFO - [2024-06-04T21:46:02.487+0000] {dag.py:3490} INFO - Setting next_dagrun for example_branch_dop_operator_v3 to 2024-06-04T21:45:00+00:00, run_after=2024-06-04T21:46:00+00:00
[2024-06-04T21:46:02.638+0000] {processor.py:178} INFO - Processing /home/airflow/.local/lib/python3.7/site-packages/airflow/example_dags/example_branch_python_dop_operator_3.py took 0.404 seconds
[2024-06-04T21:46:33.440+0000] {processor.py:156} INFO - Started process (PID=418) to work on /home/airflow/.local/lib/python3.7/site-packages/airflow/example_dags/example_branch_python_dop_operator_3.py
[2024-06-04T21:46:33.441+0000] {processor.py:799} INFO - Processing file /home/airflow/.local/lib/python3.7/site-packages/airflow/example_dags/example_branch_python_dop_operator_3.py for tasks to queue
[2024-06-04T21:46:33.443+0000] {logging_mixin.py:149} INFO - [2024-06-04T21:46:33.443+0000] {dagbag.py:541} INFO - Filling up the DagBag from /home/airflow/.local/lib/python3.7/site-packages/airflow/example_dags/example_branch_python_dop_operator_3.py
[2024-06-04T21:46:33.457+0000] {processor.py:809} INFO - DAG(s) dict_keys(['example_branch_dop_operator_v3']) retrieved from /home/airflow/.local/lib/python3.7/site-packages/airflow/example_dags/example_branch_python_dop_operator_3.py
[2024-06-04T21:46:33.502+0000] {logging_mixin.py:149} INFO - [2024-06-04T21:46:33.502+0000] {dag.py:2726} INFO - Sync 1 DAGs
[2024-06-04T21:46:33.553+0000] {logging_mixin.py:149} INFO - [2024-06-04T21:46:33.553+0000] {dag.py:3490} INFO - Setting next_dagrun for example_branch_dop_operator_v3 to 2024-06-04T21:45:00+00:00, run_after=2024-06-04T21:46:00+00:00
[2024-06-04T21:46:33.598+0000] {processor.py:178} INFO - Processing /home/airflow/.local/lib/python3.7/site-packages/airflow/example_dags/example_branch_python_dop_operator_3.py took 0.163 seconds
[2024-06-04T21:47:03.717+0000] {processor.py:156} INFO - Started process (PID=474) to work on /home/airflow/.local/lib/python3.7/site-packages/airflow/example_dags/example_branch_python_dop_operator_3.py
[2024-06-04T21:47:03.718+0000] {processor.py:799} INFO - Processing file /home/airflow/.local/lib/python3.7/site-packages/airflow/example_dags/example_branch_python_dop_operator_3.py for tasks to queue
[2024-06-04T21:47:03.721+0000] {logging_mixin.py:149} INFO - [2024-06-04T21:47:03.720+0000] {dagbag.py:541} INFO - Filling up the DagBag from /home/airflow/.local/lib/python3.7/site-packages/airflow/example_dags/example_branch_python_dop_operator_3.py
[2024-06-04T21:47:03.733+0000] {processor.py:809} INFO - DAG(s) dict_keys(['example_branch_dop_operator_v3']) retrieved from /home/airflow/.local/lib/python3.7/site-packages/airflow/example_dags/example_branch_python_dop_operator_3.py
[2024-06-04T21:47:03.771+0000] {logging_mixin.py:149} INFO - [2024-06-04T21:47:03.770+0000] {dag.py:2726} INFO - Sync 1 DAGs
[2024-06-04T21:47:03.820+0000] {logging_mixin.py:149} INFO - [2024-06-04T21:47:03.820+0000] {dag.py:3490} INFO - Setting next_dagrun for example_branch_dop_operator_v3 to 2024-06-04T21:46:00+00:00, run_after=2024-06-04T21:47:00+00:00
[2024-06-04T21:47:03.860+0000] {processor.py:178} INFO - Processing /home/airflow/.local/lib/python3.7/site-packages/airflow/example_dags/example_branch_python_dop_operator_3.py took 0.148 seconds
[2024-06-04T21:47:34.424+0000] {processor.py:156} INFO - Started process (PID=530) to work on /home/airflow/.local/lib/python3.7/site-packages/airflow/example_dags/example_branch_python_dop_operator_3.py
[2024-06-04T21:47:34.426+0000] {processor.py:799} INFO - Processing file /home/airflow/.local/lib/python3.7/site-packages/airflow/example_dags/example_branch_python_dop_operator_3.py for tasks to queue
[2024-06-04T21:47:34.428+0000] {logging_mixin.py:149} INFO - [2024-06-04T21:47:34.428+0000] {dagbag.py:541} INFO - Filling up the DagBag from /home/airflow/.local/lib/python3.7/site-packages/airflow/example_dags/example_branch_python_dop_operator_3.py
[2024-06-04T21:47:34.449+0000] {processor.py:809} INFO - DAG(s) dict_keys(['example_branch_dop_operator_v3']) retrieved from /home/airflow/.local/lib/python3.7/site-packages/airflow/example_dags/example_branch_python_dop_operator_3.py
[2024-06-04T21:47:34.498+0000] {logging_mixin.py:149} INFO - [2024-06-04T21:47:34.497+0000] {dag.py:2726} INFO - Sync 1 DAGs
[2024-06-04T21:47:34.609+0000] {logging_mixin.py:149} INFO - [2024-06-04T21:47:34.608+0000] {dag.py:3490} INFO - Setting next_dagrun for example_branch_dop_operator_v3 to 2024-06-04T21:46:00+00:00, run_after=2024-06-04T21:47:00+00:00
[2024-06-04T21:47:34.741+0000] {processor.py:178} INFO - Processing /home/airflow/.local/lib/python3.7/site-packages/airflow/example_dags/example_branch_python_dop_operator_3.py took 0.324 seconds
[2024-06-04T21:48:06.559+0000] {processor.py:156} INFO - Started process (PID=586) to work on /home/airflow/.local/lib/python3.7/site-packages/airflow/example_dags/example_branch_python_dop_operator_3.py
[2024-06-04T21:48:06.561+0000] {processor.py:799} INFO - Processing file /home/airflow/.local/lib/python3.7/site-packages/airflow/example_dags/example_branch_python_dop_operator_3.py for tasks to queue
[2024-06-04T21:48:06.564+0000] {logging_mixin.py:149} INFO - [2024-06-04T21:48:06.563+0000] {dagbag.py:541} INFO - Filling up the DagBag from /home/airflow/.local/lib/python3.7/site-packages/airflow/example_dags/example_branch_python_dop_operator_3.py
[2024-06-04T21:48:06.609+0000] {processor.py:809} INFO - DAG(s) dict_keys(['example_branch_dop_operator_v3']) retrieved from /home/airflow/.local/lib/python3.7/site-packages/airflow/example_dags/example_branch_python_dop_operator_3.py
[2024-06-04T21:48:06.730+0000] {logging_mixin.py:149} INFO - [2024-06-04T21:48:06.727+0000] {dag.py:2726} INFO - Sync 1 DAGs
[2024-06-04T21:48:06.852+0000] {logging_mixin.py:149} INFO - [2024-06-04T21:48:06.852+0000] {dag.py:3490} INFO - Setting next_dagrun for example_branch_dop_operator_v3 to 2024-06-04T21:47:00+00:00, run_after=2024-06-04T21:48:00+00:00
[2024-06-04T21:48:06.963+0000] {processor.py:178} INFO - Processing /home/airflow/.local/lib/python3.7/site-packages/airflow/example_dags/example_branch_python_dop_operator_3.py took 0.417 seconds
[2024-06-04T21:48:38.267+0000] {processor.py:156} INFO - Started process (PID=641) to work on /home/airflow/.local/lib/python3.7/site-packages/airflow/example_dags/example_branch_python_dop_operator_3.py
[2024-06-04T21:48:38.272+0000] {processor.py:799} INFO - Processing file /home/airflow/.local/lib/python3.7/site-packages/airflow/example_dags/example_branch_python_dop_operator_3.py for tasks to queue
[2024-06-04T21:48:38.275+0000] {logging_mixin.py:149} INFO - [2024-06-04T21:48:38.275+0000] {dagbag.py:541} INFO - Filling up the DagBag from /home/airflow/.local/lib/python3.7/site-packages/airflow/example_dags/example_branch_python_dop_operator_3.py
[2024-06-04T21:48:38.323+0000] {processor.py:809} INFO - DAG(s) dict_keys(['example_branch_dop_operator_v3']) retrieved from /home/airflow/.local/lib/python3.7/site-packages/airflow/example_dags/example_branch_python_dop_operator_3.py
[2024-06-04T21:48:38.429+0000] {logging_mixin.py:149} INFO - [2024-06-04T21:48:38.428+0000] {dag.py:2726} INFO - Sync 1 DAGs
[2024-06-04T21:48:38.567+0000] {logging_mixin.py:149} INFO - [2024-06-04T21:48:38.567+0000] {dag.py:3490} INFO - Setting next_dagrun for example_branch_dop_operator_v3 to 2024-06-04T21:47:00+00:00, run_after=2024-06-04T21:48:00+00:00
[2024-06-04T21:48:38.684+0000] {processor.py:178} INFO - Processing /home/airflow/.local/lib/python3.7/site-packages/airflow/example_dags/example_branch_python_dop_operator_3.py took 0.427 seconds
[2024-06-04T21:49:09.054+0000] {processor.py:156} INFO - Started process (PID=698) to work on /home/airflow/.local/lib/python3.7/site-packages/airflow/example_dags/example_branch_python_dop_operator_3.py
[2024-06-04T21:49:09.058+0000] {processor.py:799} INFO - Processing file /home/airflow/.local/lib/python3.7/site-packages/airflow/example_dags/example_branch_python_dop_operator_3.py for tasks to queue
[2024-06-04T21:49:09.067+0000] {logging_mixin.py:149} INFO - [2024-06-04T21:49:09.067+0000] {dagbag.py:541} INFO - Filling up the DagBag from /home/airflow/.local/lib/python3.7/site-packages/airflow/example_dags/example_branch_python_dop_operator_3.py
[2024-06-04T21:49:09.099+0000] {processor.py:809} INFO - DAG(s) dict_keys(['example_branch_dop_operator_v3']) retrieved from /home/airflow/.local/lib/python3.7/site-packages/airflow/example_dags/example_branch_python_dop_operator_3.py
[2024-06-04T21:49:09.192+0000] {logging_mixin.py:149} INFO - [2024-06-04T21:49:09.191+0000] {dag.py:2726} INFO - Sync 1 DAGs
[2024-06-04T21:49:09.286+0000] {logging_mixin.py:149} INFO - [2024-06-04T21:49:09.285+0000] {dag.py:3490} INFO - Setting next_dagrun for example_branch_dop_operator_v3 to 2024-06-04T21:48:00+00:00, run_after=2024-06-04T21:49:00+00:00
[2024-06-04T21:49:09.353+0000] {processor.py:178} INFO - Processing /home/airflow/.local/lib/python3.7/site-packages/airflow/example_dags/example_branch_python_dop_operator_3.py took 0.309 seconds
[2024-06-04T21:49:40.117+0000] {processor.py:156} INFO - Started process (PID=754) to work on /home/airflow/.local/lib/python3.7/site-packages/airflow/example_dags/example_branch_python_dop_operator_3.py
[2024-06-04T21:49:40.119+0000] {processor.py:799} INFO - Processing file /home/airflow/.local/lib/python3.7/site-packages/airflow/example_dags/example_branch_python_dop_operator_3.py for tasks to queue
[2024-06-04T21:49:40.121+0000] {logging_mixin.py:149} INFO - [2024-06-04T21:49:40.121+0000] {dagbag.py:541} INFO - Filling up the DagBag from /home/airflow/.local/lib/python3.7/site-packages/airflow/example_dags/example_branch_python_dop_operator_3.py
[2024-06-04T21:49:40.138+0000] {processor.py:809} INFO - DAG(s) dict_keys(['example_branch_dop_operator_v3']) retrieved from /home/airflow/.local/lib/python3.7/site-packages/airflow/example_dags/example_branch_python_dop_operator_3.py
[2024-06-04T21:49:40.190+0000] {logging_mixin.py:149} INFO - [2024-06-04T21:49:40.189+0000] {dag.py:2726} INFO - Sync 1 DAGs
[2024-06-04T21:49:40.256+0000] {logging_mixin.py:149} INFO - [2024-06-04T21:49:40.255+0000] {dag.py:3490} INFO - Setting next_dagrun for example_branch_dop_operator_v3 to 2024-06-04T21:48:00+00:00, run_after=2024-06-04T21:49:00+00:00
[2024-06-04T21:49:40.308+0000] {processor.py:178} INFO - Processing /home/airflow/.local/lib/python3.7/site-packages/airflow/example_dags/example_branch_python_dop_operator_3.py took 0.196 seconds
[2024-06-04T21:50:11.139+0000] {processor.py:156} INFO - Started process (PID=810) to work on /home/airflow/.local/lib/python3.7/site-packages/airflow/example_dags/example_branch_python_dop_operator_3.py
[2024-06-04T21:50:11.143+0000] {processor.py:799} INFO - Processing file /home/airflow/.local/lib/python3.7/site-packages/airflow/example_dags/example_branch_python_dop_operator_3.py for tasks to queue
[2024-06-04T21:50:11.146+0000] {logging_mixin.py:149} INFO - [2024-06-04T21:50:11.146+0000] {dagbag.py:541} INFO - Filling up the DagBag from /home/airflow/.local/lib/python3.7/site-packages/airflow/example_dags/example_branch_python_dop_operator_3.py
[2024-06-04T21:50:11.160+0000] {processor.py:809} INFO - DAG(s) dict_keys(['example_branch_dop_operator_v3']) retrieved from /home/airflow/.local/lib/python3.7/site-packages/airflow/example_dags/example_branch_python_dop_operator_3.py
[2024-06-04T21:50:11.201+0000] {logging_mixin.py:149} INFO - [2024-06-04T21:50:11.201+0000] {dag.py:2726} INFO - Sync 1 DAGs
[2024-06-04T21:50:11.268+0000] {logging_mixin.py:149} INFO - [2024-06-04T21:50:11.268+0000] {dag.py:3490} INFO - Setting next_dagrun for example_branch_dop_operator_v3 to 2024-06-04T21:49:00+00:00, run_after=2024-06-04T21:50:00+00:00
[2024-06-04T21:50:11.307+0000] {processor.py:178} INFO - Processing /home/airflow/.local/lib/python3.7/site-packages/airflow/example_dags/example_branch_python_dop_operator_3.py took 0.174 seconds
[2024-06-04T21:50:41.870+0000] {processor.py:156} INFO - Started process (PID=866) to work on /home/airflow/.local/lib/python3.7/site-packages/airflow/example_dags/example_branch_python_dop_operator_3.py
[2024-06-04T21:50:41.874+0000] {processor.py:799} INFO - Processing file /home/airflow/.local/lib/python3.7/site-packages/airflow/example_dags/example_branch_python_dop_operator_3.py for tasks to queue
[2024-06-04T21:50:41.879+0000] {logging_mixin.py:149} INFO - [2024-06-04T21:50:41.879+0000] {dagbag.py:541} INFO - Filling up the DagBag from /home/airflow/.local/lib/python3.7/site-packages/airflow/example_dags/example_branch_python_dop_operator_3.py
[2024-06-04T21:50:41.895+0000] {processor.py:809} INFO - DAG(s) dict_keys(['example_branch_dop_operator_v3']) retrieved from /home/airflow/.local/lib/python3.7/site-packages/airflow/example_dags/example_branch_python_dop_operator_3.py
[2024-06-04T21:50:41.944+0000] {logging_mixin.py:149} INFO - [2024-06-04T21:50:41.944+0000] {dag.py:2726} INFO - Sync 1 DAGs
[2024-06-04T21:50:42.004+0000] {logging_mixin.py:149} INFO - [2024-06-04T21:50:42.004+0000] {dag.py:3490} INFO - Setting next_dagrun for example_branch_dop_operator_v3 to 2024-06-04T21:49:00+00:00, run_after=2024-06-04T21:50:00+00:00
[2024-06-04T21:50:42.046+0000] {processor.py:178} INFO - Processing /home/airflow/.local/lib/python3.7/site-packages/airflow/example_dags/example_branch_python_dop_operator_3.py took 0.182 seconds
[2024-06-04T21:51:12.972+0000] {processor.py:156} INFO - Started process (PID=921) to work on /home/airflow/.local/lib/python3.7/site-packages/airflow/example_dags/example_branch_python_dop_operator_3.py
[2024-06-04T21:51:12.980+0000] {processor.py:799} INFO - Processing file /home/airflow/.local/lib/python3.7/site-packages/airflow/example_dags/example_branch_python_dop_operator_3.py for tasks to queue
[2024-06-04T21:51:12.986+0000] {logging_mixin.py:149} INFO - [2024-06-04T21:51:12.985+0000] {dagbag.py:541} INFO - Filling up the DagBag from /home/airflow/.local/lib/python3.7/site-packages/airflow/example_dags/example_branch_python_dop_operator_3.py
[2024-06-04T21:51:13.042+0000] {processor.py:809} INFO - DAG(s) dict_keys(['example_branch_dop_operator_v3']) retrieved from /home/airflow/.local/lib/python3.7/site-packages/airflow/example_dags/example_branch_python_dop_operator_3.py
[2024-06-04T21:51:13.126+0000] {logging_mixin.py:149} INFO - [2024-06-04T21:51:13.123+0000] {dag.py:2726} INFO - Sync 1 DAGs
[2024-06-04T21:51:13.287+0000] {logging_mixin.py:149} INFO - [2024-06-04T21:51:13.286+0000] {dag.py:3490} INFO - Setting next_dagrun for example_branch_dop_operator_v3 to 2024-06-04T21:50:00+00:00, run_after=2024-06-04T21:51:00+00:00
[2024-06-04T21:51:13.490+0000] {processor.py:178} INFO - Processing /home/airflow/.local/lib/python3.7/site-packages/airflow/example_dags/example_branch_python_dop_operator_3.py took 0.530 seconds
[2024-06-04T21:51:43.654+0000] {processor.py:156} INFO - Started process (PID=977) to work on /home/airflow/.local/lib/python3.7/site-packages/airflow/example_dags/example_branch_python_dop_operator_3.py
[2024-06-04T21:51:43.656+0000] {processor.py:799} INFO - Processing file /home/airflow/.local/lib/python3.7/site-packages/airflow/example_dags/example_branch_python_dop_operator_3.py for tasks to queue
[2024-06-04T21:51:43.659+0000] {logging_mixin.py:149} INFO - [2024-06-04T21:51:43.659+0000] {dagbag.py:541} INFO - Filling up the DagBag from /home/airflow/.local/lib/python3.7/site-packages/airflow/example_dags/example_branch_python_dop_operator_3.py
[2024-06-04T21:51:43.675+0000] {processor.py:809} INFO - DAG(s) dict_keys(['example_branch_dop_operator_v3']) retrieved from /home/airflow/.local/lib/python3.7/site-packages/airflow/example_dags/example_branch_python_dop_operator_3.py
[2024-06-04T21:51:43.715+0000] {logging_mixin.py:149} INFO - [2024-06-04T21:51:43.715+0000] {dag.py:2726} INFO - Sync 1 DAGs
[2024-06-04T21:51:43.762+0000] {logging_mixin.py:149} INFO - [2024-06-04T21:51:43.762+0000] {dag.py:3490} INFO - Setting next_dagrun for example_branch_dop_operator_v3 to 2024-06-04T21:50:00+00:00, run_after=2024-06-04T21:51:00+00:00
[2024-06-04T21:51:43.794+0000] {processor.py:178} INFO - Processing /home/airflow/.local/lib/python3.7/site-packages/airflow/example_dags/example_branch_python_dop_operator_3.py took 0.145 seconds
