[2024-06-04T21:43:29.886+0000] {processor.py:156} INFO - Started process (PID=97) to work on /home/airflow/.local/lib/python3.7/site-packages/airflow/example_dags/example_trigger_controller_dag.py
[2024-06-04T21:43:29.892+0000] {processor.py:799} INFO - Processing file /home/airflow/.local/lib/python3.7/site-packages/airflow/example_dags/example_trigger_controller_dag.py for tasks to queue
[2024-06-04T21:43:29.902+0000] {logging_mixin.py:149} INFO - [2024-06-04T21:43:29.901+0000] {dagbag.py:541} INFO - Filling up the DagBag from /home/airflow/.local/lib/python3.7/site-packages/airflow/example_dags/example_trigger_controller_dag.py
[2024-06-04T21:43:30.025+0000] {processor.py:809} INFO - DAG(s) dict_keys(['example_trigger_controller_dag']) retrieved from /home/airflow/.local/lib/python3.7/site-packages/airflow/example_dags/example_trigger_controller_dag.py
[2024-06-04T21:43:30.193+0000] {logging_mixin.py:149} INFO - [2024-06-04T21:43:30.191+0000] {dag.py:2726} INFO - Sync 1 DAGs
[2024-06-04T21:43:30.307+0000] {logging_mixin.py:149} INFO - [2024-06-04T21:43:30.307+0000] {dag.py:2747} INFO - Creating ORM DAG for example_trigger_controller_dag
[2024-06-04T21:43:30.585+0000] {logging_mixin.py:149} INFO - [2024-06-04T21:43:30.585+0000] {dag.py:3490} INFO - Setting next_dagrun for example_trigger_controller_dag to 2021-01-01T00:00:00+00:00, run_after=2021-01-01T00:00:00+00:00
[2024-06-04T21:43:31.242+0000] {processor.py:178} INFO - Processing /home/airflow/.local/lib/python3.7/site-packages/airflow/example_dags/example_trigger_controller_dag.py took 1.407 seconds
[2024-06-04T21:44:02.565+0000] {processor.py:156} INFO - Started process (PID=159) to work on /home/airflow/.local/lib/python3.7/site-packages/airflow/example_dags/example_trigger_controller_dag.py
[2024-06-04T21:44:02.570+0000] {processor.py:799} INFO - Processing file /home/airflow/.local/lib/python3.7/site-packages/airflow/example_dags/example_trigger_controller_dag.py for tasks to queue
[2024-06-04T21:44:02.576+0000] {logging_mixin.py:149} INFO - [2024-06-04T21:44:02.574+0000] {dagbag.py:541} INFO - Filling up the DagBag from /home/airflow/.local/lib/python3.7/site-packages/airflow/example_dags/example_trigger_controller_dag.py
[2024-06-04T21:44:02.593+0000] {processor.py:809} INFO - DAG(s) dict_keys(['example_trigger_controller_dag']) retrieved from /home/airflow/.local/lib/python3.7/site-packages/airflow/example_dags/example_trigger_controller_dag.py
[2024-06-04T21:44:02.710+0000] {logging_mixin.py:149} INFO - [2024-06-04T21:44:02.710+0000] {dag.py:2726} INFO - Sync 1 DAGs
[2024-06-04T21:44:02.856+0000] {logging_mixin.py:149} INFO - [2024-06-04T21:44:02.855+0000] {dag.py:3490} INFO - Setting next_dagrun for example_trigger_controller_dag to 2021-01-01T00:00:00+00:00, run_after=2021-01-01T00:00:00+00:00
[2024-06-04T21:44:03.000+0000] {processor.py:178} INFO - Processing /home/airflow/.local/lib/python3.7/site-packages/airflow/example_dags/example_trigger_controller_dag.py took 0.463 seconds
[2024-06-04T21:44:33.723+0000] {processor.py:156} INFO - Started process (PID=215) to work on /home/airflow/.local/lib/python3.7/site-packages/airflow/example_dags/example_trigger_controller_dag.py
[2024-06-04T21:44:33.731+0000] {processor.py:799} INFO - Processing file /home/airflow/.local/lib/python3.7/site-packages/airflow/example_dags/example_trigger_controller_dag.py for tasks to queue
[2024-06-04T21:44:33.734+0000] {logging_mixin.py:149} INFO - [2024-06-04T21:44:33.733+0000] {dagbag.py:541} INFO - Filling up the DagBag from /home/airflow/.local/lib/python3.7/site-packages/airflow/example_dags/example_trigger_controller_dag.py
[2024-06-04T21:44:33.744+0000] {processor.py:809} INFO - DAG(s) dict_keys(['example_trigger_controller_dag']) retrieved from /home/airflow/.local/lib/python3.7/site-packages/airflow/example_dags/example_trigger_controller_dag.py
[2024-06-04T21:44:33.837+0000] {logging_mixin.py:149} INFO - [2024-06-04T21:44:33.837+0000] {dag.py:2726} INFO - Sync 1 DAGs
[2024-06-04T21:44:33.927+0000] {logging_mixin.py:149} INFO - [2024-06-04T21:44:33.927+0000] {dag.py:3490} INFO - Setting next_dagrun for example_trigger_controller_dag to 2021-01-01T00:00:00+00:00, run_after=2021-01-01T00:00:00+00:00
[2024-06-04T21:44:33.997+0000] {processor.py:178} INFO - Processing /home/airflow/.local/lib/python3.7/site-packages/airflow/example_dags/example_trigger_controller_dag.py took 0.280 seconds
[2024-06-04T21:45:04.940+0000] {processor.py:156} INFO - Started process (PID=271) to work on /home/airflow/.local/lib/python3.7/site-packages/airflow/example_dags/example_trigger_controller_dag.py
[2024-06-04T21:45:04.942+0000] {processor.py:799} INFO - Processing file /home/airflow/.local/lib/python3.7/site-packages/airflow/example_dags/example_trigger_controller_dag.py for tasks to queue
[2024-06-04T21:45:04.944+0000] {logging_mixin.py:149} INFO - [2024-06-04T21:45:04.944+0000] {dagbag.py:541} INFO - Filling up the DagBag from /home/airflow/.local/lib/python3.7/site-packages/airflow/example_dags/example_trigger_controller_dag.py
[2024-06-04T21:45:04.952+0000] {processor.py:809} INFO - DAG(s) dict_keys(['example_trigger_controller_dag']) retrieved from /home/airflow/.local/lib/python3.7/site-packages/airflow/example_dags/example_trigger_controller_dag.py
[2024-06-04T21:45:04.991+0000] {logging_mixin.py:149} INFO - [2024-06-04T21:45:04.991+0000] {dag.py:2726} INFO - Sync 1 DAGs
[2024-06-04T21:45:05.054+0000] {logging_mixin.py:149} INFO - [2024-06-04T21:45:05.054+0000] {dag.py:3490} INFO - Setting next_dagrun for example_trigger_controller_dag to 2021-01-01T00:00:00+00:00, run_after=2021-01-01T00:00:00+00:00
[2024-06-04T21:45:05.098+0000] {processor.py:178} INFO - Processing /home/airflow/.local/lib/python3.7/site-packages/airflow/example_dags/example_trigger_controller_dag.py took 0.162 seconds
[2024-06-04T21:45:36.530+0000] {processor.py:156} INFO - Started process (PID=326) to work on /home/airflow/.local/lib/python3.7/site-packages/airflow/example_dags/example_trigger_controller_dag.py
[2024-06-04T21:45:36.533+0000] {processor.py:799} INFO - Processing file /home/airflow/.local/lib/python3.7/site-packages/airflow/example_dags/example_trigger_controller_dag.py for tasks to queue
[2024-06-04T21:45:36.535+0000] {logging_mixin.py:149} INFO - [2024-06-04T21:45:36.535+0000] {dagbag.py:541} INFO - Filling up the DagBag from /home/airflow/.local/lib/python3.7/site-packages/airflow/example_dags/example_trigger_controller_dag.py
[2024-06-04T21:45:36.546+0000] {processor.py:809} INFO - DAG(s) dict_keys(['example_trigger_controller_dag']) retrieved from /home/airflow/.local/lib/python3.7/site-packages/airflow/example_dags/example_trigger_controller_dag.py
[2024-06-04T21:45:36.592+0000] {logging_mixin.py:149} INFO - [2024-06-04T21:45:36.591+0000] {dag.py:2726} INFO - Sync 1 DAGs
[2024-06-04T21:45:36.647+0000] {logging_mixin.py:149} INFO - [2024-06-04T21:45:36.646+0000] {dag.py:3490} INFO - Setting next_dagrun for example_trigger_controller_dag to 2021-01-01T00:00:00+00:00, run_after=2021-01-01T00:00:00+00:00
[2024-06-04T21:45:36.683+0000] {processor.py:178} INFO - Processing /home/airflow/.local/lib/python3.7/site-packages/airflow/example_dags/example_trigger_controller_dag.py took 0.161 seconds
[2024-06-04T21:46:13.595+0000] {processor.py:156} INFO - Started process (PID=382) to work on /home/airflow/.local/lib/python3.7/site-packages/airflow/example_dags/example_trigger_controller_dag.py
[2024-06-04T21:46:13.606+0000] {processor.py:799} INFO - Processing file /home/airflow/.local/lib/python3.7/site-packages/airflow/example_dags/example_trigger_controller_dag.py for tasks to queue
[2024-06-04T21:46:13.609+0000] {logging_mixin.py:149} INFO - [2024-06-04T21:46:13.608+0000] {dagbag.py:541} INFO - Filling up the DagBag from /home/airflow/.local/lib/python3.7/site-packages/airflow/example_dags/example_trigger_controller_dag.py
[2024-06-04T21:46:13.717+0000] {processor.py:809} INFO - DAG(s) dict_keys(['example_trigger_controller_dag']) retrieved from /home/airflow/.local/lib/python3.7/site-packages/airflow/example_dags/example_trigger_controller_dag.py
[2024-06-04T21:46:13.875+0000] {logging_mixin.py:149} INFO - [2024-06-04T21:46:13.874+0000] {dag.py:2726} INFO - Sync 1 DAGs
[2024-06-04T21:46:14.291+0000] {logging_mixin.py:149} INFO - [2024-06-04T21:46:14.290+0000] {dag.py:3490} INFO - Setting next_dagrun for example_trigger_controller_dag to 2021-01-01T00:00:00+00:00, run_after=2021-01-01T00:00:00+00:00
[2024-06-04T21:46:14.678+0000] {processor.py:178} INFO - Processing /home/airflow/.local/lib/python3.7/site-packages/airflow/example_dags/example_trigger_controller_dag.py took 1.113 seconds
[2024-06-04T21:46:45.611+0000] {processor.py:156} INFO - Started process (PID=438) to work on /home/airflow/.local/lib/python3.7/site-packages/airflow/example_dags/example_trigger_controller_dag.py
[2024-06-04T21:46:45.613+0000] {processor.py:799} INFO - Processing file /home/airflow/.local/lib/python3.7/site-packages/airflow/example_dags/example_trigger_controller_dag.py for tasks to queue
[2024-06-04T21:46:45.616+0000] {logging_mixin.py:149} INFO - [2024-06-04T21:46:45.615+0000] {dagbag.py:541} INFO - Filling up the DagBag from /home/airflow/.local/lib/python3.7/site-packages/airflow/example_dags/example_trigger_controller_dag.py
[2024-06-04T21:46:45.626+0000] {processor.py:809} INFO - DAG(s) dict_keys(['example_trigger_controller_dag']) retrieved from /home/airflow/.local/lib/python3.7/site-packages/airflow/example_dags/example_trigger_controller_dag.py
[2024-06-04T21:46:45.686+0000] {logging_mixin.py:149} INFO - [2024-06-04T21:46:45.685+0000] {dag.py:2726} INFO - Sync 1 DAGs
[2024-06-04T21:46:45.747+0000] {logging_mixin.py:149} INFO - [2024-06-04T21:46:45.746+0000] {dag.py:3490} INFO - Setting next_dagrun for example_trigger_controller_dag to 2021-01-01T00:00:00+00:00, run_after=2021-01-01T00:00:00+00:00
[2024-06-04T21:46:45.800+0000] {processor.py:178} INFO - Processing /home/airflow/.local/lib/python3.7/site-packages/airflow/example_dags/example_trigger_controller_dag.py took 0.200 seconds
[2024-06-04T21:47:16.091+0000] {processor.py:156} INFO - Started process (PID=494) to work on /home/airflow/.local/lib/python3.7/site-packages/airflow/example_dags/example_trigger_controller_dag.py
[2024-06-04T21:47:16.094+0000] {processor.py:799} INFO - Processing file /home/airflow/.local/lib/python3.7/site-packages/airflow/example_dags/example_trigger_controller_dag.py for tasks to queue
[2024-06-04T21:47:16.096+0000] {logging_mixin.py:149} INFO - [2024-06-04T21:47:16.095+0000] {dagbag.py:541} INFO - Filling up the DagBag from /home/airflow/.local/lib/python3.7/site-packages/airflow/example_dags/example_trigger_controller_dag.py
[2024-06-04T21:47:16.102+0000] {processor.py:809} INFO - DAG(s) dict_keys(['example_trigger_controller_dag']) retrieved from /home/airflow/.local/lib/python3.7/site-packages/airflow/example_dags/example_trigger_controller_dag.py
[2024-06-04T21:47:16.145+0000] {logging_mixin.py:149} INFO - [2024-06-04T21:47:16.145+0000] {dag.py:2726} INFO - Sync 1 DAGs
[2024-06-04T21:47:16.183+0000] {logging_mixin.py:149} INFO - [2024-06-04T21:47:16.182+0000] {dag.py:3490} INFO - Setting next_dagrun for example_trigger_controller_dag to 2021-01-01T00:00:00+00:00, run_after=2021-01-01T00:00:00+00:00
[2024-06-04T21:47:16.219+0000] {processor.py:178} INFO - Processing /home/airflow/.local/lib/python3.7/site-packages/airflow/example_dags/example_trigger_controller_dag.py took 0.133 seconds
[2024-06-04T21:47:46.412+0000] {processor.py:156} INFO - Started process (PID=551) to work on /home/airflow/.local/lib/python3.7/site-packages/airflow/example_dags/example_trigger_controller_dag.py
[2024-06-04T21:47:46.414+0000] {processor.py:799} INFO - Processing file /home/airflow/.local/lib/python3.7/site-packages/airflow/example_dags/example_trigger_controller_dag.py for tasks to queue
[2024-06-04T21:47:46.416+0000] {logging_mixin.py:149} INFO - [2024-06-04T21:47:46.416+0000] {dagbag.py:541} INFO - Filling up the DagBag from /home/airflow/.local/lib/python3.7/site-packages/airflow/example_dags/example_trigger_controller_dag.py
[2024-06-04T21:47:46.429+0000] {processor.py:809} INFO - DAG(s) dict_keys(['example_trigger_controller_dag']) retrieved from /home/airflow/.local/lib/python3.7/site-packages/airflow/example_dags/example_trigger_controller_dag.py
[2024-06-04T21:47:46.531+0000] {logging_mixin.py:149} INFO - [2024-06-04T21:47:46.531+0000] {dag.py:2726} INFO - Sync 1 DAGs
[2024-06-04T21:47:46.665+0000] {logging_mixin.py:149} INFO - [2024-06-04T21:47:46.664+0000] {dag.py:3490} INFO - Setting next_dagrun for example_trigger_controller_dag to 2021-01-01T00:00:00+00:00, run_after=2021-01-01T00:00:00+00:00
[2024-06-04T21:47:46.910+0000] {processor.py:178} INFO - Processing /home/airflow/.local/lib/python3.7/site-packages/airflow/example_dags/example_trigger_controller_dag.py took 0.507 seconds
[2024-06-04T21:48:17.606+0000] {processor.py:156} INFO - Started process (PID=607) to work on /home/airflow/.local/lib/python3.7/site-packages/airflow/example_dags/example_trigger_controller_dag.py
[2024-06-04T21:48:17.617+0000] {processor.py:799} INFO - Processing file /home/airflow/.local/lib/python3.7/site-packages/airflow/example_dags/example_trigger_controller_dag.py for tasks to queue
[2024-06-04T21:48:17.634+0000] {logging_mixin.py:149} INFO - [2024-06-04T21:48:17.633+0000] {dagbag.py:541} INFO - Filling up the DagBag from /home/airflow/.local/lib/python3.7/site-packages/airflow/example_dags/example_trigger_controller_dag.py
[2024-06-04T21:48:17.649+0000] {processor.py:809} INFO - DAG(s) dict_keys(['example_trigger_controller_dag']) retrieved from /home/airflow/.local/lib/python3.7/site-packages/airflow/example_dags/example_trigger_controller_dag.py
[2024-06-04T21:48:17.790+0000] {logging_mixin.py:149} INFO - [2024-06-04T21:48:17.789+0000] {dag.py:2726} INFO - Sync 1 DAGs
[2024-06-04T21:48:17.901+0000] {logging_mixin.py:149} INFO - [2024-06-04T21:48:17.901+0000] {dag.py:3490} INFO - Setting next_dagrun for example_trigger_controller_dag to 2021-01-01T00:00:00+00:00, run_after=2021-01-01T00:00:00+00:00
[2024-06-04T21:48:18.014+0000] {processor.py:178} INFO - Processing /home/airflow/.local/lib/python3.7/site-packages/airflow/example_dags/example_trigger_controller_dag.py took 0.420 seconds
[2024-06-04T21:48:48.749+0000] {processor.py:156} INFO - Started process (PID=661) to work on /home/airflow/.local/lib/python3.7/site-packages/airflow/example_dags/example_trigger_controller_dag.py
[2024-06-04T21:48:48.751+0000] {processor.py:799} INFO - Processing file /home/airflow/.local/lib/python3.7/site-packages/airflow/example_dags/example_trigger_controller_dag.py for tasks to queue
[2024-06-04T21:48:48.753+0000] {logging_mixin.py:149} INFO - [2024-06-04T21:48:48.752+0000] {dagbag.py:541} INFO - Filling up the DagBag from /home/airflow/.local/lib/python3.7/site-packages/airflow/example_dags/example_trigger_controller_dag.py
[2024-06-04T21:48:48.761+0000] {processor.py:809} INFO - DAG(s) dict_keys(['example_trigger_controller_dag']) retrieved from /home/airflow/.local/lib/python3.7/site-packages/airflow/example_dags/example_trigger_controller_dag.py
[2024-06-04T21:48:48.822+0000] {logging_mixin.py:149} INFO - [2024-06-04T21:48:48.822+0000] {dag.py:2726} INFO - Sync 1 DAGs
[2024-06-04T21:48:48.887+0000] {logging_mixin.py:149} INFO - [2024-06-04T21:48:48.886+0000] {dag.py:3490} INFO - Setting next_dagrun for example_trigger_controller_dag to 2021-01-01T00:00:00+00:00, run_after=2021-01-01T00:00:00+00:00
[2024-06-04T21:48:48.953+0000] {processor.py:178} INFO - Processing /home/airflow/.local/lib/python3.7/site-packages/airflow/example_dags/example_trigger_controller_dag.py took 0.211 seconds
[2024-06-04T21:49:19.414+0000] {processor.py:156} INFO - Started process (PID=718) to work on /home/airflow/.local/lib/python3.7/site-packages/airflow/example_dags/example_trigger_controller_dag.py
[2024-06-04T21:49:19.415+0000] {processor.py:799} INFO - Processing file /home/airflow/.local/lib/python3.7/site-packages/airflow/example_dags/example_trigger_controller_dag.py for tasks to queue
[2024-06-04T21:49:19.417+0000] {logging_mixin.py:149} INFO - [2024-06-04T21:49:19.417+0000] {dagbag.py:541} INFO - Filling up the DagBag from /home/airflow/.local/lib/python3.7/site-packages/airflow/example_dags/example_trigger_controller_dag.py
[2024-06-04T21:49:19.427+0000] {processor.py:809} INFO - DAG(s) dict_keys(['example_trigger_controller_dag']) retrieved from /home/airflow/.local/lib/python3.7/site-packages/airflow/example_dags/example_trigger_controller_dag.py
[2024-06-04T21:49:19.467+0000] {logging_mixin.py:149} INFO - [2024-06-04T21:49:19.466+0000] {dag.py:2726} INFO - Sync 1 DAGs
[2024-06-04T21:49:19.513+0000] {logging_mixin.py:149} INFO - [2024-06-04T21:49:19.513+0000] {dag.py:3490} INFO - Setting next_dagrun for example_trigger_controller_dag to 2021-01-01T00:00:00+00:00, run_after=2021-01-01T00:00:00+00:00
[2024-06-04T21:49:19.551+0000] {processor.py:178} INFO - Processing /home/airflow/.local/lib/python3.7/site-packages/airflow/example_dags/example_trigger_controller_dag.py took 0.142 seconds
[2024-06-04T21:49:49.809+0000] {processor.py:156} INFO - Started process (PID=774) to work on /home/airflow/.local/lib/python3.7/site-packages/airflow/example_dags/example_trigger_controller_dag.py
[2024-06-04T21:49:49.811+0000] {processor.py:799} INFO - Processing file /home/airflow/.local/lib/python3.7/site-packages/airflow/example_dags/example_trigger_controller_dag.py for tasks to queue
[2024-06-04T21:49:49.814+0000] {logging_mixin.py:149} INFO - [2024-06-04T21:49:49.813+0000] {dagbag.py:541} INFO - Filling up the DagBag from /home/airflow/.local/lib/python3.7/site-packages/airflow/example_dags/example_trigger_controller_dag.py
[2024-06-04T21:49:49.823+0000] {processor.py:809} INFO - DAG(s) dict_keys(['example_trigger_controller_dag']) retrieved from /home/airflow/.local/lib/python3.7/site-packages/airflow/example_dags/example_trigger_controller_dag.py
[2024-06-04T21:49:49.861+0000] {logging_mixin.py:149} INFO - [2024-06-04T21:49:49.861+0000] {dag.py:2726} INFO - Sync 1 DAGs
[2024-06-04T21:49:49.901+0000] {logging_mixin.py:149} INFO - [2024-06-04T21:49:49.901+0000] {dag.py:3490} INFO - Setting next_dagrun for example_trigger_controller_dag to 2021-01-01T00:00:00+00:00, run_after=2021-01-01T00:00:00+00:00
[2024-06-04T21:49:49.934+0000] {processor.py:178} INFO - Processing /home/airflow/.local/lib/python3.7/site-packages/airflow/example_dags/example_trigger_controller_dag.py took 0.130 seconds
[2024-06-04T21:50:20.464+0000] {processor.py:156} INFO - Started process (PID=830) to work on /home/airflow/.local/lib/python3.7/site-packages/airflow/example_dags/example_trigger_controller_dag.py
[2024-06-04T21:50:20.466+0000] {processor.py:799} INFO - Processing file /home/airflow/.local/lib/python3.7/site-packages/airflow/example_dags/example_trigger_controller_dag.py for tasks to queue
[2024-06-04T21:50:20.467+0000] {logging_mixin.py:149} INFO - [2024-06-04T21:50:20.467+0000] {dagbag.py:541} INFO - Filling up the DagBag from /home/airflow/.local/lib/python3.7/site-packages/airflow/example_dags/example_trigger_controller_dag.py
[2024-06-04T21:50:20.476+0000] {processor.py:809} INFO - DAG(s) dict_keys(['example_trigger_controller_dag']) retrieved from /home/airflow/.local/lib/python3.7/site-packages/airflow/example_dags/example_trigger_controller_dag.py
[2024-06-04T21:50:20.533+0000] {logging_mixin.py:149} INFO - [2024-06-04T21:50:20.532+0000] {dag.py:2726} INFO - Sync 1 DAGs
[2024-06-04T21:50:20.687+0000] {logging_mixin.py:149} INFO - [2024-06-04T21:50:20.686+0000] {dag.py:3490} INFO - Setting next_dagrun for example_trigger_controller_dag to 2021-01-01T00:00:00+00:00, run_after=2021-01-01T00:00:00+00:00
[2024-06-04T21:50:20.762+0000] {processor.py:178} INFO - Processing /home/airflow/.local/lib/python3.7/site-packages/airflow/example_dags/example_trigger_controller_dag.py took 0.305 seconds
[2024-06-04T21:50:51.083+0000] {processor.py:156} INFO - Started process (PID=887) to work on /home/airflow/.local/lib/python3.7/site-packages/airflow/example_dags/example_trigger_controller_dag.py
[2024-06-04T21:50:51.084+0000] {processor.py:799} INFO - Processing file /home/airflow/.local/lib/python3.7/site-packages/airflow/example_dags/example_trigger_controller_dag.py for tasks to queue
[2024-06-04T21:50:51.086+0000] {logging_mixin.py:149} INFO - [2024-06-04T21:50:51.086+0000] {dagbag.py:541} INFO - Filling up the DagBag from /home/airflow/.local/lib/python3.7/site-packages/airflow/example_dags/example_trigger_controller_dag.py
[2024-06-04T21:50:51.096+0000] {processor.py:809} INFO - DAG(s) dict_keys(['example_trigger_controller_dag']) retrieved from /home/airflow/.local/lib/python3.7/site-packages/airflow/example_dags/example_trigger_controller_dag.py
[2024-06-04T21:50:51.136+0000] {logging_mixin.py:149} INFO - [2024-06-04T21:50:51.136+0000] {dag.py:2726} INFO - Sync 1 DAGs
[2024-06-04T21:50:51.228+0000] {logging_mixin.py:149} INFO - [2024-06-04T21:50:51.228+0000] {dag.py:3490} INFO - Setting next_dagrun for example_trigger_controller_dag to 2021-01-01T00:00:00+00:00, run_after=2021-01-01T00:00:00+00:00
[2024-06-04T21:50:51.305+0000] {processor.py:178} INFO - Processing /home/airflow/.local/lib/python3.7/site-packages/airflow/example_dags/example_trigger_controller_dag.py took 0.227 seconds
[2024-06-04T21:51:21.923+0000] {processor.py:156} INFO - Started process (PID=941) to work on /home/airflow/.local/lib/python3.7/site-packages/airflow/example_dags/example_trigger_controller_dag.py
[2024-06-04T21:51:21.925+0000] {processor.py:799} INFO - Processing file /home/airflow/.local/lib/python3.7/site-packages/airflow/example_dags/example_trigger_controller_dag.py for tasks to queue
[2024-06-04T21:51:21.929+0000] {logging_mixin.py:149} INFO - [2024-06-04T21:51:21.928+0000] {dagbag.py:541} INFO - Filling up the DagBag from /home/airflow/.local/lib/python3.7/site-packages/airflow/example_dags/example_trigger_controller_dag.py
[2024-06-04T21:51:21.936+0000] {processor.py:809} INFO - DAG(s) dict_keys(['example_trigger_controller_dag']) retrieved from /home/airflow/.local/lib/python3.7/site-packages/airflow/example_dags/example_trigger_controller_dag.py
[2024-06-04T21:51:21.997+0000] {logging_mixin.py:149} INFO - [2024-06-04T21:51:21.997+0000] {dag.py:2726} INFO - Sync 1 DAGs
[2024-06-04T21:51:22.068+0000] {logging_mixin.py:149} INFO - [2024-06-04T21:51:22.068+0000] {dag.py:3490} INFO - Setting next_dagrun for example_trigger_controller_dag to 2021-01-01T00:00:00+00:00, run_after=2021-01-01T00:00:00+00:00
[2024-06-04T21:51:22.122+0000] {processor.py:178} INFO - Processing /home/airflow/.local/lib/python3.7/site-packages/airflow/example_dags/example_trigger_controller_dag.py took 0.204 seconds
[2024-06-04T21:51:52.487+0000] {processor.py:156} INFO - Started process (PID=998) to work on /home/airflow/.local/lib/python3.7/site-packages/airflow/example_dags/example_trigger_controller_dag.py
[2024-06-04T21:51:52.490+0000] {processor.py:799} INFO - Processing file /home/airflow/.local/lib/python3.7/site-packages/airflow/example_dags/example_trigger_controller_dag.py for tasks to queue
[2024-06-04T21:51:52.491+0000] {logging_mixin.py:149} INFO - [2024-06-04T21:51:52.491+0000] {dagbag.py:541} INFO - Filling up the DagBag from /home/airflow/.local/lib/python3.7/site-packages/airflow/example_dags/example_trigger_controller_dag.py
[2024-06-04T21:51:52.507+0000] {processor.py:809} INFO - DAG(s) dict_keys(['example_trigger_controller_dag']) retrieved from /home/airflow/.local/lib/python3.7/site-packages/airflow/example_dags/example_trigger_controller_dag.py
[2024-06-04T21:51:52.577+0000] {logging_mixin.py:149} INFO - [2024-06-04T21:51:52.577+0000] {dag.py:2726} INFO - Sync 1 DAGs
[2024-06-04T21:51:52.654+0000] {logging_mixin.py:149} INFO - [2024-06-04T21:51:52.653+0000] {dag.py:3490} INFO - Setting next_dagrun for example_trigger_controller_dag to 2021-01-01T00:00:00+00:00, run_after=2021-01-01T00:00:00+00:00
[2024-06-04T21:51:52.720+0000] {processor.py:178} INFO - Processing /home/airflow/.local/lib/python3.7/site-packages/airflow/example_dags/example_trigger_controller_dag.py took 0.244 seconds
