[2024-06-04T21:42:11.871+0000] {processor.py:156} INFO - Started process (PID=54) to work on /home/airflow/.local/lib/python3.7/site-packages/airflow/example_dags/example_branch_datetime_operator.py
[2024-06-04T21:42:11.882+0000] {processor.py:799} INFO - Processing file /home/airflow/.local/lib/python3.7/site-packages/airflow/example_dags/example_branch_datetime_operator.py for tasks to queue
[2024-06-04T21:42:11.899+0000] {logging_mixin.py:149} INFO - [2024-06-04T21:42:11.898+0000] {dagbag.py:541} INFO - Filling up the DagBag from /home/airflow/.local/lib/python3.7/site-packages/airflow/example_dags/example_branch_datetime_operator.py
[2024-06-04T21:42:12.005+0000] {processor.py:809} INFO - DAG(s) dict_keys(['example_branch_datetime_operator_2', 'example_branch_datetime_operator_3', 'example_branch_datetime_operator']) retrieved from /home/airflow/.local/lib/python3.7/site-packages/airflow/example_dags/example_branch_datetime_operator.py
[2024-06-04T21:42:15.269+0000] {logging_mixin.py:149} INFO - [2024-06-04T21:42:15.247+0000] {manager.py:504} INFO - Created Permission View: can delete on DAG:example_branch_datetime_operator_2
[2024-06-04T21:42:15.752+0000] {logging_mixin.py:149} INFO - [2024-06-04T21:42:15.748+0000] {manager.py:504} INFO - Created Permission View: can read on DAG:example_branch_datetime_operator_2
[2024-06-04T21:42:15.993+0000] {logging_mixin.py:149} INFO - [2024-06-04T21:42:15.993+0000] {manager.py:504} INFO - Created Permission View: can edit on DAG:example_branch_datetime_operator_2
[2024-06-04T21:42:16.221+0000] {logging_mixin.py:149} INFO - [2024-06-04T21:42:16.220+0000] {manager.py:504} INFO - Created Permission View: can delete on DAG:example_branch_datetime_operator_3
[2024-06-04T21:42:16.521+0000] {logging_mixin.py:149} INFO - [2024-06-04T21:42:16.514+0000] {manager.py:504} INFO - Created Permission View: can read on DAG:example_branch_datetime_operator_3
[2024-06-04T21:42:16.870+0000] {logging_mixin.py:149} INFO - [2024-06-04T21:42:16.867+0000] {manager.py:504} INFO - Created Permission View: can edit on DAG:example_branch_datetime_operator_3
[2024-06-04T21:42:17.064+0000] {logging_mixin.py:149} INFO - [2024-06-04T21:42:17.064+0000] {manager.py:504} INFO - Created Permission View: can delete on DAG:example_branch_datetime_operator
[2024-06-04T21:42:17.132+0000] {logging_mixin.py:149} INFO - [2024-06-04T21:42:17.131+0000] {manager.py:504} INFO - Created Permission View: can read on DAG:example_branch_datetime_operator
[2024-06-04T21:42:17.242+0000] {logging_mixin.py:149} INFO - [2024-06-04T21:42:17.239+0000] {manager.py:504} INFO - Created Permission View: can edit on DAG:example_branch_datetime_operator
[2024-06-04T21:42:17.248+0000] {logging_mixin.py:149} INFO - [2024-06-04T21:42:17.245+0000] {dag.py:2726} INFO - Sync 3 DAGs
[2024-06-04T21:42:18.010+0000] {logging_mixin.py:149} INFO - [2024-06-04T21:42:18.010+0000] {dag.py:2747} INFO - Creating ORM DAG for example_branch_datetime_operator
[2024-06-04T21:42:18.024+0000] {logging_mixin.py:149} INFO - [2024-06-04T21:42:18.023+0000] {dag.py:2747} INFO - Creating ORM DAG for example_branch_datetime_operator_2
[2024-06-04T21:42:18.033+0000] {logging_mixin.py:149} INFO - [2024-06-04T21:42:18.032+0000] {dag.py:2747} INFO - Creating ORM DAG for example_branch_datetime_operator_3
[2024-06-04T21:42:18.685+0000] {logging_mixin.py:149} INFO - [2024-06-04T21:42:18.685+0000] {dag.py:3490} INFO - Setting next_dagrun for example_branch_datetime_operator to 2024-06-03T00:00:00+00:00, run_after=2024-06-04T00:00:00+00:00
[2024-06-04T21:42:18.740+0000] {logging_mixin.py:149} INFO - [2024-06-04T21:42:18.735+0000] {dag.py:3490} INFO - Setting next_dagrun for example_branch_datetime_operator_2 to 2024-06-03T00:00:00+00:00, run_after=2024-06-04T00:00:00+00:00
[2024-06-04T21:42:18.855+0000] {logging_mixin.py:149} INFO - [2024-06-04T21:42:18.841+0000] {dag.py:3490} INFO - Setting next_dagrun for example_branch_datetime_operator_3 to 2024-06-03T00:00:00+00:00, run_after=2024-06-04T00:00:00+00:00
[2024-06-04T21:42:19.417+0000] {processor.py:178} INFO - Processing /home/airflow/.local/lib/python3.7/site-packages/airflow/example_dags/example_branch_datetime_operator.py took 7.674 seconds
[2024-06-04T21:43:49.692+0000] {processor.py:156} INFO - Started process (PID=123) to work on /home/airflow/.local/lib/python3.7/site-packages/airflow/example_dags/example_branch_datetime_operator.py
[2024-06-04T21:43:49.706+0000] {processor.py:799} INFO - Processing file /home/airflow/.local/lib/python3.7/site-packages/airflow/example_dags/example_branch_datetime_operator.py for tasks to queue
[2024-06-04T21:43:49.712+0000] {logging_mixin.py:149} INFO - [2024-06-04T21:43:49.711+0000] {dagbag.py:541} INFO - Filling up the DagBag from /home/airflow/.local/lib/python3.7/site-packages/airflow/example_dags/example_branch_datetime_operator.py
[2024-06-04T21:43:49.749+0000] {processor.py:809} INFO - DAG(s) dict_keys(['example_branch_datetime_operator_3', 'example_branch_datetime_operator_2', 'example_branch_datetime_operator']) retrieved from /home/airflow/.local/lib/python3.7/site-packages/airflow/example_dags/example_branch_datetime_operator.py
[2024-06-04T21:43:50.110+0000] {logging_mixin.py:149} INFO - [2024-06-04T21:43:50.109+0000] {dag.py:2726} INFO - Sync 3 DAGs
[2024-06-04T21:43:50.261+0000] {logging_mixin.py:149} INFO - [2024-06-04T21:43:50.261+0000] {dag.py:3490} INFO - Setting next_dagrun for example_branch_datetime_operator to 2024-06-03T00:00:00+00:00, run_after=2024-06-04T00:00:00+00:00
[2024-06-04T21:43:50.306+0000] {logging_mixin.py:149} INFO - [2024-06-04T21:43:50.301+0000] {dag.py:3490} INFO - Setting next_dagrun for example_branch_datetime_operator_2 to 2024-06-03T00:00:00+00:00, run_after=2024-06-04T00:00:00+00:00
[2024-06-04T21:43:50.321+0000] {logging_mixin.py:149} INFO - [2024-06-04T21:43:50.321+0000] {dag.py:3490} INFO - Setting next_dagrun for example_branch_datetime_operator_3 to 2024-06-03T00:00:00+00:00, run_after=2024-06-04T00:00:00+00:00
[2024-06-04T21:43:50.416+0000] {processor.py:178} INFO - Processing /home/airflow/.local/lib/python3.7/site-packages/airflow/example_dags/example_branch_datetime_operator.py took 0.732 seconds
[2024-06-04T21:44:25.715+0000] {processor.py:156} INFO - Started process (PID=178) to work on /home/airflow/.local/lib/python3.7/site-packages/airflow/example_dags/example_branch_datetime_operator.py
[2024-06-04T21:44:25.720+0000] {processor.py:799} INFO - Processing file /home/airflow/.local/lib/python3.7/site-packages/airflow/example_dags/example_branch_datetime_operator.py for tasks to queue
[2024-06-04T21:44:25.726+0000] {logging_mixin.py:149} INFO - [2024-06-04T21:44:25.725+0000] {dagbag.py:541} INFO - Filling up the DagBag from /home/airflow/.local/lib/python3.7/site-packages/airflow/example_dags/example_branch_datetime_operator.py
[2024-06-04T21:44:25.774+0000] {processor.py:809} INFO - DAG(s) dict_keys(['example_branch_datetime_operator_2', 'example_branch_datetime_operator', 'example_branch_datetime_operator_3']) retrieved from /home/airflow/.local/lib/python3.7/site-packages/airflow/example_dags/example_branch_datetime_operator.py
[2024-06-04T21:44:26.014+0000] {logging_mixin.py:149} INFO - [2024-06-04T21:44:26.008+0000] {dag.py:2726} INFO - Sync 3 DAGs
[2024-06-04T21:44:26.133+0000] {logging_mixin.py:149} INFO - [2024-06-04T21:44:26.133+0000] {dag.py:3490} INFO - Setting next_dagrun for example_branch_datetime_operator to 2024-06-03T00:00:00+00:00, run_after=2024-06-04T00:00:00+00:00
[2024-06-04T21:44:26.162+0000] {logging_mixin.py:149} INFO - [2024-06-04T21:44:26.161+0000] {dag.py:3490} INFO - Setting next_dagrun for example_branch_datetime_operator_2 to 2024-06-03T00:00:00+00:00, run_after=2024-06-04T00:00:00+00:00
[2024-06-04T21:44:26.177+0000] {logging_mixin.py:149} INFO - [2024-06-04T21:44:26.176+0000] {dag.py:3490} INFO - Setting next_dagrun for example_branch_datetime_operator_3 to 2024-06-03T00:00:00+00:00, run_after=2024-06-04T00:00:00+00:00
[2024-06-04T21:44:26.262+0000] {processor.py:178} INFO - Processing /home/airflow/.local/lib/python3.7/site-packages/airflow/example_dags/example_branch_datetime_operator.py took 0.565 seconds
[2024-06-04T21:44:56.929+0000] {processor.py:156} INFO - Started process (PID=234) to work on /home/airflow/.local/lib/python3.7/site-packages/airflow/example_dags/example_branch_datetime_operator.py
[2024-06-04T21:44:56.935+0000] {processor.py:799} INFO - Processing file /home/airflow/.local/lib/python3.7/site-packages/airflow/example_dags/example_branch_datetime_operator.py for tasks to queue
[2024-06-04T21:44:56.949+0000] {logging_mixin.py:149} INFO - [2024-06-04T21:44:56.948+0000] {dagbag.py:541} INFO - Filling up the DagBag from /home/airflow/.local/lib/python3.7/site-packages/airflow/example_dags/example_branch_datetime_operator.py
[2024-06-04T21:44:57.056+0000] {processor.py:809} INFO - DAG(s) dict_keys(['example_branch_datetime_operator_3', 'example_branch_datetime_operator_2', 'example_branch_datetime_operator']) retrieved from /home/airflow/.local/lib/python3.7/site-packages/airflow/example_dags/example_branch_datetime_operator.py
[2024-06-04T21:44:57.435+0000] {logging_mixin.py:149} INFO - [2024-06-04T21:44:57.435+0000] {dag.py:2726} INFO - Sync 3 DAGs
[2024-06-04T21:44:57.811+0000] {logging_mixin.py:149} INFO - [2024-06-04T21:44:57.797+0000] {dag.py:3490} INFO - Setting next_dagrun for example_branch_datetime_operator to 2024-06-03T00:00:00+00:00, run_after=2024-06-04T00:00:00+00:00
[2024-06-04T21:44:57.880+0000] {logging_mixin.py:149} INFO - [2024-06-04T21:44:57.874+0000] {dag.py:3490} INFO - Setting next_dagrun for example_branch_datetime_operator_2 to 2024-06-03T00:00:00+00:00, run_after=2024-06-04T00:00:00+00:00
[2024-06-04T21:44:57.891+0000] {logging_mixin.py:149} INFO - [2024-06-04T21:44:57.891+0000] {dag.py:3490} INFO - Setting next_dagrun for example_branch_datetime_operator_3 to 2024-06-03T00:00:00+00:00, run_after=2024-06-04T00:00:00+00:00
[2024-06-04T21:44:58.042+0000] {processor.py:178} INFO - Processing /home/airflow/.local/lib/python3.7/site-packages/airflow/example_dags/example_branch_datetime_operator.py took 1.147 seconds
[2024-06-04T21:45:28.313+0000] {processor.py:156} INFO - Started process (PID=290) to work on /home/airflow/.local/lib/python3.7/site-packages/airflow/example_dags/example_branch_datetime_operator.py
[2024-06-04T21:45:28.315+0000] {processor.py:799} INFO - Processing file /home/airflow/.local/lib/python3.7/site-packages/airflow/example_dags/example_branch_datetime_operator.py for tasks to queue
[2024-06-04T21:45:28.318+0000] {logging_mixin.py:149} INFO - [2024-06-04T21:45:28.317+0000] {dagbag.py:541} INFO - Filling up the DagBag from /home/airflow/.local/lib/python3.7/site-packages/airflow/example_dags/example_branch_datetime_operator.py
[2024-06-04T21:45:28.345+0000] {processor.py:809} INFO - DAG(s) dict_keys(['example_branch_datetime_operator_2', 'example_branch_datetime_operator', 'example_branch_datetime_operator_3']) retrieved from /home/airflow/.local/lib/python3.7/site-packages/airflow/example_dags/example_branch_datetime_operator.py
[2024-06-04T21:45:28.411+0000] {logging_mixin.py:149} INFO - [2024-06-04T21:45:28.411+0000] {dag.py:2726} INFO - Sync 3 DAGs
[2024-06-04T21:45:28.471+0000] {logging_mixin.py:149} INFO - [2024-06-04T21:45:28.471+0000] {dag.py:3490} INFO - Setting next_dagrun for example_branch_datetime_operator to 2024-06-03T00:00:00+00:00, run_after=2024-06-04T00:00:00+00:00
[2024-06-04T21:45:28.501+0000] {logging_mixin.py:149} INFO - [2024-06-04T21:45:28.501+0000] {dag.py:3490} INFO - Setting next_dagrun for example_branch_datetime_operator_2 to 2024-06-03T00:00:00+00:00, run_after=2024-06-04T00:00:00+00:00
[2024-06-04T21:45:28.513+0000] {logging_mixin.py:149} INFO - [2024-06-04T21:45:28.512+0000] {dag.py:3490} INFO - Setting next_dagrun for example_branch_datetime_operator_3 to 2024-06-03T00:00:00+00:00, run_after=2024-06-04T00:00:00+00:00
[2024-06-04T21:45:28.562+0000] {processor.py:178} INFO - Processing /home/airflow/.local/lib/python3.7/site-packages/airflow/example_dags/example_branch_datetime_operator.py took 0.261 seconds
[2024-06-04T21:45:58.840+0000] {processor.py:156} INFO - Started process (PID=345) to work on /home/airflow/.local/lib/python3.7/site-packages/airflow/example_dags/example_branch_datetime_operator.py
[2024-06-04T21:45:58.843+0000] {processor.py:799} INFO - Processing file /home/airflow/.local/lib/python3.7/site-packages/airflow/example_dags/example_branch_datetime_operator.py for tasks to queue
[2024-06-04T21:45:58.848+0000] {logging_mixin.py:149} INFO - [2024-06-04T21:45:58.848+0000] {dagbag.py:541} INFO - Filling up the DagBag from /home/airflow/.local/lib/python3.7/site-packages/airflow/example_dags/example_branch_datetime_operator.py
[2024-06-04T21:45:58.878+0000] {processor.py:809} INFO - DAG(s) dict_keys(['example_branch_datetime_operator_3', 'example_branch_datetime_operator', 'example_branch_datetime_operator_2']) retrieved from /home/airflow/.local/lib/python3.7/site-packages/airflow/example_dags/example_branch_datetime_operator.py
[2024-06-04T21:45:58.946+0000] {logging_mixin.py:149} INFO - [2024-06-04T21:45:58.945+0000] {dag.py:2726} INFO - Sync 3 DAGs
[2024-06-04T21:45:59.047+0000] {logging_mixin.py:149} INFO - [2024-06-04T21:45:59.046+0000] {dag.py:3490} INFO - Setting next_dagrun for example_branch_datetime_operator to 2024-06-03T00:00:00+00:00, run_after=2024-06-04T00:00:00+00:00
[2024-06-04T21:45:59.059+0000] {logging_mixin.py:149} INFO - [2024-06-04T21:45:59.059+0000] {dag.py:3490} INFO - Setting next_dagrun for example_branch_datetime_operator_2 to 2024-06-03T00:00:00+00:00, run_after=2024-06-04T00:00:00+00:00
[2024-06-04T21:45:59.076+0000] {logging_mixin.py:149} INFO - [2024-06-04T21:45:59.076+0000] {dag.py:3490} INFO - Setting next_dagrun for example_branch_datetime_operator_3 to 2024-06-03T00:00:00+00:00, run_after=2024-06-04T00:00:00+00:00
[2024-06-04T21:45:59.173+0000] {processor.py:178} INFO - Processing /home/airflow/.local/lib/python3.7/site-packages/airflow/example_dags/example_branch_datetime_operator.py took 0.340 seconds
[2024-06-04T21:46:30.049+0000] {processor.py:156} INFO - Started process (PID=401) to work on /home/airflow/.local/lib/python3.7/site-packages/airflow/example_dags/example_branch_datetime_operator.py
[2024-06-04T21:46:30.051+0000] {processor.py:799} INFO - Processing file /home/airflow/.local/lib/python3.7/site-packages/airflow/example_dags/example_branch_datetime_operator.py for tasks to queue
[2024-06-04T21:46:30.052+0000] {logging_mixin.py:149} INFO - [2024-06-04T21:46:30.052+0000] {dagbag.py:541} INFO - Filling up the DagBag from /home/airflow/.local/lib/python3.7/site-packages/airflow/example_dags/example_branch_datetime_operator.py
[2024-06-04T21:46:30.067+0000] {processor.py:809} INFO - DAG(s) dict_keys(['example_branch_datetime_operator', 'example_branch_datetime_operator_3', 'example_branch_datetime_operator_2']) retrieved from /home/airflow/.local/lib/python3.7/site-packages/airflow/example_dags/example_branch_datetime_operator.py
[2024-06-04T21:46:30.116+0000] {logging_mixin.py:149} INFO - [2024-06-04T21:46:30.115+0000] {dag.py:2726} INFO - Sync 3 DAGs
[2024-06-04T21:46:30.170+0000] {logging_mixin.py:149} INFO - [2024-06-04T21:46:30.169+0000] {dag.py:3490} INFO - Setting next_dagrun for example_branch_datetime_operator to 2024-06-03T00:00:00+00:00, run_after=2024-06-04T00:00:00+00:00
[2024-06-04T21:46:30.179+0000] {logging_mixin.py:149} INFO - [2024-06-04T21:46:30.179+0000] {dag.py:3490} INFO - Setting next_dagrun for example_branch_datetime_operator_2 to 2024-06-03T00:00:00+00:00, run_after=2024-06-04T00:00:00+00:00
[2024-06-04T21:46:30.186+0000] {logging_mixin.py:149} INFO - [2024-06-04T21:46:30.185+0000] {dag.py:3490} INFO - Setting next_dagrun for example_branch_datetime_operator_3 to 2024-06-03T00:00:00+00:00, run_after=2024-06-04T00:00:00+00:00
[2024-06-04T21:46:30.218+0000] {processor.py:178} INFO - Processing /home/airflow/.local/lib/python3.7/site-packages/airflow/example_dags/example_branch_datetime_operator.py took 0.173 seconds
[2024-06-04T21:47:00.476+0000] {processor.py:156} INFO - Started process (PID=457) to work on /home/airflow/.local/lib/python3.7/site-packages/airflow/example_dags/example_branch_datetime_operator.py
[2024-06-04T21:47:00.477+0000] {processor.py:799} INFO - Processing file /home/airflow/.local/lib/python3.7/site-packages/airflow/example_dags/example_branch_datetime_operator.py for tasks to queue
[2024-06-04T21:47:00.479+0000] {logging_mixin.py:149} INFO - [2024-06-04T21:47:00.479+0000] {dagbag.py:541} INFO - Filling up the DagBag from /home/airflow/.local/lib/python3.7/site-packages/airflow/example_dags/example_branch_datetime_operator.py
[2024-06-04T21:47:00.495+0000] {processor.py:809} INFO - DAG(s) dict_keys(['example_branch_datetime_operator', 'example_branch_datetime_operator_3', 'example_branch_datetime_operator_2']) retrieved from /home/airflow/.local/lib/python3.7/site-packages/airflow/example_dags/example_branch_datetime_operator.py
[2024-06-04T21:47:00.548+0000] {logging_mixin.py:149} INFO - [2024-06-04T21:47:00.548+0000] {dag.py:2726} INFO - Sync 3 DAGs
[2024-06-04T21:47:00.590+0000] {logging_mixin.py:149} INFO - [2024-06-04T21:47:00.590+0000] {dag.py:3490} INFO - Setting next_dagrun for example_branch_datetime_operator to 2024-06-03T00:00:00+00:00, run_after=2024-06-04T00:00:00+00:00
[2024-06-04T21:47:00.599+0000] {logging_mixin.py:149} INFO - [2024-06-04T21:47:00.599+0000] {dag.py:3490} INFO - Setting next_dagrun for example_branch_datetime_operator_2 to 2024-06-03T00:00:00+00:00, run_after=2024-06-04T00:00:00+00:00
[2024-06-04T21:47:00.606+0000] {logging_mixin.py:149} INFO - [2024-06-04T21:47:00.605+0000] {dag.py:3490} INFO - Setting next_dagrun for example_branch_datetime_operator_3 to 2024-06-03T00:00:00+00:00, run_after=2024-06-04T00:00:00+00:00
[2024-06-04T21:47:00.645+0000] {processor.py:178} INFO - Processing /home/airflow/.local/lib/python3.7/site-packages/airflow/example_dags/example_branch_datetime_operator.py took 0.174 seconds
[2024-06-04T21:47:31.210+0000] {processor.py:156} INFO - Started process (PID=508) to work on /home/airflow/.local/lib/python3.7/site-packages/airflow/example_dags/example_branch_datetime_operator.py
[2024-06-04T21:47:31.212+0000] {processor.py:799} INFO - Processing file /home/airflow/.local/lib/python3.7/site-packages/airflow/example_dags/example_branch_datetime_operator.py for tasks to queue
[2024-06-04T21:47:31.214+0000] {logging_mixin.py:149} INFO - [2024-06-04T21:47:31.214+0000] {dagbag.py:541} INFO - Filling up the DagBag from /home/airflow/.local/lib/python3.7/site-packages/airflow/example_dags/example_branch_datetime_operator.py
[2024-06-04T21:47:31.236+0000] {processor.py:809} INFO - DAG(s) dict_keys(['example_branch_datetime_operator', 'example_branch_datetime_operator_2', 'example_branch_datetime_operator_3']) retrieved from /home/airflow/.local/lib/python3.7/site-packages/airflow/example_dags/example_branch_datetime_operator.py
[2024-06-04T21:47:31.301+0000] {logging_mixin.py:149} INFO - [2024-06-04T21:47:31.300+0000] {dag.py:2726} INFO - Sync 3 DAGs
[2024-06-04T21:47:31.352+0000] {logging_mixin.py:149} INFO - [2024-06-04T21:47:31.352+0000] {dag.py:3490} INFO - Setting next_dagrun for example_branch_datetime_operator to 2024-06-03T00:00:00+00:00, run_after=2024-06-04T00:00:00+00:00
[2024-06-04T21:47:31.368+0000] {logging_mixin.py:149} INFO - [2024-06-04T21:47:31.368+0000] {dag.py:3490} INFO - Setting next_dagrun for example_branch_datetime_operator_2 to 2024-06-03T00:00:00+00:00, run_after=2024-06-04T00:00:00+00:00
[2024-06-04T21:47:31.387+0000] {logging_mixin.py:149} INFO - [2024-06-04T21:47:31.387+0000] {dag.py:3490} INFO - Setting next_dagrun for example_branch_datetime_operator_3 to 2024-06-03T00:00:00+00:00, run_after=2024-06-04T00:00:00+00:00
[2024-06-04T21:47:31.463+0000] {processor.py:178} INFO - Processing /home/airflow/.local/lib/python3.7/site-packages/airflow/example_dags/example_branch_datetime_operator.py took 0.258 seconds
[2024-06-04T21:48:01.765+0000] {processor.py:156} INFO - Started process (PID=563) to work on /home/airflow/.local/lib/python3.7/site-packages/airflow/example_dags/example_branch_datetime_operator.py
[2024-06-04T21:48:01.767+0000] {processor.py:799} INFO - Processing file /home/airflow/.local/lib/python3.7/site-packages/airflow/example_dags/example_branch_datetime_operator.py for tasks to queue
[2024-06-04T21:48:01.770+0000] {logging_mixin.py:149} INFO - [2024-06-04T21:48:01.769+0000] {dagbag.py:541} INFO - Filling up the DagBag from /home/airflow/.local/lib/python3.7/site-packages/airflow/example_dags/example_branch_datetime_operator.py
[2024-06-04T21:48:01.799+0000] {processor.py:809} INFO - DAG(s) dict_keys(['example_branch_datetime_operator_2', 'example_branch_datetime_operator_3', 'example_branch_datetime_operator']) retrieved from /home/airflow/.local/lib/python3.7/site-packages/airflow/example_dags/example_branch_datetime_operator.py
[2024-06-04T21:48:01.884+0000] {logging_mixin.py:149} INFO - [2024-06-04T21:48:01.884+0000] {dag.py:2726} INFO - Sync 3 DAGs
[2024-06-04T21:48:01.985+0000] {logging_mixin.py:149} INFO - [2024-06-04T21:48:01.984+0000] {dag.py:3490} INFO - Setting next_dagrun for example_branch_datetime_operator to 2024-06-03T00:00:00+00:00, run_after=2024-06-04T00:00:00+00:00
[2024-06-04T21:48:02.002+0000] {logging_mixin.py:149} INFO - [2024-06-04T21:48:02.002+0000] {dag.py:3490} INFO - Setting next_dagrun for example_branch_datetime_operator_2 to 2024-06-03T00:00:00+00:00, run_after=2024-06-04T00:00:00+00:00
[2024-06-04T21:48:02.008+0000] {logging_mixin.py:149} INFO - [2024-06-04T21:48:02.008+0000] {dag.py:3490} INFO - Setting next_dagrun for example_branch_datetime_operator_3 to 2024-06-03T00:00:00+00:00, run_after=2024-06-04T00:00:00+00:00
[2024-06-04T21:48:02.065+0000] {processor.py:178} INFO - Processing /home/airflow/.local/lib/python3.7/site-packages/airflow/example_dags/example_branch_datetime_operator.py took 0.308 seconds
[2024-06-04T21:48:32.365+0000] {processor.py:156} INFO - Started process (PID=619) to work on /home/airflow/.local/lib/python3.7/site-packages/airflow/example_dags/example_branch_datetime_operator.py
[2024-06-04T21:48:32.374+0000] {processor.py:799} INFO - Processing file /home/airflow/.local/lib/python3.7/site-packages/airflow/example_dags/example_branch_datetime_operator.py for tasks to queue
[2024-06-04T21:48:32.388+0000] {logging_mixin.py:149} INFO - [2024-06-04T21:48:32.386+0000] {dagbag.py:541} INFO - Filling up the DagBag from /home/airflow/.local/lib/python3.7/site-packages/airflow/example_dags/example_branch_datetime_operator.py
[2024-06-04T21:48:32.433+0000] {processor.py:809} INFO - DAG(s) dict_keys(['example_branch_datetime_operator_2', 'example_branch_datetime_operator', 'example_branch_datetime_operator_3']) retrieved from /home/airflow/.local/lib/python3.7/site-packages/airflow/example_dags/example_branch_datetime_operator.py
[2024-06-04T21:48:32.682+0000] {logging_mixin.py:149} INFO - [2024-06-04T21:48:32.681+0000] {dag.py:2726} INFO - Sync 3 DAGs
[2024-06-04T21:48:32.837+0000] {logging_mixin.py:149} INFO - [2024-06-04T21:48:32.837+0000] {dag.py:3490} INFO - Setting next_dagrun for example_branch_datetime_operator to 2024-06-03T00:00:00+00:00, run_after=2024-06-04T00:00:00+00:00
[2024-06-04T21:48:32.859+0000] {logging_mixin.py:149} INFO - [2024-06-04T21:48:32.858+0000] {dag.py:3490} INFO - Setting next_dagrun for example_branch_datetime_operator_2 to 2024-06-03T00:00:00+00:00, run_after=2024-06-04T00:00:00+00:00
[2024-06-04T21:48:32.869+0000] {logging_mixin.py:149} INFO - [2024-06-04T21:48:32.869+0000] {dag.py:3490} INFO - Setting next_dagrun for example_branch_datetime_operator_3 to 2024-06-03T00:00:00+00:00, run_after=2024-06-04T00:00:00+00:00
[2024-06-04T21:48:32.967+0000] {processor.py:178} INFO - Processing /home/airflow/.local/lib/python3.7/site-packages/airflow/example_dags/example_branch_datetime_operator.py took 0.624 seconds
[2024-06-04T21:49:03.309+0000] {processor.py:156} INFO - Started process (PID=674) to work on /home/airflow/.local/lib/python3.7/site-packages/airflow/example_dags/example_branch_datetime_operator.py
[2024-06-04T21:49:03.311+0000] {processor.py:799} INFO - Processing file /home/airflow/.local/lib/python3.7/site-packages/airflow/example_dags/example_branch_datetime_operator.py for tasks to queue
[2024-06-04T21:49:03.313+0000] {logging_mixin.py:149} INFO - [2024-06-04T21:49:03.312+0000] {dagbag.py:541} INFO - Filling up the DagBag from /home/airflow/.local/lib/python3.7/site-packages/airflow/example_dags/example_branch_datetime_operator.py
[2024-06-04T21:49:03.338+0000] {processor.py:809} INFO - DAG(s) dict_keys(['example_branch_datetime_operator_2', 'example_branch_datetime_operator_3', 'example_branch_datetime_operator']) retrieved from /home/airflow/.local/lib/python3.7/site-packages/airflow/example_dags/example_branch_datetime_operator.py
[2024-06-04T21:49:03.401+0000] {logging_mixin.py:149} INFO - [2024-06-04T21:49:03.401+0000] {dag.py:2726} INFO - Sync 3 DAGs
[2024-06-04T21:49:03.470+0000] {logging_mixin.py:149} INFO - [2024-06-04T21:49:03.470+0000] {dag.py:3490} INFO - Setting next_dagrun for example_branch_datetime_operator to 2024-06-03T00:00:00+00:00, run_after=2024-06-04T00:00:00+00:00
[2024-06-04T21:49:03.482+0000] {logging_mixin.py:149} INFO - [2024-06-04T21:49:03.482+0000] {dag.py:3490} INFO - Setting next_dagrun for example_branch_datetime_operator_2 to 2024-06-03T00:00:00+00:00, run_after=2024-06-04T00:00:00+00:00
[2024-06-04T21:49:03.492+0000] {logging_mixin.py:149} INFO - [2024-06-04T21:49:03.492+0000] {dag.py:3490} INFO - Setting next_dagrun for example_branch_datetime_operator_3 to 2024-06-03T00:00:00+00:00, run_after=2024-06-04T00:00:00+00:00
[2024-06-04T21:49:03.539+0000] {processor.py:178} INFO - Processing /home/airflow/.local/lib/python3.7/site-packages/airflow/example_dags/example_branch_datetime_operator.py took 0.235 seconds
[2024-06-04T21:49:33.625+0000] {processor.py:156} INFO - Started process (PID=730) to work on /home/airflow/.local/lib/python3.7/site-packages/airflow/example_dags/example_branch_datetime_operator.py
[2024-06-04T21:49:33.628+0000] {processor.py:799} INFO - Processing file /home/airflow/.local/lib/python3.7/site-packages/airflow/example_dags/example_branch_datetime_operator.py for tasks to queue
[2024-06-04T21:49:33.630+0000] {logging_mixin.py:149} INFO - [2024-06-04T21:49:33.630+0000] {dagbag.py:541} INFO - Filling up the DagBag from /home/airflow/.local/lib/python3.7/site-packages/airflow/example_dags/example_branch_datetime_operator.py
[2024-06-04T21:49:33.669+0000] {processor.py:809} INFO - DAG(s) dict_keys(['example_branch_datetime_operator_3', 'example_branch_datetime_operator', 'example_branch_datetime_operator_2']) retrieved from /home/airflow/.local/lib/python3.7/site-packages/airflow/example_dags/example_branch_datetime_operator.py
[2024-06-04T21:49:33.741+0000] {logging_mixin.py:149} INFO - [2024-06-04T21:49:33.740+0000] {dag.py:2726} INFO - Sync 3 DAGs
[2024-06-04T21:49:33.785+0000] {logging_mixin.py:149} INFO - [2024-06-04T21:49:33.785+0000] {dag.py:3490} INFO - Setting next_dagrun for example_branch_datetime_operator to 2024-06-03T00:00:00+00:00, run_after=2024-06-04T00:00:00+00:00
[2024-06-04T21:49:33.794+0000] {logging_mixin.py:149} INFO - [2024-06-04T21:49:33.793+0000] {dag.py:3490} INFO - Setting next_dagrun for example_branch_datetime_operator_2 to 2024-06-03T00:00:00+00:00, run_after=2024-06-04T00:00:00+00:00
[2024-06-04T21:49:33.800+0000] {logging_mixin.py:149} INFO - [2024-06-04T21:49:33.800+0000] {dag.py:3490} INFO - Setting next_dagrun for example_branch_datetime_operator_3 to 2024-06-03T00:00:00+00:00, run_after=2024-06-04T00:00:00+00:00
[2024-06-04T21:49:33.831+0000] {processor.py:178} INFO - Processing /home/airflow/.local/lib/python3.7/site-packages/airflow/example_dags/example_branch_datetime_operator.py took 0.211 seconds
[2024-06-04T21:50:04.063+0000] {processor.py:156} INFO - Started process (PID=793) to work on /home/airflow/.local/lib/python3.7/site-packages/airflow/example_dags/example_branch_datetime_operator.py
[2024-06-04T21:50:04.065+0000] {processor.py:799} INFO - Processing file /home/airflow/.local/lib/python3.7/site-packages/airflow/example_dags/example_branch_datetime_operator.py for tasks to queue
[2024-06-04T21:50:04.067+0000] {logging_mixin.py:149} INFO - [2024-06-04T21:50:04.066+0000] {dagbag.py:541} INFO - Filling up the DagBag from /home/airflow/.local/lib/python3.7/site-packages/airflow/example_dags/example_branch_datetime_operator.py
[2024-06-04T21:50:04.084+0000] {processor.py:809} INFO - DAG(s) dict_keys(['example_branch_datetime_operator', 'example_branch_datetime_operator_3', 'example_branch_datetime_operator_2']) retrieved from /home/airflow/.local/lib/python3.7/site-packages/airflow/example_dags/example_branch_datetime_operator.py
[2024-06-04T21:50:04.135+0000] {logging_mixin.py:149} INFO - [2024-06-04T21:50:04.135+0000] {dag.py:2726} INFO - Sync 3 DAGs
[2024-06-04T21:50:04.178+0000] {logging_mixin.py:149} INFO - [2024-06-04T21:50:04.178+0000] {dag.py:3490} INFO - Setting next_dagrun for example_branch_datetime_operator to 2024-06-03T00:00:00+00:00, run_after=2024-06-04T00:00:00+00:00
[2024-06-04T21:50:04.186+0000] {logging_mixin.py:149} INFO - [2024-06-04T21:50:04.186+0000] {dag.py:3490} INFO - Setting next_dagrun for example_branch_datetime_operator_2 to 2024-06-03T00:00:00+00:00, run_after=2024-06-04T00:00:00+00:00
[2024-06-04T21:50:04.193+0000] {logging_mixin.py:149} INFO - [2024-06-04T21:50:04.193+0000] {dag.py:3490} INFO - Setting next_dagrun for example_branch_datetime_operator_3 to 2024-06-03T00:00:00+00:00, run_after=2024-06-04T00:00:00+00:00
[2024-06-04T21:50:04.229+0000] {processor.py:178} INFO - Processing /home/airflow/.local/lib/python3.7/site-packages/airflow/example_dags/example_branch_datetime_operator.py took 0.172 seconds
[2024-06-04T21:50:34.739+0000] {processor.py:156} INFO - Started process (PID=850) to work on /home/airflow/.local/lib/python3.7/site-packages/airflow/example_dags/example_branch_datetime_operator.py
[2024-06-04T21:50:34.740+0000] {processor.py:799} INFO - Processing file /home/airflow/.local/lib/python3.7/site-packages/airflow/example_dags/example_branch_datetime_operator.py for tasks to queue
[2024-06-04T21:50:34.744+0000] {logging_mixin.py:149} INFO - [2024-06-04T21:50:34.743+0000] {dagbag.py:541} INFO - Filling up the DagBag from /home/airflow/.local/lib/python3.7/site-packages/airflow/example_dags/example_branch_datetime_operator.py
[2024-06-04T21:50:34.768+0000] {processor.py:809} INFO - DAG(s) dict_keys(['example_branch_datetime_operator_3', 'example_branch_datetime_operator', 'example_branch_datetime_operator_2']) retrieved from /home/airflow/.local/lib/python3.7/site-packages/airflow/example_dags/example_branch_datetime_operator.py
[2024-06-04T21:50:34.825+0000] {logging_mixin.py:149} INFO - [2024-06-04T21:50:34.825+0000] {dag.py:2726} INFO - Sync 3 DAGs
[2024-06-04T21:50:34.888+0000] {logging_mixin.py:149} INFO - [2024-06-04T21:50:34.888+0000] {dag.py:3490} INFO - Setting next_dagrun for example_branch_datetime_operator to 2024-06-03T00:00:00+00:00, run_after=2024-06-04T00:00:00+00:00
[2024-06-04T21:50:34.900+0000] {logging_mixin.py:149} INFO - [2024-06-04T21:50:34.900+0000] {dag.py:3490} INFO - Setting next_dagrun for example_branch_datetime_operator_2 to 2024-06-03T00:00:00+00:00, run_after=2024-06-04T00:00:00+00:00
[2024-06-04T21:50:34.908+0000] {logging_mixin.py:149} INFO - [2024-06-04T21:50:34.908+0000] {dag.py:3490} INFO - Setting next_dagrun for example_branch_datetime_operator_3 to 2024-06-03T00:00:00+00:00, run_after=2024-06-04T00:00:00+00:00
[2024-06-04T21:50:34.948+0000] {processor.py:178} INFO - Processing /home/airflow/.local/lib/python3.7/site-packages/airflow/example_dags/example_branch_datetime_operator.py took 0.216 seconds
[2024-06-04T21:51:05.219+0000] {processor.py:156} INFO - Started process (PID=905) to work on /home/airflow/.local/lib/python3.7/site-packages/airflow/example_dags/example_branch_datetime_operator.py
[2024-06-04T21:51:05.223+0000] {processor.py:799} INFO - Processing file /home/airflow/.local/lib/python3.7/site-packages/airflow/example_dags/example_branch_datetime_operator.py for tasks to queue
[2024-06-04T21:51:05.226+0000] {logging_mixin.py:149} INFO - [2024-06-04T21:51:05.226+0000] {dagbag.py:541} INFO - Filling up the DagBag from /home/airflow/.local/lib/python3.7/site-packages/airflow/example_dags/example_branch_datetime_operator.py
[2024-06-04T21:51:05.259+0000] {processor.py:809} INFO - DAG(s) dict_keys(['example_branch_datetime_operator_3', 'example_branch_datetime_operator_2', 'example_branch_datetime_operator']) retrieved from /home/airflow/.local/lib/python3.7/site-packages/airflow/example_dags/example_branch_datetime_operator.py
[2024-06-04T21:51:05.432+0000] {logging_mixin.py:149} INFO - [2024-06-04T21:51:05.432+0000] {dag.py:2726} INFO - Sync 3 DAGs
[2024-06-04T21:51:05.571+0000] {logging_mixin.py:149} INFO - [2024-06-04T21:51:05.570+0000] {dag.py:3490} INFO - Setting next_dagrun for example_branch_datetime_operator to 2024-06-03T00:00:00+00:00, run_after=2024-06-04T00:00:00+00:00
[2024-06-04T21:51:05.599+0000] {logging_mixin.py:149} INFO - [2024-06-04T21:51:05.598+0000] {dag.py:3490} INFO - Setting next_dagrun for example_branch_datetime_operator_2 to 2024-06-03T00:00:00+00:00, run_after=2024-06-04T00:00:00+00:00
[2024-06-04T21:51:05.635+0000] {logging_mixin.py:149} INFO - [2024-06-04T21:51:05.632+0000] {dag.py:3490} INFO - Setting next_dagrun for example_branch_datetime_operator_3 to 2024-06-03T00:00:00+00:00, run_after=2024-06-04T00:00:00+00:00
[2024-06-04T21:51:05.757+0000] {processor.py:178} INFO - Processing /home/airflow/.local/lib/python3.7/site-packages/airflow/example_dags/example_branch_datetime_operator.py took 0.545 seconds
[2024-06-04T21:51:36.419+0000] {processor.py:156} INFO - Started process (PID=961) to work on /home/airflow/.local/lib/python3.7/site-packages/airflow/example_dags/example_branch_datetime_operator.py
[2024-06-04T21:51:36.432+0000] {processor.py:799} INFO - Processing file /home/airflow/.local/lib/python3.7/site-packages/airflow/example_dags/example_branch_datetime_operator.py for tasks to queue
[2024-06-04T21:51:36.439+0000] {logging_mixin.py:149} INFO - [2024-06-04T21:51:36.438+0000] {dagbag.py:541} INFO - Filling up the DagBag from /home/airflow/.local/lib/python3.7/site-packages/airflow/example_dags/example_branch_datetime_operator.py
[2024-06-04T21:51:36.497+0000] {processor.py:809} INFO - DAG(s) dict_keys(['example_branch_datetime_operator_3', 'example_branch_datetime_operator', 'example_branch_datetime_operator_2']) retrieved from /home/airflow/.local/lib/python3.7/site-packages/airflow/example_dags/example_branch_datetime_operator.py
[2024-06-04T21:51:36.577+0000] {logging_mixin.py:149} INFO - [2024-06-04T21:51:36.577+0000] {dag.py:2726} INFO - Sync 3 DAGs
[2024-06-04T21:51:36.621+0000] {logging_mixin.py:149} INFO - [2024-06-04T21:51:36.621+0000] {dag.py:3490} INFO - Setting next_dagrun for example_branch_datetime_operator to 2024-06-03T00:00:00+00:00, run_after=2024-06-04T00:00:00+00:00
[2024-06-04T21:51:36.632+0000] {logging_mixin.py:149} INFO - [2024-06-04T21:51:36.632+0000] {dag.py:3490} INFO - Setting next_dagrun for example_branch_datetime_operator_2 to 2024-06-03T00:00:00+00:00, run_after=2024-06-04T00:00:00+00:00
[2024-06-04T21:51:36.639+0000] {logging_mixin.py:149} INFO - [2024-06-04T21:51:36.639+0000] {dag.py:3490} INFO - Setting next_dagrun for example_branch_datetime_operator_3 to 2024-06-03T00:00:00+00:00, run_after=2024-06-04T00:00:00+00:00
[2024-06-04T21:51:36.673+0000] {processor.py:178} INFO - Processing /home/airflow/.local/lib/python3.7/site-packages/airflow/example_dags/example_branch_datetime_operator.py took 0.273 seconds
