[2024-06-04T21:42:04.479+0000] {processor.py:156} INFO - Started process (PID=51) to work on /home/airflow/.local/lib/python3.7/site-packages/airflow/example_dags/example_datasets.py
[2024-06-04T21:42:04.495+0000] {processor.py:799} INFO - Processing file /home/airflow/.local/lib/python3.7/site-packages/airflow/example_dags/example_datasets.py for tasks to queue
[2024-06-04T21:42:04.525+0000] {logging_mixin.py:149} INFO - [2024-06-04T21:42:04.525+0000] {dagbag.py:541} INFO - Filling up the DagBag from /home/airflow/.local/lib/python3.7/site-packages/airflow/example_dags/example_datasets.py
[2024-06-04T21:42:04.682+0000] {processor.py:809} INFO - DAG(s) dict_keys(['dataset_consumes_unknown_never_scheduled', 'dataset_produces_2', 'dataset_consumes_1', 'dataset_produces_1', 'dataset_consumes_1_never_scheduled', 'dataset_consumes_1_and_2']) retrieved from /home/airflow/.local/lib/python3.7/site-packages/airflow/example_dags/example_datasets.py
[2024-06-04T21:42:06.233+0000] {logging_mixin.py:149} INFO - [2024-06-04T21:42:06.232+0000] {manager.py:504} INFO - Created Permission View: can delete on DAG:dataset_consumes_unknown_never_scheduled
[2024-06-04T21:42:06.367+0000] {logging_mixin.py:149} INFO - [2024-06-04T21:42:06.365+0000] {manager.py:504} INFO - Created Permission View: can read on DAG:dataset_consumes_unknown_never_scheduled
[2024-06-04T21:42:06.415+0000] {logging_mixin.py:149} INFO - [2024-06-04T21:42:06.414+0000] {manager.py:504} INFO - Created Permission View: can edit on DAG:dataset_consumes_unknown_never_scheduled
[2024-06-04T21:42:06.505+0000] {logging_mixin.py:149} INFO - [2024-06-04T21:42:06.505+0000] {manager.py:504} INFO - Created Permission View: can delete on DAG:dataset_produces_2
[2024-06-04T21:42:06.565+0000] {logging_mixin.py:149} INFO - [2024-06-04T21:42:06.565+0000] {manager.py:504} INFO - Created Permission View: can read on DAG:dataset_produces_2
[2024-06-04T21:42:06.682+0000] {logging_mixin.py:149} INFO - [2024-06-04T21:42:06.675+0000] {manager.py:504} INFO - Created Permission View: can edit on DAG:dataset_produces_2
[2024-06-04T21:42:07.028+0000] {logging_mixin.py:149} INFO - [2024-06-04T21:42:07.027+0000] {manager.py:504} INFO - Created Permission View: can delete on DAG:dataset_consumes_1
[2024-06-04T21:42:07.124+0000] {logging_mixin.py:149} INFO - [2024-06-04T21:42:07.123+0000] {manager.py:504} INFO - Created Permission View: can read on DAG:dataset_consumes_1
[2024-06-04T21:42:07.212+0000] {logging_mixin.py:149} INFO - [2024-06-04T21:42:07.212+0000] {manager.py:504} INFO - Created Permission View: can edit on DAG:dataset_consumes_1
[2024-06-04T21:42:07.419+0000] {logging_mixin.py:149} INFO - [2024-06-04T21:42:07.418+0000] {manager.py:504} INFO - Created Permission View: can delete on DAG:dataset_produces_1
[2024-06-04T21:42:07.597+0000] {logging_mixin.py:149} INFO - [2024-06-04T21:42:07.596+0000] {manager.py:504} INFO - Created Permission View: can read on DAG:dataset_produces_1
[2024-06-04T21:42:07.682+0000] {logging_mixin.py:149} INFO - [2024-06-04T21:42:07.682+0000] {manager.py:504} INFO - Created Permission View: can edit on DAG:dataset_produces_1
[2024-06-04T21:42:07.922+0000] {logging_mixin.py:149} INFO - [2024-06-04T21:42:07.921+0000] {manager.py:504} INFO - Created Permission View: can delete on DAG:dataset_consumes_1_never_scheduled
[2024-06-04T21:42:08.009+0000] {logging_mixin.py:149} INFO - [2024-06-04T21:42:08.008+0000] {manager.py:504} INFO - Created Permission View: can read on DAG:dataset_consumes_1_never_scheduled
[2024-06-04T21:42:08.085+0000] {logging_mixin.py:149} INFO - [2024-06-04T21:42:08.085+0000] {manager.py:504} INFO - Created Permission View: can edit on DAG:dataset_consumes_1_never_scheduled
[2024-06-04T21:42:08.210+0000] {logging_mixin.py:149} INFO - [2024-06-04T21:42:08.208+0000] {manager.py:504} INFO - Created Permission View: can delete on DAG:dataset_consumes_1_and_2
[2024-06-04T21:42:08.341+0000] {logging_mixin.py:149} INFO - [2024-06-04T21:42:08.338+0000] {manager.py:504} INFO - Created Permission View: can read on DAG:dataset_consumes_1_and_2
[2024-06-04T21:42:08.462+0000] {logging_mixin.py:149} INFO - [2024-06-04T21:42:08.447+0000] {manager.py:504} INFO - Created Permission View: can edit on DAG:dataset_consumes_1_and_2
[2024-06-04T21:42:08.490+0000] {logging_mixin.py:149} INFO - [2024-06-04T21:42:08.475+0000] {dag.py:2726} INFO - Sync 6 DAGs
[2024-06-04T21:42:09.064+0000] {logging_mixin.py:149} INFO - [2024-06-04T21:42:09.063+0000] {dag.py:2747} INFO - Creating ORM DAG for dataset_consumes_unknown_never_scheduled
[2024-06-04T21:42:09.092+0000] {logging_mixin.py:149} INFO - [2024-06-04T21:42:09.089+0000] {dag.py:2747} INFO - Creating ORM DAG for dataset_consumes_1_and_2
[2024-06-04T21:42:09.108+0000] {logging_mixin.py:149} INFO - [2024-06-04T21:42:09.107+0000] {dag.py:2747} INFO - Creating ORM DAG for dataset_consumes_1
[2024-06-04T21:42:09.121+0000] {logging_mixin.py:149} INFO - [2024-06-04T21:42:09.120+0000] {dag.py:2747} INFO - Creating ORM DAG for dataset_produces_2
[2024-06-04T21:42:09.126+0000] {logging_mixin.py:149} INFO - [2024-06-04T21:42:09.125+0000] {dag.py:2747} INFO - Creating ORM DAG for dataset_produces_1
[2024-06-04T21:42:09.165+0000] {logging_mixin.py:149} INFO - [2024-06-04T21:42:09.147+0000] {dag.py:2747} INFO - Creating ORM DAG for dataset_consumes_1_never_scheduled
[2024-06-04T21:42:09.474+0000] {logging_mixin.py:149} INFO - [2024-06-04T21:42:09.465+0000] {dag.py:3490} INFO - Setting next_dagrun for dataset_consumes_1 to None, run_after=None
[2024-06-04T21:42:09.502+0000] {logging_mixin.py:149} INFO - [2024-06-04T21:42:09.496+0000] {dag.py:3490} INFO - Setting next_dagrun for dataset_consumes_1_and_2 to None, run_after=None
[2024-06-04T21:42:09.525+0000] {logging_mixin.py:149} INFO - [2024-06-04T21:42:09.524+0000] {dag.py:3490} INFO - Setting next_dagrun for dataset_consumes_1_never_scheduled to None, run_after=None
[2024-06-04T21:42:09.576+0000] {logging_mixin.py:149} INFO - [2024-06-04T21:42:09.543+0000] {dag.py:3490} INFO - Setting next_dagrun for dataset_consumes_unknown_never_scheduled to None, run_after=None
[2024-06-04T21:42:09.771+0000] {logging_mixin.py:149} INFO - [2024-06-04T21:42:09.734+0000] {dag.py:3490} INFO - Setting next_dagrun for dataset_produces_1 to 2024-06-03T00:00:00+00:00, run_after=2024-06-04T00:00:00+00:00
[2024-06-04T21:42:09.863+0000] {logging_mixin.py:149} INFO - [2024-06-04T21:42:09.863+0000] {dag.py:3490} INFO - Setting next_dagrun for dataset_produces_2 to None, run_after=None
[2024-06-04T21:42:10.997+0000] {processor.py:178} INFO - Processing /home/airflow/.local/lib/python3.7/site-packages/airflow/example_dags/example_datasets.py took 6.534 seconds
[2024-06-04T21:43:47.411+0000] {processor.py:156} INFO - Started process (PID=120) to work on /home/airflow/.local/lib/python3.7/site-packages/airflow/example_dags/example_datasets.py
[2024-06-04T21:43:47.436+0000] {processor.py:799} INFO - Processing file /home/airflow/.local/lib/python3.7/site-packages/airflow/example_dags/example_datasets.py for tasks to queue
[2024-06-04T21:43:47.446+0000] {logging_mixin.py:149} INFO - [2024-06-04T21:43:47.446+0000] {dagbag.py:541} INFO - Filling up the DagBag from /home/airflow/.local/lib/python3.7/site-packages/airflow/example_dags/example_datasets.py
[2024-06-04T21:43:47.487+0000] {processor.py:809} INFO - DAG(s) dict_keys(['dataset_produces_2', 'dataset_produces_1', 'dataset_consumes_1', 'dataset_consumes_1_and_2', 'dataset_consumes_1_never_scheduled', 'dataset_consumes_unknown_never_scheduled']) retrieved from /home/airflow/.local/lib/python3.7/site-packages/airflow/example_dags/example_datasets.py
[2024-06-04T21:43:48.974+0000] {logging_mixin.py:149} INFO - [2024-06-04T21:43:48.974+0000] {dag.py:2726} INFO - Sync 6 DAGs
[2024-06-04T21:43:49.070+0000] {logging_mixin.py:149} INFO - [2024-06-04T21:43:49.070+0000] {dag.py:3490} INFO - Setting next_dagrun for dataset_consumes_1 to None, run_after=None
[2024-06-04T21:43:49.095+0000] {logging_mixin.py:149} INFO - [2024-06-04T21:43:49.093+0000] {dag.py:3490} INFO - Setting next_dagrun for dataset_consumes_1_and_2 to None, run_after=None
[2024-06-04T21:43:49.103+0000] {logging_mixin.py:149} INFO - [2024-06-04T21:43:49.103+0000] {dag.py:3490} INFO - Setting next_dagrun for dataset_consumes_1_never_scheduled to None, run_after=None
[2024-06-04T21:43:49.116+0000] {logging_mixin.py:149} INFO - [2024-06-04T21:43:49.115+0000] {dag.py:3490} INFO - Setting next_dagrun for dataset_consumes_unknown_never_scheduled to None, run_after=None
[2024-06-04T21:43:49.138+0000] {logging_mixin.py:149} INFO - [2024-06-04T21:43:49.138+0000] {dag.py:3490} INFO - Setting next_dagrun for dataset_produces_1 to 2024-06-03T00:00:00+00:00, run_after=2024-06-04T00:00:00+00:00
[2024-06-04T21:43:49.161+0000] {logging_mixin.py:149} INFO - [2024-06-04T21:43:49.153+0000] {dag.py:3490} INFO - Setting next_dagrun for dataset_produces_2 to None, run_after=None
[2024-06-04T21:43:49.560+0000] {processor.py:178} INFO - Processing /home/airflow/.local/lib/python3.7/site-packages/airflow/example_dags/example_datasets.py took 2.174 seconds
[2024-06-04T21:44:22.174+0000] {processor.py:156} INFO - Started process (PID=175) to work on /home/airflow/.local/lib/python3.7/site-packages/airflow/example_dags/example_datasets.py
[2024-06-04T21:44:22.182+0000] {processor.py:799} INFO - Processing file /home/airflow/.local/lib/python3.7/site-packages/airflow/example_dags/example_datasets.py for tasks to queue
[2024-06-04T21:44:22.225+0000] {logging_mixin.py:149} INFO - [2024-06-04T21:44:22.224+0000] {dagbag.py:541} INFO - Filling up the DagBag from /home/airflow/.local/lib/python3.7/site-packages/airflow/example_dags/example_datasets.py
[2024-06-04T21:44:22.372+0000] {processor.py:809} INFO - DAG(s) dict_keys(['dataset_produces_2', 'dataset_consumes_unknown_never_scheduled', 'dataset_produces_1', 'dataset_consumes_1_and_2', 'dataset_consumes_1', 'dataset_consumes_1_never_scheduled']) retrieved from /home/airflow/.local/lib/python3.7/site-packages/airflow/example_dags/example_datasets.py
[2024-06-04T21:44:22.618+0000] {logging_mixin.py:149} INFO - [2024-06-04T21:44:22.617+0000] {dag.py:2726} INFO - Sync 6 DAGs
[2024-06-04T21:44:23.159+0000] {logging_mixin.py:149} INFO - [2024-06-04T21:44:23.158+0000] {dag.py:3490} INFO - Setting next_dagrun for dataset_consumes_1 to None, run_after=None
[2024-06-04T21:44:23.212+0000] {logging_mixin.py:149} INFO - [2024-06-04T21:44:23.211+0000] {dag.py:3490} INFO - Setting next_dagrun for dataset_consumes_1_and_2 to None, run_after=None
[2024-06-04T21:44:23.258+0000] {logging_mixin.py:149} INFO - [2024-06-04T21:44:23.243+0000] {dag.py:3490} INFO - Setting next_dagrun for dataset_consumes_1_never_scheduled to None, run_after=None
[2024-06-04T21:44:23.319+0000] {logging_mixin.py:149} INFO - [2024-06-04T21:44:23.319+0000] {dag.py:3490} INFO - Setting next_dagrun for dataset_consumes_unknown_never_scheduled to None, run_after=None
[2024-06-04T21:44:23.466+0000] {logging_mixin.py:149} INFO - [2024-06-04T21:44:23.452+0000] {dag.py:3490} INFO - Setting next_dagrun for dataset_produces_1 to 2024-06-03T00:00:00+00:00, run_after=2024-06-04T00:00:00+00:00
[2024-06-04T21:44:23.524+0000] {logging_mixin.py:149} INFO - [2024-06-04T21:44:23.516+0000] {dag.py:3490} INFO - Setting next_dagrun for dataset_produces_2 to None, run_after=None
[2024-06-04T21:44:24.852+0000] {processor.py:178} INFO - Processing /home/airflow/.local/lib/python3.7/site-packages/airflow/example_dags/example_datasets.py took 2.729 seconds
[2024-06-04T21:44:55.127+0000] {processor.py:156} INFO - Started process (PID=230) to work on /home/airflow/.local/lib/python3.7/site-packages/airflow/example_dags/example_datasets.py
[2024-06-04T21:44:55.133+0000] {processor.py:799} INFO - Processing file /home/airflow/.local/lib/python3.7/site-packages/airflow/example_dags/example_datasets.py for tasks to queue
[2024-06-04T21:44:55.141+0000] {logging_mixin.py:149} INFO - [2024-06-04T21:44:55.140+0000] {dagbag.py:541} INFO - Filling up the DagBag from /home/airflow/.local/lib/python3.7/site-packages/airflow/example_dags/example_datasets.py
[2024-06-04T21:44:55.195+0000] {processor.py:809} INFO - DAG(s) dict_keys(['dataset_consumes_unknown_never_scheduled', 'dataset_produces_1', 'dataset_produces_2', 'dataset_consumes_1', 'dataset_consumes_1_never_scheduled', 'dataset_consumes_1_and_2']) retrieved from /home/airflow/.local/lib/python3.7/site-packages/airflow/example_dags/example_datasets.py
[2024-06-04T21:44:55.493+0000] {logging_mixin.py:149} INFO - [2024-06-04T21:44:55.493+0000] {dag.py:2726} INFO - Sync 6 DAGs
[2024-06-04T21:44:55.695+0000] {logging_mixin.py:149} INFO - [2024-06-04T21:44:55.695+0000] {dag.py:3490} INFO - Setting next_dagrun for dataset_consumes_1 to None, run_after=None
[2024-06-04T21:44:55.714+0000] {logging_mixin.py:149} INFO - [2024-06-04T21:44:55.713+0000] {dag.py:3490} INFO - Setting next_dagrun for dataset_consumes_1_and_2 to None, run_after=None
[2024-06-04T21:44:55.729+0000] {logging_mixin.py:149} INFO - [2024-06-04T21:44:55.728+0000] {dag.py:3490} INFO - Setting next_dagrun for dataset_consumes_1_never_scheduled to None, run_after=None
[2024-06-04T21:44:55.762+0000] {logging_mixin.py:149} INFO - [2024-06-04T21:44:55.762+0000] {dag.py:3490} INFO - Setting next_dagrun for dataset_consumes_unknown_never_scheduled to None, run_after=None
[2024-06-04T21:44:55.800+0000] {logging_mixin.py:149} INFO - [2024-06-04T21:44:55.799+0000] {dag.py:3490} INFO - Setting next_dagrun for dataset_produces_1 to 2024-06-03T00:00:00+00:00, run_after=2024-06-04T00:00:00+00:00
[2024-06-04T21:44:55.814+0000] {logging_mixin.py:149} INFO - [2024-06-04T21:44:55.813+0000] {dag.py:3490} INFO - Setting next_dagrun for dataset_produces_2 to None, run_after=None
[2024-06-04T21:44:55.961+0000] {processor.py:178} INFO - Processing /home/airflow/.local/lib/python3.7/site-packages/airflow/example_dags/example_datasets.py took 0.842 seconds
[2024-06-04T21:45:26.366+0000] {processor.py:156} INFO - Started process (PID=282) to work on /home/airflow/.local/lib/python3.7/site-packages/airflow/example_dags/example_datasets.py
[2024-06-04T21:45:26.368+0000] {processor.py:799} INFO - Processing file /home/airflow/.local/lib/python3.7/site-packages/airflow/example_dags/example_datasets.py for tasks to queue
[2024-06-04T21:45:26.369+0000] {logging_mixin.py:149} INFO - [2024-06-04T21:45:26.369+0000] {dagbag.py:541} INFO - Filling up the DagBag from /home/airflow/.local/lib/python3.7/site-packages/airflow/example_dags/example_datasets.py
[2024-06-04T21:45:26.390+0000] {processor.py:809} INFO - DAG(s) dict_keys(['dataset_consumes_1', 'dataset_consumes_1_and_2', 'dataset_produces_1', 'dataset_consumes_unknown_never_scheduled', 'dataset_consumes_1_never_scheduled', 'dataset_produces_2']) retrieved from /home/airflow/.local/lib/python3.7/site-packages/airflow/example_dags/example_datasets.py
[2024-06-04T21:45:26.527+0000] {logging_mixin.py:149} INFO - [2024-06-04T21:45:26.527+0000] {dag.py:2726} INFO - Sync 6 DAGs
[2024-06-04T21:45:26.626+0000] {logging_mixin.py:149} INFO - [2024-06-04T21:45:26.625+0000] {dag.py:3490} INFO - Setting next_dagrun for dataset_consumes_1 to None, run_after=None
[2024-06-04T21:45:26.634+0000] {logging_mixin.py:149} INFO - [2024-06-04T21:45:26.634+0000] {dag.py:3490} INFO - Setting next_dagrun for dataset_consumes_1_and_2 to None, run_after=None
[2024-06-04T21:45:26.640+0000] {logging_mixin.py:149} INFO - [2024-06-04T21:45:26.639+0000] {dag.py:3490} INFO - Setting next_dagrun for dataset_consumes_1_never_scheduled to None, run_after=None
[2024-06-04T21:45:26.650+0000] {logging_mixin.py:149} INFO - [2024-06-04T21:45:26.650+0000] {dag.py:3490} INFO - Setting next_dagrun for dataset_consumes_unknown_never_scheduled to None, run_after=None
[2024-06-04T21:45:26.668+0000] {logging_mixin.py:149} INFO - [2024-06-04T21:45:26.667+0000] {dag.py:3490} INFO - Setting next_dagrun for dataset_produces_1 to 2024-06-03T00:00:00+00:00, run_after=2024-06-04T00:00:00+00:00
[2024-06-04T21:45:26.682+0000] {logging_mixin.py:149} INFO - [2024-06-04T21:45:26.682+0000] {dag.py:3490} INFO - Setting next_dagrun for dataset_produces_2 to None, run_after=None
[2024-06-04T21:45:26.777+0000] {processor.py:178} INFO - Processing /home/airflow/.local/lib/python3.7/site-packages/airflow/example_dags/example_datasets.py took 0.415 seconds
[2024-06-04T21:45:57.190+0000] {processor.py:156} INFO - Started process (PID=337) to work on /home/airflow/.local/lib/python3.7/site-packages/airflow/example_dags/example_datasets.py
[2024-06-04T21:45:57.206+0000] {processor.py:799} INFO - Processing file /home/airflow/.local/lib/python3.7/site-packages/airflow/example_dags/example_datasets.py for tasks to queue
[2024-06-04T21:45:57.209+0000] {logging_mixin.py:149} INFO - [2024-06-04T21:45:57.209+0000] {dagbag.py:541} INFO - Filling up the DagBag from /home/airflow/.local/lib/python3.7/site-packages/airflow/example_dags/example_datasets.py
[2024-06-04T21:45:57.264+0000] {processor.py:809} INFO - DAG(s) dict_keys(['dataset_consumes_1_never_scheduled', 'dataset_consumes_unknown_never_scheduled', 'dataset_consumes_1_and_2', 'dataset_produces_1', 'dataset_consumes_1', 'dataset_produces_2']) retrieved from /home/airflow/.local/lib/python3.7/site-packages/airflow/example_dags/example_datasets.py
[2024-06-04T21:45:57.495+0000] {logging_mixin.py:149} INFO - [2024-06-04T21:45:57.495+0000] {dag.py:2726} INFO - Sync 6 DAGs
[2024-06-04T21:45:57.646+0000] {logging_mixin.py:149} INFO - [2024-06-04T21:45:57.646+0000] {dag.py:3490} INFO - Setting next_dagrun for dataset_consumes_1 to None, run_after=None
[2024-06-04T21:45:57.666+0000] {logging_mixin.py:149} INFO - [2024-06-04T21:45:57.666+0000] {dag.py:3490} INFO - Setting next_dagrun for dataset_consumes_1_and_2 to None, run_after=None
[2024-06-04T21:45:57.701+0000] {logging_mixin.py:149} INFO - [2024-06-04T21:45:57.696+0000] {dag.py:3490} INFO - Setting next_dagrun for dataset_consumes_1_never_scheduled to None, run_after=None
[2024-06-04T21:45:57.734+0000] {logging_mixin.py:149} INFO - [2024-06-04T21:45:57.730+0000] {dag.py:3490} INFO - Setting next_dagrun for dataset_consumes_unknown_never_scheduled to None, run_after=None
[2024-06-04T21:45:57.748+0000] {logging_mixin.py:149} INFO - [2024-06-04T21:45:57.748+0000] {dag.py:3490} INFO - Setting next_dagrun for dataset_produces_1 to 2024-06-03T00:00:00+00:00, run_after=2024-06-04T00:00:00+00:00
[2024-06-04T21:45:57.768+0000] {logging_mixin.py:149} INFO - [2024-06-04T21:45:57.767+0000] {dag.py:3490} INFO - Setting next_dagrun for dataset_produces_2 to None, run_after=None
[2024-06-04T21:45:58.186+0000] {processor.py:178} INFO - Processing /home/airflow/.local/lib/python3.7/site-packages/airflow/example_dags/example_datasets.py took 1.009 seconds
[2024-06-04T21:46:29.038+0000] {processor.py:156} INFO - Started process (PID=394) to work on /home/airflow/.local/lib/python3.7/site-packages/airflow/example_dags/example_datasets.py
[2024-06-04T21:46:29.040+0000] {processor.py:799} INFO - Processing file /home/airflow/.local/lib/python3.7/site-packages/airflow/example_dags/example_datasets.py for tasks to queue
[2024-06-04T21:46:29.042+0000] {logging_mixin.py:149} INFO - [2024-06-04T21:46:29.042+0000] {dagbag.py:541} INFO - Filling up the DagBag from /home/airflow/.local/lib/python3.7/site-packages/airflow/example_dags/example_datasets.py
[2024-06-04T21:46:29.067+0000] {processor.py:809} INFO - DAG(s) dict_keys(['dataset_produces_1', 'dataset_produces_2', 'dataset_consumes_unknown_never_scheduled', 'dataset_consumes_1_never_scheduled', 'dataset_consumes_1', 'dataset_consumes_1_and_2']) retrieved from /home/airflow/.local/lib/python3.7/site-packages/airflow/example_dags/example_datasets.py
[2024-06-04T21:46:29.161+0000] {logging_mixin.py:149} INFO - [2024-06-04T21:46:29.160+0000] {dag.py:2726} INFO - Sync 6 DAGs
[2024-06-04T21:46:29.235+0000] {logging_mixin.py:149} INFO - [2024-06-04T21:46:29.234+0000] {dag.py:3490} INFO - Setting next_dagrun for dataset_consumes_1 to None, run_after=None
[2024-06-04T21:46:29.247+0000] {logging_mixin.py:149} INFO - [2024-06-04T21:46:29.246+0000] {dag.py:3490} INFO - Setting next_dagrun for dataset_consumes_1_and_2 to None, run_after=None
[2024-06-04T21:46:29.253+0000] {logging_mixin.py:149} INFO - [2024-06-04T21:46:29.253+0000] {dag.py:3490} INFO - Setting next_dagrun for dataset_consumes_1_never_scheduled to None, run_after=None
[2024-06-04T21:46:29.259+0000] {logging_mixin.py:149} INFO - [2024-06-04T21:46:29.259+0000] {dag.py:3490} INFO - Setting next_dagrun for dataset_consumes_unknown_never_scheduled to None, run_after=None
[2024-06-04T21:46:29.274+0000] {logging_mixin.py:149} INFO - [2024-06-04T21:46:29.273+0000] {dag.py:3490} INFO - Setting next_dagrun for dataset_produces_1 to 2024-06-03T00:00:00+00:00, run_after=2024-06-04T00:00:00+00:00
[2024-06-04T21:46:29.280+0000] {logging_mixin.py:149} INFO - [2024-06-04T21:46:29.279+0000] {dag.py:3490} INFO - Setting next_dagrun for dataset_produces_2 to None, run_after=None
[2024-06-04T21:46:29.457+0000] {processor.py:178} INFO - Processing /home/airflow/.local/lib/python3.7/site-packages/airflow/example_dags/example_datasets.py took 0.425 seconds
[2024-06-04T21:46:59.739+0000] {processor.py:156} INFO - Started process (PID=450) to work on /home/airflow/.local/lib/python3.7/site-packages/airflow/example_dags/example_datasets.py
[2024-06-04T21:46:59.748+0000] {processor.py:799} INFO - Processing file /home/airflow/.local/lib/python3.7/site-packages/airflow/example_dags/example_datasets.py for tasks to queue
[2024-06-04T21:46:59.755+0000] {logging_mixin.py:149} INFO - [2024-06-04T21:46:59.751+0000] {dagbag.py:541} INFO - Filling up the DagBag from /home/airflow/.local/lib/python3.7/site-packages/airflow/example_dags/example_datasets.py
[2024-06-04T21:46:59.811+0000] {processor.py:809} INFO - DAG(s) dict_keys(['dataset_produces_1', 'dataset_consumes_1', 'dataset_consumes_1_never_scheduled', 'dataset_produces_2', 'dataset_consumes_1_and_2', 'dataset_consumes_unknown_never_scheduled']) retrieved from /home/airflow/.local/lib/python3.7/site-packages/airflow/example_dags/example_datasets.py
[2024-06-04T21:46:59.931+0000] {logging_mixin.py:149} INFO - [2024-06-04T21:46:59.931+0000] {dag.py:2726} INFO - Sync 6 DAGs
[2024-06-04T21:46:59.973+0000] {logging_mixin.py:149} INFO - [2024-06-04T21:46:59.973+0000] {dag.py:3490} INFO - Setting next_dagrun for dataset_consumes_1 to None, run_after=None
[2024-06-04T21:46:59.979+0000] {logging_mixin.py:149} INFO - [2024-06-04T21:46:59.979+0000] {dag.py:3490} INFO - Setting next_dagrun for dataset_consumes_1_and_2 to None, run_after=None
[2024-06-04T21:46:59.982+0000] {logging_mixin.py:149} INFO - [2024-06-04T21:46:59.981+0000] {dag.py:3490} INFO - Setting next_dagrun for dataset_consumes_1_never_scheduled to None, run_after=None
[2024-06-04T21:46:59.984+0000] {logging_mixin.py:149} INFO - [2024-06-04T21:46:59.984+0000] {dag.py:3490} INFO - Setting next_dagrun for dataset_consumes_unknown_never_scheduled to None, run_after=None
[2024-06-04T21:46:59.990+0000] {logging_mixin.py:149} INFO - [2024-06-04T21:46:59.989+0000] {dag.py:3490} INFO - Setting next_dagrun for dataset_produces_1 to 2024-06-03T00:00:00+00:00, run_after=2024-06-04T00:00:00+00:00
[2024-06-04T21:46:59.993+0000] {logging_mixin.py:149} INFO - [2024-06-04T21:46:59.993+0000] {dag.py:3490} INFO - Setting next_dagrun for dataset_produces_2 to None, run_after=None
[2024-06-04T21:47:00.067+0000] {processor.py:178} INFO - Processing /home/airflow/.local/lib/python3.7/site-packages/airflow/example_dags/example_datasets.py took 0.337 seconds
[2024-06-04T21:47:30.186+0000] {processor.py:156} INFO - Started process (PID=506) to work on /home/airflow/.local/lib/python3.7/site-packages/airflow/example_dags/example_datasets.py
[2024-06-04T21:47:30.187+0000] {processor.py:799} INFO - Processing file /home/airflow/.local/lib/python3.7/site-packages/airflow/example_dags/example_datasets.py for tasks to queue
[2024-06-04T21:47:30.189+0000] {logging_mixin.py:149} INFO - [2024-06-04T21:47:30.189+0000] {dagbag.py:541} INFO - Filling up the DagBag from /home/airflow/.local/lib/python3.7/site-packages/airflow/example_dags/example_datasets.py
[2024-06-04T21:47:30.204+0000] {processor.py:809} INFO - DAG(s) dict_keys(['dataset_consumes_1', 'dataset_consumes_1_never_scheduled', 'dataset_produces_2', 'dataset_produces_1', 'dataset_consumes_1_and_2', 'dataset_consumes_unknown_never_scheduled']) retrieved from /home/airflow/.local/lib/python3.7/site-packages/airflow/example_dags/example_datasets.py
[2024-06-04T21:47:30.270+0000] {logging_mixin.py:149} INFO - [2024-06-04T21:47:30.270+0000] {dag.py:2726} INFO - Sync 6 DAGs
[2024-06-04T21:47:30.308+0000] {logging_mixin.py:149} INFO - [2024-06-04T21:47:30.308+0000] {dag.py:3490} INFO - Setting next_dagrun for dataset_consumes_1 to None, run_after=None
[2024-06-04T21:47:30.315+0000] {logging_mixin.py:149} INFO - [2024-06-04T21:47:30.315+0000] {dag.py:3490} INFO - Setting next_dagrun for dataset_consumes_1_and_2 to None, run_after=None
[2024-06-04T21:47:30.318+0000] {logging_mixin.py:149} INFO - [2024-06-04T21:47:30.318+0000] {dag.py:3490} INFO - Setting next_dagrun for dataset_consumes_1_never_scheduled to None, run_after=None
[2024-06-04T21:47:30.321+0000] {logging_mixin.py:149} INFO - [2024-06-04T21:47:30.321+0000] {dag.py:3490} INFO - Setting next_dagrun for dataset_consumes_unknown_never_scheduled to None, run_after=None
[2024-06-04T21:47:30.326+0000] {logging_mixin.py:149} INFO - [2024-06-04T21:47:30.326+0000] {dag.py:3490} INFO - Setting next_dagrun for dataset_produces_1 to 2024-06-03T00:00:00+00:00, run_after=2024-06-04T00:00:00+00:00
[2024-06-04T21:47:30.330+0000] {logging_mixin.py:149} INFO - [2024-06-04T21:47:30.330+0000] {dag.py:3490} INFO - Setting next_dagrun for dataset_produces_2 to None, run_after=None
[2024-06-04T21:47:30.388+0000] {processor.py:178} INFO - Processing /home/airflow/.local/lib/python3.7/site-packages/airflow/example_dags/example_datasets.py took 0.206 seconds
[2024-06-04T21:48:01.208+0000] {processor.py:156} INFO - Started process (PID=562) to work on /home/airflow/.local/lib/python3.7/site-packages/airflow/example_dags/example_datasets.py
[2024-06-04T21:48:01.211+0000] {processor.py:799} INFO - Processing file /home/airflow/.local/lib/python3.7/site-packages/airflow/example_dags/example_datasets.py for tasks to queue
[2024-06-04T21:48:01.222+0000] {logging_mixin.py:149} INFO - [2024-06-04T21:48:01.221+0000] {dagbag.py:541} INFO - Filling up the DagBag from /home/airflow/.local/lib/python3.7/site-packages/airflow/example_dags/example_datasets.py
[2024-06-04T21:48:01.281+0000] {processor.py:809} INFO - DAG(s) dict_keys(['dataset_produces_2', 'dataset_consumes_1_never_scheduled', 'dataset_consumes_1', 'dataset_produces_1', 'dataset_consumes_unknown_never_scheduled', 'dataset_consumes_1_and_2']) retrieved from /home/airflow/.local/lib/python3.7/site-packages/airflow/example_dags/example_datasets.py
[2024-06-04T21:48:01.440+0000] {logging_mixin.py:149} INFO - [2024-06-04T21:48:01.439+0000] {dag.py:2726} INFO - Sync 6 DAGs
[2024-06-04T21:48:01.555+0000] {logging_mixin.py:149} INFO - [2024-06-04T21:48:01.555+0000] {dag.py:3490} INFO - Setting next_dagrun for dataset_consumes_1 to None, run_after=None
[2024-06-04T21:48:01.567+0000] {logging_mixin.py:149} INFO - [2024-06-04T21:48:01.567+0000] {dag.py:3490} INFO - Setting next_dagrun for dataset_consumes_1_and_2 to None, run_after=None
[2024-06-04T21:48:01.574+0000] {logging_mixin.py:149} INFO - [2024-06-04T21:48:01.573+0000] {dag.py:3490} INFO - Setting next_dagrun for dataset_consumes_1_never_scheduled to None, run_after=None
[2024-06-04T21:48:01.578+0000] {logging_mixin.py:149} INFO - [2024-06-04T21:48:01.578+0000] {dag.py:3490} INFO - Setting next_dagrun for dataset_consumes_unknown_never_scheduled to None, run_after=None
[2024-06-04T21:48:01.593+0000] {logging_mixin.py:149} INFO - [2024-06-04T21:48:01.593+0000] {dag.py:3490} INFO - Setting next_dagrun for dataset_produces_1 to 2024-06-03T00:00:00+00:00, run_after=2024-06-04T00:00:00+00:00
[2024-06-04T21:48:01.604+0000] {logging_mixin.py:149} INFO - [2024-06-04T21:48:01.603+0000] {dag.py:3490} INFO - Setting next_dagrun for dataset_produces_2 to None, run_after=None
[2024-06-04T21:48:01.722+0000] {processor.py:178} INFO - Processing /home/airflow/.local/lib/python3.7/site-packages/airflow/example_dags/example_datasets.py took 0.544 seconds
[2024-06-04T21:48:32.052+0000] {processor.py:156} INFO - Started process (PID=618) to work on /home/airflow/.local/lib/python3.7/site-packages/airflow/example_dags/example_datasets.py
[2024-06-04T21:48:32.055+0000] {processor.py:799} INFO - Processing file /home/airflow/.local/lib/python3.7/site-packages/airflow/example_dags/example_datasets.py for tasks to queue
[2024-06-04T21:48:32.059+0000] {logging_mixin.py:149} INFO - [2024-06-04T21:48:32.058+0000] {dagbag.py:541} INFO - Filling up the DagBag from /home/airflow/.local/lib/python3.7/site-packages/airflow/example_dags/example_datasets.py
[2024-06-04T21:48:32.085+0000] {processor.py:809} INFO - DAG(s) dict_keys(['dataset_consumes_1', 'dataset_consumes_1_and_2', 'dataset_consumes_unknown_never_scheduled', 'dataset_produces_2', 'dataset_produces_1', 'dataset_consumes_1_never_scheduled']) retrieved from /home/airflow/.local/lib/python3.7/site-packages/airflow/example_dags/example_datasets.py
[2024-06-04T21:48:32.377+0000] {logging_mixin.py:149} INFO - [2024-06-04T21:48:32.370+0000] {dag.py:2726} INFO - Sync 6 DAGs
[2024-06-04T21:48:32.537+0000] {logging_mixin.py:149} INFO - [2024-06-04T21:48:32.537+0000] {dag.py:3490} INFO - Setting next_dagrun for dataset_consumes_1 to None, run_after=None
[2024-06-04T21:48:32.574+0000] {logging_mixin.py:149} INFO - [2024-06-04T21:48:32.574+0000] {dag.py:3490} INFO - Setting next_dagrun for dataset_consumes_1_and_2 to None, run_after=None
[2024-06-04T21:48:32.584+0000] {logging_mixin.py:149} INFO - [2024-06-04T21:48:32.579+0000] {dag.py:3490} INFO - Setting next_dagrun for dataset_consumes_1_never_scheduled to None, run_after=None
[2024-06-04T21:48:32.599+0000] {logging_mixin.py:149} INFO - [2024-06-04T21:48:32.599+0000] {dag.py:3490} INFO - Setting next_dagrun for dataset_consumes_unknown_never_scheduled to None, run_after=None
[2024-06-04T21:48:32.615+0000] {logging_mixin.py:149} INFO - [2024-06-04T21:48:32.615+0000] {dag.py:3490} INFO - Setting next_dagrun for dataset_produces_1 to 2024-06-03T00:00:00+00:00, run_after=2024-06-04T00:00:00+00:00
[2024-06-04T21:48:32.627+0000] {logging_mixin.py:149} INFO - [2024-06-04T21:48:32.627+0000] {dag.py:3490} INFO - Setting next_dagrun for dataset_produces_2 to None, run_after=None
[2024-06-04T21:48:32.893+0000] {processor.py:178} INFO - Processing /home/airflow/.local/lib/python3.7/site-packages/airflow/example_dags/example_datasets.py took 0.849 seconds
[2024-06-04T21:49:03.300+0000] {processor.py:156} INFO - Started process (PID=673) to work on /home/airflow/.local/lib/python3.7/site-packages/airflow/example_dags/example_datasets.py
[2024-06-04T21:49:03.302+0000] {processor.py:799} INFO - Processing file /home/airflow/.local/lib/python3.7/site-packages/airflow/example_dags/example_datasets.py for tasks to queue
[2024-06-04T21:49:03.304+0000] {logging_mixin.py:149} INFO - [2024-06-04T21:49:03.304+0000] {dagbag.py:541} INFO - Filling up the DagBag from /home/airflow/.local/lib/python3.7/site-packages/airflow/example_dags/example_datasets.py
[2024-06-04T21:49:03.327+0000] {processor.py:809} INFO - DAG(s) dict_keys(['dataset_produces_2', 'dataset_consumes_1_never_scheduled', 'dataset_consumes_1_and_2', 'dataset_consumes_1', 'dataset_consumes_unknown_never_scheduled', 'dataset_produces_1']) retrieved from /home/airflow/.local/lib/python3.7/site-packages/airflow/example_dags/example_datasets.py
[2024-06-04T21:49:03.408+0000] {logging_mixin.py:149} INFO - [2024-06-04T21:49:03.408+0000] {dag.py:2726} INFO - Sync 6 DAGs
[2024-06-04T21:49:03.475+0000] {logging_mixin.py:149} INFO - [2024-06-04T21:49:03.475+0000] {dag.py:3490} INFO - Setting next_dagrun for dataset_consumes_1 to None, run_after=None
[2024-06-04T21:49:03.482+0000] {logging_mixin.py:149} INFO - [2024-06-04T21:49:03.482+0000] {dag.py:3490} INFO - Setting next_dagrun for dataset_consumes_1_and_2 to None, run_after=None
[2024-06-04T21:49:03.487+0000] {logging_mixin.py:149} INFO - [2024-06-04T21:49:03.487+0000] {dag.py:3490} INFO - Setting next_dagrun for dataset_consumes_1_never_scheduled to None, run_after=None
[2024-06-04T21:49:03.491+0000] {logging_mixin.py:149} INFO - [2024-06-04T21:49:03.491+0000] {dag.py:3490} INFO - Setting next_dagrun for dataset_consumes_unknown_never_scheduled to None, run_after=None
[2024-06-04T21:49:03.499+0000] {logging_mixin.py:149} INFO - [2024-06-04T21:49:03.499+0000] {dag.py:3490} INFO - Setting next_dagrun for dataset_produces_1 to 2024-06-03T00:00:00+00:00, run_after=2024-06-04T00:00:00+00:00
[2024-06-04T21:49:03.505+0000] {logging_mixin.py:149} INFO - [2024-06-04T21:49:03.505+0000] {dag.py:3490} INFO - Setting next_dagrun for dataset_produces_2 to None, run_after=None
[2024-06-04T21:49:03.595+0000] {processor.py:178} INFO - Processing /home/airflow/.local/lib/python3.7/site-packages/airflow/example_dags/example_datasets.py took 0.301 seconds
[2024-06-04T21:49:33.865+0000] {processor.py:156} INFO - Started process (PID=738) to work on /home/airflow/.local/lib/python3.7/site-packages/airflow/example_dags/example_datasets.py
[2024-06-04T21:49:33.867+0000] {processor.py:799} INFO - Processing file /home/airflow/.local/lib/python3.7/site-packages/airflow/example_dags/example_datasets.py for tasks to queue
[2024-06-04T21:49:33.868+0000] {logging_mixin.py:149} INFO - [2024-06-04T21:49:33.868+0000] {dagbag.py:541} INFO - Filling up the DagBag from /home/airflow/.local/lib/python3.7/site-packages/airflow/example_dags/example_datasets.py
[2024-06-04T21:49:33.885+0000] {processor.py:809} INFO - DAG(s) dict_keys(['dataset_produces_1', 'dataset_consumes_unknown_never_scheduled', 'dataset_consumes_1_never_scheduled', 'dataset_consumes_1_and_2', 'dataset_produces_2', 'dataset_consumes_1']) retrieved from /home/airflow/.local/lib/python3.7/site-packages/airflow/example_dags/example_datasets.py
[2024-06-04T21:49:33.952+0000] {logging_mixin.py:149} INFO - [2024-06-04T21:49:33.952+0000] {dag.py:2726} INFO - Sync 6 DAGs
[2024-06-04T21:49:33.998+0000] {logging_mixin.py:149} INFO - [2024-06-04T21:49:33.998+0000] {dag.py:3490} INFO - Setting next_dagrun for dataset_consumes_1 to None, run_after=None
[2024-06-04T21:49:34.004+0000] {logging_mixin.py:149} INFO - [2024-06-04T21:49:34.004+0000] {dag.py:3490} INFO - Setting next_dagrun for dataset_consumes_1_and_2 to None, run_after=None
[2024-06-04T21:49:34.007+0000] {logging_mixin.py:149} INFO - [2024-06-04T21:49:34.007+0000] {dag.py:3490} INFO - Setting next_dagrun for dataset_consumes_1_never_scheduled to None, run_after=None
[2024-06-04T21:49:34.010+0000] {logging_mixin.py:149} INFO - [2024-06-04T21:49:34.010+0000] {dag.py:3490} INFO - Setting next_dagrun for dataset_consumes_unknown_never_scheduled to None, run_after=None
[2024-06-04T21:49:34.017+0000] {logging_mixin.py:149} INFO - [2024-06-04T21:49:34.017+0000] {dag.py:3490} INFO - Setting next_dagrun for dataset_produces_1 to 2024-06-03T00:00:00+00:00, run_after=2024-06-04T00:00:00+00:00
[2024-06-04T21:49:34.021+0000] {logging_mixin.py:149} INFO - [2024-06-04T21:49:34.020+0000] {dag.py:3490} INFO - Setting next_dagrun for dataset_produces_2 to None, run_after=None
[2024-06-04T21:49:34.086+0000] {processor.py:178} INFO - Processing /home/airflow/.local/lib/python3.7/site-packages/airflow/example_dags/example_datasets.py took 0.227 seconds
[2024-06-04T21:50:04.262+0000] {processor.py:156} INFO - Started process (PID=794) to work on /home/airflow/.local/lib/python3.7/site-packages/airflow/example_dags/example_datasets.py
[2024-06-04T21:50:04.263+0000] {processor.py:799} INFO - Processing file /home/airflow/.local/lib/python3.7/site-packages/airflow/example_dags/example_datasets.py for tasks to queue
[2024-06-04T21:50:04.265+0000] {logging_mixin.py:149} INFO - [2024-06-04T21:50:04.264+0000] {dagbag.py:541} INFO - Filling up the DagBag from /home/airflow/.local/lib/python3.7/site-packages/airflow/example_dags/example_datasets.py
[2024-06-04T21:50:04.279+0000] {processor.py:809} INFO - DAG(s) dict_keys(['dataset_consumes_1', 'dataset_produces_1', 'dataset_consumes_1_and_2', 'dataset_consumes_1_never_scheduled', 'dataset_produces_2', 'dataset_consumes_unknown_never_scheduled']) retrieved from /home/airflow/.local/lib/python3.7/site-packages/airflow/example_dags/example_datasets.py
[2024-06-04T21:50:04.341+0000] {logging_mixin.py:149} INFO - [2024-06-04T21:50:04.341+0000] {dag.py:2726} INFO - Sync 6 DAGs
[2024-06-04T21:50:04.380+0000] {logging_mixin.py:149} INFO - [2024-06-04T21:50:04.380+0000] {dag.py:3490} INFO - Setting next_dagrun for dataset_consumes_1 to None, run_after=None
[2024-06-04T21:50:04.387+0000] {logging_mixin.py:149} INFO - [2024-06-04T21:50:04.386+0000] {dag.py:3490} INFO - Setting next_dagrun for dataset_consumes_1_and_2 to None, run_after=None
[2024-06-04T21:50:04.390+0000] {logging_mixin.py:149} INFO - [2024-06-04T21:50:04.390+0000] {dag.py:3490} INFO - Setting next_dagrun for dataset_consumes_1_never_scheduled to None, run_after=None
[2024-06-04T21:50:04.393+0000] {logging_mixin.py:149} INFO - [2024-06-04T21:50:04.393+0000] {dag.py:3490} INFO - Setting next_dagrun for dataset_consumes_unknown_never_scheduled to None, run_after=None
[2024-06-04T21:50:04.399+0000] {logging_mixin.py:149} INFO - [2024-06-04T21:50:04.399+0000] {dag.py:3490} INFO - Setting next_dagrun for dataset_produces_1 to 2024-06-03T00:00:00+00:00, run_after=2024-06-04T00:00:00+00:00
[2024-06-04T21:50:04.402+0000] {logging_mixin.py:149} INFO - [2024-06-04T21:50:04.402+0000] {dag.py:3490} INFO - Setting next_dagrun for dataset_produces_2 to None, run_after=None
[2024-06-04T21:50:04.458+0000] {processor.py:178} INFO - Processing /home/airflow/.local/lib/python3.7/site-packages/airflow/example_dags/example_datasets.py took 0.201 seconds
[2024-06-04T21:50:34.722+0000] {processor.py:156} INFO - Started process (PID=849) to work on /home/airflow/.local/lib/python3.7/site-packages/airflow/example_dags/example_datasets.py
[2024-06-04T21:50:34.726+0000] {processor.py:799} INFO - Processing file /home/airflow/.local/lib/python3.7/site-packages/airflow/example_dags/example_datasets.py for tasks to queue
[2024-06-04T21:50:34.728+0000] {logging_mixin.py:149} INFO - [2024-06-04T21:50:34.728+0000] {dagbag.py:541} INFO - Filling up the DagBag from /home/airflow/.local/lib/python3.7/site-packages/airflow/example_dags/example_datasets.py
[2024-06-04T21:50:34.749+0000] {processor.py:809} INFO - DAG(s) dict_keys(['dataset_consumes_1_never_scheduled', 'dataset_consumes_1_and_2', 'dataset_produces_2', 'dataset_produces_1', 'dataset_consumes_1', 'dataset_consumes_unknown_never_scheduled']) retrieved from /home/airflow/.local/lib/python3.7/site-packages/airflow/example_dags/example_datasets.py
[2024-06-04T21:50:34.828+0000] {logging_mixin.py:149} INFO - [2024-06-04T21:50:34.828+0000] {dag.py:2726} INFO - Sync 6 DAGs
[2024-06-04T21:50:34.892+0000] {logging_mixin.py:149} INFO - [2024-06-04T21:50:34.891+0000] {dag.py:3490} INFO - Setting next_dagrun for dataset_consumes_1 to None, run_after=None
[2024-06-04T21:50:34.900+0000] {logging_mixin.py:149} INFO - [2024-06-04T21:50:34.900+0000] {dag.py:3490} INFO - Setting next_dagrun for dataset_consumes_1_and_2 to None, run_after=None
[2024-06-04T21:50:34.904+0000] {logging_mixin.py:149} INFO - [2024-06-04T21:50:34.903+0000] {dag.py:3490} INFO - Setting next_dagrun for dataset_consumes_1_never_scheduled to None, run_after=None
[2024-06-04T21:50:34.907+0000] {logging_mixin.py:149} INFO - [2024-06-04T21:50:34.907+0000] {dag.py:3490} INFO - Setting next_dagrun for dataset_consumes_unknown_never_scheduled to None, run_after=None
[2024-06-04T21:50:34.914+0000] {logging_mixin.py:149} INFO - [2024-06-04T21:50:34.914+0000] {dag.py:3490} INFO - Setting next_dagrun for dataset_produces_1 to 2024-06-03T00:00:00+00:00, run_after=2024-06-04T00:00:00+00:00
[2024-06-04T21:50:34.918+0000] {logging_mixin.py:149} INFO - [2024-06-04T21:50:34.918+0000] {dag.py:3490} INFO - Setting next_dagrun for dataset_produces_2 to None, run_after=None
[2024-06-04T21:50:34.993+0000] {processor.py:178} INFO - Processing /home/airflow/.local/lib/python3.7/site-packages/airflow/example_dags/example_datasets.py took 0.277 seconds
[2024-06-04T21:51:05.216+0000] {processor.py:156} INFO - Started process (PID=904) to work on /home/airflow/.local/lib/python3.7/site-packages/airflow/example_dags/example_datasets.py
[2024-06-04T21:51:05.223+0000] {processor.py:799} INFO - Processing file /home/airflow/.local/lib/python3.7/site-packages/airflow/example_dags/example_datasets.py for tasks to queue
[2024-06-04T21:51:05.238+0000] {logging_mixin.py:149} INFO - [2024-06-04T21:51:05.238+0000] {dagbag.py:541} INFO - Filling up the DagBag from /home/airflow/.local/lib/python3.7/site-packages/airflow/example_dags/example_datasets.py
[2024-06-04T21:51:05.291+0000] {processor.py:809} INFO - DAG(s) dict_keys(['dataset_consumes_1_and_2', 'dataset_consumes_1', 'dataset_produces_2', 'dataset_produces_1', 'dataset_consumes_1_never_scheduled', 'dataset_consumes_unknown_never_scheduled']) retrieved from /home/airflow/.local/lib/python3.7/site-packages/airflow/example_dags/example_datasets.py
[2024-06-04T21:51:05.513+0000] {logging_mixin.py:149} INFO - [2024-06-04T21:51:05.512+0000] {dag.py:2726} INFO - Sync 6 DAGs
[2024-06-04T21:51:05.690+0000] {logging_mixin.py:149} INFO - [2024-06-04T21:51:05.690+0000] {dag.py:3490} INFO - Setting next_dagrun for dataset_consumes_1 to None, run_after=None
[2024-06-04T21:51:05.704+0000] {logging_mixin.py:149} INFO - [2024-06-04T21:51:05.703+0000] {dag.py:3490} INFO - Setting next_dagrun for dataset_consumes_1_and_2 to None, run_after=None
[2024-06-04T21:51:05.712+0000] {logging_mixin.py:149} INFO - [2024-06-04T21:51:05.712+0000] {dag.py:3490} INFO - Setting next_dagrun for dataset_consumes_1_never_scheduled to None, run_after=None
[2024-06-04T21:51:05.718+0000] {logging_mixin.py:149} INFO - [2024-06-04T21:51:05.718+0000] {dag.py:3490} INFO - Setting next_dagrun for dataset_consumes_unknown_never_scheduled to None, run_after=None
[2024-06-04T21:51:05.730+0000] {logging_mixin.py:149} INFO - [2024-06-04T21:51:05.729+0000] {dag.py:3490} INFO - Setting next_dagrun for dataset_produces_1 to 2024-06-03T00:00:00+00:00, run_after=2024-06-04T00:00:00+00:00
[2024-06-04T21:51:05.739+0000] {logging_mixin.py:149} INFO - [2024-06-04T21:51:05.739+0000] {dag.py:3490} INFO - Setting next_dagrun for dataset_produces_2 to None, run_after=None
[2024-06-04T21:51:05.886+0000] {processor.py:178} INFO - Processing /home/airflow/.local/lib/python3.7/site-packages/airflow/example_dags/example_datasets.py took 0.696 seconds
[2024-06-04T21:51:36.338+0000] {processor.py:156} INFO - Started process (PID=960) to work on /home/airflow/.local/lib/python3.7/site-packages/airflow/example_dags/example_datasets.py
[2024-06-04T21:51:36.350+0000] {processor.py:799} INFO - Processing file /home/airflow/.local/lib/python3.7/site-packages/airflow/example_dags/example_datasets.py for tasks to queue
[2024-06-04T21:51:36.365+0000] {logging_mixin.py:149} INFO - [2024-06-04T21:51:36.363+0000] {dagbag.py:541} INFO - Filling up the DagBag from /home/airflow/.local/lib/python3.7/site-packages/airflow/example_dags/example_datasets.py
[2024-06-04T21:51:36.487+0000] {processor.py:809} INFO - DAG(s) dict_keys(['dataset_consumes_1', 'dataset_consumes_1_never_scheduled', 'dataset_consumes_1_and_2', 'dataset_consumes_unknown_never_scheduled', 'dataset_produces_1', 'dataset_produces_2']) retrieved from /home/airflow/.local/lib/python3.7/site-packages/airflow/example_dags/example_datasets.py
[2024-06-04T21:51:36.576+0000] {logging_mixin.py:149} INFO - [2024-06-04T21:51:36.575+0000] {dag.py:2726} INFO - Sync 6 DAGs
[2024-06-04T21:51:36.617+0000] {logging_mixin.py:149} INFO - [2024-06-04T21:51:36.617+0000] {dag.py:3490} INFO - Setting next_dagrun for dataset_consumes_1 to None, run_after=None
[2024-06-04T21:51:36.625+0000] {logging_mixin.py:149} INFO - [2024-06-04T21:51:36.625+0000] {dag.py:3490} INFO - Setting next_dagrun for dataset_consumes_1_and_2 to None, run_after=None
[2024-06-04T21:51:36.629+0000] {logging_mixin.py:149} INFO - [2024-06-04T21:51:36.629+0000] {dag.py:3490} INFO - Setting next_dagrun for dataset_consumes_1_never_scheduled to None, run_after=None
[2024-06-04T21:51:36.632+0000] {logging_mixin.py:149} INFO - [2024-06-04T21:51:36.632+0000] {dag.py:3490} INFO - Setting next_dagrun for dataset_consumes_unknown_never_scheduled to None, run_after=None
[2024-06-04T21:51:36.639+0000] {logging_mixin.py:149} INFO - [2024-06-04T21:51:36.639+0000] {dag.py:3490} INFO - Setting next_dagrun for dataset_produces_1 to 2024-06-03T00:00:00+00:00, run_after=2024-06-04T00:00:00+00:00
[2024-06-04T21:51:36.644+0000] {logging_mixin.py:149} INFO - [2024-06-04T21:51:36.644+0000] {dag.py:3490} INFO - Setting next_dagrun for dataset_produces_2 to None, run_after=None
[2024-06-04T21:51:36.707+0000] {processor.py:178} INFO - Processing /home/airflow/.local/lib/python3.7/site-packages/airflow/example_dags/example_datasets.py took 0.422 seconds
