[2024-06-04T21:42:19.245+0000] {processor.py:156} INFO - Started process (PID=55) to work on /home/airflow/.local/lib/python3.7/site-packages/airflow/example_dags/example_dag_decorator.py
[2024-06-04T21:42:19.252+0000] {processor.py:799} INFO - Processing file /home/airflow/.local/lib/python3.7/site-packages/airflow/example_dags/example_dag_decorator.py for tasks to queue
[2024-06-04T21:42:19.260+0000] {logging_mixin.py:149} INFO - [2024-06-04T21:42:19.258+0000] {dagbag.py:541} INFO - Filling up the DagBag from /home/airflow/.local/lib/python3.7/site-packages/airflow/example_dags/example_dag_decorator.py
[2024-06-04T21:42:19.312+0000] {logging_mixin.py:149} INFO - [2024-06-04T21:42:19.311+0000] {taskmixin.py:211} WARNING - Dependency <Task(_PythonDecoratedOperator): prepare_email>, send_email already registered for DAG: example_dag_decorator
[2024-06-04T21:42:19.314+0000] {logging_mixin.py:149} INFO - [2024-06-04T21:42:19.314+0000] {taskmixin.py:211} WARNING - Dependency <Task(EmailOperator): send_email>, prepare_email already registered for DAG: example_dag_decorator
[2024-06-04T21:42:19.533+0000] {processor.py:809} INFO - DAG(s) dict_keys(['example_dag_decorator']) retrieved from /home/airflow/.local/lib/python3.7/site-packages/airflow/example_dags/example_dag_decorator.py
[2024-06-04T21:42:23.793+0000] {logging_mixin.py:149} INFO - [2024-06-04T21:42:23.779+0000] {manager.py:504} INFO - Created Permission View: can delete on DAG:example_dag_decorator
[2024-06-04T21:42:24.188+0000] {logging_mixin.py:149} INFO - [2024-06-04T21:42:24.187+0000] {manager.py:504} INFO - Created Permission View: can read on DAG:example_dag_decorator
[2024-06-04T21:42:24.378+0000] {logging_mixin.py:149} INFO - [2024-06-04T21:42:24.378+0000] {manager.py:504} INFO - Created Permission View: can edit on DAG:example_dag_decorator
[2024-06-04T21:42:24.389+0000] {logging_mixin.py:149} INFO - [2024-06-04T21:42:24.388+0000] {dag.py:2726} INFO - Sync 1 DAGs
[2024-06-04T21:42:24.737+0000] {logging_mixin.py:149} INFO - [2024-06-04T21:42:24.737+0000] {dag.py:2747} INFO - Creating ORM DAG for example_dag_decorator
[2024-06-04T21:42:25.002+0000] {logging_mixin.py:149} INFO - [2024-06-04T21:42:25.002+0000] {dag.py:3490} INFO - Setting next_dagrun for example_dag_decorator to None, run_after=None
[2024-06-04T21:42:25.900+0000] {processor.py:178} INFO - Processing /home/airflow/.local/lib/python3.7/site-packages/airflow/example_dags/example_dag_decorator.py took 6.903 seconds
[2024-06-04T21:43:50.514+0000] {processor.py:156} INFO - Started process (PID=124) to work on /home/airflow/.local/lib/python3.7/site-packages/airflow/example_dags/example_dag_decorator.py
[2024-06-04T21:43:50.519+0000] {processor.py:799} INFO - Processing file /home/airflow/.local/lib/python3.7/site-packages/airflow/example_dags/example_dag_decorator.py for tasks to queue
[2024-06-04T21:43:50.522+0000] {logging_mixin.py:149} INFO - [2024-06-04T21:43:50.521+0000] {dagbag.py:541} INFO - Filling up the DagBag from /home/airflow/.local/lib/python3.7/site-packages/airflow/example_dags/example_dag_decorator.py
[2024-06-04T21:43:50.606+0000] {logging_mixin.py:149} INFO - [2024-06-04T21:43:50.605+0000] {taskmixin.py:211} WARNING - Dependency <Task(_PythonDecoratedOperator): prepare_email>, send_email already registered for DAG: example_dag_decorator
[2024-06-04T21:43:50.613+0000] {logging_mixin.py:149} INFO - [2024-06-04T21:43:50.612+0000] {taskmixin.py:211} WARNING - Dependency <Task(EmailOperator): send_email>, prepare_email already registered for DAG: example_dag_decorator
[2024-06-04T21:43:50.686+0000] {processor.py:809} INFO - DAG(s) dict_keys(['example_dag_decorator']) retrieved from /home/airflow/.local/lib/python3.7/site-packages/airflow/example_dags/example_dag_decorator.py
[2024-06-04T21:43:51.509+0000] {logging_mixin.py:149} INFO - [2024-06-04T21:43:51.504+0000] {dag.py:2726} INFO - Sync 1 DAGs
[2024-06-04T21:43:51.693+0000] {logging_mixin.py:149} INFO - [2024-06-04T21:43:51.692+0000] {dag.py:3490} INFO - Setting next_dagrun for example_dag_decorator to None, run_after=None
[2024-06-04T21:43:51.854+0000] {processor.py:178} INFO - Processing /home/airflow/.local/lib/python3.7/site-packages/airflow/example_dags/example_dag_decorator.py took 1.348 seconds
[2024-06-04T21:44:25.956+0000] {processor.py:156} INFO - Started process (PID=179) to work on /home/airflow/.local/lib/python3.7/site-packages/airflow/example_dags/example_dag_decorator.py
[2024-06-04T21:44:25.962+0000] {processor.py:799} INFO - Processing file /home/airflow/.local/lib/python3.7/site-packages/airflow/example_dags/example_dag_decorator.py for tasks to queue
[2024-06-04T21:44:25.967+0000] {logging_mixin.py:149} INFO - [2024-06-04T21:44:25.965+0000] {dagbag.py:541} INFO - Filling up the DagBag from /home/airflow/.local/lib/python3.7/site-packages/airflow/example_dags/example_dag_decorator.py
[2024-06-04T21:44:25.983+0000] {logging_mixin.py:149} INFO - [2024-06-04T21:44:25.982+0000] {taskmixin.py:211} WARNING - Dependency <Task(_PythonDecoratedOperator): prepare_email>, send_email already registered for DAG: example_dag_decorator
[2024-06-04T21:44:25.984+0000] {logging_mixin.py:149} INFO - [2024-06-04T21:44:25.984+0000] {taskmixin.py:211} WARNING - Dependency <Task(EmailOperator): send_email>, prepare_email already registered for DAG: example_dag_decorator
[2024-06-04T21:44:26.007+0000] {processor.py:809} INFO - DAG(s) dict_keys(['example_dag_decorator']) retrieved from /home/airflow/.local/lib/python3.7/site-packages/airflow/example_dags/example_dag_decorator.py
[2024-06-04T21:44:26.143+0000] {logging_mixin.py:149} INFO - [2024-06-04T21:44:26.143+0000] {dag.py:2726} INFO - Sync 1 DAGs
[2024-06-04T21:44:26.374+0000] {logging_mixin.py:149} INFO - [2024-06-04T21:44:26.373+0000] {dag.py:3490} INFO - Setting next_dagrun for example_dag_decorator to None, run_after=None
[2024-06-04T21:44:26.526+0000] {processor.py:178} INFO - Processing /home/airflow/.local/lib/python3.7/site-packages/airflow/example_dags/example_dag_decorator.py took 0.586 seconds
[2024-06-04T21:44:57.533+0000] {processor.py:156} INFO - Started process (PID=235) to work on /home/airflow/.local/lib/python3.7/site-packages/airflow/example_dags/example_dag_decorator.py
[2024-06-04T21:44:57.542+0000] {processor.py:799} INFO - Processing file /home/airflow/.local/lib/python3.7/site-packages/airflow/example_dags/example_dag_decorator.py for tasks to queue
[2024-06-04T21:44:57.555+0000] {logging_mixin.py:149} INFO - [2024-06-04T21:44:57.552+0000] {dagbag.py:541} INFO - Filling up the DagBag from /home/airflow/.local/lib/python3.7/site-packages/airflow/example_dags/example_dag_decorator.py
[2024-06-04T21:44:57.650+0000] {logging_mixin.py:149} INFO - [2024-06-04T21:44:57.649+0000] {taskmixin.py:211} WARNING - Dependency <Task(_PythonDecoratedOperator): prepare_email>, send_email already registered for DAG: example_dag_decorator
[2024-06-04T21:44:57.659+0000] {logging_mixin.py:149} INFO - [2024-06-04T21:44:57.654+0000] {taskmixin.py:211} WARNING - Dependency <Task(EmailOperator): send_email>, prepare_email already registered for DAG: example_dag_decorator
[2024-06-04T21:44:57.772+0000] {processor.py:809} INFO - DAG(s) dict_keys(['example_dag_decorator']) retrieved from /home/airflow/.local/lib/python3.7/site-packages/airflow/example_dags/example_dag_decorator.py
[2024-06-04T21:44:57.953+0000] {logging_mixin.py:149} INFO - [2024-06-04T21:44:57.953+0000] {dag.py:2726} INFO - Sync 1 DAGs
[2024-06-04T21:44:58.166+0000] {logging_mixin.py:149} INFO - [2024-06-04T21:44:58.166+0000] {dag.py:3490} INFO - Setting next_dagrun for example_dag_decorator to None, run_after=None
[2024-06-04T21:44:58.360+0000] {processor.py:178} INFO - Processing /home/airflow/.local/lib/python3.7/site-packages/airflow/example_dags/example_dag_decorator.py took 0.857 seconds
[2024-06-04T21:45:28.473+0000] {processor.py:156} INFO - Started process (PID=291) to work on /home/airflow/.local/lib/python3.7/site-packages/airflow/example_dags/example_dag_decorator.py
[2024-06-04T21:45:28.476+0000] {processor.py:799} INFO - Processing file /home/airflow/.local/lib/python3.7/site-packages/airflow/example_dags/example_dag_decorator.py for tasks to queue
[2024-06-04T21:45:28.481+0000] {logging_mixin.py:149} INFO - [2024-06-04T21:45:28.481+0000] {dagbag.py:541} INFO - Filling up the DagBag from /home/airflow/.local/lib/python3.7/site-packages/airflow/example_dags/example_dag_decorator.py
[2024-06-04T21:45:28.504+0000] {logging_mixin.py:149} INFO - [2024-06-04T21:45:28.503+0000] {taskmixin.py:211} WARNING - Dependency <Task(_PythonDecoratedOperator): prepare_email>, send_email already registered for DAG: example_dag_decorator
[2024-06-04T21:45:28.506+0000] {logging_mixin.py:149} INFO - [2024-06-04T21:45:28.505+0000] {taskmixin.py:211} WARNING - Dependency <Task(EmailOperator): send_email>, prepare_email already registered for DAG: example_dag_decorator
[2024-06-04T21:45:28.530+0000] {processor.py:809} INFO - DAG(s) dict_keys(['example_dag_decorator']) retrieved from /home/airflow/.local/lib/python3.7/site-packages/airflow/example_dags/example_dag_decorator.py
[2024-06-04T21:45:28.607+0000] {logging_mixin.py:149} INFO - [2024-06-04T21:45:28.606+0000] {dag.py:2726} INFO - Sync 1 DAGs
[2024-06-04T21:45:28.664+0000] {logging_mixin.py:149} INFO - [2024-06-04T21:45:28.664+0000] {dag.py:3490} INFO - Setting next_dagrun for example_dag_decorator to None, run_after=None
[2024-06-04T21:45:28.704+0000] {processor.py:178} INFO - Processing /home/airflow/.local/lib/python3.7/site-packages/airflow/example_dags/example_dag_decorator.py took 0.239 seconds
[2024-06-04T21:45:59.303+0000] {processor.py:156} INFO - Started process (PID=346) to work on /home/airflow/.local/lib/python3.7/site-packages/airflow/example_dags/example_dag_decorator.py
[2024-06-04T21:45:59.306+0000] {processor.py:799} INFO - Processing file /home/airflow/.local/lib/python3.7/site-packages/airflow/example_dags/example_dag_decorator.py for tasks to queue
[2024-06-04T21:45:59.318+0000] {logging_mixin.py:149} INFO - [2024-06-04T21:45:59.317+0000] {dagbag.py:541} INFO - Filling up the DagBag from /home/airflow/.local/lib/python3.7/site-packages/airflow/example_dags/example_dag_decorator.py
[2024-06-04T21:45:59.347+0000] {logging_mixin.py:149} INFO - [2024-06-04T21:45:59.346+0000] {taskmixin.py:211} WARNING - Dependency <Task(_PythonDecoratedOperator): prepare_email>, send_email already registered for DAG: example_dag_decorator
[2024-06-04T21:45:59.348+0000] {logging_mixin.py:149} INFO - [2024-06-04T21:45:59.348+0000] {taskmixin.py:211} WARNING - Dependency <Task(EmailOperator): send_email>, prepare_email already registered for DAG: example_dag_decorator
[2024-06-04T21:45:59.381+0000] {processor.py:809} INFO - DAG(s) dict_keys(['example_dag_decorator']) retrieved from /home/airflow/.local/lib/python3.7/site-packages/airflow/example_dags/example_dag_decorator.py
[2024-06-04T21:45:59.452+0000] {logging_mixin.py:149} INFO - [2024-06-04T21:45:59.452+0000] {dag.py:2726} INFO - Sync 1 DAGs
[2024-06-04T21:45:59.522+0000] {logging_mixin.py:149} INFO - [2024-06-04T21:45:59.522+0000] {dag.py:3490} INFO - Setting next_dagrun for example_dag_decorator to None, run_after=None
[2024-06-04T21:45:59.572+0000] {processor.py:178} INFO - Processing /home/airflow/.local/lib/python3.7/site-packages/airflow/example_dags/example_dag_decorator.py took 0.277 seconds
[2024-06-04T21:46:30.245+0000] {processor.py:156} INFO - Started process (PID=402) to work on /home/airflow/.local/lib/python3.7/site-packages/airflow/example_dags/example_dag_decorator.py
[2024-06-04T21:46:30.247+0000] {processor.py:799} INFO - Processing file /home/airflow/.local/lib/python3.7/site-packages/airflow/example_dags/example_dag_decorator.py for tasks to queue
[2024-06-04T21:46:30.248+0000] {logging_mixin.py:149} INFO - [2024-06-04T21:46:30.248+0000] {dagbag.py:541} INFO - Filling up the DagBag from /home/airflow/.local/lib/python3.7/site-packages/airflow/example_dags/example_dag_decorator.py
[2024-06-04T21:46:30.262+0000] {logging_mixin.py:149} INFO - [2024-06-04T21:46:30.262+0000] {taskmixin.py:211} WARNING - Dependency <Task(_PythonDecoratedOperator): prepare_email>, send_email already registered for DAG: example_dag_decorator
[2024-06-04T21:46:30.263+0000] {logging_mixin.py:149} INFO - [2024-06-04T21:46:30.262+0000] {taskmixin.py:211} WARNING - Dependency <Task(EmailOperator): send_email>, prepare_email already registered for DAG: example_dag_decorator
[2024-06-04T21:46:30.275+0000] {processor.py:809} INFO - DAG(s) dict_keys(['example_dag_decorator']) retrieved from /home/airflow/.local/lib/python3.7/site-packages/airflow/example_dags/example_dag_decorator.py
[2024-06-04T21:46:30.316+0000] {logging_mixin.py:149} INFO - [2024-06-04T21:46:30.316+0000] {dag.py:2726} INFO - Sync 1 DAGs
[2024-06-04T21:46:30.358+0000] {logging_mixin.py:149} INFO - [2024-06-04T21:46:30.357+0000] {dag.py:3490} INFO - Setting next_dagrun for example_dag_decorator to None, run_after=None
[2024-06-04T21:46:30.393+0000] {processor.py:178} INFO - Processing /home/airflow/.local/lib/python3.7/site-packages/airflow/example_dags/example_dag_decorator.py took 0.153 seconds
[2024-06-04T21:47:00.677+0000] {processor.py:156} INFO - Started process (PID=458) to work on /home/airflow/.local/lib/python3.7/site-packages/airflow/example_dags/example_dag_decorator.py
[2024-06-04T21:47:00.679+0000] {processor.py:799} INFO - Processing file /home/airflow/.local/lib/python3.7/site-packages/airflow/example_dags/example_dag_decorator.py for tasks to queue
[2024-06-04T21:47:00.680+0000] {logging_mixin.py:149} INFO - [2024-06-04T21:47:00.680+0000] {dagbag.py:541} INFO - Filling up the DagBag from /home/airflow/.local/lib/python3.7/site-packages/airflow/example_dags/example_dag_decorator.py
[2024-06-04T21:47:00.693+0000] {logging_mixin.py:149} INFO - [2024-06-04T21:47:00.692+0000] {taskmixin.py:211} WARNING - Dependency <Task(_PythonDecoratedOperator): prepare_email>, send_email already registered for DAG: example_dag_decorator
[2024-06-04T21:47:00.693+0000] {logging_mixin.py:149} INFO - [2024-06-04T21:47:00.693+0000] {taskmixin.py:211} WARNING - Dependency <Task(EmailOperator): send_email>, prepare_email already registered for DAG: example_dag_decorator
[2024-06-04T21:47:00.710+0000] {processor.py:809} INFO - DAG(s) dict_keys(['example_dag_decorator']) retrieved from /home/airflow/.local/lib/python3.7/site-packages/airflow/example_dags/example_dag_decorator.py
[2024-06-04T21:47:00.766+0000] {logging_mixin.py:149} INFO - [2024-06-04T21:47:00.765+0000] {dag.py:2726} INFO - Sync 1 DAGs
[2024-06-04T21:47:00.812+0000] {logging_mixin.py:149} INFO - [2024-06-04T21:47:00.812+0000] {dag.py:3490} INFO - Setting next_dagrun for example_dag_decorator to None, run_after=None
[2024-06-04T21:47:00.861+0000] {processor.py:178} INFO - Processing /home/airflow/.local/lib/python3.7/site-packages/airflow/example_dags/example_dag_decorator.py took 0.190 seconds
[2024-06-04T21:47:31.543+0000] {processor.py:156} INFO - Started process (PID=509) to work on /home/airflow/.local/lib/python3.7/site-packages/airflow/example_dags/example_dag_decorator.py
[2024-06-04T21:47:31.548+0000] {processor.py:799} INFO - Processing file /home/airflow/.local/lib/python3.7/site-packages/airflow/example_dags/example_dag_decorator.py for tasks to queue
[2024-06-04T21:47:31.558+0000] {logging_mixin.py:149} INFO - [2024-06-04T21:47:31.557+0000] {dagbag.py:541} INFO - Filling up the DagBag from /home/airflow/.local/lib/python3.7/site-packages/airflow/example_dags/example_dag_decorator.py
[2024-06-04T21:47:31.596+0000] {logging_mixin.py:149} INFO - [2024-06-04T21:47:31.592+0000] {taskmixin.py:211} WARNING - Dependency <Task(_PythonDecoratedOperator): prepare_email>, send_email already registered for DAG: example_dag_decorator
[2024-06-04T21:47:31.606+0000] {logging_mixin.py:149} INFO - [2024-06-04T21:47:31.605+0000] {taskmixin.py:211} WARNING - Dependency <Task(EmailOperator): send_email>, prepare_email already registered for DAG: example_dag_decorator
[2024-06-04T21:47:31.696+0000] {processor.py:809} INFO - DAG(s) dict_keys(['example_dag_decorator']) retrieved from /home/airflow/.local/lib/python3.7/site-packages/airflow/example_dags/example_dag_decorator.py
[2024-06-04T21:47:31.805+0000] {logging_mixin.py:149} INFO - [2024-06-04T21:47:31.805+0000] {dag.py:2726} INFO - Sync 1 DAGs
[2024-06-04T21:47:31.860+0000] {logging_mixin.py:149} INFO - [2024-06-04T21:47:31.859+0000] {dag.py:3490} INFO - Setting next_dagrun for example_dag_decorator to None, run_after=None
[2024-06-04T21:47:31.913+0000] {processor.py:178} INFO - Processing /home/airflow/.local/lib/python3.7/site-packages/airflow/example_dags/example_dag_decorator.py took 0.383 seconds
[2024-06-04T21:48:02.177+0000] {processor.py:156} INFO - Started process (PID=565) to work on /home/airflow/.local/lib/python3.7/site-packages/airflow/example_dags/example_dag_decorator.py
[2024-06-04T21:48:02.183+0000] {processor.py:799} INFO - Processing file /home/airflow/.local/lib/python3.7/site-packages/airflow/example_dags/example_dag_decorator.py for tasks to queue
[2024-06-04T21:48:02.200+0000] {logging_mixin.py:149} INFO - [2024-06-04T21:48:02.195+0000] {dagbag.py:541} INFO - Filling up the DagBag from /home/airflow/.local/lib/python3.7/site-packages/airflow/example_dags/example_dag_decorator.py
[2024-06-04T21:48:02.273+0000] {logging_mixin.py:149} INFO - [2024-06-04T21:48:02.273+0000] {taskmixin.py:211} WARNING - Dependency <Task(_PythonDecoratedOperator): prepare_email>, send_email already registered for DAG: example_dag_decorator
[2024-06-04T21:48:02.276+0000] {logging_mixin.py:149} INFO - [2024-06-04T21:48:02.275+0000] {taskmixin.py:211} WARNING - Dependency <Task(EmailOperator): send_email>, prepare_email already registered for DAG: example_dag_decorator
[2024-06-04T21:48:02.308+0000] {processor.py:809} INFO - DAG(s) dict_keys(['example_dag_decorator']) retrieved from /home/airflow/.local/lib/python3.7/site-packages/airflow/example_dags/example_dag_decorator.py
[2024-06-04T21:48:02.451+0000] {logging_mixin.py:149} INFO - [2024-06-04T21:48:02.448+0000] {dag.py:2726} INFO - Sync 1 DAGs
[2024-06-04T21:48:02.649+0000] {logging_mixin.py:149} INFO - [2024-06-04T21:48:02.649+0000] {dag.py:3490} INFO - Setting next_dagrun for example_dag_decorator to None, run_after=None
[2024-06-04T21:48:02.991+0000] {processor.py:178} INFO - Processing /home/airflow/.local/lib/python3.7/site-packages/airflow/example_dags/example_dag_decorator.py took 0.826 seconds
[2024-06-04T21:48:34.000+0000] {processor.py:156} INFO - Started process (PID=627) to work on /home/airflow/.local/lib/python3.7/site-packages/airflow/example_dags/example_dag_decorator.py
[2024-06-04T21:48:34.005+0000] {processor.py:799} INFO - Processing file /home/airflow/.local/lib/python3.7/site-packages/airflow/example_dags/example_dag_decorator.py for tasks to queue
[2024-06-04T21:48:34.007+0000] {logging_mixin.py:149} INFO - [2024-06-04T21:48:34.006+0000] {dagbag.py:541} INFO - Filling up the DagBag from /home/airflow/.local/lib/python3.7/site-packages/airflow/example_dags/example_dag_decorator.py
[2024-06-04T21:48:34.021+0000] {logging_mixin.py:149} INFO - [2024-06-04T21:48:34.021+0000] {taskmixin.py:211} WARNING - Dependency <Task(_PythonDecoratedOperator): prepare_email>, send_email already registered for DAG: example_dag_decorator
[2024-06-04T21:48:34.022+0000] {logging_mixin.py:149} INFO - [2024-06-04T21:48:34.022+0000] {taskmixin.py:211} WARNING - Dependency <Task(EmailOperator): send_email>, prepare_email already registered for DAG: example_dag_decorator
[2024-06-04T21:48:34.055+0000] {processor.py:809} INFO - DAG(s) dict_keys(['example_dag_decorator']) retrieved from /home/airflow/.local/lib/python3.7/site-packages/airflow/example_dags/example_dag_decorator.py
[2024-06-04T21:48:34.376+0000] {logging_mixin.py:149} INFO - [2024-06-04T21:48:34.376+0000] {dag.py:2726} INFO - Sync 1 DAGs
[2024-06-04T21:48:34.684+0000] {logging_mixin.py:149} INFO - [2024-06-04T21:48:34.684+0000] {dag.py:3490} INFO - Setting next_dagrun for example_dag_decorator to None, run_after=None
[2024-06-04T21:48:34.933+0000] {processor.py:178} INFO - Processing /home/airflow/.local/lib/python3.7/site-packages/airflow/example_dags/example_dag_decorator.py took 0.946 seconds
[2024-06-04T21:49:05.613+0000] {processor.py:156} INFO - Started process (PID=684) to work on /home/airflow/.local/lib/python3.7/site-packages/airflow/example_dags/example_dag_decorator.py
[2024-06-04T21:49:05.615+0000] {processor.py:799} INFO - Processing file /home/airflow/.local/lib/python3.7/site-packages/airflow/example_dags/example_dag_decorator.py for tasks to queue
[2024-06-04T21:49:05.618+0000] {logging_mixin.py:149} INFO - [2024-06-04T21:49:05.618+0000] {dagbag.py:541} INFO - Filling up the DagBag from /home/airflow/.local/lib/python3.7/site-packages/airflow/example_dags/example_dag_decorator.py
[2024-06-04T21:49:05.629+0000] {logging_mixin.py:149} INFO - [2024-06-04T21:49:05.629+0000] {taskmixin.py:211} WARNING - Dependency <Task(_PythonDecoratedOperator): prepare_email>, send_email already registered for DAG: example_dag_decorator
[2024-06-04T21:49:05.630+0000] {logging_mixin.py:149} INFO - [2024-06-04T21:49:05.630+0000] {taskmixin.py:211} WARNING - Dependency <Task(EmailOperator): send_email>, prepare_email already registered for DAG: example_dag_decorator
[2024-06-04T21:49:05.645+0000] {processor.py:809} INFO - DAG(s) dict_keys(['example_dag_decorator']) retrieved from /home/airflow/.local/lib/python3.7/site-packages/airflow/example_dags/example_dag_decorator.py
[2024-06-04T21:49:05.697+0000] {logging_mixin.py:149} INFO - [2024-06-04T21:49:05.697+0000] {dag.py:2726} INFO - Sync 1 DAGs
[2024-06-04T21:49:05.754+0000] {logging_mixin.py:149} INFO - [2024-06-04T21:49:05.753+0000] {dag.py:3490} INFO - Setting next_dagrun for example_dag_decorator to None, run_after=None
[2024-06-04T21:49:05.788+0000] {processor.py:178} INFO - Processing /home/airflow/.local/lib/python3.7/site-packages/airflow/example_dags/example_dag_decorator.py took 0.180 seconds
[2024-06-04T21:49:35.954+0000] {processor.py:156} INFO - Started process (PID=739) to work on /home/airflow/.local/lib/python3.7/site-packages/airflow/example_dags/example_dag_decorator.py
[2024-06-04T21:49:35.958+0000] {processor.py:799} INFO - Processing file /home/airflow/.local/lib/python3.7/site-packages/airflow/example_dags/example_dag_decorator.py for tasks to queue
[2024-06-04T21:49:35.964+0000] {logging_mixin.py:149} INFO - [2024-06-04T21:49:35.964+0000] {dagbag.py:541} INFO - Filling up the DagBag from /home/airflow/.local/lib/python3.7/site-packages/airflow/example_dags/example_dag_decorator.py
[2024-06-04T21:49:35.995+0000] {logging_mixin.py:149} INFO - [2024-06-04T21:49:35.989+0000] {taskmixin.py:211} WARNING - Dependency <Task(_PythonDecoratedOperator): prepare_email>, send_email already registered for DAG: example_dag_decorator
[2024-06-04T21:49:35.997+0000] {logging_mixin.py:149} INFO - [2024-06-04T21:49:35.997+0000] {taskmixin.py:211} WARNING - Dependency <Task(EmailOperator): send_email>, prepare_email already registered for DAG: example_dag_decorator
[2024-06-04T21:49:36.032+0000] {processor.py:809} INFO - DAG(s) dict_keys(['example_dag_decorator']) retrieved from /home/airflow/.local/lib/python3.7/site-packages/airflow/example_dags/example_dag_decorator.py
[2024-06-04T21:49:36.195+0000] {logging_mixin.py:149} INFO - [2024-06-04T21:49:36.194+0000] {dag.py:2726} INFO - Sync 1 DAGs
[2024-06-04T21:49:36.317+0000] {logging_mixin.py:149} INFO - [2024-06-04T21:49:36.316+0000] {dag.py:3490} INFO - Setting next_dagrun for example_dag_decorator to None, run_after=None
[2024-06-04T21:49:36.416+0000] {processor.py:178} INFO - Processing /home/airflow/.local/lib/python3.7/site-packages/airflow/example_dags/example_dag_decorator.py took 0.475 seconds
[2024-06-04T21:50:07.305+0000] {processor.py:156} INFO - Started process (PID=796) to work on /home/airflow/.local/lib/python3.7/site-packages/airflow/example_dags/example_dag_decorator.py
[2024-06-04T21:50:07.307+0000] {processor.py:799} INFO - Processing file /home/airflow/.local/lib/python3.7/site-packages/airflow/example_dags/example_dag_decorator.py for tasks to queue
[2024-06-04T21:50:07.309+0000] {logging_mixin.py:149} INFO - [2024-06-04T21:50:07.309+0000] {dagbag.py:541} INFO - Filling up the DagBag from /home/airflow/.local/lib/python3.7/site-packages/airflow/example_dags/example_dag_decorator.py
[2024-06-04T21:50:07.321+0000] {logging_mixin.py:149} INFO - [2024-06-04T21:50:07.321+0000] {taskmixin.py:211} WARNING - Dependency <Task(_PythonDecoratedOperator): prepare_email>, send_email already registered for DAG: example_dag_decorator
[2024-06-04T21:50:07.323+0000] {logging_mixin.py:149} INFO - [2024-06-04T21:50:07.322+0000] {taskmixin.py:211} WARNING - Dependency <Task(EmailOperator): send_email>, prepare_email already registered for DAG: example_dag_decorator
[2024-06-04T21:50:07.342+0000] {processor.py:809} INFO - DAG(s) dict_keys(['example_dag_decorator']) retrieved from /home/airflow/.local/lib/python3.7/site-packages/airflow/example_dags/example_dag_decorator.py
[2024-06-04T21:50:07.391+0000] {logging_mixin.py:149} INFO - [2024-06-04T21:50:07.390+0000] {dag.py:2726} INFO - Sync 1 DAGs
[2024-06-04T21:50:07.465+0000] {logging_mixin.py:149} INFO - [2024-06-04T21:50:07.465+0000] {dag.py:3490} INFO - Setting next_dagrun for example_dag_decorator to None, run_after=None
[2024-06-04T21:50:07.522+0000] {processor.py:178} INFO - Processing /home/airflow/.local/lib/python3.7/site-packages/airflow/example_dags/example_dag_decorator.py took 0.221 seconds
[2024-06-04T21:50:38.022+0000] {processor.py:156} INFO - Started process (PID=852) to work on /home/airflow/.local/lib/python3.7/site-packages/airflow/example_dags/example_dag_decorator.py
[2024-06-04T21:50:38.026+0000] {processor.py:799} INFO - Processing file /home/airflow/.local/lib/python3.7/site-packages/airflow/example_dags/example_dag_decorator.py for tasks to queue
[2024-06-04T21:50:38.028+0000] {logging_mixin.py:149} INFO - [2024-06-04T21:50:38.028+0000] {dagbag.py:541} INFO - Filling up the DagBag from /home/airflow/.local/lib/python3.7/site-packages/airflow/example_dags/example_dag_decorator.py
[2024-06-04T21:50:38.042+0000] {logging_mixin.py:149} INFO - [2024-06-04T21:50:38.041+0000] {taskmixin.py:211} WARNING - Dependency <Task(_PythonDecoratedOperator): prepare_email>, send_email already registered for DAG: example_dag_decorator
[2024-06-04T21:50:38.043+0000] {logging_mixin.py:149} INFO - [2024-06-04T21:50:38.042+0000] {taskmixin.py:211} WARNING - Dependency <Task(EmailOperator): send_email>, prepare_email already registered for DAG: example_dag_decorator
[2024-06-04T21:50:38.059+0000] {processor.py:809} INFO - DAG(s) dict_keys(['example_dag_decorator']) retrieved from /home/airflow/.local/lib/python3.7/site-packages/airflow/example_dags/example_dag_decorator.py
[2024-06-04T21:50:38.114+0000] {logging_mixin.py:149} INFO - [2024-06-04T21:50:38.114+0000] {dag.py:2726} INFO - Sync 1 DAGs
[2024-06-04T21:50:38.169+0000] {logging_mixin.py:149} INFO - [2024-06-04T21:50:38.168+0000] {dag.py:3490} INFO - Setting next_dagrun for example_dag_decorator to None, run_after=None
[2024-06-04T21:50:38.202+0000] {processor.py:178} INFO - Processing /home/airflow/.local/lib/python3.7/site-packages/airflow/example_dags/example_dag_decorator.py took 0.187 seconds
[2024-06-04T21:51:09.019+0000] {processor.py:156} INFO - Started process (PID=907) to work on /home/airflow/.local/lib/python3.7/site-packages/airflow/example_dags/example_dag_decorator.py
[2024-06-04T21:51:09.026+0000] {processor.py:799} INFO - Processing file /home/airflow/.local/lib/python3.7/site-packages/airflow/example_dags/example_dag_decorator.py for tasks to queue
[2024-06-04T21:51:09.035+0000] {logging_mixin.py:149} INFO - [2024-06-04T21:51:09.034+0000] {dagbag.py:541} INFO - Filling up the DagBag from /home/airflow/.local/lib/python3.7/site-packages/airflow/example_dags/example_dag_decorator.py
[2024-06-04T21:51:09.063+0000] {logging_mixin.py:149} INFO - [2024-06-04T21:51:09.062+0000] {taskmixin.py:211} WARNING - Dependency <Task(_PythonDecoratedOperator): prepare_email>, send_email already registered for DAG: example_dag_decorator
[2024-06-04T21:51:09.072+0000] {logging_mixin.py:149} INFO - [2024-06-04T21:51:09.068+0000] {taskmixin.py:211} WARNING - Dependency <Task(EmailOperator): send_email>, prepare_email already registered for DAG: example_dag_decorator
[2024-06-04T21:51:09.094+0000] {processor.py:809} INFO - DAG(s) dict_keys(['example_dag_decorator']) retrieved from /home/airflow/.local/lib/python3.7/site-packages/airflow/example_dags/example_dag_decorator.py
[2024-06-04T21:51:09.195+0000] {logging_mixin.py:149} INFO - [2024-06-04T21:51:09.194+0000] {dag.py:2726} INFO - Sync 1 DAGs
[2024-06-04T21:51:09.305+0000] {logging_mixin.py:149} INFO - [2024-06-04T21:51:09.305+0000] {dag.py:3490} INFO - Setting next_dagrun for example_dag_decorator to None, run_after=None
[2024-06-04T21:51:09.396+0000] {processor.py:178} INFO - Processing /home/airflow/.local/lib/python3.7/site-packages/airflow/example_dags/example_dag_decorator.py took 0.392 seconds
[2024-06-04T21:51:39.768+0000] {processor.py:156} INFO - Started process (PID=963) to work on /home/airflow/.local/lib/python3.7/site-packages/airflow/example_dags/example_dag_decorator.py
[2024-06-04T21:51:39.774+0000] {processor.py:799} INFO - Processing file /home/airflow/.local/lib/python3.7/site-packages/airflow/example_dags/example_dag_decorator.py for tasks to queue
[2024-06-04T21:51:39.780+0000] {logging_mixin.py:149} INFO - [2024-06-04T21:51:39.776+0000] {dagbag.py:541} INFO - Filling up the DagBag from /home/airflow/.local/lib/python3.7/site-packages/airflow/example_dags/example_dag_decorator.py
[2024-06-04T21:51:39.804+0000] {logging_mixin.py:149} INFO - [2024-06-04T21:51:39.803+0000] {taskmixin.py:211} WARNING - Dependency <Task(_PythonDecoratedOperator): prepare_email>, send_email already registered for DAG: example_dag_decorator
[2024-06-04T21:51:39.811+0000] {logging_mixin.py:149} INFO - [2024-06-04T21:51:39.805+0000] {taskmixin.py:211} WARNING - Dependency <Task(EmailOperator): send_email>, prepare_email already registered for DAG: example_dag_decorator
[2024-06-04T21:51:39.831+0000] {processor.py:809} INFO - DAG(s) dict_keys(['example_dag_decorator']) retrieved from /home/airflow/.local/lib/python3.7/site-packages/airflow/example_dags/example_dag_decorator.py
[2024-06-04T21:51:39.914+0000] {logging_mixin.py:149} INFO - [2024-06-04T21:51:39.914+0000] {dag.py:2726} INFO - Sync 1 DAGs
[2024-06-04T21:51:39.958+0000] {logging_mixin.py:149} INFO - [2024-06-04T21:51:39.958+0000] {dag.py:3490} INFO - Setting next_dagrun for example_dag_decorator to None, run_after=None
[2024-06-04T21:51:39.997+0000] {processor.py:178} INFO - Processing /home/airflow/.local/lib/python3.7/site-packages/airflow/example_dags/example_dag_decorator.py took 0.241 seconds
