[2024-06-04T21:43:00.277+0000] {processor.py:156} INFO - Started process (PID=76) to work on /home/airflow/.local/lib/python3.7/site-packages/airflow/example_dags/example_params_ui_tutorial.py
[2024-06-04T21:43:00.297+0000] {processor.py:799} INFO - Processing file /home/airflow/.local/lib/python3.7/site-packages/airflow/example_dags/example_params_ui_tutorial.py for tasks to queue
[2024-06-04T21:43:00.309+0000] {logging_mixin.py:149} INFO - [2024-06-04T21:43:00.308+0000] {dagbag.py:541} INFO - Filling up the DagBag from /home/airflow/.local/lib/python3.7/site-packages/airflow/example_dags/example_params_ui_tutorial.py
[2024-06-04T21:43:00.817+0000] {processor.py:809} INFO - DAG(s) dict_keys(['example_params_ui_tutorial']) retrieved from /home/airflow/.local/lib/python3.7/site-packages/airflow/example_dags/example_params_ui_tutorial.py
[2024-06-04T21:43:08.238+0000] {logging_mixin.py:149} INFO - [2024-06-04T21:43:08.221+0000] {manager.py:504} INFO - Created Permission View: can delete on DAG:example_params_ui_tutorial
[2024-06-04T21:43:08.605+0000] {logging_mixin.py:149} INFO - [2024-06-04T21:43:08.604+0000] {manager.py:504} INFO - Created Permission View: can read on DAG:example_params_ui_tutorial
[2024-06-04T21:43:08.901+0000] {logging_mixin.py:149} INFO - [2024-06-04T21:43:08.900+0000] {manager.py:504} INFO - Created Permission View: can edit on DAG:example_params_ui_tutorial
[2024-06-04T21:43:08.904+0000] {logging_mixin.py:149} INFO - [2024-06-04T21:43:08.904+0000] {dag.py:2726} INFO - Sync 1 DAGs
[2024-06-04T21:43:09.244+0000] {logging_mixin.py:149} INFO - [2024-06-04T21:43:09.238+0000] {dag.py:2747} INFO - Creating ORM DAG for example_params_ui_tutorial
[2024-06-04T21:43:10.112+0000] {logging_mixin.py:149} INFO - [2024-06-04T21:43:10.111+0000] {dag.py:3490} INFO - Setting next_dagrun for example_params_ui_tutorial to None, run_after=None
[2024-06-04T21:43:11.040+0000] {processor.py:178} INFO - Processing /home/airflow/.local/lib/python3.7/site-packages/airflow/example_dags/example_params_ui_tutorial.py took 10.783 seconds
[2024-06-04T21:43:56.656+0000] {processor.py:156} INFO - Started process (PID=138) to work on /home/airflow/.local/lib/python3.7/site-packages/airflow/example_dags/example_params_ui_tutorial.py
[2024-06-04T21:43:56.658+0000] {processor.py:799} INFO - Processing file /home/airflow/.local/lib/python3.7/site-packages/airflow/example_dags/example_params_ui_tutorial.py for tasks to queue
[2024-06-04T21:43:56.665+0000] {logging_mixin.py:149} INFO - [2024-06-04T21:43:56.665+0000] {dagbag.py:541} INFO - Filling up the DagBag from /home/airflow/.local/lib/python3.7/site-packages/airflow/example_dags/example_params_ui_tutorial.py
[2024-06-04T21:43:57.157+0000] {processor.py:809} INFO - DAG(s) dict_keys(['example_params_ui_tutorial']) retrieved from /home/airflow/.local/lib/python3.7/site-packages/airflow/example_dags/example_params_ui_tutorial.py
[2024-06-04T21:43:57.976+0000] {logging_mixin.py:149} INFO - [2024-06-04T21:43:57.976+0000] {dag.py:2726} INFO - Sync 1 DAGs
[2024-06-04T21:43:58.105+0000] {logging_mixin.py:149} INFO - [2024-06-04T21:43:58.105+0000] {dag.py:3490} INFO - Setting next_dagrun for example_params_ui_tutorial to None, run_after=None
[2024-06-04T21:43:58.257+0000] {processor.py:178} INFO - Processing /home/airflow/.local/lib/python3.7/site-packages/airflow/example_dags/example_params_ui_tutorial.py took 1.611 seconds
[2024-06-04T21:44:28.443+0000] {processor.py:156} INFO - Started process (PID=193) to work on /home/airflow/.local/lib/python3.7/site-packages/airflow/example_dags/example_params_ui_tutorial.py
[2024-06-04T21:44:28.445+0000] {processor.py:799} INFO - Processing file /home/airflow/.local/lib/python3.7/site-packages/airflow/example_dags/example_params_ui_tutorial.py for tasks to queue
[2024-06-04T21:44:28.448+0000] {logging_mixin.py:149} INFO - [2024-06-04T21:44:28.447+0000] {dagbag.py:541} INFO - Filling up the DagBag from /home/airflow/.local/lib/python3.7/site-packages/airflow/example_dags/example_params_ui_tutorial.py
[2024-06-04T21:44:28.521+0000] {processor.py:809} INFO - DAG(s) dict_keys(['example_params_ui_tutorial']) retrieved from /home/airflow/.local/lib/python3.7/site-packages/airflow/example_dags/example_params_ui_tutorial.py
[2024-06-04T21:44:28.642+0000] {logging_mixin.py:149} INFO - [2024-06-04T21:44:28.642+0000] {dag.py:2726} INFO - Sync 1 DAGs
[2024-06-04T21:44:28.690+0000] {logging_mixin.py:149} INFO - [2024-06-04T21:44:28.690+0000] {dag.py:3490} INFO - Setting next_dagrun for example_params_ui_tutorial to None, run_after=None
[2024-06-04T21:44:28.731+0000] {processor.py:178} INFO - Processing /home/airflow/.local/lib/python3.7/site-packages/airflow/example_dags/example_params_ui_tutorial.py took 0.294 seconds
[2024-06-04T21:45:01.635+0000] {processor.py:156} INFO - Started process (PID=249) to work on /home/airflow/.local/lib/python3.7/site-packages/airflow/example_dags/example_params_ui_tutorial.py
[2024-06-04T21:45:01.638+0000] {processor.py:799} INFO - Processing file /home/airflow/.local/lib/python3.7/site-packages/airflow/example_dags/example_params_ui_tutorial.py for tasks to queue
[2024-06-04T21:45:01.640+0000] {logging_mixin.py:149} INFO - [2024-06-04T21:45:01.639+0000] {dagbag.py:541} INFO - Filling up the DagBag from /home/airflow/.local/lib/python3.7/site-packages/airflow/example_dags/example_params_ui_tutorial.py
[2024-06-04T21:45:01.767+0000] {processor.py:809} INFO - DAG(s) dict_keys(['example_params_ui_tutorial']) retrieved from /home/airflow/.local/lib/python3.7/site-packages/airflow/example_dags/example_params_ui_tutorial.py
[2024-06-04T21:45:02.082+0000] {logging_mixin.py:149} INFO - [2024-06-04T21:45:02.081+0000] {dag.py:2726} INFO - Sync 1 DAGs
[2024-06-04T21:45:02.207+0000] {logging_mixin.py:149} INFO - [2024-06-04T21:45:02.207+0000] {dag.py:3490} INFO - Setting next_dagrun for example_params_ui_tutorial to None, run_after=None
[2024-06-04T21:45:02.331+0000] {processor.py:178} INFO - Processing /home/airflow/.local/lib/python3.7/site-packages/airflow/example_dags/example_params_ui_tutorial.py took 0.708 seconds
[2024-06-04T21:45:32.506+0000] {processor.py:156} INFO - Started process (PID=305) to work on /home/airflow/.local/lib/python3.7/site-packages/airflow/example_dags/example_params_ui_tutorial.py
[2024-06-04T21:45:32.519+0000] {processor.py:799} INFO - Processing file /home/airflow/.local/lib/python3.7/site-packages/airflow/example_dags/example_params_ui_tutorial.py for tasks to queue
[2024-06-04T21:45:32.522+0000] {logging_mixin.py:149} INFO - [2024-06-04T21:45:32.522+0000] {dagbag.py:541} INFO - Filling up the DagBag from /home/airflow/.local/lib/python3.7/site-packages/airflow/example_dags/example_params_ui_tutorial.py
[2024-06-04T21:45:32.651+0000] {processor.py:809} INFO - DAG(s) dict_keys(['example_params_ui_tutorial']) retrieved from /home/airflow/.local/lib/python3.7/site-packages/airflow/example_dags/example_params_ui_tutorial.py
[2024-06-04T21:45:32.776+0000] {logging_mixin.py:149} INFO - [2024-06-04T21:45:32.776+0000] {dag.py:2726} INFO - Sync 1 DAGs
[2024-06-04T21:45:32.824+0000] {logging_mixin.py:149} INFO - [2024-06-04T21:45:32.823+0000] {dag.py:3490} INFO - Setting next_dagrun for example_params_ui_tutorial to None, run_after=None
[2024-06-04T21:45:32.859+0000] {processor.py:178} INFO - Processing /home/airflow/.local/lib/python3.7/site-packages/airflow/example_dags/example_params_ui_tutorial.py took 0.366 seconds
[2024-06-04T21:46:04.285+0000] {processor.py:156} INFO - Started process (PID=367) to work on /home/airflow/.local/lib/python3.7/site-packages/airflow/example_dags/example_params_ui_tutorial.py
[2024-06-04T21:46:04.289+0000] {processor.py:799} INFO - Processing file /home/airflow/.local/lib/python3.7/site-packages/airflow/example_dags/example_params_ui_tutorial.py for tasks to queue
[2024-06-04T21:46:04.291+0000] {logging_mixin.py:149} INFO - [2024-06-04T21:46:04.291+0000] {dagbag.py:541} INFO - Filling up the DagBag from /home/airflow/.local/lib/python3.7/site-packages/airflow/example_dags/example_params_ui_tutorial.py
[2024-06-04T21:46:04.673+0000] {processor.py:809} INFO - DAG(s) dict_keys(['example_params_ui_tutorial']) retrieved from /home/airflow/.local/lib/python3.7/site-packages/airflow/example_dags/example_params_ui_tutorial.py
[2024-06-04T21:46:05.011+0000] {logging_mixin.py:149} INFO - [2024-06-04T21:46:05.007+0000] {dag.py:2726} INFO - Sync 1 DAGs
[2024-06-04T21:46:05.250+0000] {logging_mixin.py:149} INFO - [2024-06-04T21:46:05.249+0000] {dag.py:3490} INFO - Setting next_dagrun for example_params_ui_tutorial to None, run_after=None
[2024-06-04T21:46:05.659+0000] {processor.py:178} INFO - Processing /home/airflow/.local/lib/python3.7/site-packages/airflow/example_dags/example_params_ui_tutorial.py took 1.397 seconds
[2024-06-04T21:46:36.117+0000] {processor.py:156} INFO - Started process (PID=423) to work on /home/airflow/.local/lib/python3.7/site-packages/airflow/example_dags/example_params_ui_tutorial.py
[2024-06-04T21:46:36.130+0000] {processor.py:799} INFO - Processing file /home/airflow/.local/lib/python3.7/site-packages/airflow/example_dags/example_params_ui_tutorial.py for tasks to queue
[2024-06-04T21:46:36.133+0000] {logging_mixin.py:149} INFO - [2024-06-04T21:46:36.132+0000] {dagbag.py:541} INFO - Filling up the DagBag from /home/airflow/.local/lib/python3.7/site-packages/airflow/example_dags/example_params_ui_tutorial.py
[2024-06-04T21:46:36.253+0000] {processor.py:809} INFO - DAG(s) dict_keys(['example_params_ui_tutorial']) retrieved from /home/airflow/.local/lib/python3.7/site-packages/airflow/example_dags/example_params_ui_tutorial.py
[2024-06-04T21:46:36.450+0000] {logging_mixin.py:149} INFO - [2024-06-04T21:46:36.449+0000] {dag.py:2726} INFO - Sync 1 DAGs
[2024-06-04T21:46:36.511+0000] {logging_mixin.py:149} INFO - [2024-06-04T21:46:36.511+0000] {dag.py:3490} INFO - Setting next_dagrun for example_params_ui_tutorial to None, run_after=None
[2024-06-04T21:46:36.565+0000] {processor.py:178} INFO - Processing /home/airflow/.local/lib/python3.7/site-packages/airflow/example_dags/example_params_ui_tutorial.py took 0.463 seconds
[2024-06-04T21:47:07.194+0000] {processor.py:156} INFO - Started process (PID=479) to work on /home/airflow/.local/lib/python3.7/site-packages/airflow/example_dags/example_params_ui_tutorial.py
[2024-06-04T21:47:07.202+0000] {processor.py:799} INFO - Processing file /home/airflow/.local/lib/python3.7/site-packages/airflow/example_dags/example_params_ui_tutorial.py for tasks to queue
[2024-06-04T21:47:07.205+0000] {logging_mixin.py:149} INFO - [2024-06-04T21:47:07.205+0000] {dagbag.py:541} INFO - Filling up the DagBag from /home/airflow/.local/lib/python3.7/site-packages/airflow/example_dags/example_params_ui_tutorial.py
[2024-06-04T21:47:07.302+0000] {processor.py:809} INFO - DAG(s) dict_keys(['example_params_ui_tutorial']) retrieved from /home/airflow/.local/lib/python3.7/site-packages/airflow/example_dags/example_params_ui_tutorial.py
[2024-06-04T21:47:07.494+0000] {logging_mixin.py:149} INFO - [2024-06-04T21:47:07.494+0000] {dag.py:2726} INFO - Sync 1 DAGs
[2024-06-04T21:47:07.558+0000] {logging_mixin.py:149} INFO - [2024-06-04T21:47:07.558+0000] {dag.py:3490} INFO - Setting next_dagrun for example_params_ui_tutorial to None, run_after=None
[2024-06-04T21:47:07.595+0000] {processor.py:178} INFO - Processing /home/airflow/.local/lib/python3.7/site-packages/airflow/example_dags/example_params_ui_tutorial.py took 0.408 seconds
[2024-06-04T21:47:37.796+0000] {processor.py:156} INFO - Started process (PID=535) to work on /home/airflow/.local/lib/python3.7/site-packages/airflow/example_dags/example_params_ui_tutorial.py
[2024-06-04T21:47:37.802+0000] {processor.py:799} INFO - Processing file /home/airflow/.local/lib/python3.7/site-packages/airflow/example_dags/example_params_ui_tutorial.py for tasks to queue
[2024-06-04T21:47:37.816+0000] {logging_mixin.py:149} INFO - [2024-06-04T21:47:37.811+0000] {dagbag.py:541} INFO - Filling up the DagBag from /home/airflow/.local/lib/python3.7/site-packages/airflow/example_dags/example_params_ui_tutorial.py
[2024-06-04T21:47:37.952+0000] {processor.py:809} INFO - DAG(s) dict_keys(['example_params_ui_tutorial']) retrieved from /home/airflow/.local/lib/python3.7/site-packages/airflow/example_dags/example_params_ui_tutorial.py
[2024-06-04T21:47:38.286+0000] {logging_mixin.py:149} INFO - [2024-06-04T21:47:38.286+0000] {dag.py:2726} INFO - Sync 1 DAGs
[2024-06-04T21:47:38.425+0000] {logging_mixin.py:149} INFO - [2024-06-04T21:47:38.425+0000] {dag.py:3490} INFO - Setting next_dagrun for example_params_ui_tutorial to None, run_after=None
[2024-06-04T21:47:38.567+0000] {processor.py:178} INFO - Processing /home/airflow/.local/lib/python3.7/site-packages/airflow/example_dags/example_params_ui_tutorial.py took 0.780 seconds
[2024-06-04T21:48:09.406+0000] {processor.py:156} INFO - Started process (PID=591) to work on /home/airflow/.local/lib/python3.7/site-packages/airflow/example_dags/example_params_ui_tutorial.py
[2024-06-04T21:48:09.408+0000] {processor.py:799} INFO - Processing file /home/airflow/.local/lib/python3.7/site-packages/airflow/example_dags/example_params_ui_tutorial.py for tasks to queue
[2024-06-04T21:48:09.410+0000] {logging_mixin.py:149} INFO - [2024-06-04T21:48:09.410+0000] {dagbag.py:541} INFO - Filling up the DagBag from /home/airflow/.local/lib/python3.7/site-packages/airflow/example_dags/example_params_ui_tutorial.py
[2024-06-04T21:48:09.504+0000] {processor.py:809} INFO - DAG(s) dict_keys(['example_params_ui_tutorial']) retrieved from /home/airflow/.local/lib/python3.7/site-packages/airflow/example_dags/example_params_ui_tutorial.py
[2024-06-04T21:48:09.642+0000] {logging_mixin.py:149} INFO - [2024-06-04T21:48:09.641+0000] {dag.py:2726} INFO - Sync 1 DAGs
[2024-06-04T21:48:09.710+0000] {logging_mixin.py:149} INFO - [2024-06-04T21:48:09.710+0000] {dag.py:3490} INFO - Setting next_dagrun for example_params_ui_tutorial to None, run_after=None
[2024-06-04T21:48:09.774+0000] {processor.py:178} INFO - Processing /home/airflow/.local/lib/python3.7/site-packages/airflow/example_dags/example_params_ui_tutorial.py took 0.374 seconds
[2024-06-04T21:48:40.213+0000] {processor.py:156} INFO - Started process (PID=646) to work on /home/airflow/.local/lib/python3.7/site-packages/airflow/example_dags/example_params_ui_tutorial.py
[2024-06-04T21:48:40.215+0000] {processor.py:799} INFO - Processing file /home/airflow/.local/lib/python3.7/site-packages/airflow/example_dags/example_params_ui_tutorial.py for tasks to queue
[2024-06-04T21:48:40.221+0000] {logging_mixin.py:149} INFO - [2024-06-04T21:48:40.220+0000] {dagbag.py:541} INFO - Filling up the DagBag from /home/airflow/.local/lib/python3.7/site-packages/airflow/example_dags/example_params_ui_tutorial.py
[2024-06-04T21:48:40.339+0000] {processor.py:809} INFO - DAG(s) dict_keys(['example_params_ui_tutorial']) retrieved from /home/airflow/.local/lib/python3.7/site-packages/airflow/example_dags/example_params_ui_tutorial.py
[2024-06-04T21:48:40.487+0000] {logging_mixin.py:149} INFO - [2024-06-04T21:48:40.486+0000] {dag.py:2726} INFO - Sync 1 DAGs
[2024-06-04T21:48:40.559+0000] {logging_mixin.py:149} INFO - [2024-06-04T21:48:40.558+0000] {dag.py:3490} INFO - Setting next_dagrun for example_params_ui_tutorial to None, run_after=None
[2024-06-04T21:48:40.622+0000] {processor.py:178} INFO - Processing /home/airflow/.local/lib/python3.7/site-packages/airflow/example_dags/example_params_ui_tutorial.py took 0.416 seconds
[2024-06-04T21:49:10.729+0000] {processor.py:156} INFO - Started process (PID=703) to work on /home/airflow/.local/lib/python3.7/site-packages/airflow/example_dags/example_params_ui_tutorial.py
[2024-06-04T21:49:10.734+0000] {processor.py:799} INFO - Processing file /home/airflow/.local/lib/python3.7/site-packages/airflow/example_dags/example_params_ui_tutorial.py for tasks to queue
[2024-06-04T21:49:10.742+0000] {logging_mixin.py:149} INFO - [2024-06-04T21:49:10.741+0000] {dagbag.py:541} INFO - Filling up the DagBag from /home/airflow/.local/lib/python3.7/site-packages/airflow/example_dags/example_params_ui_tutorial.py
[2024-06-04T21:49:10.882+0000] {processor.py:809} INFO - DAG(s) dict_keys(['example_params_ui_tutorial']) retrieved from /home/airflow/.local/lib/python3.7/site-packages/airflow/example_dags/example_params_ui_tutorial.py
[2024-06-04T21:49:11.266+0000] {logging_mixin.py:149} INFO - [2024-06-04T21:49:11.265+0000] {dag.py:2726} INFO - Sync 1 DAGs
[2024-06-04T21:49:11.407+0000] {logging_mixin.py:149} INFO - [2024-06-04T21:49:11.406+0000] {dag.py:3490} INFO - Setting next_dagrun for example_params_ui_tutorial to None, run_after=None
[2024-06-04T21:49:11.663+0000] {processor.py:178} INFO - Processing /home/airflow/.local/lib/python3.7/site-packages/airflow/example_dags/example_params_ui_tutorial.py took 0.942 seconds
[2024-06-04T21:49:42.588+0000] {processor.py:156} INFO - Started process (PID=759) to work on /home/airflow/.local/lib/python3.7/site-packages/airflow/example_dags/example_params_ui_tutorial.py
[2024-06-04T21:49:42.590+0000] {processor.py:799} INFO - Processing file /home/airflow/.local/lib/python3.7/site-packages/airflow/example_dags/example_params_ui_tutorial.py for tasks to queue
[2024-06-04T21:49:42.592+0000] {logging_mixin.py:149} INFO - [2024-06-04T21:49:42.591+0000] {dagbag.py:541} INFO - Filling up the DagBag from /home/airflow/.local/lib/python3.7/site-packages/airflow/example_dags/example_params_ui_tutorial.py
[2024-06-04T21:49:42.670+0000] {processor.py:809} INFO - DAG(s) dict_keys(['example_params_ui_tutorial']) retrieved from /home/airflow/.local/lib/python3.7/site-packages/airflow/example_dags/example_params_ui_tutorial.py
[2024-06-04T21:49:42.791+0000] {logging_mixin.py:149} INFO - [2024-06-04T21:49:42.790+0000] {dag.py:2726} INFO - Sync 1 DAGs
[2024-06-04T21:49:42.842+0000] {logging_mixin.py:149} INFO - [2024-06-04T21:49:42.841+0000] {dag.py:3490} INFO - Setting next_dagrun for example_params_ui_tutorial to None, run_after=None
[2024-06-04T21:49:42.885+0000] {processor.py:178} INFO - Processing /home/airflow/.local/lib/python3.7/site-packages/airflow/example_dags/example_params_ui_tutorial.py took 0.303 seconds
[2024-06-04T21:50:13.608+0000] {processor.py:156} INFO - Started process (PID=815) to work on /home/airflow/.local/lib/python3.7/site-packages/airflow/example_dags/example_params_ui_tutorial.py
[2024-06-04T21:50:13.613+0000] {processor.py:799} INFO - Processing file /home/airflow/.local/lib/python3.7/site-packages/airflow/example_dags/example_params_ui_tutorial.py for tasks to queue
[2024-06-04T21:50:13.621+0000] {logging_mixin.py:149} INFO - [2024-06-04T21:50:13.620+0000] {dagbag.py:541} INFO - Filling up the DagBag from /home/airflow/.local/lib/python3.7/site-packages/airflow/example_dags/example_params_ui_tutorial.py
[2024-06-04T21:50:13.728+0000] {processor.py:809} INFO - DAG(s) dict_keys(['example_params_ui_tutorial']) retrieved from /home/airflow/.local/lib/python3.7/site-packages/airflow/example_dags/example_params_ui_tutorial.py
[2024-06-04T21:50:13.828+0000] {logging_mixin.py:149} INFO - [2024-06-04T21:50:13.827+0000] {dag.py:2726} INFO - Sync 1 DAGs
[2024-06-04T21:50:13.883+0000] {logging_mixin.py:149} INFO - [2024-06-04T21:50:13.883+0000] {dag.py:3490} INFO - Setting next_dagrun for example_params_ui_tutorial to None, run_after=None
[2024-06-04T21:50:13.920+0000] {processor.py:178} INFO - Processing /home/airflow/.local/lib/python3.7/site-packages/airflow/example_dags/example_params_ui_tutorial.py took 0.325 seconds
[2024-06-04T21:50:44.337+0000] {processor.py:156} INFO - Started process (PID=871) to work on /home/airflow/.local/lib/python3.7/site-packages/airflow/example_dags/example_params_ui_tutorial.py
[2024-06-04T21:50:44.341+0000] {processor.py:799} INFO - Processing file /home/airflow/.local/lib/python3.7/site-packages/airflow/example_dags/example_params_ui_tutorial.py for tasks to queue
[2024-06-04T21:50:44.345+0000] {logging_mixin.py:149} INFO - [2024-06-04T21:50:44.344+0000] {dagbag.py:541} INFO - Filling up the DagBag from /home/airflow/.local/lib/python3.7/site-packages/airflow/example_dags/example_params_ui_tutorial.py
[2024-06-04T21:50:44.437+0000] {processor.py:809} INFO - DAG(s) dict_keys(['example_params_ui_tutorial']) retrieved from /home/airflow/.local/lib/python3.7/site-packages/airflow/example_dags/example_params_ui_tutorial.py
[2024-06-04T21:50:44.543+0000] {logging_mixin.py:149} INFO - [2024-06-04T21:50:44.543+0000] {dag.py:2726} INFO - Sync 1 DAGs
[2024-06-04T21:50:44.594+0000] {logging_mixin.py:149} INFO - [2024-06-04T21:50:44.593+0000] {dag.py:3490} INFO - Setting next_dagrun for example_params_ui_tutorial to None, run_after=None
[2024-06-04T21:50:44.640+0000] {processor.py:178} INFO - Processing /home/airflow/.local/lib/python3.7/site-packages/airflow/example_dags/example_params_ui_tutorial.py took 0.317 seconds
[2024-06-04T21:51:15.019+0000] {processor.py:156} INFO - Started process (PID=926) to work on /home/airflow/.local/lib/python3.7/site-packages/airflow/example_dags/example_params_ui_tutorial.py
[2024-06-04T21:51:15.026+0000] {processor.py:799} INFO - Processing file /home/airflow/.local/lib/python3.7/site-packages/airflow/example_dags/example_params_ui_tutorial.py for tasks to queue
[2024-06-04T21:51:15.029+0000] {logging_mixin.py:149} INFO - [2024-06-04T21:51:15.029+0000] {dagbag.py:541} INFO - Filling up the DagBag from /home/airflow/.local/lib/python3.7/site-packages/airflow/example_dags/example_params_ui_tutorial.py
[2024-06-04T21:51:15.172+0000] {processor.py:809} INFO - DAG(s) dict_keys(['example_params_ui_tutorial']) retrieved from /home/airflow/.local/lib/python3.7/site-packages/airflow/example_dags/example_params_ui_tutorial.py
[2024-06-04T21:51:15.418+0000] {logging_mixin.py:149} INFO - [2024-06-04T21:51:15.417+0000] {dag.py:2726} INFO - Sync 1 DAGs
[2024-06-04T21:51:15.598+0000] {logging_mixin.py:149} INFO - [2024-06-04T21:51:15.597+0000] {dag.py:3490} INFO - Setting next_dagrun for example_params_ui_tutorial to None, run_after=None
[2024-06-04T21:51:15.697+0000] {processor.py:178} INFO - Processing /home/airflow/.local/lib/python3.7/site-packages/airflow/example_dags/example_params_ui_tutorial.py took 0.705 seconds
[2024-06-04T21:51:46.190+0000] {processor.py:156} INFO - Started process (PID=982) to work on /home/airflow/.local/lib/python3.7/site-packages/airflow/example_dags/example_params_ui_tutorial.py
[2024-06-04T21:51:46.194+0000] {processor.py:799} INFO - Processing file /home/airflow/.local/lib/python3.7/site-packages/airflow/example_dags/example_params_ui_tutorial.py for tasks to queue
[2024-06-04T21:51:46.197+0000] {logging_mixin.py:149} INFO - [2024-06-04T21:51:46.196+0000] {dagbag.py:541} INFO - Filling up the DagBag from /home/airflow/.local/lib/python3.7/site-packages/airflow/example_dags/example_params_ui_tutorial.py
[2024-06-04T21:51:46.280+0000] {processor.py:809} INFO - DAG(s) dict_keys(['example_params_ui_tutorial']) retrieved from /home/airflow/.local/lib/python3.7/site-packages/airflow/example_dags/example_params_ui_tutorial.py
[2024-06-04T21:51:46.392+0000] {logging_mixin.py:149} INFO - [2024-06-04T21:51:46.391+0000] {dag.py:2726} INFO - Sync 1 DAGs
[2024-06-04T21:51:46.453+0000] {logging_mixin.py:149} INFO - [2024-06-04T21:51:46.453+0000] {dag.py:3490} INFO - Setting next_dagrun for example_params_ui_tutorial to None, run_after=None
[2024-06-04T21:51:46.522+0000] {processor.py:178} INFO - Processing /home/airflow/.local/lib/python3.7/site-packages/airflow/example_dags/example_params_ui_tutorial.py took 0.341 seconds
