[2024-06-04T21:42:19.995+0000] {processor.py:156} INFO - Started process (PID=56) to work on /home/airflow/.local/lib/python3.7/site-packages/airflow/example_dags/example_latest_only_with_trigger.py
[2024-06-04T21:42:20.010+0000] {processor.py:799} INFO - Processing file /home/airflow/.local/lib/python3.7/site-packages/airflow/example_dags/example_latest_only_with_trigger.py for tasks to queue
[2024-06-04T21:42:20.035+0000] {logging_mixin.py:149} INFO - [2024-06-04T21:42:20.035+0000] {dagbag.py:541} INFO - Filling up the DagBag from /home/airflow/.local/lib/python3.7/site-packages/airflow/example_dags/example_latest_only_with_trigger.py
[2024-06-04T21:42:20.696+0000] {processor.py:809} INFO - DAG(s) dict_keys(['latest_only_with_trigger']) retrieved from /home/airflow/.local/lib/python3.7/site-packages/airflow/example_dags/example_latest_only_with_trigger.py
[2024-06-04T21:42:24.244+0000] {logging_mixin.py:149} INFO - [2024-06-04T21:42:24.228+0000] {manager.py:504} INFO - Created Permission View: can delete on DAG:latest_only_with_trigger
[2024-06-04T21:42:24.303+0000] {logging_mixin.py:149} INFO - [2024-06-04T21:42:24.302+0000] {manager.py:504} INFO - Created Permission View: can read on DAG:latest_only_with_trigger
[2024-06-04T21:42:24.447+0000] {logging_mixin.py:149} INFO - [2024-06-04T21:42:24.447+0000] {manager.py:504} INFO - Created Permission View: can edit on DAG:latest_only_with_trigger
[2024-06-04T21:42:24.453+0000] {logging_mixin.py:149} INFO - [2024-06-04T21:42:24.451+0000] {dag.py:2726} INFO - Sync 1 DAGs
[2024-06-04T21:42:24.807+0000] {logging_mixin.py:149} INFO - [2024-06-04T21:42:24.806+0000] {dag.py:2747} INFO - Creating ORM DAG for latest_only_with_trigger
[2024-06-04T21:42:25.376+0000] {logging_mixin.py:149} INFO - [2024-06-04T21:42:25.376+0000] {dag.py:3490} INFO - Setting next_dagrun for latest_only_with_trigger to 2024-06-04T17:42:25.215155+00:00, run_after=2024-06-04T21:42:25.215155+00:00
[2024-06-04T21:42:26.071+0000] {processor.py:178} INFO - Processing /home/airflow/.local/lib/python3.7/site-packages/airflow/example_dags/example_latest_only_with_trigger.py took 6.161 seconds
[2024-06-04T21:43:50.756+0000] {processor.py:156} INFO - Started process (PID=125) to work on /home/airflow/.local/lib/python3.7/site-packages/airflow/example_dags/example_latest_only_with_trigger.py
[2024-06-04T21:43:50.764+0000] {processor.py:799} INFO - Processing file /home/airflow/.local/lib/python3.7/site-packages/airflow/example_dags/example_latest_only_with_trigger.py for tasks to queue
[2024-06-04T21:43:50.776+0000] {logging_mixin.py:149} INFO - [2024-06-04T21:43:50.775+0000] {dagbag.py:541} INFO - Filling up the DagBag from /home/airflow/.local/lib/python3.7/site-packages/airflow/example_dags/example_latest_only_with_trigger.py
[2024-06-04T21:43:50.832+0000] {processor.py:809} INFO - DAG(s) dict_keys(['latest_only_with_trigger']) retrieved from /home/airflow/.local/lib/python3.7/site-packages/airflow/example_dags/example_latest_only_with_trigger.py
[2024-06-04T21:43:51.064+0000] {logging_mixin.py:149} INFO - [2024-06-04T21:43:51.063+0000] {dag.py:2726} INFO - Sync 1 DAGs
[2024-06-04T21:43:51.174+0000] {logging_mixin.py:149} INFO - [2024-06-04T21:43:51.174+0000] {dag.py:3490} INFO - Setting next_dagrun for latest_only_with_trigger to 2024-06-04T17:43:51.168426+00:00, run_after=2024-06-04T21:43:51.168426+00:00
[2024-06-04T21:43:51.448+0000] {processor.py:178} INFO - Processing /home/airflow/.local/lib/python3.7/site-packages/airflow/example_dags/example_latest_only_with_trigger.py took 0.711 seconds
[2024-06-04T21:44:26.411+0000] {processor.py:156} INFO - Started process (PID=180) to work on /home/airflow/.local/lib/python3.7/site-packages/airflow/example_dags/example_latest_only_with_trigger.py
[2024-06-04T21:44:26.418+0000] {processor.py:799} INFO - Processing file /home/airflow/.local/lib/python3.7/site-packages/airflow/example_dags/example_latest_only_with_trigger.py for tasks to queue
[2024-06-04T21:44:26.424+0000] {logging_mixin.py:149} INFO - [2024-06-04T21:44:26.423+0000] {dagbag.py:541} INFO - Filling up the DagBag from /home/airflow/.local/lib/python3.7/site-packages/airflow/example_dags/example_latest_only_with_trigger.py
[2024-06-04T21:44:26.471+0000] {processor.py:809} INFO - DAG(s) dict_keys(['latest_only_with_trigger']) retrieved from /home/airflow/.local/lib/python3.7/site-packages/airflow/example_dags/example_latest_only_with_trigger.py
[2024-06-04T21:44:26.624+0000] {logging_mixin.py:149} INFO - [2024-06-04T21:44:26.624+0000] {dag.py:2726} INFO - Sync 1 DAGs
[2024-06-04T21:44:26.734+0000] {logging_mixin.py:149} INFO - [2024-06-04T21:44:26.733+0000] {dag.py:3490} INFO - Setting next_dagrun for latest_only_with_trigger to 2024-06-04T17:44:26.733340+00:00, run_after=2024-06-04T21:44:26.733340+00:00
[2024-06-04T21:44:26.831+0000] {processor.py:178} INFO - Processing /home/airflow/.local/lib/python3.7/site-packages/airflow/example_dags/example_latest_only_with_trigger.py took 0.446 seconds
[2024-06-04T21:44:58.258+0000] {processor.py:156} INFO - Started process (PID=236) to work on /home/airflow/.local/lib/python3.7/site-packages/airflow/example_dags/example_latest_only_with_trigger.py
[2024-06-04T21:44:58.270+0000] {processor.py:799} INFO - Processing file /home/airflow/.local/lib/python3.7/site-packages/airflow/example_dags/example_latest_only_with_trigger.py for tasks to queue
[2024-06-04T21:44:58.275+0000] {logging_mixin.py:149} INFO - [2024-06-04T21:44:58.275+0000] {dagbag.py:541} INFO - Filling up the DagBag from /home/airflow/.local/lib/python3.7/site-packages/airflow/example_dags/example_latest_only_with_trigger.py
[2024-06-04T21:44:58.294+0000] {processor.py:809} INFO - DAG(s) dict_keys(['latest_only_with_trigger']) retrieved from /home/airflow/.local/lib/python3.7/site-packages/airflow/example_dags/example_latest_only_with_trigger.py
[2024-06-04T21:44:58.358+0000] {logging_mixin.py:149} INFO - [2024-06-04T21:44:58.358+0000] {dag.py:2726} INFO - Sync 1 DAGs
[2024-06-04T21:44:58.525+0000] {logging_mixin.py:149} INFO - [2024-06-04T21:44:58.525+0000] {dag.py:3490} INFO - Setting next_dagrun for latest_only_with_trigger to 2024-06-04T17:44:58.524722+00:00, run_after=2024-06-04T21:44:58.524722+00:00
[2024-06-04T21:44:58.772+0000] {processor.py:178} INFO - Processing /home/airflow/.local/lib/python3.7/site-packages/airflow/example_dags/example_latest_only_with_trigger.py took 0.541 seconds
[2024-06-04T21:45:29.620+0000] {processor.py:156} INFO - Started process (PID=292) to work on /home/airflow/.local/lib/python3.7/site-packages/airflow/example_dags/example_latest_only_with_trigger.py
[2024-06-04T21:45:29.621+0000] {processor.py:799} INFO - Processing file /home/airflow/.local/lib/python3.7/site-packages/airflow/example_dags/example_latest_only_with_trigger.py for tasks to queue
[2024-06-04T21:45:29.623+0000] {logging_mixin.py:149} INFO - [2024-06-04T21:45:29.623+0000] {dagbag.py:541} INFO - Filling up the DagBag from /home/airflow/.local/lib/python3.7/site-packages/airflow/example_dags/example_latest_only_with_trigger.py
[2024-06-04T21:45:29.635+0000] {processor.py:809} INFO - DAG(s) dict_keys(['latest_only_with_trigger']) retrieved from /home/airflow/.local/lib/python3.7/site-packages/airflow/example_dags/example_latest_only_with_trigger.py
[2024-06-04T21:45:29.679+0000] {logging_mixin.py:149} INFO - [2024-06-04T21:45:29.679+0000] {dag.py:2726} INFO - Sync 1 DAGs
[2024-06-04T21:45:29.730+0000] {logging_mixin.py:149} INFO - [2024-06-04T21:45:29.730+0000] {dag.py:3490} INFO - Setting next_dagrun for latest_only_with_trigger to 2024-06-04T17:45:29.729715+00:00, run_after=2024-06-04T21:45:29.729715+00:00
[2024-06-04T21:45:29.770+0000] {processor.py:178} INFO - Processing /home/airflow/.local/lib/python3.7/site-packages/airflow/example_dags/example_latest_only_with_trigger.py took 0.156 seconds
[2024-06-04T21:46:00.475+0000] {processor.py:156} INFO - Started process (PID=347) to work on /home/airflow/.local/lib/python3.7/site-packages/airflow/example_dags/example_latest_only_with_trigger.py
[2024-06-04T21:46:00.478+0000] {processor.py:799} INFO - Processing file /home/airflow/.local/lib/python3.7/site-packages/airflow/example_dags/example_latest_only_with_trigger.py for tasks to queue
[2024-06-04T21:46:00.481+0000] {logging_mixin.py:149} INFO - [2024-06-04T21:46:00.481+0000] {dagbag.py:541} INFO - Filling up the DagBag from /home/airflow/.local/lib/python3.7/site-packages/airflow/example_dags/example_latest_only_with_trigger.py
[2024-06-04T21:46:00.509+0000] {processor.py:809} INFO - DAG(s) dict_keys(['latest_only_with_trigger']) retrieved from /home/airflow/.local/lib/python3.7/site-packages/airflow/example_dags/example_latest_only_with_trigger.py
[2024-06-04T21:46:00.595+0000] {logging_mixin.py:149} INFO - [2024-06-04T21:46:00.594+0000] {dag.py:2726} INFO - Sync 1 DAGs
[2024-06-04T21:46:00.692+0000] {logging_mixin.py:149} INFO - [2024-06-04T21:46:00.690+0000] {dag.py:3490} INFO - Setting next_dagrun for latest_only_with_trigger to 2024-06-04T17:46:00.689435+00:00, run_after=2024-06-04T21:46:00.689435+00:00
[2024-06-04T21:46:00.779+0000] {processor.py:178} INFO - Processing /home/airflow/.local/lib/python3.7/site-packages/airflow/example_dags/example_latest_only_with_trigger.py took 0.313 seconds
[2024-06-04T21:46:31.259+0000] {processor.py:156} INFO - Started process (PID=403) to work on /home/airflow/.local/lib/python3.7/site-packages/airflow/example_dags/example_latest_only_with_trigger.py
[2024-06-04T21:46:31.262+0000] {processor.py:799} INFO - Processing file /home/airflow/.local/lib/python3.7/site-packages/airflow/example_dags/example_latest_only_with_trigger.py for tasks to queue
[2024-06-04T21:46:31.264+0000] {logging_mixin.py:149} INFO - [2024-06-04T21:46:31.263+0000] {dagbag.py:541} INFO - Filling up the DagBag from /home/airflow/.local/lib/python3.7/site-packages/airflow/example_dags/example_latest_only_with_trigger.py
[2024-06-04T21:46:31.276+0000] {processor.py:809} INFO - DAG(s) dict_keys(['latest_only_with_trigger']) retrieved from /home/airflow/.local/lib/python3.7/site-packages/airflow/example_dags/example_latest_only_with_trigger.py
[2024-06-04T21:46:31.321+0000] {logging_mixin.py:149} INFO - [2024-06-04T21:46:31.321+0000] {dag.py:2726} INFO - Sync 1 DAGs
[2024-06-04T21:46:31.366+0000] {logging_mixin.py:149} INFO - [2024-06-04T21:46:31.366+0000] {dag.py:3490} INFO - Setting next_dagrun for latest_only_with_trigger to 2024-06-04T17:46:31.366161+00:00, run_after=2024-06-04T21:46:31.366161+00:00
[2024-06-04T21:46:31.407+0000] {processor.py:178} INFO - Processing /home/airflow/.local/lib/python3.7/site-packages/airflow/example_dags/example_latest_only_with_trigger.py took 0.153 seconds
[2024-06-04T21:47:01.829+0000] {processor.py:156} INFO - Started process (PID=459) to work on /home/airflow/.local/lib/python3.7/site-packages/airflow/example_dags/example_latest_only_with_trigger.py
[2024-06-04T21:47:01.833+0000] {processor.py:799} INFO - Processing file /home/airflow/.local/lib/python3.7/site-packages/airflow/example_dags/example_latest_only_with_trigger.py for tasks to queue
[2024-06-04T21:47:01.835+0000] {logging_mixin.py:149} INFO - [2024-06-04T21:47:01.835+0000] {dagbag.py:541} INFO - Filling up the DagBag from /home/airflow/.local/lib/python3.7/site-packages/airflow/example_dags/example_latest_only_with_trigger.py
[2024-06-04T21:47:01.848+0000] {processor.py:809} INFO - DAG(s) dict_keys(['latest_only_with_trigger']) retrieved from /home/airflow/.local/lib/python3.7/site-packages/airflow/example_dags/example_latest_only_with_trigger.py
[2024-06-04T21:47:01.916+0000] {logging_mixin.py:149} INFO - [2024-06-04T21:47:01.916+0000] {dag.py:2726} INFO - Sync 1 DAGs
[2024-06-04T21:47:02.004+0000] {logging_mixin.py:149} INFO - [2024-06-04T21:47:02.003+0000] {dag.py:3490} INFO - Setting next_dagrun for latest_only_with_trigger to 2024-06-04T17:47:02.003287+00:00, run_after=2024-06-04T21:47:02.003287+00:00
[2024-06-04T21:47:02.063+0000] {processor.py:178} INFO - Processing /home/airflow/.local/lib/python3.7/site-packages/airflow/example_dags/example_latest_only_with_trigger.py took 0.240 seconds
[2024-06-04T21:47:32.725+0000] {processor.py:156} INFO - Started process (PID=515) to work on /home/airflow/.local/lib/python3.7/site-packages/airflow/example_dags/example_latest_only_with_trigger.py
[2024-06-04T21:47:32.735+0000] {processor.py:799} INFO - Processing file /home/airflow/.local/lib/python3.7/site-packages/airflow/example_dags/example_latest_only_with_trigger.py for tasks to queue
[2024-06-04T21:47:32.751+0000] {logging_mixin.py:149} INFO - [2024-06-04T21:47:32.751+0000] {dagbag.py:541} INFO - Filling up the DagBag from /home/airflow/.local/lib/python3.7/site-packages/airflow/example_dags/example_latest_only_with_trigger.py
[2024-06-04T21:47:32.784+0000] {processor.py:809} INFO - DAG(s) dict_keys(['latest_only_with_trigger']) retrieved from /home/airflow/.local/lib/python3.7/site-packages/airflow/example_dags/example_latest_only_with_trigger.py
[2024-06-04T21:47:32.956+0000] {logging_mixin.py:149} INFO - [2024-06-04T21:47:32.956+0000] {dag.py:2726} INFO - Sync 1 DAGs
[2024-06-04T21:47:33.168+0000] {logging_mixin.py:149} INFO - [2024-06-04T21:47:33.167+0000] {dag.py:3490} INFO - Setting next_dagrun for latest_only_with_trigger to 2024-06-04T17:47:33.166911+00:00, run_after=2024-06-04T21:47:33.166911+00:00
[2024-06-04T21:47:33.289+0000] {processor.py:178} INFO - Processing /home/airflow/.local/lib/python3.7/site-packages/airflow/example_dags/example_latest_only_with_trigger.py took 0.573 seconds
[2024-06-04T21:48:04.157+0000] {processor.py:156} INFO - Started process (PID=578) to work on /home/airflow/.local/lib/python3.7/site-packages/airflow/example_dags/example_latest_only_with_trigger.py
[2024-06-04T21:48:04.159+0000] {processor.py:799} INFO - Processing file /home/airflow/.local/lib/python3.7/site-packages/airflow/example_dags/example_latest_only_with_trigger.py for tasks to queue
[2024-06-04T21:48:04.161+0000] {logging_mixin.py:149} INFO - [2024-06-04T21:48:04.161+0000] {dagbag.py:541} INFO - Filling up the DagBag from /home/airflow/.local/lib/python3.7/site-packages/airflow/example_dags/example_latest_only_with_trigger.py
[2024-06-04T21:48:04.177+0000] {processor.py:809} INFO - DAG(s) dict_keys(['latest_only_with_trigger']) retrieved from /home/airflow/.local/lib/python3.7/site-packages/airflow/example_dags/example_latest_only_with_trigger.py
[2024-06-04T21:48:04.341+0000] {logging_mixin.py:149} INFO - [2024-06-04T21:48:04.331+0000] {dag.py:2726} INFO - Sync 1 DAGs
[2024-06-04T21:48:04.543+0000] {logging_mixin.py:149} INFO - [2024-06-04T21:48:04.542+0000] {dag.py:3490} INFO - Setting next_dagrun for latest_only_with_trigger to 2024-06-04T17:48:04.542302+00:00, run_after=2024-06-04T21:48:04.542302+00:00
[2024-06-04T21:48:04.678+0000] {processor.py:178} INFO - Processing /home/airflow/.local/lib/python3.7/site-packages/airflow/example_dags/example_latest_only_with_trigger.py took 0.532 seconds
[2024-06-04T21:48:35.123+0000] {processor.py:156} INFO - Started process (PID=628) to work on /home/airflow/.local/lib/python3.7/site-packages/airflow/example_dags/example_latest_only_with_trigger.py
[2024-06-04T21:48:35.125+0000] {processor.py:799} INFO - Processing file /home/airflow/.local/lib/python3.7/site-packages/airflow/example_dags/example_latest_only_with_trigger.py for tasks to queue
[2024-06-04T21:48:35.127+0000] {logging_mixin.py:149} INFO - [2024-06-04T21:48:35.127+0000] {dagbag.py:541} INFO - Filling up the DagBag from /home/airflow/.local/lib/python3.7/site-packages/airflow/example_dags/example_latest_only_with_trigger.py
[2024-06-04T21:48:35.165+0000] {processor.py:809} INFO - DAG(s) dict_keys(['latest_only_with_trigger']) retrieved from /home/airflow/.local/lib/python3.7/site-packages/airflow/example_dags/example_latest_only_with_trigger.py
[2024-06-04T21:48:35.412+0000] {logging_mixin.py:149} INFO - [2024-06-04T21:48:35.411+0000] {dag.py:2726} INFO - Sync 1 DAGs
[2024-06-04T21:48:35.629+0000] {logging_mixin.py:149} INFO - [2024-06-04T21:48:35.629+0000] {dag.py:3490} INFO - Setting next_dagrun for latest_only_with_trigger to 2024-06-04T17:48:35.628905+00:00, run_after=2024-06-04T21:48:35.628905+00:00
[2024-06-04T21:48:35.735+0000] {processor.py:178} INFO - Processing /home/airflow/.local/lib/python3.7/site-packages/airflow/example_dags/example_latest_only_with_trigger.py took 0.643 seconds
[2024-06-04T21:49:05.828+0000] {processor.py:156} INFO - Started process (PID=685) to work on /home/airflow/.local/lib/python3.7/site-packages/airflow/example_dags/example_latest_only_with_trigger.py
[2024-06-04T21:49:05.835+0000] {processor.py:799} INFO - Processing file /home/airflow/.local/lib/python3.7/site-packages/airflow/example_dags/example_latest_only_with_trigger.py for tasks to queue
[2024-06-04T21:49:05.842+0000] {logging_mixin.py:149} INFO - [2024-06-04T21:49:05.841+0000] {dagbag.py:541} INFO - Filling up the DagBag from /home/airflow/.local/lib/python3.7/site-packages/airflow/example_dags/example_latest_only_with_trigger.py
[2024-06-04T21:49:05.864+0000] {processor.py:809} INFO - DAG(s) dict_keys(['latest_only_with_trigger']) retrieved from /home/airflow/.local/lib/python3.7/site-packages/airflow/example_dags/example_latest_only_with_trigger.py
[2024-06-04T21:49:05.934+0000] {logging_mixin.py:149} INFO - [2024-06-04T21:49:05.934+0000] {dag.py:2726} INFO - Sync 1 DAGs
[2024-06-04T21:49:05.987+0000] {logging_mixin.py:149} INFO - [2024-06-04T21:49:05.987+0000] {dag.py:3490} INFO - Setting next_dagrun for latest_only_with_trigger to 2024-06-04T17:49:05.986844+00:00, run_after=2024-06-04T21:49:05.986844+00:00
[2024-06-04T21:49:06.018+0000] {processor.py:178} INFO - Processing /home/airflow/.local/lib/python3.7/site-packages/airflow/example_dags/example_latest_only_with_trigger.py took 0.199 seconds
[2024-06-04T21:49:36.561+0000] {processor.py:156} INFO - Started process (PID=741) to work on /home/airflow/.local/lib/python3.7/site-packages/airflow/example_dags/example_latest_only_with_trigger.py
[2024-06-04T21:49:36.568+0000] {processor.py:799} INFO - Processing file /home/airflow/.local/lib/python3.7/site-packages/airflow/example_dags/example_latest_only_with_trigger.py for tasks to queue
[2024-06-04T21:49:36.574+0000] {logging_mixin.py:149} INFO - [2024-06-04T21:49:36.573+0000] {dagbag.py:541} INFO - Filling up the DagBag from /home/airflow/.local/lib/python3.7/site-packages/airflow/example_dags/example_latest_only_with_trigger.py
[2024-06-04T21:49:36.602+0000] {processor.py:809} INFO - DAG(s) dict_keys(['latest_only_with_trigger']) retrieved from /home/airflow/.local/lib/python3.7/site-packages/airflow/example_dags/example_latest_only_with_trigger.py
[2024-06-04T21:49:36.653+0000] {logging_mixin.py:149} INFO - [2024-06-04T21:49:36.653+0000] {dag.py:2726} INFO - Sync 1 DAGs
[2024-06-04T21:49:36.717+0000] {logging_mixin.py:149} INFO - [2024-06-04T21:49:36.716+0000] {dag.py:3490} INFO - Setting next_dagrun for latest_only_with_trigger to 2024-06-04T17:49:36.716218+00:00, run_after=2024-06-04T21:49:36.716218+00:00
[2024-06-04T21:49:36.772+0000] {processor.py:178} INFO - Processing /home/airflow/.local/lib/python3.7/site-packages/airflow/example_dags/example_latest_only_with_trigger.py took 0.225 seconds
[2024-06-04T21:50:07.555+0000] {processor.py:156} INFO - Started process (PID=797) to work on /home/airflow/.local/lib/python3.7/site-packages/airflow/example_dags/example_latest_only_with_trigger.py
[2024-06-04T21:50:07.557+0000] {processor.py:799} INFO - Processing file /home/airflow/.local/lib/python3.7/site-packages/airflow/example_dags/example_latest_only_with_trigger.py for tasks to queue
[2024-06-04T21:50:07.559+0000] {logging_mixin.py:149} INFO - [2024-06-04T21:50:07.559+0000] {dagbag.py:541} INFO - Filling up the DagBag from /home/airflow/.local/lib/python3.7/site-packages/airflow/example_dags/example_latest_only_with_trigger.py
[2024-06-04T21:50:07.573+0000] {processor.py:809} INFO - DAG(s) dict_keys(['latest_only_with_trigger']) retrieved from /home/airflow/.local/lib/python3.7/site-packages/airflow/example_dags/example_latest_only_with_trigger.py
[2024-06-04T21:50:07.620+0000] {logging_mixin.py:149} INFO - [2024-06-04T21:50:07.620+0000] {dag.py:2726} INFO - Sync 1 DAGs
[2024-06-04T21:50:07.672+0000] {logging_mixin.py:149} INFO - [2024-06-04T21:50:07.672+0000] {dag.py:3490} INFO - Setting next_dagrun for latest_only_with_trigger to 2024-06-04T17:50:07.671917+00:00, run_after=2024-06-04T21:50:07.671917+00:00
[2024-06-04T21:50:07.707+0000] {processor.py:178} INFO - Processing /home/airflow/.local/lib/python3.7/site-packages/airflow/example_dags/example_latest_only_with_trigger.py took 0.157 seconds
[2024-06-04T21:50:38.230+0000] {processor.py:156} INFO - Started process (PID=853) to work on /home/airflow/.local/lib/python3.7/site-packages/airflow/example_dags/example_latest_only_with_trigger.py
[2024-06-04T21:50:38.232+0000] {processor.py:799} INFO - Processing file /home/airflow/.local/lib/python3.7/site-packages/airflow/example_dags/example_latest_only_with_trigger.py for tasks to queue
[2024-06-04T21:50:38.234+0000] {logging_mixin.py:149} INFO - [2024-06-04T21:50:38.234+0000] {dagbag.py:541} INFO - Filling up the DagBag from /home/airflow/.local/lib/python3.7/site-packages/airflow/example_dags/example_latest_only_with_trigger.py
[2024-06-04T21:50:38.246+0000] {processor.py:809} INFO - DAG(s) dict_keys(['latest_only_with_trigger']) retrieved from /home/airflow/.local/lib/python3.7/site-packages/airflow/example_dags/example_latest_only_with_trigger.py
[2024-06-04T21:50:38.291+0000] {logging_mixin.py:149} INFO - [2024-06-04T21:50:38.290+0000] {dag.py:2726} INFO - Sync 1 DAGs
[2024-06-04T21:50:38.346+0000] {logging_mixin.py:149} INFO - [2024-06-04T21:50:38.346+0000] {dag.py:3490} INFO - Setting next_dagrun for latest_only_with_trigger to 2024-06-04T17:50:38.346195+00:00, run_after=2024-06-04T21:50:38.346195+00:00
[2024-06-04T21:50:38.379+0000] {processor.py:178} INFO - Processing /home/airflow/.local/lib/python3.7/site-packages/airflow/example_dags/example_latest_only_with_trigger.py took 0.154 seconds
[2024-06-04T21:51:09.483+0000] {processor.py:156} INFO - Started process (PID=908) to work on /home/airflow/.local/lib/python3.7/site-packages/airflow/example_dags/example_latest_only_with_trigger.py
[2024-06-04T21:51:09.486+0000] {processor.py:799} INFO - Processing file /home/airflow/.local/lib/python3.7/site-packages/airflow/example_dags/example_latest_only_with_trigger.py for tasks to queue
[2024-06-04T21:51:09.493+0000] {logging_mixin.py:149} INFO - [2024-06-04T21:51:09.493+0000] {dagbag.py:541} INFO - Filling up the DagBag from /home/airflow/.local/lib/python3.7/site-packages/airflow/example_dags/example_latest_only_with_trigger.py
[2024-06-04T21:51:09.523+0000] {processor.py:809} INFO - DAG(s) dict_keys(['latest_only_with_trigger']) retrieved from /home/airflow/.local/lib/python3.7/site-packages/airflow/example_dags/example_latest_only_with_trigger.py
[2024-06-04T21:51:09.627+0000] {logging_mixin.py:149} INFO - [2024-06-04T21:51:09.626+0000] {dag.py:2726} INFO - Sync 1 DAGs
[2024-06-04T21:51:09.740+0000] {logging_mixin.py:149} INFO - [2024-06-04T21:51:09.739+0000] {dag.py:3490} INFO - Setting next_dagrun for latest_only_with_trigger to 2024-06-04T17:51:09.739345+00:00, run_after=2024-06-04T21:51:09.739345+00:00
[2024-06-04T21:51:09.858+0000] {processor.py:178} INFO - Processing /home/airflow/.local/lib/python3.7/site-packages/airflow/example_dags/example_latest_only_with_trigger.py took 0.391 seconds
[2024-06-04T21:51:40.027+0000] {processor.py:156} INFO - Started process (PID=964) to work on /home/airflow/.local/lib/python3.7/site-packages/airflow/example_dags/example_latest_only_with_trigger.py
[2024-06-04T21:51:40.028+0000] {processor.py:799} INFO - Processing file /home/airflow/.local/lib/python3.7/site-packages/airflow/example_dags/example_latest_only_with_trigger.py for tasks to queue
[2024-06-04T21:51:40.033+0000] {logging_mixin.py:149} INFO - [2024-06-04T21:51:40.033+0000] {dagbag.py:541} INFO - Filling up the DagBag from /home/airflow/.local/lib/python3.7/site-packages/airflow/example_dags/example_latest_only_with_trigger.py
[2024-06-04T21:51:40.046+0000] {processor.py:809} INFO - DAG(s) dict_keys(['latest_only_with_trigger']) retrieved from /home/airflow/.local/lib/python3.7/site-packages/airflow/example_dags/example_latest_only_with_trigger.py
[2024-06-04T21:51:40.136+0000] {logging_mixin.py:149} INFO - [2024-06-04T21:51:40.136+0000] {dag.py:2726} INFO - Sync 1 DAGs
[2024-06-04T21:51:40.233+0000] {logging_mixin.py:149} INFO - [2024-06-04T21:51:40.232+0000] {dag.py:3490} INFO - Setting next_dagrun for latest_only_with_trigger to 2024-06-04T17:51:40.232111+00:00, run_after=2024-06-04T21:51:40.232111+00:00
[2024-06-04T21:51:40.288+0000] {processor.py:178} INFO - Processing /home/airflow/.local/lib/python3.7/site-packages/airflow/example_dags/example_latest_only_with_trigger.py took 0.266 seconds
