[2024-06-04T21:41:55.583+0000] {processor.py:156} INFO - Started process (PID=40) to work on /home/airflow/.local/lib/python3.7/site-packages/airflow/example_dags/example_latest_only.py
[2024-06-04T21:41:55.621+0000] {processor.py:799} INFO - Processing file /home/airflow/.local/lib/python3.7/site-packages/airflow/example_dags/example_latest_only.py for tasks to queue
[2024-06-04T21:41:55.629+0000] {logging_mixin.py:149} INFO - [2024-06-04T21:41:55.627+0000] {dagbag.py:541} INFO - Filling up the DagBag from /home/airflow/.local/lib/python3.7/site-packages/airflow/example_dags/example_latest_only.py
[2024-06-04T21:41:55.707+0000] {processor.py:809} INFO - DAG(s) dict_keys(['latest_only']) retrieved from /home/airflow/.local/lib/python3.7/site-packages/airflow/example_dags/example_latest_only.py
[2024-06-04T21:41:57.519+0000] {logging_mixin.py:149} INFO - [2024-06-04T21:41:57.518+0000] {manager.py:504} INFO - Created Permission View: can delete on DAG:latest_only
[2024-06-04T21:41:57.718+0000] {logging_mixin.py:149} INFO - [2024-06-04T21:41:57.718+0000] {manager.py:504} INFO - Created Permission View: can read on DAG:latest_only
[2024-06-04T21:41:57.824+0000] {logging_mixin.py:149} INFO - [2024-06-04T21:41:57.824+0000] {manager.py:504} INFO - Created Permission View: can edit on DAG:latest_only
[2024-06-04T21:41:57.830+0000] {logging_mixin.py:149} INFO - [2024-06-04T21:41:57.830+0000] {dag.py:2726} INFO - Sync 1 DAGs
[2024-06-04T21:41:58.083+0000] {logging_mixin.py:149} INFO - [2024-06-04T21:41:58.083+0000] {dag.py:2747} INFO - Creating ORM DAG for latest_only
[2024-06-04T21:41:58.438+0000] {logging_mixin.py:149} INFO - [2024-06-04T21:41:58.432+0000] {dag.py:3490} INFO - Setting next_dagrun for latest_only to 2024-06-04T17:41:58.424489+00:00, run_after=2024-06-04T21:41:58.424489+00:00
[2024-06-04T21:41:59.440+0000] {processor.py:178} INFO - Processing /home/airflow/.local/lib/python3.7/site-packages/airflow/example_dags/example_latest_only.py took 3.935 seconds
[2024-06-04T21:43:43.263+0000] {processor.py:156} INFO - Started process (PID=116) to work on /home/airflow/.local/lib/python3.7/site-packages/airflow/example_dags/example_latest_only.py
[2024-06-04T21:43:43.285+0000] {processor.py:799} INFO - Processing file /home/airflow/.local/lib/python3.7/site-packages/airflow/example_dags/example_latest_only.py for tasks to queue
[2024-06-04T21:43:43.301+0000] {logging_mixin.py:149} INFO - [2024-06-04T21:43:43.300+0000] {dagbag.py:541} INFO - Filling up the DagBag from /home/airflow/.local/lib/python3.7/site-packages/airflow/example_dags/example_latest_only.py
[2024-06-04T21:43:43.465+0000] {processor.py:809} INFO - DAG(s) dict_keys(['latest_only']) retrieved from /home/airflow/.local/lib/python3.7/site-packages/airflow/example_dags/example_latest_only.py
[2024-06-04T21:43:43.777+0000] {logging_mixin.py:149} INFO - [2024-06-04T21:43:43.776+0000] {dag.py:2726} INFO - Sync 1 DAGs
[2024-06-04T21:43:43.921+0000] {logging_mixin.py:149} INFO - [2024-06-04T21:43:43.920+0000] {dag.py:3490} INFO - Setting next_dagrun for latest_only to 2024-06-04T17:43:43.920482+00:00, run_after=2024-06-04T21:43:43.920482+00:00
[2024-06-04T21:43:44.195+0000] {processor.py:178} INFO - Processing /home/airflow/.local/lib/python3.7/site-packages/airflow/example_dags/example_latest_only.py took 0.989 seconds
[2024-06-04T21:44:14.649+0000] {processor.py:156} INFO - Started process (PID=166) to work on /home/airflow/.local/lib/python3.7/site-packages/airflow/example_dags/example_latest_only.py
[2024-06-04T21:44:14.681+0000] {processor.py:799} INFO - Processing file /home/airflow/.local/lib/python3.7/site-packages/airflow/example_dags/example_latest_only.py for tasks to queue
[2024-06-04T21:44:14.694+0000] {logging_mixin.py:149} INFO - [2024-06-04T21:44:14.691+0000] {dagbag.py:541} INFO - Filling up the DagBag from /home/airflow/.local/lib/python3.7/site-packages/airflow/example_dags/example_latest_only.py
[2024-06-04T21:44:14.822+0000] {processor.py:809} INFO - DAG(s) dict_keys(['latest_only']) retrieved from /home/airflow/.local/lib/python3.7/site-packages/airflow/example_dags/example_latest_only.py
[2024-06-04T21:44:15.052+0000] {logging_mixin.py:149} INFO - [2024-06-04T21:44:15.048+0000] {dag.py:2726} INFO - Sync 1 DAGs
[2024-06-04T21:44:16.183+0000] {logging_mixin.py:149} INFO - [2024-06-04T21:44:16.183+0000] {dag.py:3490} INFO - Setting next_dagrun for latest_only to 2024-06-04T17:44:16.169754+00:00, run_after=2024-06-04T21:44:16.169754+00:00
[2024-06-04T21:44:16.598+0000] {processor.py:178} INFO - Processing /home/airflow/.local/lib/python3.7/site-packages/airflow/example_dags/example_latest_only.py took 2.011 seconds
[2024-06-04T21:44:47.284+0000] {processor.py:156} INFO - Started process (PID=222) to work on /home/airflow/.local/lib/python3.7/site-packages/airflow/example_dags/example_latest_only.py
[2024-06-04T21:44:47.287+0000] {processor.py:799} INFO - Processing file /home/airflow/.local/lib/python3.7/site-packages/airflow/example_dags/example_latest_only.py for tasks to queue
[2024-06-04T21:44:47.291+0000] {logging_mixin.py:149} INFO - [2024-06-04T21:44:47.290+0000] {dagbag.py:541} INFO - Filling up the DagBag from /home/airflow/.local/lib/python3.7/site-packages/airflow/example_dags/example_latest_only.py
[2024-06-04T21:44:47.303+0000] {processor.py:809} INFO - DAG(s) dict_keys(['latest_only']) retrieved from /home/airflow/.local/lib/python3.7/site-packages/airflow/example_dags/example_latest_only.py
[2024-06-04T21:44:47.340+0000] {logging_mixin.py:149} INFO - [2024-06-04T21:44:47.339+0000] {dag.py:2726} INFO - Sync 1 DAGs
[2024-06-04T21:44:47.377+0000] {logging_mixin.py:149} INFO - [2024-06-04T21:44:47.377+0000] {dag.py:3490} INFO - Setting next_dagrun for latest_only to 2024-06-04T17:44:47.377333+00:00, run_after=2024-06-04T21:44:47.377333+00:00
[2024-06-04T21:44:47.414+0000] {processor.py:178} INFO - Processing /home/airflow/.local/lib/python3.7/site-packages/airflow/example_dags/example_latest_only.py took 0.135 seconds
[2024-06-04T21:45:17.833+0000] {processor.py:156} INFO - Started process (PID=278) to work on /home/airflow/.local/lib/python3.7/site-packages/airflow/example_dags/example_latest_only.py
[2024-06-04T21:45:17.834+0000] {processor.py:799} INFO - Processing file /home/airflow/.local/lib/python3.7/site-packages/airflow/example_dags/example_latest_only.py for tasks to queue
[2024-06-04T21:45:17.836+0000] {logging_mixin.py:149} INFO - [2024-06-04T21:45:17.836+0000] {dagbag.py:541} INFO - Filling up the DagBag from /home/airflow/.local/lib/python3.7/site-packages/airflow/example_dags/example_latest_only.py
[2024-06-04T21:45:17.850+0000] {processor.py:809} INFO - DAG(s) dict_keys(['latest_only']) retrieved from /home/airflow/.local/lib/python3.7/site-packages/airflow/example_dags/example_latest_only.py
[2024-06-04T21:45:17.902+0000] {logging_mixin.py:149} INFO - [2024-06-04T21:45:17.902+0000] {dag.py:2726} INFO - Sync 1 DAGs
[2024-06-04T21:45:17.956+0000] {logging_mixin.py:149} INFO - [2024-06-04T21:45:17.955+0000] {dag.py:3490} INFO - Setting next_dagrun for latest_only to 2024-06-04T17:45:17.955351+00:00, run_after=2024-06-04T21:45:17.955351+00:00
[2024-06-04T21:45:18.017+0000] {processor.py:178} INFO - Processing /home/airflow/.local/lib/python3.7/site-packages/airflow/example_dags/example_latest_only.py took 0.189 seconds
[2024-06-04T21:45:48.471+0000] {processor.py:156} INFO - Started process (PID=333) to work on /home/airflow/.local/lib/python3.7/site-packages/airflow/example_dags/example_latest_only.py
[2024-06-04T21:45:48.475+0000] {processor.py:799} INFO - Processing file /home/airflow/.local/lib/python3.7/site-packages/airflow/example_dags/example_latest_only.py for tasks to queue
[2024-06-04T21:45:48.477+0000] {logging_mixin.py:149} INFO - [2024-06-04T21:45:48.477+0000] {dagbag.py:541} INFO - Filling up the DagBag from /home/airflow/.local/lib/python3.7/site-packages/airflow/example_dags/example_latest_only.py
[2024-06-04T21:45:48.516+0000] {processor.py:809} INFO - DAG(s) dict_keys(['latest_only']) retrieved from /home/airflow/.local/lib/python3.7/site-packages/airflow/example_dags/example_latest_only.py
[2024-06-04T21:45:48.596+0000] {logging_mixin.py:149} INFO - [2024-06-04T21:45:48.596+0000] {dag.py:2726} INFO - Sync 1 DAGs
[2024-06-04T21:45:48.667+0000] {logging_mixin.py:149} INFO - [2024-06-04T21:45:48.667+0000] {dag.py:3490} INFO - Setting next_dagrun for latest_only to 2024-06-04T17:45:48.665166+00:00, run_after=2024-06-04T21:45:48.665166+00:00
[2024-06-04T21:45:48.714+0000] {processor.py:178} INFO - Processing /home/airflow/.local/lib/python3.7/site-packages/airflow/example_dags/example_latest_only.py took 0.253 seconds
[2024-06-04T21:46:19.184+0000] {processor.py:156} INFO - Started process (PID=389) to work on /home/airflow/.local/lib/python3.7/site-packages/airflow/example_dags/example_latest_only.py
[2024-06-04T21:46:19.187+0000] {processor.py:799} INFO - Processing file /home/airflow/.local/lib/python3.7/site-packages/airflow/example_dags/example_latest_only.py for tasks to queue
[2024-06-04T21:46:19.189+0000] {logging_mixin.py:149} INFO - [2024-06-04T21:46:19.189+0000] {dagbag.py:541} INFO - Filling up the DagBag from /home/airflow/.local/lib/python3.7/site-packages/airflow/example_dags/example_latest_only.py
[2024-06-04T21:46:19.217+0000] {processor.py:809} INFO - DAG(s) dict_keys(['latest_only']) retrieved from /home/airflow/.local/lib/python3.7/site-packages/airflow/example_dags/example_latest_only.py
[2024-06-04T21:46:19.399+0000] {logging_mixin.py:149} INFO - [2024-06-04T21:46:19.399+0000] {dag.py:2726} INFO - Sync 1 DAGs
[2024-06-04T21:46:19.519+0000] {logging_mixin.py:149} INFO - [2024-06-04T21:46:19.518+0000] {dag.py:3490} INFO - Setting next_dagrun for latest_only to 2024-06-04T17:46:19.518020+00:00, run_after=2024-06-04T21:46:19.518020+00:00
[2024-06-04T21:46:19.613+0000] {processor.py:178} INFO - Processing /home/airflow/.local/lib/python3.7/site-packages/airflow/example_dags/example_latest_only.py took 0.457 seconds
[2024-06-04T21:46:50.153+0000] {processor.py:156} INFO - Started process (PID=445) to work on /home/airflow/.local/lib/python3.7/site-packages/airflow/example_dags/example_latest_only.py
[2024-06-04T21:46:50.155+0000] {processor.py:799} INFO - Processing file /home/airflow/.local/lib/python3.7/site-packages/airflow/example_dags/example_latest_only.py for tasks to queue
[2024-06-04T21:46:50.157+0000] {logging_mixin.py:149} INFO - [2024-06-04T21:46:50.156+0000] {dagbag.py:541} INFO - Filling up the DagBag from /home/airflow/.local/lib/python3.7/site-packages/airflow/example_dags/example_latest_only.py
[2024-06-04T21:46:50.167+0000] {processor.py:809} INFO - DAG(s) dict_keys(['latest_only']) retrieved from /home/airflow/.local/lib/python3.7/site-packages/airflow/example_dags/example_latest_only.py
[2024-06-04T21:46:50.203+0000] {logging_mixin.py:149} INFO - [2024-06-04T21:46:50.203+0000] {dag.py:2726} INFO - Sync 1 DAGs
[2024-06-04T21:46:50.245+0000] {logging_mixin.py:149} INFO - [2024-06-04T21:46:50.244+0000] {dag.py:3490} INFO - Setting next_dagrun for latest_only to 2024-06-04T17:46:50.244495+00:00, run_after=2024-06-04T21:46:50.244495+00:00
[2024-06-04T21:46:50.287+0000] {processor.py:178} INFO - Processing /home/airflow/.local/lib/python3.7/site-packages/airflow/example_dags/example_latest_only.py took 0.140 seconds
[2024-06-04T21:47:20.562+0000] {processor.py:156} INFO - Started process (PID=501) to work on /home/airflow/.local/lib/python3.7/site-packages/airflow/example_dags/example_latest_only.py
[2024-06-04T21:47:20.564+0000] {processor.py:799} INFO - Processing file /home/airflow/.local/lib/python3.7/site-packages/airflow/example_dags/example_latest_only.py for tasks to queue
[2024-06-04T21:47:20.566+0000] {logging_mixin.py:149} INFO - [2024-06-04T21:47:20.566+0000] {dagbag.py:541} INFO - Filling up the DagBag from /home/airflow/.local/lib/python3.7/site-packages/airflow/example_dags/example_latest_only.py
[2024-06-04T21:47:20.583+0000] {processor.py:809} INFO - DAG(s) dict_keys(['latest_only']) retrieved from /home/airflow/.local/lib/python3.7/site-packages/airflow/example_dags/example_latest_only.py
[2024-06-04T21:47:20.640+0000] {logging_mixin.py:149} INFO - [2024-06-04T21:47:20.640+0000] {dag.py:2726} INFO - Sync 1 DAGs
[2024-06-04T21:47:20.692+0000] {logging_mixin.py:149} INFO - [2024-06-04T21:47:20.692+0000] {dag.py:3490} INFO - Setting next_dagrun for latest_only to 2024-06-04T17:47:20.691717+00:00, run_after=2024-06-04T21:47:20.691717+00:00
[2024-06-04T21:47:20.737+0000] {processor.py:178} INFO - Processing /home/airflow/.local/lib/python3.7/site-packages/airflow/example_dags/example_latest_only.py took 0.184 seconds
[2024-06-04T21:47:51.029+0000] {processor.py:156} INFO - Started process (PID=557) to work on /home/airflow/.local/lib/python3.7/site-packages/airflow/example_dags/example_latest_only.py
[2024-06-04T21:47:51.043+0000] {processor.py:799} INFO - Processing file /home/airflow/.local/lib/python3.7/site-packages/airflow/example_dags/example_latest_only.py for tasks to queue
[2024-06-04T21:47:51.060+0000] {logging_mixin.py:149} INFO - [2024-06-04T21:47:51.059+0000] {dagbag.py:541} INFO - Filling up the DagBag from /home/airflow/.local/lib/python3.7/site-packages/airflow/example_dags/example_latest_only.py
[2024-06-04T21:47:51.095+0000] {processor.py:809} INFO - DAG(s) dict_keys(['latest_only']) retrieved from /home/airflow/.local/lib/python3.7/site-packages/airflow/example_dags/example_latest_only.py
[2024-06-04T21:47:51.271+0000] {logging_mixin.py:149} INFO - [2024-06-04T21:47:51.271+0000] {dag.py:2726} INFO - Sync 1 DAGs
[2024-06-04T21:47:51.473+0000] {logging_mixin.py:149} INFO - [2024-06-04T21:47:51.473+0000] {dag.py:3490} INFO - Setting next_dagrun for latest_only to 2024-06-04T17:47:51.472205+00:00, run_after=2024-06-04T21:47:51.472205+00:00
[2024-06-04T21:47:51.641+0000] {processor.py:178} INFO - Processing /home/airflow/.local/lib/python3.7/site-packages/airflow/example_dags/example_latest_only.py took 0.635 seconds
[2024-06-04T21:48:22.320+0000] {processor.py:156} INFO - Started process (PID=612) to work on /home/airflow/.local/lib/python3.7/site-packages/airflow/example_dags/example_latest_only.py
[2024-06-04T21:48:22.323+0000] {processor.py:799} INFO - Processing file /home/airflow/.local/lib/python3.7/site-packages/airflow/example_dags/example_latest_only.py for tasks to queue
[2024-06-04T21:48:22.325+0000] {logging_mixin.py:149} INFO - [2024-06-04T21:48:22.325+0000] {dagbag.py:541} INFO - Filling up the DagBag from /home/airflow/.local/lib/python3.7/site-packages/airflow/example_dags/example_latest_only.py
[2024-06-04T21:48:22.341+0000] {processor.py:809} INFO - DAG(s) dict_keys(['latest_only']) retrieved from /home/airflow/.local/lib/python3.7/site-packages/airflow/example_dags/example_latest_only.py
[2024-06-04T21:48:22.416+0000] {logging_mixin.py:149} INFO - [2024-06-04T21:48:22.415+0000] {dag.py:2726} INFO - Sync 1 DAGs
[2024-06-04T21:48:22.479+0000] {logging_mixin.py:149} INFO - [2024-06-04T21:48:22.478+0000] {dag.py:3490} INFO - Setting next_dagrun for latest_only to 2024-06-04T17:48:22.478332+00:00, run_after=2024-06-04T21:48:22.478332+00:00
[2024-06-04T21:48:22.525+0000] {processor.py:178} INFO - Processing /home/airflow/.local/lib/python3.7/site-packages/airflow/example_dags/example_latest_only.py took 0.223 seconds
[2024-06-04T21:48:52.717+0000] {processor.py:156} INFO - Started process (PID=667) to work on /home/airflow/.local/lib/python3.7/site-packages/airflow/example_dags/example_latest_only.py
[2024-06-04T21:48:52.720+0000] {processor.py:799} INFO - Processing file /home/airflow/.local/lib/python3.7/site-packages/airflow/example_dags/example_latest_only.py for tasks to queue
[2024-06-04T21:48:52.727+0000] {logging_mixin.py:149} INFO - [2024-06-04T21:48:52.727+0000] {dagbag.py:541} INFO - Filling up the DagBag from /home/airflow/.local/lib/python3.7/site-packages/airflow/example_dags/example_latest_only.py
[2024-06-04T21:48:52.745+0000] {processor.py:809} INFO - DAG(s) dict_keys(['latest_only']) retrieved from /home/airflow/.local/lib/python3.7/site-packages/airflow/example_dags/example_latest_only.py
[2024-06-04T21:48:52.831+0000] {logging_mixin.py:149} INFO - [2024-06-04T21:48:52.830+0000] {dag.py:2726} INFO - Sync 1 DAGs
[2024-06-04T21:48:52.920+0000] {logging_mixin.py:149} INFO - [2024-06-04T21:48:52.920+0000] {dag.py:3490} INFO - Setting next_dagrun for latest_only to 2024-06-04T17:48:52.919850+00:00, run_after=2024-06-04T21:48:52.919850+00:00
[2024-06-04T21:48:53.012+0000] {processor.py:178} INFO - Processing /home/airflow/.local/lib/python3.7/site-packages/airflow/example_dags/example_latest_only.py took 0.307 seconds
[2024-06-04T21:49:23.940+0000] {processor.py:156} INFO - Started process (PID=724) to work on /home/airflow/.local/lib/python3.7/site-packages/airflow/example_dags/example_latest_only.py
[2024-06-04T21:49:23.942+0000] {processor.py:799} INFO - Processing file /home/airflow/.local/lib/python3.7/site-packages/airflow/example_dags/example_latest_only.py for tasks to queue
[2024-06-04T21:49:23.945+0000] {logging_mixin.py:149} INFO - [2024-06-04T21:49:23.944+0000] {dagbag.py:541} INFO - Filling up the DagBag from /home/airflow/.local/lib/python3.7/site-packages/airflow/example_dags/example_latest_only.py
[2024-06-04T21:49:23.956+0000] {processor.py:809} INFO - DAG(s) dict_keys(['latest_only']) retrieved from /home/airflow/.local/lib/python3.7/site-packages/airflow/example_dags/example_latest_only.py
[2024-06-04T21:49:24.004+0000] {logging_mixin.py:149} INFO - [2024-06-04T21:49:24.004+0000] {dag.py:2726} INFO - Sync 1 DAGs
[2024-06-04T21:49:24.108+0000] {logging_mixin.py:149} INFO - [2024-06-04T21:49:24.108+0000] {dag.py:3490} INFO - Setting next_dagrun for latest_only to 2024-06-04T17:49:24.105019+00:00, run_after=2024-06-04T21:49:24.105019+00:00
[2024-06-04T21:49:24.196+0000] {processor.py:178} INFO - Processing /home/airflow/.local/lib/python3.7/site-packages/airflow/example_dags/example_latest_only.py took 0.262 seconds
[2024-06-04T21:49:54.283+0000] {processor.py:156} INFO - Started process (PID=780) to work on /home/airflow/.local/lib/python3.7/site-packages/airflow/example_dags/example_latest_only.py
[2024-06-04T21:49:54.285+0000] {processor.py:799} INFO - Processing file /home/airflow/.local/lib/python3.7/site-packages/airflow/example_dags/example_latest_only.py for tasks to queue
[2024-06-04T21:49:54.288+0000] {logging_mixin.py:149} INFO - [2024-06-04T21:49:54.288+0000] {dagbag.py:541} INFO - Filling up the DagBag from /home/airflow/.local/lib/python3.7/site-packages/airflow/example_dags/example_latest_only.py
[2024-06-04T21:49:54.299+0000] {processor.py:809} INFO - DAG(s) dict_keys(['latest_only']) retrieved from /home/airflow/.local/lib/python3.7/site-packages/airflow/example_dags/example_latest_only.py
[2024-06-04T21:49:54.336+0000] {logging_mixin.py:149} INFO - [2024-06-04T21:49:54.335+0000] {dag.py:2726} INFO - Sync 1 DAGs
[2024-06-04T21:49:54.381+0000] {logging_mixin.py:149} INFO - [2024-06-04T21:49:54.381+0000] {dag.py:3490} INFO - Setting next_dagrun for latest_only to 2024-06-04T17:49:54.381315+00:00, run_after=2024-06-04T21:49:54.381315+00:00
[2024-06-04T21:49:54.415+0000] {processor.py:178} INFO - Processing /home/airflow/.local/lib/python3.7/site-packages/airflow/example_dags/example_latest_only.py took 0.136 seconds
[2024-06-04T21:50:24.952+0000] {processor.py:156} INFO - Started process (PID=836) to work on /home/airflow/.local/lib/python3.7/site-packages/airflow/example_dags/example_latest_only.py
[2024-06-04T21:50:24.954+0000] {processor.py:799} INFO - Processing file /home/airflow/.local/lib/python3.7/site-packages/airflow/example_dags/example_latest_only.py for tasks to queue
[2024-06-04T21:50:24.958+0000] {logging_mixin.py:149} INFO - [2024-06-04T21:50:24.958+0000] {dagbag.py:541} INFO - Filling up the DagBag from /home/airflow/.local/lib/python3.7/site-packages/airflow/example_dags/example_latest_only.py
[2024-06-04T21:50:24.970+0000] {processor.py:809} INFO - DAG(s) dict_keys(['latest_only']) retrieved from /home/airflow/.local/lib/python3.7/site-packages/airflow/example_dags/example_latest_only.py
[2024-06-04T21:50:25.014+0000] {logging_mixin.py:149} INFO - [2024-06-04T21:50:25.013+0000] {dag.py:2726} INFO - Sync 1 DAGs
[2024-06-04T21:50:25.064+0000] {logging_mixin.py:149} INFO - [2024-06-04T21:50:25.064+0000] {dag.py:3490} INFO - Setting next_dagrun for latest_only to 2024-06-04T17:50:25.063974+00:00, run_after=2024-06-04T21:50:25.063974+00:00
[2024-06-04T21:50:25.104+0000] {processor.py:178} INFO - Processing /home/airflow/.local/lib/python3.7/site-packages/airflow/example_dags/example_latest_only.py took 0.156 seconds
[2024-06-04T21:50:55.341+0000] {processor.py:156} INFO - Started process (PID=892) to work on /home/airflow/.local/lib/python3.7/site-packages/airflow/example_dags/example_latest_only.py
[2024-06-04T21:50:55.345+0000] {processor.py:799} INFO - Processing file /home/airflow/.local/lib/python3.7/site-packages/airflow/example_dags/example_latest_only.py for tasks to queue
[2024-06-04T21:50:55.351+0000] {logging_mixin.py:149} INFO - [2024-06-04T21:50:55.349+0000] {dagbag.py:541} INFO - Filling up the DagBag from /home/airflow/.local/lib/python3.7/site-packages/airflow/example_dags/example_latest_only.py
[2024-06-04T21:50:55.379+0000] {processor.py:809} INFO - DAG(s) dict_keys(['latest_only']) retrieved from /home/airflow/.local/lib/python3.7/site-packages/airflow/example_dags/example_latest_only.py
[2024-06-04T21:50:55.469+0000] {logging_mixin.py:149} INFO - [2024-06-04T21:50:55.469+0000] {dag.py:2726} INFO - Sync 1 DAGs
[2024-06-04T21:50:55.573+0000] {logging_mixin.py:149} INFO - [2024-06-04T21:50:55.573+0000] {dag.py:3490} INFO - Setting next_dagrun for latest_only to 2024-06-04T17:50:55.572982+00:00, run_after=2024-06-04T21:50:55.572982+00:00
[2024-06-04T21:50:55.622+0000] {processor.py:178} INFO - Processing /home/airflow/.local/lib/python3.7/site-packages/airflow/example_dags/example_latest_only.py took 0.293 seconds
[2024-06-04T21:51:26.405+0000] {processor.py:156} INFO - Started process (PID=947) to work on /home/airflow/.local/lib/python3.7/site-packages/airflow/example_dags/example_latest_only.py
[2024-06-04T21:51:26.408+0000] {processor.py:799} INFO - Processing file /home/airflow/.local/lib/python3.7/site-packages/airflow/example_dags/example_latest_only.py for tasks to queue
[2024-06-04T21:51:26.412+0000] {logging_mixin.py:149} INFO - [2024-06-04T21:51:26.411+0000] {dagbag.py:541} INFO - Filling up the DagBag from /home/airflow/.local/lib/python3.7/site-packages/airflow/example_dags/example_latest_only.py
[2024-06-04T21:51:26.428+0000] {processor.py:809} INFO - DAG(s) dict_keys(['latest_only']) retrieved from /home/airflow/.local/lib/python3.7/site-packages/airflow/example_dags/example_latest_only.py
[2024-06-04T21:51:26.476+0000] {logging_mixin.py:149} INFO - [2024-06-04T21:51:26.476+0000] {dag.py:2726} INFO - Sync 1 DAGs
[2024-06-04T21:51:26.524+0000] {logging_mixin.py:149} INFO - [2024-06-04T21:51:26.524+0000] {dag.py:3490} INFO - Setting next_dagrun for latest_only to 2024-06-04T17:51:26.523989+00:00, run_after=2024-06-04T21:51:26.523989+00:00
[2024-06-04T21:51:26.570+0000] {processor.py:178} INFO - Processing /home/airflow/.local/lib/python3.7/site-packages/airflow/example_dags/example_latest_only.py took 0.173 seconds
