[2024-06-04T21:42:41.404+0000] {processor.py:156} INFO - Started process (PID=69) to work on /home/airflow/.local/lib/python3.7/site-packages/airflow/example_dags/example_branch_day_of_week_operator.py
[2024-06-04T21:42:41.460+0000] {processor.py:799} INFO - Processing file /home/airflow/.local/lib/python3.7/site-packages/airflow/example_dags/example_branch_day_of_week_operator.py for tasks to queue
[2024-06-04T21:42:41.513+0000] {logging_mixin.py:149} INFO - [2024-06-04T21:42:41.513+0000] {dagbag.py:541} INFO - Filling up the DagBag from /home/airflow/.local/lib/python3.7/site-packages/airflow/example_dags/example_branch_day_of_week_operator.py
[2024-06-04T21:42:42.179+0000] {processor.py:809} INFO - DAG(s) dict_keys(['example_weekday_branch_operator']) retrieved from /home/airflow/.local/lib/python3.7/site-packages/airflow/example_dags/example_branch_day_of_week_operator.py
[2024-06-04T21:42:45.308+0000] {logging_mixin.py:149} INFO - [2024-06-04T21:42:45.300+0000] {manager.py:504} INFO - Created Permission View: can delete on DAG:example_weekday_branch_operator
[2024-06-04T21:42:45.469+0000] {logging_mixin.py:149} INFO - [2024-06-04T21:42:45.468+0000] {manager.py:504} INFO - Created Permission View: can read on DAG:example_weekday_branch_operator
[2024-06-04T21:42:45.600+0000] {logging_mixin.py:149} INFO - [2024-06-04T21:42:45.600+0000] {manager.py:504} INFO - Created Permission View: can edit on DAG:example_weekday_branch_operator
[2024-06-04T21:42:45.604+0000] {logging_mixin.py:149} INFO - [2024-06-04T21:42:45.603+0000] {dag.py:2726} INFO - Sync 1 DAGs
[2024-06-04T21:42:45.897+0000] {logging_mixin.py:149} INFO - [2024-06-04T21:42:45.897+0000] {dag.py:2747} INFO - Creating ORM DAG for example_weekday_branch_operator
[2024-06-04T21:42:46.144+0000] {logging_mixin.py:149} INFO - [2024-06-04T21:42:46.143+0000] {dag.py:3490} INFO - Setting next_dagrun for example_weekday_branch_operator to 2024-06-03T00:00:00+00:00, run_after=2024-06-04T00:00:00+00:00
[2024-06-04T21:42:46.500+0000] {processor.py:178} INFO - Processing /home/airflow/.local/lib/python3.7/site-packages/airflow/example_dags/example_branch_day_of_week_operator.py took 5.204 seconds
[2024-06-04T21:43:54.856+0000] {processor.py:156} INFO - Started process (PID=131) to work on /home/airflow/.local/lib/python3.7/site-packages/airflow/example_dags/example_branch_day_of_week_operator.py
[2024-06-04T21:43:54.864+0000] {processor.py:799} INFO - Processing file /home/airflow/.local/lib/python3.7/site-packages/airflow/example_dags/example_branch_day_of_week_operator.py for tasks to queue
[2024-06-04T21:43:54.869+0000] {logging_mixin.py:149} INFO - [2024-06-04T21:43:54.869+0000] {dagbag.py:541} INFO - Filling up the DagBag from /home/airflow/.local/lib/python3.7/site-packages/airflow/example_dags/example_branch_day_of_week_operator.py
[2024-06-04T21:43:54.930+0000] {processor.py:809} INFO - DAG(s) dict_keys(['example_weekday_branch_operator']) retrieved from /home/airflow/.local/lib/python3.7/site-packages/airflow/example_dags/example_branch_day_of_week_operator.py
[2024-06-04T21:43:55.056+0000] {logging_mixin.py:149} INFO - [2024-06-04T21:43:55.056+0000] {dag.py:2726} INFO - Sync 1 DAGs
[2024-06-04T21:43:55.147+0000] {logging_mixin.py:149} INFO - [2024-06-04T21:43:55.146+0000] {dag.py:3490} INFO - Setting next_dagrun for example_weekday_branch_operator to 2024-06-03T00:00:00+00:00, run_after=2024-06-04T00:00:00+00:00
[2024-06-04T21:43:55.222+0000] {processor.py:178} INFO - Processing /home/airflow/.local/lib/python3.7/site-packages/airflow/example_dags/example_branch_day_of_week_operator.py took 0.386 seconds
[2024-06-04T21:44:27.473+0000] {processor.py:156} INFO - Started process (PID=186) to work on /home/airflow/.local/lib/python3.7/site-packages/airflow/example_dags/example_branch_day_of_week_operator.py
[2024-06-04T21:44:27.475+0000] {processor.py:799} INFO - Processing file /home/airflow/.local/lib/python3.7/site-packages/airflow/example_dags/example_branch_day_of_week_operator.py for tasks to queue
[2024-06-04T21:44:27.478+0000] {logging_mixin.py:149} INFO - [2024-06-04T21:44:27.477+0000] {dagbag.py:541} INFO - Filling up the DagBag from /home/airflow/.local/lib/python3.7/site-packages/airflow/example_dags/example_branch_day_of_week_operator.py
[2024-06-04T21:44:27.499+0000] {processor.py:809} INFO - DAG(s) dict_keys(['example_weekday_branch_operator']) retrieved from /home/airflow/.local/lib/python3.7/site-packages/airflow/example_dags/example_branch_day_of_week_operator.py
[2024-06-04T21:44:27.563+0000] {logging_mixin.py:149} INFO - [2024-06-04T21:44:27.563+0000] {dag.py:2726} INFO - Sync 1 DAGs
[2024-06-04T21:44:27.642+0000] {logging_mixin.py:149} INFO - [2024-06-04T21:44:27.641+0000] {dag.py:3490} INFO - Setting next_dagrun for example_weekday_branch_operator to 2024-06-03T00:00:00+00:00, run_after=2024-06-04T00:00:00+00:00
[2024-06-04T21:44:27.702+0000] {processor.py:178} INFO - Processing /home/airflow/.local/lib/python3.7/site-packages/airflow/example_dags/example_branch_day_of_week_operator.py took 0.237 seconds
[2024-06-04T21:45:00.367+0000] {processor.py:156} INFO - Started process (PID=242) to work on /home/airflow/.local/lib/python3.7/site-packages/airflow/example_dags/example_branch_day_of_week_operator.py
[2024-06-04T21:45:00.391+0000] {processor.py:799} INFO - Processing file /home/airflow/.local/lib/python3.7/site-packages/airflow/example_dags/example_branch_day_of_week_operator.py for tasks to queue
[2024-06-04T21:45:00.404+0000] {logging_mixin.py:149} INFO - [2024-06-04T21:45:00.404+0000] {dagbag.py:541} INFO - Filling up the DagBag from /home/airflow/.local/lib/python3.7/site-packages/airflow/example_dags/example_branch_day_of_week_operator.py
[2024-06-04T21:45:00.434+0000] {processor.py:809} INFO - DAG(s) dict_keys(['example_weekday_branch_operator']) retrieved from /home/airflow/.local/lib/python3.7/site-packages/airflow/example_dags/example_branch_day_of_week_operator.py
[2024-06-04T21:45:00.557+0000] {logging_mixin.py:149} INFO - [2024-06-04T21:45:00.557+0000] {dag.py:2726} INFO - Sync 1 DAGs
[2024-06-04T21:45:00.698+0000] {logging_mixin.py:149} INFO - [2024-06-04T21:45:00.698+0000] {dag.py:3490} INFO - Setting next_dagrun for example_weekday_branch_operator to 2024-06-03T00:00:00+00:00, run_after=2024-06-04T00:00:00+00:00
[2024-06-04T21:45:00.772+0000] {processor.py:178} INFO - Processing /home/airflow/.local/lib/python3.7/site-packages/airflow/example_dags/example_branch_day_of_week_operator.py took 0.419 seconds
[2024-06-04T21:45:31.243+0000] {processor.py:156} INFO - Started process (PID=298) to work on /home/airflow/.local/lib/python3.7/site-packages/airflow/example_dags/example_branch_day_of_week_operator.py
[2024-06-04T21:45:31.247+0000] {processor.py:799} INFO - Processing file /home/airflow/.local/lib/python3.7/site-packages/airflow/example_dags/example_branch_day_of_week_operator.py for tasks to queue
[2024-06-04T21:45:31.257+0000] {logging_mixin.py:149} INFO - [2024-06-04T21:45:31.253+0000] {dagbag.py:541} INFO - Filling up the DagBag from /home/airflow/.local/lib/python3.7/site-packages/airflow/example_dags/example_branch_day_of_week_operator.py
[2024-06-04T21:45:31.275+0000] {processor.py:809} INFO - DAG(s) dict_keys(['example_weekday_branch_operator']) retrieved from /home/airflow/.local/lib/python3.7/site-packages/airflow/example_dags/example_branch_day_of_week_operator.py
[2024-06-04T21:45:31.341+0000] {logging_mixin.py:149} INFO - [2024-06-04T21:45:31.341+0000] {dag.py:2726} INFO - Sync 1 DAGs
[2024-06-04T21:45:31.412+0000] {logging_mixin.py:149} INFO - [2024-06-04T21:45:31.412+0000] {dag.py:3490} INFO - Setting next_dagrun for example_weekday_branch_operator to 2024-06-03T00:00:00+00:00, run_after=2024-06-04T00:00:00+00:00
[2024-06-04T21:45:31.467+0000] {processor.py:178} INFO - Processing /home/airflow/.local/lib/python3.7/site-packages/airflow/example_dags/example_branch_day_of_week_operator.py took 0.237 seconds
[2024-06-04T21:46:01.857+0000] {processor.py:156} INFO - Started process (PID=353) to work on /home/airflow/.local/lib/python3.7/site-packages/airflow/example_dags/example_branch_day_of_week_operator.py
[2024-06-04T21:46:01.861+0000] {processor.py:799} INFO - Processing file /home/airflow/.local/lib/python3.7/site-packages/airflow/example_dags/example_branch_day_of_week_operator.py for tasks to queue
[2024-06-04T21:46:01.868+0000] {logging_mixin.py:149} INFO - [2024-06-04T21:46:01.868+0000] {dagbag.py:541} INFO - Filling up the DagBag from /home/airflow/.local/lib/python3.7/site-packages/airflow/example_dags/example_branch_day_of_week_operator.py
[2024-06-04T21:46:01.894+0000] {processor.py:809} INFO - DAG(s) dict_keys(['example_weekday_branch_operator']) retrieved from /home/airflow/.local/lib/python3.7/site-packages/airflow/example_dags/example_branch_day_of_week_operator.py
[2024-06-04T21:46:01.988+0000] {logging_mixin.py:149} INFO - [2024-06-04T21:46:01.988+0000] {dag.py:2726} INFO - Sync 1 DAGs
[2024-06-04T21:46:02.085+0000] {logging_mixin.py:149} INFO - [2024-06-04T21:46:02.084+0000] {dag.py:3490} INFO - Setting next_dagrun for example_weekday_branch_operator to 2024-06-03T00:00:00+00:00, run_after=2024-06-04T00:00:00+00:00
[2024-06-04T21:46:02.185+0000] {processor.py:178} INFO - Processing /home/airflow/.local/lib/python3.7/site-packages/airflow/example_dags/example_branch_day_of_week_operator.py took 0.341 seconds
[2024-06-04T21:46:32.234+0000] {processor.py:156} INFO - Started process (PID=409) to work on /home/airflow/.local/lib/python3.7/site-packages/airflow/example_dags/example_branch_day_of_week_operator.py
[2024-06-04T21:46:32.235+0000] {processor.py:799} INFO - Processing file /home/airflow/.local/lib/python3.7/site-packages/airflow/example_dags/example_branch_day_of_week_operator.py for tasks to queue
[2024-06-04T21:46:32.237+0000] {logging_mixin.py:149} INFO - [2024-06-04T21:46:32.237+0000] {dagbag.py:541} INFO - Filling up the DagBag from /home/airflow/.local/lib/python3.7/site-packages/airflow/example_dags/example_branch_day_of_week_operator.py
[2024-06-04T21:46:32.254+0000] {processor.py:809} INFO - DAG(s) dict_keys(['example_weekday_branch_operator']) retrieved from /home/airflow/.local/lib/python3.7/site-packages/airflow/example_dags/example_branch_day_of_week_operator.py
[2024-06-04T21:46:32.298+0000] {logging_mixin.py:149} INFO - [2024-06-04T21:46:32.298+0000] {dag.py:2726} INFO - Sync 1 DAGs
[2024-06-04T21:46:32.348+0000] {logging_mixin.py:149} INFO - [2024-06-04T21:46:32.348+0000] {dag.py:3490} INFO - Setting next_dagrun for example_weekday_branch_operator to 2024-06-03T00:00:00+00:00, run_after=2024-06-04T00:00:00+00:00
[2024-06-04T21:46:32.383+0000] {processor.py:178} INFO - Processing /home/airflow/.local/lib/python3.7/site-packages/airflow/example_dags/example_branch_day_of_week_operator.py took 0.154 seconds
[2024-06-04T21:47:02.536+0000] {processor.py:156} INFO - Started process (PID=465) to work on /home/airflow/.local/lib/python3.7/site-packages/airflow/example_dags/example_branch_day_of_week_operator.py
[2024-06-04T21:47:02.540+0000] {processor.py:799} INFO - Processing file /home/airflow/.local/lib/python3.7/site-packages/airflow/example_dags/example_branch_day_of_week_operator.py for tasks to queue
[2024-06-04T21:47:02.542+0000] {logging_mixin.py:149} INFO - [2024-06-04T21:47:02.542+0000] {dagbag.py:541} INFO - Filling up the DagBag from /home/airflow/.local/lib/python3.7/site-packages/airflow/example_dags/example_branch_day_of_week_operator.py
[2024-06-04T21:47:02.558+0000] {processor.py:809} INFO - DAG(s) dict_keys(['example_weekday_branch_operator']) retrieved from /home/airflow/.local/lib/python3.7/site-packages/airflow/example_dags/example_branch_day_of_week_operator.py
[2024-06-04T21:47:02.594+0000] {logging_mixin.py:149} INFO - [2024-06-04T21:47:02.593+0000] {dag.py:2726} INFO - Sync 1 DAGs
[2024-06-04T21:47:02.640+0000] {logging_mixin.py:149} INFO - [2024-06-04T21:47:02.640+0000] {dag.py:3490} INFO - Setting next_dagrun for example_weekday_branch_operator to 2024-06-03T00:00:00+00:00, run_after=2024-06-04T00:00:00+00:00
[2024-06-04T21:47:02.673+0000] {processor.py:178} INFO - Processing /home/airflow/.local/lib/python3.7/site-packages/airflow/example_dags/example_branch_day_of_week_operator.py took 0.144 seconds
[2024-06-04T21:47:34.219+0000] {processor.py:156} INFO - Started process (PID=528) to work on /home/airflow/.local/lib/python3.7/site-packages/airflow/example_dags/example_branch_day_of_week_operator.py
[2024-06-04T21:47:34.221+0000] {processor.py:799} INFO - Processing file /home/airflow/.local/lib/python3.7/site-packages/airflow/example_dags/example_branch_day_of_week_operator.py for tasks to queue
[2024-06-04T21:47:34.224+0000] {logging_mixin.py:149} INFO - [2024-06-04T21:47:34.224+0000] {dagbag.py:541} INFO - Filling up the DagBag from /home/airflow/.local/lib/python3.7/site-packages/airflow/example_dags/example_branch_day_of_week_operator.py
[2024-06-04T21:47:34.236+0000] {processor.py:809} INFO - DAG(s) dict_keys(['example_weekday_branch_operator']) retrieved from /home/airflow/.local/lib/python3.7/site-packages/airflow/example_dags/example_branch_day_of_week_operator.py
[2024-06-04T21:47:34.282+0000] {logging_mixin.py:149} INFO - [2024-06-04T21:47:34.281+0000] {dag.py:2726} INFO - Sync 1 DAGs
[2024-06-04T21:47:34.340+0000] {logging_mixin.py:149} INFO - [2024-06-04T21:47:34.340+0000] {dag.py:3490} INFO - Setting next_dagrun for example_weekday_branch_operator to 2024-06-03T00:00:00+00:00, run_after=2024-06-04T00:00:00+00:00
[2024-06-04T21:47:34.383+0000] {processor.py:178} INFO - Processing /home/airflow/.local/lib/python3.7/site-packages/airflow/example_dags/example_branch_day_of_week_operator.py took 0.170 seconds
[2024-06-04T21:48:06.072+0000] {processor.py:156} INFO - Started process (PID=584) to work on /home/airflow/.local/lib/python3.7/site-packages/airflow/example_dags/example_branch_day_of_week_operator.py
[2024-06-04T21:48:06.077+0000] {processor.py:799} INFO - Processing file /home/airflow/.local/lib/python3.7/site-packages/airflow/example_dags/example_branch_day_of_week_operator.py for tasks to queue
[2024-06-04T21:48:06.086+0000] {logging_mixin.py:149} INFO - [2024-06-04T21:48:06.086+0000] {dagbag.py:541} INFO - Filling up the DagBag from /home/airflow/.local/lib/python3.7/site-packages/airflow/example_dags/example_branch_day_of_week_operator.py
[2024-06-04T21:48:06.122+0000] {processor.py:809} INFO - DAG(s) dict_keys(['example_weekday_branch_operator']) retrieved from /home/airflow/.local/lib/python3.7/site-packages/airflow/example_dags/example_branch_day_of_week_operator.py
[2024-06-04T21:48:06.229+0000] {logging_mixin.py:149} INFO - [2024-06-04T21:48:06.229+0000] {dag.py:2726} INFO - Sync 1 DAGs
[2024-06-04T21:48:06.351+0000] {logging_mixin.py:149} INFO - [2024-06-04T21:48:06.350+0000] {dag.py:3490} INFO - Setting next_dagrun for example_weekday_branch_operator to 2024-06-03T00:00:00+00:00, run_after=2024-06-04T00:00:00+00:00
[2024-06-04T21:48:06.465+0000] {processor.py:178} INFO - Processing /home/airflow/.local/lib/python3.7/site-packages/airflow/example_dags/example_branch_day_of_week_operator.py took 0.404 seconds
[2024-06-04T21:48:37.786+0000] {processor.py:156} INFO - Started process (PID=639) to work on /home/airflow/.local/lib/python3.7/site-packages/airflow/example_dags/example_branch_day_of_week_operator.py
[2024-06-04T21:48:37.793+0000] {processor.py:799} INFO - Processing file /home/airflow/.local/lib/python3.7/site-packages/airflow/example_dags/example_branch_day_of_week_operator.py for tasks to queue
[2024-06-04T21:48:37.804+0000] {logging_mixin.py:149} INFO - [2024-06-04T21:48:37.803+0000] {dagbag.py:541} INFO - Filling up the DagBag from /home/airflow/.local/lib/python3.7/site-packages/airflow/example_dags/example_branch_day_of_week_operator.py
[2024-06-04T21:48:37.838+0000] {processor.py:809} INFO - DAG(s) dict_keys(['example_weekday_branch_operator']) retrieved from /home/airflow/.local/lib/python3.7/site-packages/airflow/example_dags/example_branch_day_of_week_operator.py
[2024-06-04T21:48:37.953+0000] {logging_mixin.py:149} INFO - [2024-06-04T21:48:37.952+0000] {dag.py:2726} INFO - Sync 1 DAGs
[2024-06-04T21:48:38.085+0000] {logging_mixin.py:149} INFO - [2024-06-04T21:48:38.084+0000] {dag.py:3490} INFO - Setting next_dagrun for example_weekday_branch_operator to 2024-06-03T00:00:00+00:00, run_after=2024-06-04T00:00:00+00:00
[2024-06-04T21:48:38.168+0000] {processor.py:178} INFO - Processing /home/airflow/.local/lib/python3.7/site-packages/airflow/example_dags/example_branch_day_of_week_operator.py took 0.402 seconds
[2024-06-04T21:49:08.371+0000] {processor.py:156} INFO - Started process (PID=696) to work on /home/airflow/.local/lib/python3.7/site-packages/airflow/example_dags/example_branch_day_of_week_operator.py
[2024-06-04T21:49:08.375+0000] {processor.py:799} INFO - Processing file /home/airflow/.local/lib/python3.7/site-packages/airflow/example_dags/example_branch_day_of_week_operator.py for tasks to queue
[2024-06-04T21:49:08.378+0000] {logging_mixin.py:149} INFO - [2024-06-04T21:49:08.378+0000] {dagbag.py:541} INFO - Filling up the DagBag from /home/airflow/.local/lib/python3.7/site-packages/airflow/example_dags/example_branch_day_of_week_operator.py
[2024-06-04T21:49:08.417+0000] {processor.py:809} INFO - DAG(s) dict_keys(['example_weekday_branch_operator']) retrieved from /home/airflow/.local/lib/python3.7/site-packages/airflow/example_dags/example_branch_day_of_week_operator.py
[2024-06-04T21:49:08.493+0000] {logging_mixin.py:149} INFO - [2024-06-04T21:49:08.492+0000] {dag.py:2726} INFO - Sync 1 DAGs
[2024-06-04T21:49:08.575+0000] {logging_mixin.py:149} INFO - [2024-06-04T21:49:08.575+0000] {dag.py:3490} INFO - Setting next_dagrun for example_weekday_branch_operator to 2024-06-03T00:00:00+00:00, run_after=2024-06-04T00:00:00+00:00
[2024-06-04T21:49:08.647+0000] {processor.py:178} INFO - Processing /home/airflow/.local/lib/python3.7/site-packages/airflow/example_dags/example_branch_day_of_week_operator.py took 0.287 seconds
[2024-06-04T21:49:38.948+0000] {processor.py:156} INFO - Started process (PID=752) to work on /home/airflow/.local/lib/python3.7/site-packages/airflow/example_dags/example_branch_day_of_week_operator.py
[2024-06-04T21:49:38.949+0000] {processor.py:799} INFO - Processing file /home/airflow/.local/lib/python3.7/site-packages/airflow/example_dags/example_branch_day_of_week_operator.py for tasks to queue
[2024-06-04T21:49:38.951+0000] {logging_mixin.py:149} INFO - [2024-06-04T21:49:38.951+0000] {dagbag.py:541} INFO - Filling up the DagBag from /home/airflow/.local/lib/python3.7/site-packages/airflow/example_dags/example_branch_day_of_week_operator.py
[2024-06-04T21:49:38.964+0000] {processor.py:809} INFO - DAG(s) dict_keys(['example_weekday_branch_operator']) retrieved from /home/airflow/.local/lib/python3.7/site-packages/airflow/example_dags/example_branch_day_of_week_operator.py
[2024-06-04T21:49:38.999+0000] {logging_mixin.py:149} INFO - [2024-06-04T21:49:38.998+0000] {dag.py:2726} INFO - Sync 1 DAGs
[2024-06-04T21:49:39.038+0000] {logging_mixin.py:149} INFO - [2024-06-04T21:49:39.037+0000] {dag.py:3490} INFO - Setting next_dagrun for example_weekday_branch_operator to 2024-06-03T00:00:00+00:00, run_after=2024-06-04T00:00:00+00:00
[2024-06-04T21:49:39.071+0000] {processor.py:178} INFO - Processing /home/airflow/.local/lib/python3.7/site-packages/airflow/example_dags/example_branch_day_of_week_operator.py took 0.128 seconds
[2024-06-04T21:50:09.935+0000] {processor.py:156} INFO - Started process (PID=808) to work on /home/airflow/.local/lib/python3.7/site-packages/airflow/example_dags/example_branch_day_of_week_operator.py
[2024-06-04T21:50:09.936+0000] {processor.py:799} INFO - Processing file /home/airflow/.local/lib/python3.7/site-packages/airflow/example_dags/example_branch_day_of_week_operator.py for tasks to queue
[2024-06-04T21:50:09.939+0000] {logging_mixin.py:149} INFO - [2024-06-04T21:50:09.939+0000] {dagbag.py:541} INFO - Filling up the DagBag from /home/airflow/.local/lib/python3.7/site-packages/airflow/example_dags/example_branch_day_of_week_operator.py
[2024-06-04T21:50:09.953+0000] {processor.py:809} INFO - DAG(s) dict_keys(['example_weekday_branch_operator']) retrieved from /home/airflow/.local/lib/python3.7/site-packages/airflow/example_dags/example_branch_day_of_week_operator.py
[2024-06-04T21:50:10.006+0000] {logging_mixin.py:149} INFO - [2024-06-04T21:50:10.006+0000] {dag.py:2726} INFO - Sync 1 DAGs
[2024-06-04T21:50:10.053+0000] {logging_mixin.py:149} INFO - [2024-06-04T21:50:10.052+0000] {dag.py:3490} INFO - Setting next_dagrun for example_weekday_branch_operator to 2024-06-03T00:00:00+00:00, run_after=2024-06-04T00:00:00+00:00
[2024-06-04T21:50:10.089+0000] {processor.py:178} INFO - Processing /home/airflow/.local/lib/python3.7/site-packages/airflow/example_dags/example_branch_day_of_week_operator.py took 0.159 seconds
[2024-06-04T21:50:40.662+0000] {processor.py:156} INFO - Started process (PID=864) to work on /home/airflow/.local/lib/python3.7/site-packages/airflow/example_dags/example_branch_day_of_week_operator.py
[2024-06-04T21:50:40.665+0000] {processor.py:799} INFO - Processing file /home/airflow/.local/lib/python3.7/site-packages/airflow/example_dags/example_branch_day_of_week_operator.py for tasks to queue
[2024-06-04T21:50:40.668+0000] {logging_mixin.py:149} INFO - [2024-06-04T21:50:40.668+0000] {dagbag.py:541} INFO - Filling up the DagBag from /home/airflow/.local/lib/python3.7/site-packages/airflow/example_dags/example_branch_day_of_week_operator.py
[2024-06-04T21:50:40.685+0000] {processor.py:809} INFO - DAG(s) dict_keys(['example_weekday_branch_operator']) retrieved from /home/airflow/.local/lib/python3.7/site-packages/airflow/example_dags/example_branch_day_of_week_operator.py
[2024-06-04T21:50:40.734+0000] {logging_mixin.py:149} INFO - [2024-06-04T21:50:40.734+0000] {dag.py:2726} INFO - Sync 1 DAGs
[2024-06-04T21:50:40.789+0000] {logging_mixin.py:149} INFO - [2024-06-04T21:50:40.789+0000] {dag.py:3490} INFO - Setting next_dagrun for example_weekday_branch_operator to 2024-06-03T00:00:00+00:00, run_after=2024-06-04T00:00:00+00:00
[2024-06-04T21:50:40.829+0000] {processor.py:178} INFO - Processing /home/airflow/.local/lib/python3.7/site-packages/airflow/example_dags/example_branch_day_of_week_operator.py took 0.172 seconds
[2024-06-04T21:51:12.483+0000] {processor.py:156} INFO - Started process (PID=919) to work on /home/airflow/.local/lib/python3.7/site-packages/airflow/example_dags/example_branch_day_of_week_operator.py
[2024-06-04T21:51:12.497+0000] {processor.py:799} INFO - Processing file /home/airflow/.local/lib/python3.7/site-packages/airflow/example_dags/example_branch_day_of_week_operator.py for tasks to queue
[2024-06-04T21:51:12.502+0000] {logging_mixin.py:149} INFO - [2024-06-04T21:51:12.501+0000] {dagbag.py:541} INFO - Filling up the DagBag from /home/airflow/.local/lib/python3.7/site-packages/airflow/example_dags/example_branch_day_of_week_operator.py
[2024-06-04T21:51:12.528+0000] {processor.py:809} INFO - DAG(s) dict_keys(['example_weekday_branch_operator']) retrieved from /home/airflow/.local/lib/python3.7/site-packages/airflow/example_dags/example_branch_day_of_week_operator.py
[2024-06-04T21:51:12.648+0000] {logging_mixin.py:149} INFO - [2024-06-04T21:51:12.645+0000] {dag.py:2726} INFO - Sync 1 DAGs
[2024-06-04T21:51:12.766+0000] {logging_mixin.py:149} INFO - [2024-06-04T21:51:12.765+0000] {dag.py:3490} INFO - Setting next_dagrun for example_weekday_branch_operator to 2024-06-03T00:00:00+00:00, run_after=2024-06-04T00:00:00+00:00
[2024-06-04T21:51:12.878+0000] {processor.py:178} INFO - Processing /home/airflow/.local/lib/python3.7/site-packages/airflow/example_dags/example_branch_day_of_week_operator.py took 0.413 seconds
[2024-06-04T21:51:43.324+0000] {processor.py:156} INFO - Started process (PID=975) to work on /home/airflow/.local/lib/python3.7/site-packages/airflow/example_dags/example_branch_day_of_week_operator.py
[2024-06-04T21:51:43.326+0000] {processor.py:799} INFO - Processing file /home/airflow/.local/lib/python3.7/site-packages/airflow/example_dags/example_branch_day_of_week_operator.py for tasks to queue
[2024-06-04T21:51:43.328+0000] {logging_mixin.py:149} INFO - [2024-06-04T21:51:43.328+0000] {dagbag.py:541} INFO - Filling up the DagBag from /home/airflow/.local/lib/python3.7/site-packages/airflow/example_dags/example_branch_day_of_week_operator.py
[2024-06-04T21:51:43.345+0000] {processor.py:809} INFO - DAG(s) dict_keys(['example_weekday_branch_operator']) retrieved from /home/airflow/.local/lib/python3.7/site-packages/airflow/example_dags/example_branch_day_of_week_operator.py
[2024-06-04T21:51:43.392+0000] {logging_mixin.py:149} INFO - [2024-06-04T21:51:43.391+0000] {dag.py:2726} INFO - Sync 1 DAGs
[2024-06-04T21:51:43.439+0000] {logging_mixin.py:149} INFO - [2024-06-04T21:51:43.439+0000] {dag.py:3490} INFO - Setting next_dagrun for example_weekday_branch_operator to 2024-06-03T00:00:00+00:00, run_after=2024-06-04T00:00:00+00:00
[2024-06-04T21:51:43.480+0000] {processor.py:178} INFO - Processing /home/airflow/.local/lib/python3.7/site-packages/airflow/example_dags/example_branch_day_of_week_operator.py took 0.162 seconds
