[2024-06-04T21:42:32.585+0000] {processor.py:156} INFO - Started process (PID=66) to work on /home/airflow/.local/lib/python3.7/site-packages/airflow/example_dags/example_task_group_decorator.py
[2024-06-04T21:42:32.605+0000] {processor.py:799} INFO - Processing file /home/airflow/.local/lib/python3.7/site-packages/airflow/example_dags/example_task_group_decorator.py for tasks to queue
[2024-06-04T21:42:32.626+0000] {logging_mixin.py:149} INFO - [2024-06-04T21:42:32.623+0000] {dagbag.py:541} INFO - Filling up the DagBag from /home/airflow/.local/lib/python3.7/site-packages/airflow/example_dags/example_task_group_decorator.py
[2024-06-04T21:42:32.976+0000] {processor.py:809} INFO - DAG(s) dict_keys(['example_task_group_decorator']) retrieved from /home/airflow/.local/lib/python3.7/site-packages/airflow/example_dags/example_task_group_decorator.py
[2024-06-04T21:42:37.858+0000] {logging_mixin.py:149} INFO - [2024-06-04T21:42:37.857+0000] {manager.py:504} INFO - Created Permission View: can delete on DAG:example_task_group_decorator
[2024-06-04T21:42:38.011+0000] {logging_mixin.py:149} INFO - [2024-06-04T21:42:38.010+0000] {manager.py:504} INFO - Created Permission View: can read on DAG:example_task_group_decorator
[2024-06-04T21:42:38.192+0000] {logging_mixin.py:149} INFO - [2024-06-04T21:42:38.192+0000] {manager.py:504} INFO - Created Permission View: can edit on DAG:example_task_group_decorator
[2024-06-04T21:42:38.216+0000] {logging_mixin.py:149} INFO - [2024-06-04T21:42:38.216+0000] {dag.py:2726} INFO - Sync 1 DAGs
[2024-06-04T21:42:38.890+0000] {logging_mixin.py:149} INFO - [2024-06-04T21:42:38.886+0000] {dag.py:2747} INFO - Creating ORM DAG for example_task_group_decorator
[2024-06-04T21:42:39.090+0000] {logging_mixin.py:149} INFO - [2024-06-04T21:42:39.086+0000] {dag.py:3490} INFO - Setting next_dagrun for example_task_group_decorator to 2024-06-03T21:42:39.079060+00:00, run_after=2024-06-04T21:42:39.079060+00:00
[2024-06-04T21:42:39.531+0000] {processor.py:178} INFO - Processing /home/airflow/.local/lib/python3.7/site-packages/airflow/example_dags/example_task_group_decorator.py took 7.100 seconds
[2024-06-04T21:43:52.589+0000] {processor.py:156} INFO - Started process (PID=128) to work on /home/airflow/.local/lib/python3.7/site-packages/airflow/example_dags/example_task_group_decorator.py
[2024-06-04T21:43:52.591+0000] {processor.py:799} INFO - Processing file /home/airflow/.local/lib/python3.7/site-packages/airflow/example_dags/example_task_group_decorator.py for tasks to queue
[2024-06-04T21:43:52.594+0000] {logging_mixin.py:149} INFO - [2024-06-04T21:43:52.593+0000] {dagbag.py:541} INFO - Filling up the DagBag from /home/airflow/.local/lib/python3.7/site-packages/airflow/example_dags/example_task_group_decorator.py
[2024-06-04T21:43:52.753+0000] {processor.py:809} INFO - DAG(s) dict_keys(['example_task_group_decorator']) retrieved from /home/airflow/.local/lib/python3.7/site-packages/airflow/example_dags/example_task_group_decorator.py
[2024-06-04T21:43:52.939+0000] {logging_mixin.py:149} INFO - [2024-06-04T21:43:52.938+0000] {dag.py:2726} INFO - Sync 1 DAGs
[2024-06-04T21:43:53.114+0000] {logging_mixin.py:149} INFO - [2024-06-04T21:43:53.113+0000] {dag.py:3490} INFO - Setting next_dagrun for example_task_group_decorator to 2024-06-03T21:43:53.112243+00:00, run_after=2024-06-04T21:43:53.112243+00:00
[2024-06-04T21:43:53.204+0000] {processor.py:178} INFO - Processing /home/airflow/.local/lib/python3.7/site-packages/airflow/example_dags/example_task_group_decorator.py took 0.642 seconds
[2024-06-04T21:44:26.973+0000] {processor.py:156} INFO - Started process (PID=183) to work on /home/airflow/.local/lib/python3.7/site-packages/airflow/example_dags/example_task_group_decorator.py
[2024-06-04T21:44:26.977+0000] {processor.py:799} INFO - Processing file /home/airflow/.local/lib/python3.7/site-packages/airflow/example_dags/example_task_group_decorator.py for tasks to queue
[2024-06-04T21:44:26.981+0000] {logging_mixin.py:149} INFO - [2024-06-04T21:44:26.981+0000] {dagbag.py:541} INFO - Filling up the DagBag from /home/airflow/.local/lib/python3.7/site-packages/airflow/example_dags/example_task_group_decorator.py
[2024-06-04T21:44:27.024+0000] {processor.py:809} INFO - DAG(s) dict_keys(['example_task_group_decorator']) retrieved from /home/airflow/.local/lib/python3.7/site-packages/airflow/example_dags/example_task_group_decorator.py
[2024-06-04T21:44:27.125+0000] {logging_mixin.py:149} INFO - [2024-06-04T21:44:27.125+0000] {dag.py:2726} INFO - Sync 1 DAGs
[2024-06-04T21:44:27.216+0000] {logging_mixin.py:149} INFO - [2024-06-04T21:44:27.216+0000] {dag.py:3490} INFO - Setting next_dagrun for example_task_group_decorator to 2024-06-03T21:44:27.215672+00:00, run_after=2024-06-04T21:44:27.215672+00:00
[2024-06-04T21:44:27.275+0000] {processor.py:178} INFO - Processing /home/airflow/.local/lib/python3.7/site-packages/airflow/example_dags/example_task_group_decorator.py took 0.309 seconds
[2024-06-04T21:44:59.275+0000] {processor.py:156} INFO - Started process (PID=239) to work on /home/airflow/.local/lib/python3.7/site-packages/airflow/example_dags/example_task_group_decorator.py
[2024-06-04T21:44:59.284+0000] {processor.py:799} INFO - Processing file /home/airflow/.local/lib/python3.7/site-packages/airflow/example_dags/example_task_group_decorator.py for tasks to queue
[2024-06-04T21:44:59.291+0000] {logging_mixin.py:149} INFO - [2024-06-04T21:44:59.291+0000] {dagbag.py:541} INFO - Filling up the DagBag from /home/airflow/.local/lib/python3.7/site-packages/airflow/example_dags/example_task_group_decorator.py
[2024-06-04T21:44:59.360+0000] {processor.py:809} INFO - DAG(s) dict_keys(['example_task_group_decorator']) retrieved from /home/airflow/.local/lib/python3.7/site-packages/airflow/example_dags/example_task_group_decorator.py
[2024-06-04T21:44:59.454+0000] {logging_mixin.py:149} INFO - [2024-06-04T21:44:59.453+0000] {dag.py:2726} INFO - Sync 1 DAGs
[2024-06-04T21:44:59.556+0000] {logging_mixin.py:149} INFO - [2024-06-04T21:44:59.555+0000] {dag.py:3490} INFO - Setting next_dagrun for example_task_group_decorator to 2024-06-03T21:44:59.555524+00:00, run_after=2024-06-04T21:44:59.555524+00:00
[2024-06-04T21:44:59.689+0000] {processor.py:178} INFO - Processing /home/airflow/.local/lib/python3.7/site-packages/airflow/example_dags/example_task_group_decorator.py took 0.424 seconds
[2024-06-04T21:45:29.827+0000] {processor.py:156} INFO - Started process (PID=295) to work on /home/airflow/.local/lib/python3.7/site-packages/airflow/example_dags/example_task_group_decorator.py
[2024-06-04T21:45:29.829+0000] {processor.py:799} INFO - Processing file /home/airflow/.local/lib/python3.7/site-packages/airflow/example_dags/example_task_group_decorator.py for tasks to queue
[2024-06-04T21:45:29.831+0000] {logging_mixin.py:149} INFO - [2024-06-04T21:45:29.831+0000] {dagbag.py:541} INFO - Filling up the DagBag from /home/airflow/.local/lib/python3.7/site-packages/airflow/example_dags/example_task_group_decorator.py
[2024-06-04T21:45:29.854+0000] {processor.py:809} INFO - DAG(s) dict_keys(['example_task_group_decorator']) retrieved from /home/airflow/.local/lib/python3.7/site-packages/airflow/example_dags/example_task_group_decorator.py
[2024-06-04T21:45:29.904+0000] {logging_mixin.py:149} INFO - [2024-06-04T21:45:29.904+0000] {dag.py:2726} INFO - Sync 1 DAGs
[2024-06-04T21:45:29.956+0000] {logging_mixin.py:149} INFO - [2024-06-04T21:45:29.956+0000] {dag.py:3490} INFO - Setting next_dagrun for example_task_group_decorator to 2024-06-03T21:45:29.956153+00:00, run_after=2024-06-04T21:45:29.956153+00:00
[2024-06-04T21:45:29.992+0000] {processor.py:178} INFO - Processing /home/airflow/.local/lib/python3.7/site-packages/airflow/example_dags/example_task_group_decorator.py took 0.170 seconds
[2024-06-04T21:46:01.057+0000] {processor.py:156} INFO - Started process (PID=350) to work on /home/airflow/.local/lib/python3.7/site-packages/airflow/example_dags/example_task_group_decorator.py
[2024-06-04T21:46:01.059+0000] {processor.py:799} INFO - Processing file /home/airflow/.local/lib/python3.7/site-packages/airflow/example_dags/example_task_group_decorator.py for tasks to queue
[2024-06-04T21:46:01.065+0000] {logging_mixin.py:149} INFO - [2024-06-04T21:46:01.065+0000] {dagbag.py:541} INFO - Filling up the DagBag from /home/airflow/.local/lib/python3.7/site-packages/airflow/example_dags/example_task_group_decorator.py
[2024-06-04T21:46:01.102+0000] {processor.py:809} INFO - DAG(s) dict_keys(['example_task_group_decorator']) retrieved from /home/airflow/.local/lib/python3.7/site-packages/airflow/example_dags/example_task_group_decorator.py
[2024-06-04T21:46:01.175+0000] {logging_mixin.py:149} INFO - [2024-06-04T21:46:01.175+0000] {dag.py:2726} INFO - Sync 1 DAGs
[2024-06-04T21:46:01.250+0000] {logging_mixin.py:149} INFO - [2024-06-04T21:46:01.250+0000] {dag.py:3490} INFO - Setting next_dagrun for example_task_group_decorator to 2024-06-03T21:46:01.250082+00:00, run_after=2024-06-04T21:46:01.250082+00:00
[2024-06-04T21:46:01.302+0000] {processor.py:178} INFO - Processing /home/airflow/.local/lib/python3.7/site-packages/airflow/example_dags/example_task_group_decorator.py took 0.253 seconds
[2024-06-04T21:46:31.617+0000] {processor.py:156} INFO - Started process (PID=406) to work on /home/airflow/.local/lib/python3.7/site-packages/airflow/example_dags/example_task_group_decorator.py
[2024-06-04T21:46:31.619+0000] {processor.py:799} INFO - Processing file /home/airflow/.local/lib/python3.7/site-packages/airflow/example_dags/example_task_group_decorator.py for tasks to queue
[2024-06-04T21:46:31.621+0000] {logging_mixin.py:149} INFO - [2024-06-04T21:46:31.620+0000] {dagbag.py:541} INFO - Filling up the DagBag from /home/airflow/.local/lib/python3.7/site-packages/airflow/example_dags/example_task_group_decorator.py
[2024-06-04T21:46:31.654+0000] {processor.py:809} INFO - DAG(s) dict_keys(['example_task_group_decorator']) retrieved from /home/airflow/.local/lib/python3.7/site-packages/airflow/example_dags/example_task_group_decorator.py
[2024-06-04T21:46:31.714+0000] {logging_mixin.py:149} INFO - [2024-06-04T21:46:31.714+0000] {dag.py:2726} INFO - Sync 1 DAGs
[2024-06-04T21:46:31.759+0000] {logging_mixin.py:149} INFO - [2024-06-04T21:46:31.759+0000] {dag.py:3490} INFO - Setting next_dagrun for example_task_group_decorator to 2024-06-03T21:46:31.759037+00:00, run_after=2024-06-04T21:46:31.759037+00:00
[2024-06-04T21:46:31.797+0000] {processor.py:178} INFO - Processing /home/airflow/.local/lib/python3.7/site-packages/airflow/example_dags/example_task_group_decorator.py took 0.186 seconds
[2024-06-04T21:47:02.122+0000] {processor.py:156} INFO - Started process (PID=462) to work on /home/airflow/.local/lib/python3.7/site-packages/airflow/example_dags/example_task_group_decorator.py
[2024-06-04T21:47:02.124+0000] {processor.py:799} INFO - Processing file /home/airflow/.local/lib/python3.7/site-packages/airflow/example_dags/example_task_group_decorator.py for tasks to queue
[2024-06-04T21:47:02.126+0000] {logging_mixin.py:149} INFO - [2024-06-04T21:47:02.126+0000] {dagbag.py:541} INFO - Filling up the DagBag from /home/airflow/.local/lib/python3.7/site-packages/airflow/example_dags/example_task_group_decorator.py
[2024-06-04T21:47:02.163+0000] {processor.py:809} INFO - DAG(s) dict_keys(['example_task_group_decorator']) retrieved from /home/airflow/.local/lib/python3.7/site-packages/airflow/example_dags/example_task_group_decorator.py
[2024-06-04T21:47:02.212+0000] {logging_mixin.py:149} INFO - [2024-06-04T21:47:02.212+0000] {dag.py:2726} INFO - Sync 1 DAGs
[2024-06-04T21:47:02.259+0000] {logging_mixin.py:149} INFO - [2024-06-04T21:47:02.258+0000] {dag.py:3490} INFO - Setting next_dagrun for example_task_group_decorator to 2024-06-03T21:47:02.258472+00:00, run_after=2024-06-04T21:47:02.258472+00:00
[2024-06-04T21:47:02.302+0000] {processor.py:178} INFO - Processing /home/airflow/.local/lib/python3.7/site-packages/airflow/example_dags/example_task_group_decorator.py took 0.187 seconds
[2024-06-04T21:47:33.435+0000] {processor.py:156} INFO - Started process (PID=525) to work on /home/airflow/.local/lib/python3.7/site-packages/airflow/example_dags/example_task_group_decorator.py
[2024-06-04T21:47:33.438+0000] {processor.py:799} INFO - Processing file /home/airflow/.local/lib/python3.7/site-packages/airflow/example_dags/example_task_group_decorator.py for tasks to queue
[2024-06-04T21:47:33.445+0000] {logging_mixin.py:149} INFO - [2024-06-04T21:47:33.445+0000] {dagbag.py:541} INFO - Filling up the DagBag from /home/airflow/.local/lib/python3.7/site-packages/airflow/example_dags/example_task_group_decorator.py
[2024-06-04T21:47:33.537+0000] {processor.py:809} INFO - DAG(s) dict_keys(['example_task_group_decorator']) retrieved from /home/airflow/.local/lib/python3.7/site-packages/airflow/example_dags/example_task_group_decorator.py
[2024-06-04T21:47:33.691+0000] {logging_mixin.py:149} INFO - [2024-06-04T21:47:33.690+0000] {dag.py:2726} INFO - Sync 1 DAGs
[2024-06-04T21:47:33.791+0000] {logging_mixin.py:149} INFO - [2024-06-04T21:47:33.790+0000] {dag.py:3490} INFO - Setting next_dagrun for example_task_group_decorator to 2024-06-03T21:47:33.789833+00:00, run_after=2024-06-04T21:47:33.789833+00:00
[2024-06-04T21:47:33.892+0000] {processor.py:178} INFO - Processing /home/airflow/.local/lib/python3.7/site-packages/airflow/example_dags/example_task_group_decorator.py took 0.495 seconds
[2024-06-04T21:48:05.354+0000] {processor.py:156} INFO - Started process (PID=581) to work on /home/airflow/.local/lib/python3.7/site-packages/airflow/example_dags/example_task_group_decorator.py
[2024-06-04T21:48:05.358+0000] {processor.py:799} INFO - Processing file /home/airflow/.local/lib/python3.7/site-packages/airflow/example_dags/example_task_group_decorator.py for tasks to queue
[2024-06-04T21:48:05.369+0000] {logging_mixin.py:149} INFO - [2024-06-04T21:48:05.368+0000] {dagbag.py:541} INFO - Filling up the DagBag from /home/airflow/.local/lib/python3.7/site-packages/airflow/example_dags/example_task_group_decorator.py
[2024-06-04T21:48:05.443+0000] {processor.py:809} INFO - DAG(s) dict_keys(['example_task_group_decorator']) retrieved from /home/airflow/.local/lib/python3.7/site-packages/airflow/example_dags/example_task_group_decorator.py
[2024-06-04T21:48:05.620+0000] {logging_mixin.py:149} INFO - [2024-06-04T21:48:05.618+0000] {dag.py:2726} INFO - Sync 1 DAGs
[2024-06-04T21:48:05.765+0000] {logging_mixin.py:149} INFO - [2024-06-04T21:48:05.764+0000] {dag.py:3490} INFO - Setting next_dagrun for example_task_group_decorator to 2024-06-03T21:48:05.763121+00:00, run_after=2024-06-04T21:48:05.763121+00:00
[2024-06-04T21:48:05.874+0000] {processor.py:178} INFO - Processing /home/airflow/.local/lib/python3.7/site-packages/airflow/example_dags/example_task_group_decorator.py took 0.533 seconds
[2024-06-04T21:48:37.012+0000] {processor.py:156} INFO - Started process (PID=636) to work on /home/airflow/.local/lib/python3.7/site-packages/airflow/example_dags/example_task_group_decorator.py
[2024-06-04T21:48:37.014+0000] {processor.py:799} INFO - Processing file /home/airflow/.local/lib/python3.7/site-packages/airflow/example_dags/example_task_group_decorator.py for tasks to queue
[2024-06-04T21:48:37.017+0000] {logging_mixin.py:149} INFO - [2024-06-04T21:48:37.016+0000] {dagbag.py:541} INFO - Filling up the DagBag from /home/airflow/.local/lib/python3.7/site-packages/airflow/example_dags/example_task_group_decorator.py
[2024-06-04T21:48:37.051+0000] {processor.py:809} INFO - DAG(s) dict_keys(['example_task_group_decorator']) retrieved from /home/airflow/.local/lib/python3.7/site-packages/airflow/example_dags/example_task_group_decorator.py
[2024-06-04T21:48:37.124+0000] {logging_mixin.py:149} INFO - [2024-06-04T21:48:37.124+0000] {dag.py:2726} INFO - Sync 1 DAGs
[2024-06-04T21:48:37.297+0000] {logging_mixin.py:149} INFO - [2024-06-04T21:48:37.297+0000] {dag.py:3490} INFO - Setting next_dagrun for example_task_group_decorator to 2024-06-03T21:48:37.296602+00:00, run_after=2024-06-04T21:48:37.296602+00:00
[2024-06-04T21:48:37.422+0000] {processor.py:178} INFO - Processing /home/airflow/.local/lib/python3.7/site-packages/airflow/example_dags/example_task_group_decorator.py took 0.417 seconds
[2024-06-04T21:49:07.996+0000] {processor.py:156} INFO - Started process (PID=693) to work on /home/airflow/.local/lib/python3.7/site-packages/airflow/example_dags/example_task_group_decorator.py
[2024-06-04T21:49:08.004+0000] {processor.py:799} INFO - Processing file /home/airflow/.local/lib/python3.7/site-packages/airflow/example_dags/example_task_group_decorator.py for tasks to queue
[2024-06-04T21:49:08.010+0000] {logging_mixin.py:149} INFO - [2024-06-04T21:49:08.010+0000] {dagbag.py:541} INFO - Filling up the DagBag from /home/airflow/.local/lib/python3.7/site-packages/airflow/example_dags/example_task_group_decorator.py
[2024-06-04T21:49:08.059+0000] {processor.py:809} INFO - DAG(s) dict_keys(['example_task_group_decorator']) retrieved from /home/airflow/.local/lib/python3.7/site-packages/airflow/example_dags/example_task_group_decorator.py
[2024-06-04T21:49:08.138+0000] {logging_mixin.py:149} INFO - [2024-06-04T21:49:08.137+0000] {dag.py:2726} INFO - Sync 1 DAGs
[2024-06-04T21:49:08.215+0000] {logging_mixin.py:149} INFO - [2024-06-04T21:49:08.214+0000] {dag.py:3490} INFO - Setting next_dagrun for example_task_group_decorator to 2024-06-03T21:49:08.213973+00:00, run_after=2024-06-04T21:49:08.213973+00:00
[2024-06-04T21:49:08.284+0000] {processor.py:178} INFO - Processing /home/airflow/.local/lib/python3.7/site-packages/airflow/example_dags/example_task_group_decorator.py took 0.294 seconds
[2024-06-04T21:49:38.576+0000] {processor.py:156} INFO - Started process (PID=749) to work on /home/airflow/.local/lib/python3.7/site-packages/airflow/example_dags/example_task_group_decorator.py
[2024-06-04T21:49:38.578+0000] {processor.py:799} INFO - Processing file /home/airflow/.local/lib/python3.7/site-packages/airflow/example_dags/example_task_group_decorator.py for tasks to queue
[2024-06-04T21:49:38.580+0000] {logging_mixin.py:149} INFO - [2024-06-04T21:49:38.579+0000] {dagbag.py:541} INFO - Filling up the DagBag from /home/airflow/.local/lib/python3.7/site-packages/airflow/example_dags/example_task_group_decorator.py
[2024-06-04T21:49:38.605+0000] {processor.py:809} INFO - DAG(s) dict_keys(['example_task_group_decorator']) retrieved from /home/airflow/.local/lib/python3.7/site-packages/airflow/example_dags/example_task_group_decorator.py
[2024-06-04T21:49:38.655+0000] {logging_mixin.py:149} INFO - [2024-06-04T21:49:38.655+0000] {dag.py:2726} INFO - Sync 1 DAGs
[2024-06-04T21:49:38.700+0000] {logging_mixin.py:149} INFO - [2024-06-04T21:49:38.699+0000] {dag.py:3490} INFO - Setting next_dagrun for example_task_group_decorator to 2024-06-03T21:49:38.699321+00:00, run_after=2024-06-04T21:49:38.699321+00:00
[2024-06-04T21:49:38.736+0000] {processor.py:178} INFO - Processing /home/airflow/.local/lib/python3.7/site-packages/airflow/example_dags/example_task_group_decorator.py took 0.166 seconds
[2024-06-04T21:50:09.580+0000] {processor.py:156} INFO - Started process (PID=805) to work on /home/airflow/.local/lib/python3.7/site-packages/airflow/example_dags/example_task_group_decorator.py
[2024-06-04T21:50:09.582+0000] {processor.py:799} INFO - Processing file /home/airflow/.local/lib/python3.7/site-packages/airflow/example_dags/example_task_group_decorator.py for tasks to queue
[2024-06-04T21:50:09.584+0000] {logging_mixin.py:149} INFO - [2024-06-04T21:50:09.584+0000] {dagbag.py:541} INFO - Filling up the DagBag from /home/airflow/.local/lib/python3.7/site-packages/airflow/example_dags/example_task_group_decorator.py
[2024-06-04T21:50:09.611+0000] {processor.py:809} INFO - DAG(s) dict_keys(['example_task_group_decorator']) retrieved from /home/airflow/.local/lib/python3.7/site-packages/airflow/example_dags/example_task_group_decorator.py
[2024-06-04T21:50:09.654+0000] {logging_mixin.py:149} INFO - [2024-06-04T21:50:09.653+0000] {dag.py:2726} INFO - Sync 1 DAGs
[2024-06-04T21:50:09.704+0000] {logging_mixin.py:149} INFO - [2024-06-04T21:50:09.703+0000] {dag.py:3490} INFO - Setting next_dagrun for example_task_group_decorator to 2024-06-03T21:50:09.703319+00:00, run_after=2024-06-04T21:50:09.703319+00:00
[2024-06-04T21:50:09.744+0000] {processor.py:178} INFO - Processing /home/airflow/.local/lib/python3.7/site-packages/airflow/example_dags/example_task_group_decorator.py took 0.170 seconds
[2024-06-04T21:50:40.248+0000] {processor.py:156} INFO - Started process (PID=861) to work on /home/airflow/.local/lib/python3.7/site-packages/airflow/example_dags/example_task_group_decorator.py
[2024-06-04T21:50:40.250+0000] {processor.py:799} INFO - Processing file /home/airflow/.local/lib/python3.7/site-packages/airflow/example_dags/example_task_group_decorator.py for tasks to queue
[2024-06-04T21:50:40.252+0000] {logging_mixin.py:149} INFO - [2024-06-04T21:50:40.252+0000] {dagbag.py:541} INFO - Filling up the DagBag from /home/airflow/.local/lib/python3.7/site-packages/airflow/example_dags/example_task_group_decorator.py
[2024-06-04T21:50:40.283+0000] {processor.py:809} INFO - DAG(s) dict_keys(['example_task_group_decorator']) retrieved from /home/airflow/.local/lib/python3.7/site-packages/airflow/example_dags/example_task_group_decorator.py
[2024-06-04T21:50:40.327+0000] {logging_mixin.py:149} INFO - [2024-06-04T21:50:40.326+0000] {dag.py:2726} INFO - Sync 1 DAGs
[2024-06-04T21:50:40.370+0000] {logging_mixin.py:149} INFO - [2024-06-04T21:50:40.369+0000] {dag.py:3490} INFO - Setting next_dagrun for example_task_group_decorator to 2024-06-03T21:50:40.369325+00:00, run_after=2024-06-04T21:50:40.369325+00:00
[2024-06-04T21:50:40.407+0000] {processor.py:178} INFO - Processing /home/airflow/.local/lib/python3.7/site-packages/airflow/example_dags/example_task_group_decorator.py took 0.164 seconds
[2024-06-04T21:51:11.101+0000] {processor.py:156} INFO - Started process (PID=916) to work on /home/airflow/.local/lib/python3.7/site-packages/airflow/example_dags/example_task_group_decorator.py
[2024-06-04T21:51:11.120+0000] {processor.py:799} INFO - Processing file /home/airflow/.local/lib/python3.7/site-packages/airflow/example_dags/example_task_group_decorator.py for tasks to queue
[2024-06-04T21:51:11.127+0000] {logging_mixin.py:149} INFO - [2024-06-04T21:51:11.126+0000] {dagbag.py:541} INFO - Filling up the DagBag from /home/airflow/.local/lib/python3.7/site-packages/airflow/example_dags/example_task_group_decorator.py
[2024-06-04T21:51:11.251+0000] {processor.py:809} INFO - DAG(s) dict_keys(['example_task_group_decorator']) retrieved from /home/airflow/.local/lib/python3.7/site-packages/airflow/example_dags/example_task_group_decorator.py
[2024-06-04T21:51:11.492+0000] {logging_mixin.py:149} INFO - [2024-06-04T21:51:11.491+0000] {dag.py:2726} INFO - Sync 1 DAGs
[2024-06-04T21:51:11.602+0000] {logging_mixin.py:149} INFO - [2024-06-04T21:51:11.601+0000] {dag.py:3490} INFO - Setting next_dagrun for example_task_group_decorator to 2024-06-03T21:51:11.601168+00:00, run_after=2024-06-04T21:51:11.601168+00:00
[2024-06-04T21:51:11.718+0000] {processor.py:178} INFO - Processing /home/airflow/.local/lib/python3.7/site-packages/airflow/example_dags/example_task_group_decorator.py took 0.631 seconds
[2024-06-04T21:51:42.501+0000] {processor.py:156} INFO - Started process (PID=967) to work on /home/airflow/.local/lib/python3.7/site-packages/airflow/example_dags/example_task_group_decorator.py
[2024-06-04T21:51:42.503+0000] {processor.py:799} INFO - Processing file /home/airflow/.local/lib/python3.7/site-packages/airflow/example_dags/example_task_group_decorator.py for tasks to queue
[2024-06-04T21:51:42.507+0000] {logging_mixin.py:149} INFO - [2024-06-04T21:51:42.506+0000] {dagbag.py:541} INFO - Filling up the DagBag from /home/airflow/.local/lib/python3.7/site-packages/airflow/example_dags/example_task_group_decorator.py
[2024-06-04T21:51:42.544+0000] {processor.py:809} INFO - DAG(s) dict_keys(['example_task_group_decorator']) retrieved from /home/airflow/.local/lib/python3.7/site-packages/airflow/example_dags/example_task_group_decorator.py
[2024-06-04T21:51:42.606+0000] {logging_mixin.py:149} INFO - [2024-06-04T21:51:42.606+0000] {dag.py:2726} INFO - Sync 1 DAGs
[2024-06-04T21:51:42.664+0000] {logging_mixin.py:149} INFO - [2024-06-04T21:51:42.663+0000] {dag.py:3490} INFO - Setting next_dagrun for example_task_group_decorator to 2024-06-03T21:51:42.663523+00:00, run_after=2024-06-04T21:51:42.663523+00:00
[2024-06-04T21:51:42.706+0000] {processor.py:178} INFO - Processing /home/airflow/.local/lib/python3.7/site-packages/airflow/example_dags/example_task_group_decorator.py took 0.217 seconds
