[2024-06-04T21:41:55.711+0000] {processor.py:156} INFO - Started process (PID=41) to work on /home/airflow/.local/lib/python3.7/site-packages/airflow/example_dags/example_task_group.py
[2024-06-04T21:41:55.718+0000] {processor.py:799} INFO - Processing file /home/airflow/.local/lib/python3.7/site-packages/airflow/example_dags/example_task_group.py for tasks to queue
[2024-06-04T21:41:55.728+0000] {logging_mixin.py:149} INFO - [2024-06-04T21:41:55.728+0000] {dagbag.py:541} INFO - Filling up the DagBag from /home/airflow/.local/lib/python3.7/site-packages/airflow/example_dags/example_task_group.py
[2024-06-04T21:41:55.827+0000] {processor.py:809} INFO - DAG(s) dict_keys(['example_task_group']) retrieved from /home/airflow/.local/lib/python3.7/site-packages/airflow/example_dags/example_task_group.py
[2024-06-04T21:41:57.711+0000] {logging_mixin.py:149} INFO - [2024-06-04T21:41:57.710+0000] {manager.py:504} INFO - Created Permission View: can delete on DAG:example_task_group
[2024-06-04T21:41:57.909+0000] {logging_mixin.py:149} INFO - [2024-06-04T21:41:57.907+0000] {manager.py:504} INFO - Created Permission View: can read on DAG:example_task_group
[2024-06-04T21:41:57.998+0000] {logging_mixin.py:149} INFO - [2024-06-04T21:41:57.997+0000] {manager.py:504} INFO - Created Permission View: can edit on DAG:example_task_group
[2024-06-04T21:41:58.007+0000] {logging_mixin.py:149} INFO - [2024-06-04T21:41:58.007+0000] {dag.py:2726} INFO - Sync 1 DAGs
[2024-06-04T21:41:58.358+0000] {logging_mixin.py:149} INFO - [2024-06-04T21:41:58.341+0000] {dag.py:2747} INFO - Creating ORM DAG for example_task_group
[2024-06-04T21:41:58.817+0000] {logging_mixin.py:149} INFO - [2024-06-04T21:41:58.816+0000] {dag.py:3490} INFO - Setting next_dagrun for example_task_group to 2024-06-03T21:41:58.764635+00:00, run_after=2024-06-04T21:41:58.764635+00:00
[2024-06-04T21:41:59.771+0000] {processor.py:178} INFO - Processing /home/airflow/.local/lib/python3.7/site-packages/airflow/example_dags/example_task_group.py took 4.119 seconds
[2024-06-04T21:43:44.489+0000] {processor.py:156} INFO - Started process (PID=117) to work on /home/airflow/.local/lib/python3.7/site-packages/airflow/example_dags/example_task_group.py
[2024-06-04T21:43:44.496+0000] {processor.py:799} INFO - Processing file /home/airflow/.local/lib/python3.7/site-packages/airflow/example_dags/example_task_group.py for tasks to queue
[2024-06-04T21:43:44.502+0000] {logging_mixin.py:149} INFO - [2024-06-04T21:43:44.502+0000] {dagbag.py:541} INFO - Filling up the DagBag from /home/airflow/.local/lib/python3.7/site-packages/airflow/example_dags/example_task_group.py
[2024-06-04T21:43:44.538+0000] {processor.py:809} INFO - DAG(s) dict_keys(['example_task_group']) retrieved from /home/airflow/.local/lib/python3.7/site-packages/airflow/example_dags/example_task_group.py
[2024-06-04T21:43:44.794+0000] {logging_mixin.py:149} INFO - [2024-06-04T21:43:44.794+0000] {dag.py:2726} INFO - Sync 1 DAGs
[2024-06-04T21:43:45.037+0000] {logging_mixin.py:149} INFO - [2024-06-04T21:43:45.031+0000] {dag.py:3490} INFO - Setting next_dagrun for example_task_group to 2024-06-03T21:43:45.030703+00:00, run_after=2024-06-04T21:43:45.030703+00:00
[2024-06-04T21:43:45.295+0000] {processor.py:178} INFO - Processing /home/airflow/.local/lib/python3.7/site-packages/airflow/example_dags/example_task_group.py took 0.823 seconds
[2024-06-04T21:44:15.834+0000] {processor.py:156} INFO - Started process (PID=167) to work on /home/airflow/.local/lib/python3.7/site-packages/airflow/example_dags/example_task_group.py
[2024-06-04T21:44:15.846+0000] {processor.py:799} INFO - Processing file /home/airflow/.local/lib/python3.7/site-packages/airflow/example_dags/example_task_group.py for tasks to queue
[2024-06-04T21:44:15.866+0000] {logging_mixin.py:149} INFO - [2024-06-04T21:44:15.865+0000] {dagbag.py:541} INFO - Filling up the DagBag from /home/airflow/.local/lib/python3.7/site-packages/airflow/example_dags/example_task_group.py
[2024-06-04T21:44:16.184+0000] {processor.py:809} INFO - DAG(s) dict_keys(['example_task_group']) retrieved from /home/airflow/.local/lib/python3.7/site-packages/airflow/example_dags/example_task_group.py
[2024-06-04T21:44:16.470+0000] {logging_mixin.py:149} INFO - [2024-06-04T21:44:16.470+0000] {dag.py:2726} INFO - Sync 1 DAGs
[2024-06-04T21:44:16.780+0000] {logging_mixin.py:149} INFO - [2024-06-04T21:44:16.779+0000] {dag.py:3490} INFO - Setting next_dagrun for example_task_group to 2024-06-03T21:44:16.770015+00:00, run_after=2024-06-04T21:44:16.770015+00:00
[2024-06-04T21:44:17.276+0000] {processor.py:178} INFO - Processing /home/airflow/.local/lib/python3.7/site-packages/airflow/example_dags/example_task_group.py took 1.521 seconds
[2024-06-04T21:44:47.441+0000] {processor.py:156} INFO - Started process (PID=223) to work on /home/airflow/.local/lib/python3.7/site-packages/airflow/example_dags/example_task_group.py
[2024-06-04T21:44:47.442+0000] {processor.py:799} INFO - Processing file /home/airflow/.local/lib/python3.7/site-packages/airflow/example_dags/example_task_group.py for tasks to queue
[2024-06-04T21:44:47.445+0000] {logging_mixin.py:149} INFO - [2024-06-04T21:44:47.444+0000] {dagbag.py:541} INFO - Filling up the DagBag from /home/airflow/.local/lib/python3.7/site-packages/airflow/example_dags/example_task_group.py
[2024-06-04T21:44:47.456+0000] {processor.py:809} INFO - DAG(s) dict_keys(['example_task_group']) retrieved from /home/airflow/.local/lib/python3.7/site-packages/airflow/example_dags/example_task_group.py
[2024-06-04T21:44:47.493+0000] {logging_mixin.py:149} INFO - [2024-06-04T21:44:47.493+0000] {dag.py:2726} INFO - Sync 1 DAGs
[2024-06-04T21:44:47.531+0000] {logging_mixin.py:149} INFO - [2024-06-04T21:44:47.530+0000] {dag.py:3490} INFO - Setting next_dagrun for example_task_group to 2024-06-03T21:44:47.530527+00:00, run_after=2024-06-04T21:44:47.530527+00:00
[2024-06-04T21:44:47.566+0000] {processor.py:178} INFO - Processing /home/airflow/.local/lib/python3.7/site-packages/airflow/example_dags/example_task_group.py took 0.130 seconds
[2024-06-04T21:45:17.848+0000] {processor.py:156} INFO - Started process (PID=279) to work on /home/airflow/.local/lib/python3.7/site-packages/airflow/example_dags/example_task_group.py
[2024-06-04T21:45:17.849+0000] {processor.py:799} INFO - Processing file /home/airflow/.local/lib/python3.7/site-packages/airflow/example_dags/example_task_group.py for tasks to queue
[2024-06-04T21:45:17.851+0000] {logging_mixin.py:149} INFO - [2024-06-04T21:45:17.851+0000] {dagbag.py:541} INFO - Filling up the DagBag from /home/airflow/.local/lib/python3.7/site-packages/airflow/example_dags/example_task_group.py
[2024-06-04T21:45:17.870+0000] {processor.py:809} INFO - DAG(s) dict_keys(['example_task_group']) retrieved from /home/airflow/.local/lib/python3.7/site-packages/airflow/example_dags/example_task_group.py
[2024-06-04T21:45:17.923+0000] {logging_mixin.py:149} INFO - [2024-06-04T21:45:17.922+0000] {dag.py:2726} INFO - Sync 1 DAGs
[2024-06-04T21:45:17.982+0000] {logging_mixin.py:149} INFO - [2024-06-04T21:45:17.982+0000] {dag.py:3490} INFO - Setting next_dagrun for example_task_group to 2024-06-03T21:45:17.981710+00:00, run_after=2024-06-04T21:45:17.981710+00:00
[2024-06-04T21:45:18.032+0000] {processor.py:178} INFO - Processing /home/airflow/.local/lib/python3.7/site-packages/airflow/example_dags/example_task_group.py took 0.192 seconds
[2024-06-04T21:45:48.489+0000] {processor.py:156} INFO - Started process (PID=334) to work on /home/airflow/.local/lib/python3.7/site-packages/airflow/example_dags/example_task_group.py
[2024-06-04T21:45:48.494+0000] {processor.py:799} INFO - Processing file /home/airflow/.local/lib/python3.7/site-packages/airflow/example_dags/example_task_group.py for tasks to queue
[2024-06-04T21:45:48.498+0000] {logging_mixin.py:149} INFO - [2024-06-04T21:45:48.498+0000] {dagbag.py:541} INFO - Filling up the DagBag from /home/airflow/.local/lib/python3.7/site-packages/airflow/example_dags/example_task_group.py
[2024-06-04T21:45:48.524+0000] {processor.py:809} INFO - DAG(s) dict_keys(['example_task_group']) retrieved from /home/airflow/.local/lib/python3.7/site-packages/airflow/example_dags/example_task_group.py
[2024-06-04T21:45:48.591+0000] {logging_mixin.py:149} INFO - [2024-06-04T21:45:48.591+0000] {dag.py:2726} INFO - Sync 1 DAGs
[2024-06-04T21:45:48.656+0000] {logging_mixin.py:149} INFO - [2024-06-04T21:45:48.656+0000] {dag.py:3490} INFO - Setting next_dagrun for example_task_group to 2024-06-03T21:45:48.656128+00:00, run_after=2024-06-04T21:45:48.656128+00:00
[2024-06-04T21:45:48.708+0000] {processor.py:178} INFO - Processing /home/airflow/.local/lib/python3.7/site-packages/airflow/example_dags/example_task_group.py took 0.234 seconds
[2024-06-04T21:46:19.255+0000] {processor.py:156} INFO - Started process (PID=390) to work on /home/airflow/.local/lib/python3.7/site-packages/airflow/example_dags/example_task_group.py
[2024-06-04T21:46:19.264+0000] {processor.py:799} INFO - Processing file /home/airflow/.local/lib/python3.7/site-packages/airflow/example_dags/example_task_group.py for tasks to queue
[2024-06-04T21:46:19.273+0000] {logging_mixin.py:149} INFO - [2024-06-04T21:46:19.273+0000] {dagbag.py:541} INFO - Filling up the DagBag from /home/airflow/.local/lib/python3.7/site-packages/airflow/example_dags/example_task_group.py
[2024-06-04T21:46:19.319+0000] {processor.py:809} INFO - DAG(s) dict_keys(['example_task_group']) retrieved from /home/airflow/.local/lib/python3.7/site-packages/airflow/example_dags/example_task_group.py
[2024-06-04T21:46:19.439+0000] {logging_mixin.py:149} INFO - [2024-06-04T21:46:19.438+0000] {dag.py:2726} INFO - Sync 1 DAGs
[2024-06-04T21:46:19.557+0000] {logging_mixin.py:149} INFO - [2024-06-04T21:46:19.557+0000] {dag.py:3490} INFO - Setting next_dagrun for example_task_group to 2024-06-03T21:46:19.556074+00:00, run_after=2024-06-04T21:46:19.556074+00:00
[2024-06-04T21:46:19.641+0000] {processor.py:178} INFO - Processing /home/airflow/.local/lib/python3.7/site-packages/airflow/example_dags/example_task_group.py took 0.434 seconds
[2024-06-04T21:46:50.154+0000] {processor.py:156} INFO - Started process (PID=446) to work on /home/airflow/.local/lib/python3.7/site-packages/airflow/example_dags/example_task_group.py
[2024-06-04T21:46:50.156+0000] {processor.py:799} INFO - Processing file /home/airflow/.local/lib/python3.7/site-packages/airflow/example_dags/example_task_group.py for tasks to queue
[2024-06-04T21:46:50.158+0000] {logging_mixin.py:149} INFO - [2024-06-04T21:46:50.157+0000] {dagbag.py:541} INFO - Filling up the DagBag from /home/airflow/.local/lib/python3.7/site-packages/airflow/example_dags/example_task_group.py
[2024-06-04T21:46:50.173+0000] {processor.py:809} INFO - DAG(s) dict_keys(['example_task_group']) retrieved from /home/airflow/.local/lib/python3.7/site-packages/airflow/example_dags/example_task_group.py
[2024-06-04T21:46:50.213+0000] {logging_mixin.py:149} INFO - [2024-06-04T21:46:50.212+0000] {dag.py:2726} INFO - Sync 1 DAGs
[2024-06-04T21:46:50.252+0000] {logging_mixin.py:149} INFO - [2024-06-04T21:46:50.252+0000] {dag.py:3490} INFO - Setting next_dagrun for example_task_group to 2024-06-03T21:46:50.252250+00:00, run_after=2024-06-04T21:46:50.252250+00:00
[2024-06-04T21:46:50.295+0000] {processor.py:178} INFO - Processing /home/airflow/.local/lib/python3.7/site-packages/airflow/example_dags/example_task_group.py took 0.146 seconds
[2024-06-04T21:47:20.570+0000] {processor.py:156} INFO - Started process (PID=502) to work on /home/airflow/.local/lib/python3.7/site-packages/airflow/example_dags/example_task_group.py
[2024-06-04T21:47:20.573+0000] {processor.py:799} INFO - Processing file /home/airflow/.local/lib/python3.7/site-packages/airflow/example_dags/example_task_group.py for tasks to queue
[2024-06-04T21:47:20.576+0000] {logging_mixin.py:149} INFO - [2024-06-04T21:47:20.576+0000] {dagbag.py:541} INFO - Filling up the DagBag from /home/airflow/.local/lib/python3.7/site-packages/airflow/example_dags/example_task_group.py
[2024-06-04T21:47:20.595+0000] {processor.py:809} INFO - DAG(s) dict_keys(['example_task_group']) retrieved from /home/airflow/.local/lib/python3.7/site-packages/airflow/example_dags/example_task_group.py
[2024-06-04T21:47:20.640+0000] {logging_mixin.py:149} INFO - [2024-06-04T21:47:20.640+0000] {dag.py:2726} INFO - Sync 1 DAGs
[2024-06-04T21:47:20.704+0000] {logging_mixin.py:149} INFO - [2024-06-04T21:47:20.704+0000] {dag.py:3490} INFO - Setting next_dagrun for example_task_group to 2024-06-03T21:47:20.703600+00:00, run_after=2024-06-04T21:47:20.703600+00:00
[2024-06-04T21:47:20.745+0000] {processor.py:178} INFO - Processing /home/airflow/.local/lib/python3.7/site-packages/airflow/example_dags/example_task_group.py took 0.182 seconds
[2024-06-04T21:47:51.766+0000] {processor.py:156} INFO - Started process (PID=558) to work on /home/airflow/.local/lib/python3.7/site-packages/airflow/example_dags/example_task_group.py
[2024-06-04T21:47:51.773+0000] {processor.py:799} INFO - Processing file /home/airflow/.local/lib/python3.7/site-packages/airflow/example_dags/example_task_group.py for tasks to queue
[2024-06-04T21:47:51.776+0000] {logging_mixin.py:149} INFO - [2024-06-04T21:47:51.776+0000] {dagbag.py:541} INFO - Filling up the DagBag from /home/airflow/.local/lib/python3.7/site-packages/airflow/example_dags/example_task_group.py
[2024-06-04T21:47:51.810+0000] {processor.py:809} INFO - DAG(s) dict_keys(['example_task_group']) retrieved from /home/airflow/.local/lib/python3.7/site-packages/airflow/example_dags/example_task_group.py
[2024-06-04T21:47:52.018+0000] {logging_mixin.py:149} INFO - [2024-06-04T21:47:52.017+0000] {dag.py:2726} INFO - Sync 1 DAGs
[2024-06-04T21:47:52.115+0000] {logging_mixin.py:149} INFO - [2024-06-04T21:47:52.114+0000] {dag.py:3490} INFO - Setting next_dagrun for example_task_group to 2024-06-03T21:47:52.113869+00:00, run_after=2024-06-04T21:47:52.113869+00:00
[2024-06-04T21:47:52.222+0000] {processor.py:178} INFO - Processing /home/airflow/.local/lib/python3.7/site-packages/airflow/example_dags/example_task_group.py took 0.468 seconds
[2024-06-04T21:48:22.332+0000] {processor.py:156} INFO - Started process (PID=613) to work on /home/airflow/.local/lib/python3.7/site-packages/airflow/example_dags/example_task_group.py
[2024-06-04T21:48:22.333+0000] {processor.py:799} INFO - Processing file /home/airflow/.local/lib/python3.7/site-packages/airflow/example_dags/example_task_group.py for tasks to queue
[2024-06-04T21:48:22.336+0000] {logging_mixin.py:149} INFO - [2024-06-04T21:48:22.336+0000] {dagbag.py:541} INFO - Filling up the DagBag from /home/airflow/.local/lib/python3.7/site-packages/airflow/example_dags/example_task_group.py
[2024-06-04T21:48:22.364+0000] {processor.py:809} INFO - DAG(s) dict_keys(['example_task_group']) retrieved from /home/airflow/.local/lib/python3.7/site-packages/airflow/example_dags/example_task_group.py
[2024-06-04T21:48:22.433+0000] {logging_mixin.py:149} INFO - [2024-06-04T21:48:22.433+0000] {dag.py:2726} INFO - Sync 1 DAGs
[2024-06-04T21:48:22.501+0000] {logging_mixin.py:149} INFO - [2024-06-04T21:48:22.500+0000] {dag.py:3490} INFO - Setting next_dagrun for example_task_group to 2024-06-03T21:48:22.500459+00:00, run_after=2024-06-04T21:48:22.500459+00:00
[2024-06-04T21:48:22.539+0000] {processor.py:178} INFO - Processing /home/airflow/.local/lib/python3.7/site-packages/airflow/example_dags/example_task_group.py took 0.215 seconds
[2024-06-04T21:48:52.737+0000] {processor.py:156} INFO - Started process (PID=668) to work on /home/airflow/.local/lib/python3.7/site-packages/airflow/example_dags/example_task_group.py
[2024-06-04T21:48:52.742+0000] {processor.py:799} INFO - Processing file /home/airflow/.local/lib/python3.7/site-packages/airflow/example_dags/example_task_group.py for tasks to queue
[2024-06-04T21:48:52.745+0000] {logging_mixin.py:149} INFO - [2024-06-04T21:48:52.745+0000] {dagbag.py:541} INFO - Filling up the DagBag from /home/airflow/.local/lib/python3.7/site-packages/airflow/example_dags/example_task_group.py
[2024-06-04T21:48:52.769+0000] {processor.py:809} INFO - DAG(s) dict_keys(['example_task_group']) retrieved from /home/airflow/.local/lib/python3.7/site-packages/airflow/example_dags/example_task_group.py
[2024-06-04T21:48:52.854+0000] {logging_mixin.py:149} INFO - [2024-06-04T21:48:52.853+0000] {dag.py:2726} INFO - Sync 1 DAGs
[2024-06-04T21:48:52.963+0000] {logging_mixin.py:149} INFO - [2024-06-04T21:48:52.963+0000] {dag.py:3490} INFO - Setting next_dagrun for example_task_group to 2024-06-03T21:48:52.963132+00:00, run_after=2024-06-04T21:48:52.963132+00:00
[2024-06-04T21:48:53.035+0000] {processor.py:178} INFO - Processing /home/airflow/.local/lib/python3.7/site-packages/airflow/example_dags/example_task_group.py took 0.312 seconds
[2024-06-04T21:49:23.954+0000] {processor.py:156} INFO - Started process (PID=725) to work on /home/airflow/.local/lib/python3.7/site-packages/airflow/example_dags/example_task_group.py
[2024-06-04T21:49:23.956+0000] {processor.py:799} INFO - Processing file /home/airflow/.local/lib/python3.7/site-packages/airflow/example_dags/example_task_group.py for tasks to queue
[2024-06-04T21:49:23.958+0000] {logging_mixin.py:149} INFO - [2024-06-04T21:49:23.958+0000] {dagbag.py:541} INFO - Filling up the DagBag from /home/airflow/.local/lib/python3.7/site-packages/airflow/example_dags/example_task_group.py
[2024-06-04T21:49:23.979+0000] {processor.py:809} INFO - DAG(s) dict_keys(['example_task_group']) retrieved from /home/airflow/.local/lib/python3.7/site-packages/airflow/example_dags/example_task_group.py
[2024-06-04T21:49:24.040+0000] {logging_mixin.py:149} INFO - [2024-06-04T21:49:24.040+0000] {dag.py:2726} INFO - Sync 1 DAGs
[2024-06-04T21:49:24.155+0000] {logging_mixin.py:149} INFO - [2024-06-04T21:49:24.154+0000] {dag.py:3490} INFO - Setting next_dagrun for example_task_group to 2024-06-03T21:49:24.154383+00:00, run_after=2024-06-04T21:49:24.154383+00:00
[2024-06-04T21:49:24.274+0000] {processor.py:178} INFO - Processing /home/airflow/.local/lib/python3.7/site-packages/airflow/example_dags/example_task_group.py took 0.326 seconds
[2024-06-04T21:49:54.445+0000] {processor.py:156} INFO - Started process (PID=781) to work on /home/airflow/.local/lib/python3.7/site-packages/airflow/example_dags/example_task_group.py
[2024-06-04T21:49:54.448+0000] {processor.py:799} INFO - Processing file /home/airflow/.local/lib/python3.7/site-packages/airflow/example_dags/example_task_group.py for tasks to queue
[2024-06-04T21:49:54.451+0000] {logging_mixin.py:149} INFO - [2024-06-04T21:49:54.450+0000] {dagbag.py:541} INFO - Filling up the DagBag from /home/airflow/.local/lib/python3.7/site-packages/airflow/example_dags/example_task_group.py
[2024-06-04T21:49:54.465+0000] {processor.py:809} INFO - DAG(s) dict_keys(['example_task_group']) retrieved from /home/airflow/.local/lib/python3.7/site-packages/airflow/example_dags/example_task_group.py
[2024-06-04T21:49:54.503+0000] {logging_mixin.py:149} INFO - [2024-06-04T21:49:54.502+0000] {dag.py:2726} INFO - Sync 1 DAGs
[2024-06-04T21:49:54.541+0000] {logging_mixin.py:149} INFO - [2024-06-04T21:49:54.540+0000] {dag.py:3490} INFO - Setting next_dagrun for example_task_group to 2024-06-03T21:49:54.540644+00:00, run_after=2024-06-04T21:49:54.540644+00:00
[2024-06-04T21:49:54.581+0000] {processor.py:178} INFO - Processing /home/airflow/.local/lib/python3.7/site-packages/airflow/example_dags/example_task_group.py took 0.141 seconds
[2024-06-04T21:50:24.961+0000] {processor.py:156} INFO - Started process (PID=837) to work on /home/airflow/.local/lib/python3.7/site-packages/airflow/example_dags/example_task_group.py
[2024-06-04T21:50:24.963+0000] {processor.py:799} INFO - Processing file /home/airflow/.local/lib/python3.7/site-packages/airflow/example_dags/example_task_group.py for tasks to queue
[2024-06-04T21:50:24.965+0000] {logging_mixin.py:149} INFO - [2024-06-04T21:50:24.964+0000] {dagbag.py:541} INFO - Filling up the DagBag from /home/airflow/.local/lib/python3.7/site-packages/airflow/example_dags/example_task_group.py
[2024-06-04T21:50:24.983+0000] {processor.py:809} INFO - DAG(s) dict_keys(['example_task_group']) retrieved from /home/airflow/.local/lib/python3.7/site-packages/airflow/example_dags/example_task_group.py
[2024-06-04T21:50:25.026+0000] {logging_mixin.py:149} INFO - [2024-06-04T21:50:25.026+0000] {dag.py:2726} INFO - Sync 1 DAGs
[2024-06-04T21:50:25.075+0000] {logging_mixin.py:149} INFO - [2024-06-04T21:50:25.074+0000] {dag.py:3490} INFO - Setting next_dagrun for example_task_group to 2024-06-03T21:50:25.074287+00:00, run_after=2024-06-04T21:50:25.074287+00:00
[2024-06-04T21:50:25.116+0000] {processor.py:178} INFO - Processing /home/airflow/.local/lib/python3.7/site-packages/airflow/example_dags/example_task_group.py took 0.161 seconds
[2024-06-04T21:50:55.409+0000] {processor.py:156} INFO - Started process (PID=893) to work on /home/airflow/.local/lib/python3.7/site-packages/airflow/example_dags/example_task_group.py
[2024-06-04T21:50:55.414+0000] {processor.py:799} INFO - Processing file /home/airflow/.local/lib/python3.7/site-packages/airflow/example_dags/example_task_group.py for tasks to queue
[2024-06-04T21:50:55.419+0000] {logging_mixin.py:149} INFO - [2024-06-04T21:50:55.418+0000] {dagbag.py:541} INFO - Filling up the DagBag from /home/airflow/.local/lib/python3.7/site-packages/airflow/example_dags/example_task_group.py
[2024-06-04T21:50:55.438+0000] {processor.py:809} INFO - DAG(s) dict_keys(['example_task_group']) retrieved from /home/airflow/.local/lib/python3.7/site-packages/airflow/example_dags/example_task_group.py
[2024-06-04T21:50:55.535+0000] {logging_mixin.py:149} INFO - [2024-06-04T21:50:55.535+0000] {dag.py:2726} INFO - Sync 1 DAGs
[2024-06-04T21:50:55.595+0000] {logging_mixin.py:149} INFO - [2024-06-04T21:50:55.594+0000] {dag.py:3490} INFO - Setting next_dagrun for example_task_group to 2024-06-03T21:50:55.594497+00:00, run_after=2024-06-04T21:50:55.594497+00:00
[2024-06-04T21:50:55.652+0000] {processor.py:178} INFO - Processing /home/airflow/.local/lib/python3.7/site-packages/airflow/example_dags/example_task_group.py took 0.256 seconds
[2024-06-04T21:51:26.424+0000] {processor.py:156} INFO - Started process (PID=948) to work on /home/airflow/.local/lib/python3.7/site-packages/airflow/example_dags/example_task_group.py
[2024-06-04T21:51:26.426+0000] {processor.py:799} INFO - Processing file /home/airflow/.local/lib/python3.7/site-packages/airflow/example_dags/example_task_group.py for tasks to queue
[2024-06-04T21:51:26.429+0000] {logging_mixin.py:149} INFO - [2024-06-04T21:51:26.428+0000] {dagbag.py:541} INFO - Filling up the DagBag from /home/airflow/.local/lib/python3.7/site-packages/airflow/example_dags/example_task_group.py
[2024-06-04T21:51:26.447+0000] {processor.py:809} INFO - DAG(s) dict_keys(['example_task_group']) retrieved from /home/airflow/.local/lib/python3.7/site-packages/airflow/example_dags/example_task_group.py
[2024-06-04T21:51:26.493+0000] {logging_mixin.py:149} INFO - [2024-06-04T21:51:26.493+0000] {dag.py:2726} INFO - Sync 1 DAGs
[2024-06-04T21:51:26.541+0000] {logging_mixin.py:149} INFO - [2024-06-04T21:51:26.540+0000] {dag.py:3490} INFO - Setting next_dagrun for example_task_group to 2024-06-03T21:51:26.540380+00:00, run_after=2024-06-04T21:51:26.540380+00:00
[2024-06-04T21:51:26.587+0000] {processor.py:178} INFO - Processing /home/airflow/.local/lib/python3.7/site-packages/airflow/example_dags/example_task_group.py took 0.171 seconds
