[2024-06-04T21:41:50.188+0000] {processor.py:156} INFO - Started process (PID=39) to work on /home/airflow/.local/lib/python3.7/site-packages/airflow/example_dags/example_sensors.py
[2024-06-04T21:41:50.198+0000] {processor.py:799} INFO - Processing file /home/airflow/.local/lib/python3.7/site-packages/airflow/example_dags/example_sensors.py for tasks to queue
[2024-06-04T21:41:50.229+0000] {logging_mixin.py:149} INFO - [2024-06-04T21:41:50.209+0000] {dagbag.py:541} INFO - Filling up the DagBag from /home/airflow/.local/lib/python3.7/site-packages/airflow/example_dags/example_sensors.py
[2024-06-04T21:41:50.393+0000] {processor.py:809} INFO - DAG(s) dict_keys(['example_sensors']) retrieved from /home/airflow/.local/lib/python3.7/site-packages/airflow/example_dags/example_sensors.py
[2024-06-04T21:41:54.227+0000] {logging_mixin.py:149} INFO - [2024-06-04T21:41:54.227+0000] {manager.py:504} INFO - Created Permission View: can delete on DAG:example_sensors
[2024-06-04T21:41:54.423+0000] {logging_mixin.py:149} INFO - [2024-06-04T21:41:54.419+0000] {manager.py:504} INFO - Created Permission View: can read on DAG:example_sensors
[2024-06-04T21:41:54.525+0000] {logging_mixin.py:149} INFO - [2024-06-04T21:41:54.525+0000] {manager.py:504} INFO - Created Permission View: can edit on DAG:example_sensors
[2024-06-04T21:41:54.532+0000] {logging_mixin.py:149} INFO - [2024-06-04T21:41:54.531+0000] {dag.py:2726} INFO - Sync 1 DAGs
[2024-06-04T21:41:54.728+0000] {logging_mixin.py:149} INFO - [2024-06-04T21:41:54.728+0000] {dag.py:2747} INFO - Creating ORM DAG for example_sensors
[2024-06-04T21:41:54.922+0000] {logging_mixin.py:149} INFO - [2024-06-04T21:41:54.922+0000] {dag.py:3490} INFO - Setting next_dagrun for example_sensors to None, run_after=None
[2024-06-04T21:41:55.163+0000] {processor.py:178} INFO - Processing /home/airflow/.local/lib/python3.7/site-packages/airflow/example_dags/example_sensors.py took 5.018 seconds
[2024-06-04T21:43:41.337+0000] {processor.py:156} INFO - Started process (PID=115) to work on /home/airflow/.local/lib/python3.7/site-packages/airflow/example_dags/example_sensors.py
[2024-06-04T21:43:41.352+0000] {processor.py:799} INFO - Processing file /home/airflow/.local/lib/python3.7/site-packages/airflow/example_dags/example_sensors.py for tasks to queue
[2024-06-04T21:43:41.367+0000] {logging_mixin.py:149} INFO - [2024-06-04T21:43:41.366+0000] {dagbag.py:541} INFO - Filling up the DagBag from /home/airflow/.local/lib/python3.7/site-packages/airflow/example_dags/example_sensors.py
[2024-06-04T21:43:41.498+0000] {processor.py:809} INFO - DAG(s) dict_keys(['example_sensors']) retrieved from /home/airflow/.local/lib/python3.7/site-packages/airflow/example_dags/example_sensors.py
[2024-06-04T21:43:42.041+0000] {logging_mixin.py:149} INFO - [2024-06-04T21:43:42.041+0000] {dag.py:2726} INFO - Sync 1 DAGs
[2024-06-04T21:43:42.575+0000] {logging_mixin.py:149} INFO - [2024-06-04T21:43:42.570+0000] {dag.py:3490} INFO - Setting next_dagrun for example_sensors to None, run_after=None
[2024-06-04T21:43:43.093+0000] {processor.py:178} INFO - Processing /home/airflow/.local/lib/python3.7/site-packages/airflow/example_dags/example_sensors.py took 1.828 seconds
[2024-06-04T21:44:13.491+0000] {processor.py:156} INFO - Started process (PID=165) to work on /home/airflow/.local/lib/python3.7/site-packages/airflow/example_dags/example_sensors.py
[2024-06-04T21:44:13.496+0000] {processor.py:799} INFO - Processing file /home/airflow/.local/lib/python3.7/site-packages/airflow/example_dags/example_sensors.py for tasks to queue
[2024-06-04T21:44:13.500+0000] {logging_mixin.py:149} INFO - [2024-06-04T21:44:13.499+0000] {dagbag.py:541} INFO - Filling up the DagBag from /home/airflow/.local/lib/python3.7/site-packages/airflow/example_dags/example_sensors.py
[2024-06-04T21:44:13.592+0000] {processor.py:809} INFO - DAG(s) dict_keys(['example_sensors']) retrieved from /home/airflow/.local/lib/python3.7/site-packages/airflow/example_dags/example_sensors.py
[2024-06-04T21:44:13.812+0000] {logging_mixin.py:149} INFO - [2024-06-04T21:44:13.812+0000] {dag.py:2726} INFO - Sync 1 DAGs
[2024-06-04T21:44:14.192+0000] {logging_mixin.py:149} INFO - [2024-06-04T21:44:14.188+0000] {dag.py:3490} INFO - Setting next_dagrun for example_sensors to None, run_after=None
[2024-06-04T21:44:14.481+0000] {processor.py:178} INFO - Processing /home/airflow/.local/lib/python3.7/site-packages/airflow/example_dags/example_sensors.py took 1.012 seconds
[2024-06-04T21:44:45.262+0000] {processor.py:156} INFO - Started process (PID=221) to work on /home/airflow/.local/lib/python3.7/site-packages/airflow/example_dags/example_sensors.py
[2024-06-04T21:44:45.264+0000] {processor.py:799} INFO - Processing file /home/airflow/.local/lib/python3.7/site-packages/airflow/example_dags/example_sensors.py for tasks to queue
[2024-06-04T21:44:45.267+0000] {logging_mixin.py:149} INFO - [2024-06-04T21:44:45.266+0000] {dagbag.py:541} INFO - Filling up the DagBag from /home/airflow/.local/lib/python3.7/site-packages/airflow/example_dags/example_sensors.py
[2024-06-04T21:44:45.282+0000] {processor.py:809} INFO - DAG(s) dict_keys(['example_sensors']) retrieved from /home/airflow/.local/lib/python3.7/site-packages/airflow/example_dags/example_sensors.py
[2024-06-04T21:44:45.334+0000] {logging_mixin.py:149} INFO - [2024-06-04T21:44:45.334+0000] {dag.py:2726} INFO - Sync 1 DAGs
[2024-06-04T21:44:45.375+0000] {logging_mixin.py:149} INFO - [2024-06-04T21:44:45.374+0000] {dag.py:3490} INFO - Setting next_dagrun for example_sensors to None, run_after=None
[2024-06-04T21:44:45.407+0000] {processor.py:178} INFO - Processing /home/airflow/.local/lib/python3.7/site-packages/airflow/example_dags/example_sensors.py took 0.150 seconds
[2024-06-04T21:45:15.810+0000] {processor.py:156} INFO - Started process (PID=277) to work on /home/airflow/.local/lib/python3.7/site-packages/airflow/example_dags/example_sensors.py
[2024-06-04T21:45:15.812+0000] {processor.py:799} INFO - Processing file /home/airflow/.local/lib/python3.7/site-packages/airflow/example_dags/example_sensors.py for tasks to queue
[2024-06-04T21:45:15.814+0000] {logging_mixin.py:149} INFO - [2024-06-04T21:45:15.813+0000] {dagbag.py:541} INFO - Filling up the DagBag from /home/airflow/.local/lib/python3.7/site-packages/airflow/example_dags/example_sensors.py
[2024-06-04T21:45:15.831+0000] {processor.py:809} INFO - DAG(s) dict_keys(['example_sensors']) retrieved from /home/airflow/.local/lib/python3.7/site-packages/airflow/example_dags/example_sensors.py
[2024-06-04T21:45:15.881+0000] {logging_mixin.py:149} INFO - [2024-06-04T21:45:15.881+0000] {dag.py:2726} INFO - Sync 1 DAGs
[2024-06-04T21:45:15.937+0000] {logging_mixin.py:149} INFO - [2024-06-04T21:45:15.936+0000] {dag.py:3490} INFO - Setting next_dagrun for example_sensors to None, run_after=None
[2024-06-04T21:45:15.976+0000] {processor.py:178} INFO - Processing /home/airflow/.local/lib/python3.7/site-packages/airflow/example_dags/example_sensors.py took 0.173 seconds
[2024-06-04T21:45:46.429+0000] {processor.py:156} INFO - Started process (PID=332) to work on /home/airflow/.local/lib/python3.7/site-packages/airflow/example_dags/example_sensors.py
[2024-06-04T21:45:46.431+0000] {processor.py:799} INFO - Processing file /home/airflow/.local/lib/python3.7/site-packages/airflow/example_dags/example_sensors.py for tasks to queue
[2024-06-04T21:45:46.433+0000] {logging_mixin.py:149} INFO - [2024-06-04T21:45:46.432+0000] {dagbag.py:541} INFO - Filling up the DagBag from /home/airflow/.local/lib/python3.7/site-packages/airflow/example_dags/example_sensors.py
[2024-06-04T21:45:46.450+0000] {processor.py:809} INFO - DAG(s) dict_keys(['example_sensors']) retrieved from /home/airflow/.local/lib/python3.7/site-packages/airflow/example_dags/example_sensors.py
[2024-06-04T21:45:46.516+0000] {logging_mixin.py:149} INFO - [2024-06-04T21:45:46.515+0000] {dag.py:2726} INFO - Sync 1 DAGs
[2024-06-04T21:45:46.568+0000] {logging_mixin.py:149} INFO - [2024-06-04T21:45:46.567+0000] {dag.py:3490} INFO - Setting next_dagrun for example_sensors to None, run_after=None
[2024-06-04T21:45:46.614+0000] {processor.py:178} INFO - Processing /home/airflow/.local/lib/python3.7/site-packages/airflow/example_dags/example_sensors.py took 0.190 seconds
[2024-06-04T21:46:17.751+0000] {processor.py:156} INFO - Started process (PID=388) to work on /home/airflow/.local/lib/python3.7/site-packages/airflow/example_dags/example_sensors.py
[2024-06-04T21:46:17.754+0000] {processor.py:799} INFO - Processing file /home/airflow/.local/lib/python3.7/site-packages/airflow/example_dags/example_sensors.py for tasks to queue
[2024-06-04T21:46:17.760+0000] {logging_mixin.py:149} INFO - [2024-06-04T21:46:17.759+0000] {dagbag.py:541} INFO - Filling up the DagBag from /home/airflow/.local/lib/python3.7/site-packages/airflow/example_dags/example_sensors.py
[2024-06-04T21:46:17.866+0000] {processor.py:809} INFO - DAG(s) dict_keys(['example_sensors']) retrieved from /home/airflow/.local/lib/python3.7/site-packages/airflow/example_dags/example_sensors.py
[2024-06-04T21:46:18.091+0000] {logging_mixin.py:149} INFO - [2024-06-04T21:46:18.091+0000] {dag.py:2726} INFO - Sync 1 DAGs
[2024-06-04T21:46:18.231+0000] {logging_mixin.py:149} INFO - [2024-06-04T21:46:18.231+0000] {dag.py:3490} INFO - Setting next_dagrun for example_sensors to None, run_after=None
[2024-06-04T21:46:18.369+0000] {processor.py:178} INFO - Processing /home/airflow/.local/lib/python3.7/site-packages/airflow/example_dags/example_sensors.py took 0.632 seconds
[2024-06-04T21:46:48.896+0000] {processor.py:156} INFO - Started process (PID=443) to work on /home/airflow/.local/lib/python3.7/site-packages/airflow/example_dags/example_sensors.py
[2024-06-04T21:46:48.898+0000] {processor.py:799} INFO - Processing file /home/airflow/.local/lib/python3.7/site-packages/airflow/example_dags/example_sensors.py for tasks to queue
[2024-06-04T21:46:48.901+0000] {logging_mixin.py:149} INFO - [2024-06-04T21:46:48.900+0000] {dagbag.py:541} INFO - Filling up the DagBag from /home/airflow/.local/lib/python3.7/site-packages/airflow/example_dags/example_sensors.py
[2024-06-04T21:46:48.931+0000] {processor.py:809} INFO - DAG(s) dict_keys(['example_sensors']) retrieved from /home/airflow/.local/lib/python3.7/site-packages/airflow/example_dags/example_sensors.py
[2024-06-04T21:46:48.990+0000] {logging_mixin.py:149} INFO - [2024-06-04T21:46:48.990+0000] {dag.py:2726} INFO - Sync 1 DAGs
[2024-06-04T21:46:49.050+0000] {logging_mixin.py:149} INFO - [2024-06-04T21:46:49.050+0000] {dag.py:3490} INFO - Setting next_dagrun for example_sensors to None, run_after=None
[2024-06-04T21:46:49.103+0000] {processor.py:178} INFO - Processing /home/airflow/.local/lib/python3.7/site-packages/airflow/example_dags/example_sensors.py took 0.213 seconds
[2024-06-04T21:47:19.327+0000] {processor.py:156} INFO - Started process (PID=499) to work on /home/airflow/.local/lib/python3.7/site-packages/airflow/example_dags/example_sensors.py
[2024-06-04T21:47:19.328+0000] {processor.py:799} INFO - Processing file /home/airflow/.local/lib/python3.7/site-packages/airflow/example_dags/example_sensors.py for tasks to queue
[2024-06-04T21:47:19.330+0000] {logging_mixin.py:149} INFO - [2024-06-04T21:47:19.330+0000] {dagbag.py:541} INFO - Filling up the DagBag from /home/airflow/.local/lib/python3.7/site-packages/airflow/example_dags/example_sensors.py
[2024-06-04T21:47:19.345+0000] {processor.py:809} INFO - DAG(s) dict_keys(['example_sensors']) retrieved from /home/airflow/.local/lib/python3.7/site-packages/airflow/example_dags/example_sensors.py
[2024-06-04T21:47:19.387+0000] {logging_mixin.py:149} INFO - [2024-06-04T21:47:19.387+0000] {dag.py:2726} INFO - Sync 1 DAGs
[2024-06-04T21:47:19.437+0000] {logging_mixin.py:149} INFO - [2024-06-04T21:47:19.436+0000] {dag.py:3490} INFO - Setting next_dagrun for example_sensors to None, run_after=None
[2024-06-04T21:47:19.487+0000] {processor.py:178} INFO - Processing /home/airflow/.local/lib/python3.7/site-packages/airflow/example_dags/example_sensors.py took 0.165 seconds
[2024-06-04T21:47:49.936+0000] {processor.py:156} INFO - Started process (PID=555) to work on /home/airflow/.local/lib/python3.7/site-packages/airflow/example_dags/example_sensors.py
[2024-06-04T21:47:49.948+0000] {processor.py:799} INFO - Processing file /home/airflow/.local/lib/python3.7/site-packages/airflow/example_dags/example_sensors.py for tasks to queue
[2024-06-04T21:47:49.965+0000] {logging_mixin.py:149} INFO - [2024-06-04T21:47:49.960+0000] {dagbag.py:541} INFO - Filling up the DagBag from /home/airflow/.local/lib/python3.7/site-packages/airflow/example_dags/example_sensors.py
[2024-06-04T21:47:50.015+0000] {processor.py:809} INFO - DAG(s) dict_keys(['example_sensors']) retrieved from /home/airflow/.local/lib/python3.7/site-packages/airflow/example_dags/example_sensors.py
[2024-06-04T21:47:50.169+0000] {logging_mixin.py:149} INFO - [2024-06-04T21:47:50.168+0000] {dag.py:2726} INFO - Sync 1 DAGs
[2024-06-04T21:47:50.291+0000] {logging_mixin.py:149} INFO - [2024-06-04T21:47:50.291+0000] {dag.py:3490} INFO - Setting next_dagrun for example_sensors to None, run_after=None
[2024-06-04T21:47:50.379+0000] {processor.py:178} INFO - Processing /home/airflow/.local/lib/python3.7/site-packages/airflow/example_dags/example_sensors.py took 0.449 seconds
[2024-06-04T21:48:20.842+0000] {processor.py:156} INFO - Started process (PID=611) to work on /home/airflow/.local/lib/python3.7/site-packages/airflow/example_dags/example_sensors.py
[2024-06-04T21:48:20.844+0000] {processor.py:799} INFO - Processing file /home/airflow/.local/lib/python3.7/site-packages/airflow/example_dags/example_sensors.py for tasks to queue
[2024-06-04T21:48:20.847+0000] {logging_mixin.py:149} INFO - [2024-06-04T21:48:20.847+0000] {dagbag.py:541} INFO - Filling up the DagBag from /home/airflow/.local/lib/python3.7/site-packages/airflow/example_dags/example_sensors.py
[2024-06-04T21:48:20.894+0000] {processor.py:809} INFO - DAG(s) dict_keys(['example_sensors']) retrieved from /home/airflow/.local/lib/python3.7/site-packages/airflow/example_dags/example_sensors.py
[2024-06-04T21:48:21.009+0000] {logging_mixin.py:149} INFO - [2024-06-04T21:48:21.009+0000] {dag.py:2726} INFO - Sync 1 DAGs
[2024-06-04T21:48:21.138+0000] {logging_mixin.py:149} INFO - [2024-06-04T21:48:21.138+0000] {dag.py:3490} INFO - Setting next_dagrun for example_sensors to None, run_after=None
[2024-06-04T21:48:21.243+0000] {processor.py:178} INFO - Processing /home/airflow/.local/lib/python3.7/site-packages/airflow/example_dags/example_sensors.py took 0.413 seconds
[2024-06-04T21:48:51.673+0000] {processor.py:156} INFO - Started process (PID=666) to work on /home/airflow/.local/lib/python3.7/site-packages/airflow/example_dags/example_sensors.py
[2024-06-04T21:48:51.677+0000] {processor.py:799} INFO - Processing file /home/airflow/.local/lib/python3.7/site-packages/airflow/example_dags/example_sensors.py for tasks to queue
[2024-06-04T21:48:51.684+0000] {logging_mixin.py:149} INFO - [2024-06-04T21:48:51.683+0000] {dagbag.py:541} INFO - Filling up the DagBag from /home/airflow/.local/lib/python3.7/site-packages/airflow/example_dags/example_sensors.py
[2024-06-04T21:48:51.719+0000] {processor.py:809} INFO - DAG(s) dict_keys(['example_sensors']) retrieved from /home/airflow/.local/lib/python3.7/site-packages/airflow/example_dags/example_sensors.py
[2024-06-04T21:48:51.782+0000] {logging_mixin.py:149} INFO - [2024-06-04T21:48:51.782+0000] {dag.py:2726} INFO - Sync 1 DAGs
[2024-06-04T21:48:51.855+0000] {logging_mixin.py:149} INFO - [2024-06-04T21:48:51.855+0000] {dag.py:3490} INFO - Setting next_dagrun for example_sensors to None, run_after=None
[2024-06-04T21:48:51.920+0000] {processor.py:178} INFO - Processing /home/airflow/.local/lib/python3.7/site-packages/airflow/example_dags/example_sensors.py took 0.252 seconds
[2024-06-04T21:49:22.686+0000] {processor.py:156} INFO - Started process (PID=723) to work on /home/airflow/.local/lib/python3.7/site-packages/airflow/example_dags/example_sensors.py
[2024-06-04T21:49:22.689+0000] {processor.py:799} INFO - Processing file /home/airflow/.local/lib/python3.7/site-packages/airflow/example_dags/example_sensors.py for tasks to queue
[2024-06-04T21:49:22.692+0000] {logging_mixin.py:149} INFO - [2024-06-04T21:49:22.691+0000] {dagbag.py:541} INFO - Filling up the DagBag from /home/airflow/.local/lib/python3.7/site-packages/airflow/example_dags/example_sensors.py
[2024-06-04T21:49:22.719+0000] {processor.py:809} INFO - DAG(s) dict_keys(['example_sensors']) retrieved from /home/airflow/.local/lib/python3.7/site-packages/airflow/example_dags/example_sensors.py
[2024-06-04T21:49:22.791+0000] {logging_mixin.py:149} INFO - [2024-06-04T21:49:22.791+0000] {dag.py:2726} INFO - Sync 1 DAGs
[2024-06-04T21:49:22.845+0000] {logging_mixin.py:149} INFO - [2024-06-04T21:49:22.845+0000] {dag.py:3490} INFO - Setting next_dagrun for example_sensors to None, run_after=None
[2024-06-04T21:49:22.975+0000] {processor.py:178} INFO - Processing /home/airflow/.local/lib/python3.7/site-packages/airflow/example_dags/example_sensors.py took 0.294 seconds
[2024-06-04T21:49:53.106+0000] {processor.py:156} INFO - Started process (PID=779) to work on /home/airflow/.local/lib/python3.7/site-packages/airflow/example_dags/example_sensors.py
[2024-06-04T21:49:53.108+0000] {processor.py:799} INFO - Processing file /home/airflow/.local/lib/python3.7/site-packages/airflow/example_dags/example_sensors.py for tasks to queue
[2024-06-04T21:49:53.111+0000] {logging_mixin.py:149} INFO - [2024-06-04T21:49:53.110+0000] {dagbag.py:541} INFO - Filling up the DagBag from /home/airflow/.local/lib/python3.7/site-packages/airflow/example_dags/example_sensors.py
[2024-06-04T21:49:53.126+0000] {processor.py:809} INFO - DAG(s) dict_keys(['example_sensors']) retrieved from /home/airflow/.local/lib/python3.7/site-packages/airflow/example_dags/example_sensors.py
[2024-06-04T21:49:53.169+0000] {logging_mixin.py:149} INFO - [2024-06-04T21:49:53.168+0000] {dag.py:2726} INFO - Sync 1 DAGs
[2024-06-04T21:49:53.218+0000] {logging_mixin.py:149} INFO - [2024-06-04T21:49:53.218+0000] {dag.py:3490} INFO - Setting next_dagrun for example_sensors to None, run_after=None
[2024-06-04T21:49:53.254+0000] {processor.py:178} INFO - Processing /home/airflow/.local/lib/python3.7/site-packages/airflow/example_dags/example_sensors.py took 0.151 seconds
[2024-06-04T21:50:23.938+0000] {processor.py:156} INFO - Started process (PID=835) to work on /home/airflow/.local/lib/python3.7/site-packages/airflow/example_dags/example_sensors.py
[2024-06-04T21:50:23.940+0000] {processor.py:799} INFO - Processing file /home/airflow/.local/lib/python3.7/site-packages/airflow/example_dags/example_sensors.py for tasks to queue
[2024-06-04T21:50:23.942+0000] {logging_mixin.py:149} INFO - [2024-06-04T21:50:23.942+0000] {dagbag.py:541} INFO - Filling up the DagBag from /home/airflow/.local/lib/python3.7/site-packages/airflow/example_dags/example_sensors.py
[2024-06-04T21:50:23.956+0000] {processor.py:809} INFO - DAG(s) dict_keys(['example_sensors']) retrieved from /home/airflow/.local/lib/python3.7/site-packages/airflow/example_dags/example_sensors.py
[2024-06-04T21:50:23.997+0000] {logging_mixin.py:149} INFO - [2024-06-04T21:50:23.996+0000] {dag.py:2726} INFO - Sync 1 DAGs
[2024-06-04T21:50:24.035+0000] {logging_mixin.py:149} INFO - [2024-06-04T21:50:24.035+0000] {dag.py:3490} INFO - Setting next_dagrun for example_sensors to None, run_after=None
[2024-06-04T21:50:24.068+0000] {processor.py:178} INFO - Processing /home/airflow/.local/lib/python3.7/site-packages/airflow/example_dags/example_sensors.py took 0.136 seconds
[2024-06-04T21:50:54.463+0000] {processor.py:156} INFO - Started process (PID=891) to work on /home/airflow/.local/lib/python3.7/site-packages/airflow/example_dags/example_sensors.py
[2024-06-04T21:50:54.504+0000] {processor.py:799} INFO - Processing file /home/airflow/.local/lib/python3.7/site-packages/airflow/example_dags/example_sensors.py for tasks to queue
[2024-06-04T21:50:54.542+0000] {logging_mixin.py:149} INFO - [2024-06-04T21:50:54.533+0000] {dagbag.py:541} INFO - Filling up the DagBag from /home/airflow/.local/lib/python3.7/site-packages/airflow/example_dags/example_sensors.py
[2024-06-04T21:50:54.602+0000] {processor.py:809} INFO - DAG(s) dict_keys(['example_sensors']) retrieved from /home/airflow/.local/lib/python3.7/site-packages/airflow/example_dags/example_sensors.py
[2024-06-04T21:50:54.834+0000] {logging_mixin.py:149} INFO - [2024-06-04T21:50:54.834+0000] {dag.py:2726} INFO - Sync 1 DAGs
[2024-06-04T21:50:55.137+0000] {logging_mixin.py:149} INFO - [2024-06-04T21:50:55.136+0000] {dag.py:3490} INFO - Setting next_dagrun for example_sensors to None, run_after=None
[2024-06-04T21:50:55.268+0000] {processor.py:178} INFO - Processing /home/airflow/.local/lib/python3.7/site-packages/airflow/example_dags/example_sensors.py took 0.868 seconds
[2024-06-04T21:51:25.389+0000] {processor.py:156} INFO - Started process (PID=946) to work on /home/airflow/.local/lib/python3.7/site-packages/airflow/example_dags/example_sensors.py
[2024-06-04T21:51:25.390+0000] {processor.py:799} INFO - Processing file /home/airflow/.local/lib/python3.7/site-packages/airflow/example_dags/example_sensors.py for tasks to queue
[2024-06-04T21:51:25.392+0000] {logging_mixin.py:149} INFO - [2024-06-04T21:51:25.392+0000] {dagbag.py:541} INFO - Filling up the DagBag from /home/airflow/.local/lib/python3.7/site-packages/airflow/example_dags/example_sensors.py
[2024-06-04T21:51:25.409+0000] {processor.py:809} INFO - DAG(s) dict_keys(['example_sensors']) retrieved from /home/airflow/.local/lib/python3.7/site-packages/airflow/example_dags/example_sensors.py
[2024-06-04T21:51:25.451+0000] {logging_mixin.py:149} INFO - [2024-06-04T21:51:25.451+0000] {dag.py:2726} INFO - Sync 1 DAGs
[2024-06-04T21:51:25.488+0000] {logging_mixin.py:149} INFO - [2024-06-04T21:51:25.488+0000] {dag.py:3490} INFO - Setting next_dagrun for example_sensors to None, run_after=None
[2024-06-04T21:51:25.527+0000] {processor.py:178} INFO - Processing /home/airflow/.local/lib/python3.7/site-packages/airflow/example_dags/example_sensors.py took 0.143 seconds
