[2024-06-04T21:43:09.305+0000] {processor.py:156} INFO - Started process (PID=83) to work on /home/airflow/.local/lib/python3.7/site-packages/airflow/example_dags/example_kubernetes_executor.py
[2024-06-04T21:43:09.316+0000] {processor.py:799} INFO - Processing file /home/airflow/.local/lib/python3.7/site-packages/airflow/example_dags/example_kubernetes_executor.py for tasks to queue
[2024-06-04T21:43:09.365+0000] {logging_mixin.py:149} INFO - [2024-06-04T21:43:09.328+0000] {dagbag.py:541} INFO - Filling up the DagBag from /home/airflow/.local/lib/python3.7/site-packages/airflow/example_dags/example_kubernetes_executor.py
[2024-06-04T21:43:24.293+0000] {processor.py:809} INFO - DAG(s) dict_keys(['example_kubernetes_executor']) retrieved from /home/airflow/.local/lib/python3.7/site-packages/airflow/example_dags/example_kubernetes_executor.py
[2024-06-04T21:43:24.414+0000] {logging_mixin.py:149} INFO - [2024-06-04T21:43:24.414+0000] {dag.py:2726} INFO - Sync 1 DAGs
[2024-06-04T21:43:24.770+0000] {logging_mixin.py:149} INFO - [2024-06-04T21:43:24.770+0000] {dag.py:2747} INFO - Creating ORM DAG for example_kubernetes_executor
[2024-06-04T21:43:24.923+0000] {logging_mixin.py:149} INFO - [2024-06-04T21:43:24.922+0000] {dag.py:3490} INFO - Setting next_dagrun for example_kubernetes_executor to None, run_after=None
[2024-06-04T21:43:25.722+0000] {processor.py:178} INFO - Processing /home/airflow/.local/lib/python3.7/site-packages/airflow/example_dags/example_kubernetes_executor.py took 16.526 seconds
[2024-06-04T21:43:57.566+0000] {processor.py:156} INFO - Started process (PID=139) to work on /home/airflow/.local/lib/python3.7/site-packages/airflow/example_dags/example_kubernetes_executor.py
[2024-06-04T21:43:57.572+0000] {processor.py:799} INFO - Processing file /home/airflow/.local/lib/python3.7/site-packages/airflow/example_dags/example_kubernetes_executor.py for tasks to queue
[2024-06-04T21:43:57.583+0000] {logging_mixin.py:149} INFO - [2024-06-04T21:43:57.582+0000] {dagbag.py:541} INFO - Filling up the DagBag from /home/airflow/.local/lib/python3.7/site-packages/airflow/example_dags/example_kubernetes_executor.py
[2024-06-04T21:43:58.813+0000] {processor.py:809} INFO - DAG(s) dict_keys(['example_kubernetes_executor']) retrieved from /home/airflow/.local/lib/python3.7/site-packages/airflow/example_dags/example_kubernetes_executor.py
[2024-06-04T21:43:58.986+0000] {logging_mixin.py:149} INFO - [2024-06-04T21:43:58.986+0000] {dag.py:2726} INFO - Sync 1 DAGs
[2024-06-04T21:43:59.249+0000] {logging_mixin.py:149} INFO - [2024-06-04T21:43:59.248+0000] {dag.py:3490} INFO - Setting next_dagrun for example_kubernetes_executor to None, run_after=None
[2024-06-04T21:43:59.489+0000] {processor.py:178} INFO - Processing /home/airflow/.local/lib/python3.7/site-packages/airflow/example_dags/example_kubernetes_executor.py took 1.949 seconds
[2024-06-04T21:44:29.777+0000] {processor.py:156} INFO - Started process (PID=194) to work on /home/airflow/.local/lib/python3.7/site-packages/airflow/example_dags/example_kubernetes_executor.py
[2024-06-04T21:44:29.779+0000] {processor.py:799} INFO - Processing file /home/airflow/.local/lib/python3.7/site-packages/airflow/example_dags/example_kubernetes_executor.py for tasks to queue
[2024-06-04T21:44:29.781+0000] {logging_mixin.py:149} INFO - [2024-06-04T21:44:29.781+0000] {dagbag.py:541} INFO - Filling up the DagBag from /home/airflow/.local/lib/python3.7/site-packages/airflow/example_dags/example_kubernetes_executor.py
[2024-06-04T21:44:30.270+0000] {processor.py:809} INFO - DAG(s) dict_keys(['example_kubernetes_executor']) retrieved from /home/airflow/.local/lib/python3.7/site-packages/airflow/example_dags/example_kubernetes_executor.py
[2024-06-04T21:44:30.343+0000] {logging_mixin.py:149} INFO - [2024-06-04T21:44:30.343+0000] {dag.py:2726} INFO - Sync 1 DAGs
[2024-06-04T21:44:30.404+0000] {logging_mixin.py:149} INFO - [2024-06-04T21:44:30.404+0000] {dag.py:3490} INFO - Setting next_dagrun for example_kubernetes_executor to None, run_after=None
[2024-06-04T21:44:30.457+0000] {processor.py:178} INFO - Processing /home/airflow/.local/lib/python3.7/site-packages/airflow/example_dags/example_kubernetes_executor.py took 0.686 seconds
[2024-06-04T21:45:02.067+0000] {processor.py:156} INFO - Started process (PID=250) to work on /home/airflow/.local/lib/python3.7/site-packages/airflow/example_dags/example_kubernetes_executor.py
[2024-06-04T21:45:02.073+0000] {processor.py:799} INFO - Processing file /home/airflow/.local/lib/python3.7/site-packages/airflow/example_dags/example_kubernetes_executor.py for tasks to queue
[2024-06-04T21:45:02.078+0000] {logging_mixin.py:149} INFO - [2024-06-04T21:45:02.077+0000] {dagbag.py:541} INFO - Filling up the DagBag from /home/airflow/.local/lib/python3.7/site-packages/airflow/example_dags/example_kubernetes_executor.py
[2024-06-04T21:45:03.184+0000] {processor.py:809} INFO - DAG(s) dict_keys(['example_kubernetes_executor']) retrieved from /home/airflow/.local/lib/python3.7/site-packages/airflow/example_dags/example_kubernetes_executor.py
[2024-06-04T21:45:03.294+0000] {logging_mixin.py:149} INFO - [2024-06-04T21:45:03.293+0000] {dag.py:2726} INFO - Sync 1 DAGs
[2024-06-04T21:45:03.350+0000] {logging_mixin.py:149} INFO - [2024-06-04T21:45:03.350+0000] {dag.py:3490} INFO - Setting next_dagrun for example_kubernetes_executor to None, run_after=None
[2024-06-04T21:45:03.402+0000] {processor.py:178} INFO - Processing /home/airflow/.local/lib/python3.7/site-packages/airflow/example_dags/example_kubernetes_executor.py took 1.344 seconds
[2024-06-04T21:45:33.776+0000] {processor.py:156} INFO - Started process (PID=312) to work on /home/airflow/.local/lib/python3.7/site-packages/airflow/example_dags/example_kubernetes_executor.py
[2024-06-04T21:45:33.778+0000] {processor.py:799} INFO - Processing file /home/airflow/.local/lib/python3.7/site-packages/airflow/example_dags/example_kubernetes_executor.py for tasks to queue
[2024-06-04T21:45:33.781+0000] {logging_mixin.py:149} INFO - [2024-06-04T21:45:33.780+0000] {dagbag.py:541} INFO - Filling up the DagBag from /home/airflow/.local/lib/python3.7/site-packages/airflow/example_dags/example_kubernetes_executor.py
[2024-06-04T21:45:34.397+0000] {processor.py:809} INFO - DAG(s) dict_keys(['example_kubernetes_executor']) retrieved from /home/airflow/.local/lib/python3.7/site-packages/airflow/example_dags/example_kubernetes_executor.py
[2024-06-04T21:45:34.511+0000] {logging_mixin.py:149} INFO - [2024-06-04T21:45:34.510+0000] {dag.py:2726} INFO - Sync 1 DAGs
[2024-06-04T21:45:34.598+0000] {logging_mixin.py:149} INFO - [2024-06-04T21:45:34.598+0000] {dag.py:3490} INFO - Setting next_dagrun for example_kubernetes_executor to None, run_after=None
[2024-06-04T21:45:34.655+0000] {processor.py:178} INFO - Processing /home/airflow/.local/lib/python3.7/site-packages/airflow/example_dags/example_kubernetes_executor.py took 0.890 seconds
[2024-06-04T21:46:05.249+0000] {processor.py:156} INFO - Started process (PID=369) to work on /home/airflow/.local/lib/python3.7/site-packages/airflow/example_dags/example_kubernetes_executor.py
[2024-06-04T21:46:05.254+0000] {processor.py:799} INFO - Processing file /home/airflow/.local/lib/python3.7/site-packages/airflow/example_dags/example_kubernetes_executor.py for tasks to queue
[2024-06-04T21:46:05.263+0000] {logging_mixin.py:149} INFO - [2024-06-04T21:46:05.259+0000] {dagbag.py:541} INFO - Filling up the DagBag from /home/airflow/.local/lib/python3.7/site-packages/airflow/example_dags/example_kubernetes_executor.py
[2024-06-04T21:46:06.888+0000] {processor.py:809} INFO - DAG(s) dict_keys(['example_kubernetes_executor']) retrieved from /home/airflow/.local/lib/python3.7/site-packages/airflow/example_dags/example_kubernetes_executor.py
[2024-06-04T21:46:07.438+0000] {logging_mixin.py:149} INFO - [2024-06-04T21:46:07.433+0000] {dag.py:2726} INFO - Sync 1 DAGs
[2024-06-04T21:46:07.589+0000] {logging_mixin.py:149} INFO - [2024-06-04T21:46:07.589+0000] {dag.py:3490} INFO - Setting next_dagrun for example_kubernetes_executor to None, run_after=None
[2024-06-04T21:46:07.791+0000] {processor.py:178} INFO - Processing /home/airflow/.local/lib/python3.7/site-packages/airflow/example_dags/example_kubernetes_executor.py took 2.595 seconds
[2024-06-04T21:46:38.635+0000] {processor.py:156} INFO - Started process (PID=427) to work on /home/airflow/.local/lib/python3.7/site-packages/airflow/example_dags/example_kubernetes_executor.py
[2024-06-04T21:46:38.637+0000] {processor.py:799} INFO - Processing file /home/airflow/.local/lib/python3.7/site-packages/airflow/example_dags/example_kubernetes_executor.py for tasks to queue
[2024-06-04T21:46:38.639+0000] {logging_mixin.py:149} INFO - [2024-06-04T21:46:38.639+0000] {dagbag.py:541} INFO - Filling up the DagBag from /home/airflow/.local/lib/python3.7/site-packages/airflow/example_dags/example_kubernetes_executor.py
[2024-06-04T21:46:38.961+0000] {processor.py:809} INFO - DAG(s) dict_keys(['example_kubernetes_executor']) retrieved from /home/airflow/.local/lib/python3.7/site-packages/airflow/example_dags/example_kubernetes_executor.py
[2024-06-04T21:46:39.021+0000] {logging_mixin.py:149} INFO - [2024-06-04T21:46:39.021+0000] {dag.py:2726} INFO - Sync 1 DAGs
[2024-06-04T21:46:39.061+0000] {logging_mixin.py:149} INFO - [2024-06-04T21:46:39.060+0000] {dag.py:3490} INFO - Setting next_dagrun for example_kubernetes_executor to None, run_after=None
[2024-06-04T21:46:39.093+0000] {processor.py:178} INFO - Processing /home/airflow/.local/lib/python3.7/site-packages/airflow/example_dags/example_kubernetes_executor.py took 0.464 seconds
[2024-06-04T21:47:09.675+0000] {processor.py:156} INFO - Started process (PID=483) to work on /home/airflow/.local/lib/python3.7/site-packages/airflow/example_dags/example_kubernetes_executor.py
[2024-06-04T21:47:09.678+0000] {processor.py:799} INFO - Processing file /home/airflow/.local/lib/python3.7/site-packages/airflow/example_dags/example_kubernetes_executor.py for tasks to queue
[2024-06-04T21:47:09.683+0000] {logging_mixin.py:149} INFO - [2024-06-04T21:47:09.682+0000] {dagbag.py:541} INFO - Filling up the DagBag from /home/airflow/.local/lib/python3.7/site-packages/airflow/example_dags/example_kubernetes_executor.py
[2024-06-04T21:47:10.061+0000] {processor.py:809} INFO - DAG(s) dict_keys(['example_kubernetes_executor']) retrieved from /home/airflow/.local/lib/python3.7/site-packages/airflow/example_dags/example_kubernetes_executor.py
[2024-06-04T21:47:10.113+0000] {logging_mixin.py:149} INFO - [2024-06-04T21:47:10.112+0000] {dag.py:2726} INFO - Sync 1 DAGs
[2024-06-04T21:47:10.153+0000] {logging_mixin.py:149} INFO - [2024-06-04T21:47:10.153+0000] {dag.py:3490} INFO - Setting next_dagrun for example_kubernetes_executor to None, run_after=None
[2024-06-04T21:47:10.184+0000] {processor.py:178} INFO - Processing /home/airflow/.local/lib/python3.7/site-packages/airflow/example_dags/example_kubernetes_executor.py took 0.514 seconds
[2024-06-04T21:47:40.792+0000] {processor.py:156} INFO - Started process (PID=539) to work on /home/airflow/.local/lib/python3.7/site-packages/airflow/example_dags/example_kubernetes_executor.py
[2024-06-04T21:47:40.794+0000] {processor.py:799} INFO - Processing file /home/airflow/.local/lib/python3.7/site-packages/airflow/example_dags/example_kubernetes_executor.py for tasks to queue
[2024-06-04T21:47:40.800+0000] {logging_mixin.py:149} INFO - [2024-06-04T21:47:40.799+0000] {dagbag.py:541} INFO - Filling up the DagBag from /home/airflow/.local/lib/python3.7/site-packages/airflow/example_dags/example_kubernetes_executor.py
[2024-06-04T21:47:41.845+0000] {processor.py:809} INFO - DAG(s) dict_keys(['example_kubernetes_executor']) retrieved from /home/airflow/.local/lib/python3.7/site-packages/airflow/example_dags/example_kubernetes_executor.py
[2024-06-04T21:47:42.249+0000] {logging_mixin.py:149} INFO - [2024-06-04T21:47:42.248+0000] {dag.py:2726} INFO - Sync 1 DAGs
[2024-06-04T21:47:42.480+0000] {logging_mixin.py:149} INFO - [2024-06-04T21:47:42.477+0000] {dag.py:3490} INFO - Setting next_dagrun for example_kubernetes_executor to None, run_after=None
[2024-06-04T21:47:42.604+0000] {processor.py:178} INFO - Processing /home/airflow/.local/lib/python3.7/site-packages/airflow/example_dags/example_kubernetes_executor.py took 1.857 seconds
[2024-06-04T21:48:13.005+0000] {processor.py:156} INFO - Started process (PID=596) to work on /home/airflow/.local/lib/python3.7/site-packages/airflow/example_dags/example_kubernetes_executor.py
[2024-06-04T21:48:13.006+0000] {processor.py:799} INFO - Processing file /home/airflow/.local/lib/python3.7/site-packages/airflow/example_dags/example_kubernetes_executor.py for tasks to queue
[2024-06-04T21:48:13.008+0000] {logging_mixin.py:149} INFO - [2024-06-04T21:48:13.008+0000] {dagbag.py:541} INFO - Filling up the DagBag from /home/airflow/.local/lib/python3.7/site-packages/airflow/example_dags/example_kubernetes_executor.py
[2024-06-04T21:48:13.476+0000] {processor.py:809} INFO - DAG(s) dict_keys(['example_kubernetes_executor']) retrieved from /home/airflow/.local/lib/python3.7/site-packages/airflow/example_dags/example_kubernetes_executor.py
[2024-06-04T21:48:13.545+0000] {logging_mixin.py:149} INFO - [2024-06-04T21:48:13.544+0000] {dag.py:2726} INFO - Sync 1 DAGs
[2024-06-04T21:48:13.590+0000] {logging_mixin.py:149} INFO - [2024-06-04T21:48:13.590+0000] {dag.py:3490} INFO - Setting next_dagrun for example_kubernetes_executor to None, run_after=None
[2024-06-04T21:48:13.636+0000] {processor.py:178} INFO - Processing /home/airflow/.local/lib/python3.7/site-packages/airflow/example_dags/example_kubernetes_executor.py took 0.637 seconds
[2024-06-04T21:48:43.786+0000] {processor.py:156} INFO - Started process (PID=651) to work on /home/airflow/.local/lib/python3.7/site-packages/airflow/example_dags/example_kubernetes_executor.py
[2024-06-04T21:48:43.790+0000] {processor.py:799} INFO - Processing file /home/airflow/.local/lib/python3.7/site-packages/airflow/example_dags/example_kubernetes_executor.py for tasks to queue
[2024-06-04T21:48:43.794+0000] {logging_mixin.py:149} INFO - [2024-06-04T21:48:43.794+0000] {dagbag.py:541} INFO - Filling up the DagBag from /home/airflow/.local/lib/python3.7/site-packages/airflow/example_dags/example_kubernetes_executor.py
[2024-06-04T21:48:44.247+0000] {processor.py:809} INFO - DAG(s) dict_keys(['example_kubernetes_executor']) retrieved from /home/airflow/.local/lib/python3.7/site-packages/airflow/example_dags/example_kubernetes_executor.py
[2024-06-04T21:48:44.314+0000] {logging_mixin.py:149} INFO - [2024-06-04T21:48:44.314+0000] {dag.py:2726} INFO - Sync 1 DAGs
[2024-06-04T21:48:44.360+0000] {logging_mixin.py:149} INFO - [2024-06-04T21:48:44.359+0000] {dag.py:3490} INFO - Setting next_dagrun for example_kubernetes_executor to None, run_after=None
[2024-06-04T21:48:44.407+0000] {processor.py:178} INFO - Processing /home/airflow/.local/lib/python3.7/site-packages/airflow/example_dags/example_kubernetes_executor.py took 0.628 seconds
[2024-06-04T21:49:14.554+0000] {processor.py:156} INFO - Started process (PID=710) to work on /home/airflow/.local/lib/python3.7/site-packages/airflow/example_dags/example_kubernetes_executor.py
[2024-06-04T21:49:14.556+0000] {processor.py:799} INFO - Processing file /home/airflow/.local/lib/python3.7/site-packages/airflow/example_dags/example_kubernetes_executor.py for tasks to queue
[2024-06-04T21:49:14.557+0000] {logging_mixin.py:149} INFO - [2024-06-04T21:49:14.557+0000] {dagbag.py:541} INFO - Filling up the DagBag from /home/airflow/.local/lib/python3.7/site-packages/airflow/example_dags/example_kubernetes_executor.py
[2024-06-04T21:49:14.889+0000] {processor.py:809} INFO - DAG(s) dict_keys(['example_kubernetes_executor']) retrieved from /home/airflow/.local/lib/python3.7/site-packages/airflow/example_dags/example_kubernetes_executor.py
[2024-06-04T21:49:14.946+0000] {logging_mixin.py:149} INFO - [2024-06-04T21:49:14.946+0000] {dag.py:2726} INFO - Sync 1 DAGs
[2024-06-04T21:49:14.990+0000] {logging_mixin.py:149} INFO - [2024-06-04T21:49:14.989+0000] {dag.py:3490} INFO - Setting next_dagrun for example_kubernetes_executor to None, run_after=None
[2024-06-04T21:49:15.024+0000] {processor.py:178} INFO - Processing /home/airflow/.local/lib/python3.7/site-packages/airflow/example_dags/example_kubernetes_executor.py took 0.477 seconds
[2024-06-04T21:49:45.069+0000] {processor.py:156} INFO - Started process (PID=764) to work on /home/airflow/.local/lib/python3.7/site-packages/airflow/example_dags/example_kubernetes_executor.py
[2024-06-04T21:49:45.073+0000] {processor.py:799} INFO - Processing file /home/airflow/.local/lib/python3.7/site-packages/airflow/example_dags/example_kubernetes_executor.py for tasks to queue
[2024-06-04T21:49:45.075+0000] {logging_mixin.py:149} INFO - [2024-06-04T21:49:45.075+0000] {dagbag.py:541} INFO - Filling up the DagBag from /home/airflow/.local/lib/python3.7/site-packages/airflow/example_dags/example_kubernetes_executor.py
[2024-06-04T21:49:45.846+0000] {processor.py:809} INFO - DAG(s) dict_keys(['example_kubernetes_executor']) retrieved from /home/airflow/.local/lib/python3.7/site-packages/airflow/example_dags/example_kubernetes_executor.py
[2024-06-04T21:49:45.948+0000] {logging_mixin.py:149} INFO - [2024-06-04T21:49:45.948+0000] {dag.py:2726} INFO - Sync 1 DAGs
[2024-06-04T21:49:45.998+0000] {logging_mixin.py:149} INFO - [2024-06-04T21:49:45.997+0000] {dag.py:3490} INFO - Setting next_dagrun for example_kubernetes_executor to None, run_after=None
[2024-06-04T21:49:46.047+0000] {processor.py:178} INFO - Processing /home/airflow/.local/lib/python3.7/site-packages/airflow/example_dags/example_kubernetes_executor.py took 0.990 seconds
[2024-06-04T21:50:16.129+0000] {processor.py:156} INFO - Started process (PID=820) to work on /home/airflow/.local/lib/python3.7/site-packages/airflow/example_dags/example_kubernetes_executor.py
[2024-06-04T21:50:16.133+0000] {processor.py:799} INFO - Processing file /home/airflow/.local/lib/python3.7/site-packages/airflow/example_dags/example_kubernetes_executor.py for tasks to queue
[2024-06-04T21:50:16.136+0000] {logging_mixin.py:149} INFO - [2024-06-04T21:50:16.135+0000] {dagbag.py:541} INFO - Filling up the DagBag from /home/airflow/.local/lib/python3.7/site-packages/airflow/example_dags/example_kubernetes_executor.py
[2024-06-04T21:50:16.524+0000] {processor.py:809} INFO - DAG(s) dict_keys(['example_kubernetes_executor']) retrieved from /home/airflow/.local/lib/python3.7/site-packages/airflow/example_dags/example_kubernetes_executor.py
[2024-06-04T21:50:16.670+0000] {logging_mixin.py:149} INFO - [2024-06-04T21:50:16.669+0000] {dag.py:2726} INFO - Sync 1 DAGs
[2024-06-04T21:50:16.749+0000] {logging_mixin.py:149} INFO - [2024-06-04T21:50:16.749+0000] {dag.py:3490} INFO - Setting next_dagrun for example_kubernetes_executor to None, run_after=None
[2024-06-04T21:50:16.807+0000] {processor.py:178} INFO - Processing /home/airflow/.local/lib/python3.7/site-packages/airflow/example_dags/example_kubernetes_executor.py took 0.688 seconds
[2024-06-04T21:50:46.987+0000] {processor.py:156} INFO - Started process (PID=878) to work on /home/airflow/.local/lib/python3.7/site-packages/airflow/example_dags/example_kubernetes_executor.py
[2024-06-04T21:50:46.989+0000] {processor.py:799} INFO - Processing file /home/airflow/.local/lib/python3.7/site-packages/airflow/example_dags/example_kubernetes_executor.py for tasks to queue
[2024-06-04T21:50:46.991+0000] {logging_mixin.py:149} INFO - [2024-06-04T21:50:46.991+0000] {dagbag.py:541} INFO - Filling up the DagBag from /home/airflow/.local/lib/python3.7/site-packages/airflow/example_dags/example_kubernetes_executor.py
[2024-06-04T21:50:47.430+0000] {processor.py:809} INFO - DAG(s) dict_keys(['example_kubernetes_executor']) retrieved from /home/airflow/.local/lib/python3.7/site-packages/airflow/example_dags/example_kubernetes_executor.py
[2024-06-04T21:50:47.486+0000] {logging_mixin.py:149} INFO - [2024-06-04T21:50:47.485+0000] {dag.py:2726} INFO - Sync 1 DAGs
[2024-06-04T21:50:47.520+0000] {logging_mixin.py:149} INFO - [2024-06-04T21:50:47.520+0000] {dag.py:3490} INFO - Setting next_dagrun for example_kubernetes_executor to None, run_after=None
[2024-06-04T21:50:47.553+0000] {processor.py:178} INFO - Processing /home/airflow/.local/lib/python3.7/site-packages/airflow/example_dags/example_kubernetes_executor.py took 0.573 seconds
[2024-06-04T21:51:17.840+0000] {processor.py:156} INFO - Started process (PID=934) to work on /home/airflow/.local/lib/python3.7/site-packages/airflow/example_dags/example_kubernetes_executor.py
[2024-06-04T21:51:17.844+0000] {processor.py:799} INFO - Processing file /home/airflow/.local/lib/python3.7/site-packages/airflow/example_dags/example_kubernetes_executor.py for tasks to queue
[2024-06-04T21:51:17.866+0000] {logging_mixin.py:149} INFO - [2024-06-04T21:51:17.865+0000] {dagbag.py:541} INFO - Filling up the DagBag from /home/airflow/.local/lib/python3.7/site-packages/airflow/example_dags/example_kubernetes_executor.py
[2024-06-04T21:51:18.317+0000] {processor.py:809} INFO - DAG(s) dict_keys(['example_kubernetes_executor']) retrieved from /home/airflow/.local/lib/python3.7/site-packages/airflow/example_dags/example_kubernetes_executor.py
[2024-06-04T21:51:18.372+0000] {logging_mixin.py:149} INFO - [2024-06-04T21:51:18.372+0000] {dag.py:2726} INFO - Sync 1 DAGs
[2024-06-04T21:51:18.415+0000] {logging_mixin.py:149} INFO - [2024-06-04T21:51:18.415+0000] {dag.py:3490} INFO - Setting next_dagrun for example_kubernetes_executor to None, run_after=None
[2024-06-04T21:51:18.448+0000] {processor.py:178} INFO - Processing /home/airflow/.local/lib/python3.7/site-packages/airflow/example_dags/example_kubernetes_executor.py took 0.632 seconds
[2024-06-04T21:51:49.109+0000] {processor.py:156} INFO - Started process (PID=990) to work on /home/airflow/.local/lib/python3.7/site-packages/airflow/example_dags/example_kubernetes_executor.py
[2024-06-04T21:51:49.117+0000] {processor.py:799} INFO - Processing file /home/airflow/.local/lib/python3.7/site-packages/airflow/example_dags/example_kubernetes_executor.py for tasks to queue
[2024-06-04T21:51:49.121+0000] {logging_mixin.py:149} INFO - [2024-06-04T21:51:49.121+0000] {dagbag.py:541} INFO - Filling up the DagBag from /home/airflow/.local/lib/python3.7/site-packages/airflow/example_dags/example_kubernetes_executor.py
[2024-06-04T21:51:49.526+0000] {processor.py:809} INFO - DAG(s) dict_keys(['example_kubernetes_executor']) retrieved from /home/airflow/.local/lib/python3.7/site-packages/airflow/example_dags/example_kubernetes_executor.py
[2024-06-04T21:51:49.593+0000] {logging_mixin.py:149} INFO - [2024-06-04T21:51:49.593+0000] {dag.py:2726} INFO - Sync 1 DAGs
[2024-06-04T21:51:49.648+0000] {logging_mixin.py:149} INFO - [2024-06-04T21:51:49.648+0000] {dag.py:3490} INFO - Setting next_dagrun for example_kubernetes_executor to None, run_after=None
[2024-06-04T21:51:49.694+0000] {processor.py:178} INFO - Processing /home/airflow/.local/lib/python3.7/site-packages/airflow/example_dags/example_kubernetes_executor.py took 0.592 seconds
