[2024-06-04T21:43:30.805+0000] {processor.py:156} INFO - Started process (PID=98) to work on /home/airflow/.local/lib/python3.7/site-packages/airflow/example_dags/example_local_kubernetes_executor.py
[2024-06-04T21:43:30.839+0000] {processor.py:799} INFO - Processing file /home/airflow/.local/lib/python3.7/site-packages/airflow/example_dags/example_local_kubernetes_executor.py for tasks to queue
[2024-06-04T21:43:30.868+0000] {logging_mixin.py:149} INFO - [2024-06-04T21:43:30.867+0000] {dagbag.py:541} INFO - Filling up the DagBag from /home/airflow/.local/lib/python3.7/site-packages/airflow/example_dags/example_local_kubernetes_executor.py
[2024-06-04T21:43:35.518+0000] {processor.py:809} INFO - DAG(s) dict_keys(['example_local_kubernetes_executor']) retrieved from /home/airflow/.local/lib/python3.7/site-packages/airflow/example_dags/example_local_kubernetes_executor.py
[2024-06-04T21:43:35.703+0000] {logging_mixin.py:149} INFO - [2024-06-04T21:43:35.700+0000] {dag.py:2726} INFO - Sync 1 DAGs
[2024-06-04T21:43:36.502+0000] {logging_mixin.py:149} INFO - [2024-06-04T21:43:36.489+0000] {dag.py:2747} INFO - Creating ORM DAG for example_local_kubernetes_executor
[2024-06-04T21:43:36.850+0000] {logging_mixin.py:149} INFO - [2024-06-04T21:43:36.850+0000] {dag.py:3490} INFO - Setting next_dagrun for example_local_kubernetes_executor to None, run_after=None
[2024-06-04T21:43:37.552+0000] {processor.py:178} INFO - Processing /home/airflow/.local/lib/python3.7/site-packages/airflow/example_dags/example_local_kubernetes_executor.py took 6.879 seconds
[2024-06-04T21:44:08.187+0000] {processor.py:156} INFO - Started process (PID=162) to work on /home/airflow/.local/lib/python3.7/site-packages/airflow/example_dags/example_local_kubernetes_executor.py
[2024-06-04T21:44:08.191+0000] {processor.py:799} INFO - Processing file /home/airflow/.local/lib/python3.7/site-packages/airflow/example_dags/example_local_kubernetes_executor.py for tasks to queue
[2024-06-04T21:44:08.195+0000] {logging_mixin.py:149} INFO - [2024-06-04T21:44:08.193+0000] {dagbag.py:541} INFO - Filling up the DagBag from /home/airflow/.local/lib/python3.7/site-packages/airflow/example_dags/example_local_kubernetes_executor.py
[2024-06-04T21:44:08.831+0000] {processor.py:809} INFO - DAG(s) dict_keys(['example_local_kubernetes_executor']) retrieved from /home/airflow/.local/lib/python3.7/site-packages/airflow/example_dags/example_local_kubernetes_executor.py
[2024-06-04T21:44:08.930+0000] {logging_mixin.py:149} INFO - [2024-06-04T21:44:08.930+0000] {dag.py:2726} INFO - Sync 1 DAGs
[2024-06-04T21:44:09.025+0000] {logging_mixin.py:149} INFO - [2024-06-04T21:44:09.025+0000] {dag.py:3490} INFO - Setting next_dagrun for example_local_kubernetes_executor to None, run_after=None
[2024-06-04T21:44:09.204+0000] {processor.py:178} INFO - Processing /home/airflow/.local/lib/python3.7/site-packages/airflow/example_dags/example_local_kubernetes_executor.py took 1.024 seconds
[2024-06-04T21:44:40.174+0000] {processor.py:156} INFO - Started process (PID=219) to work on /home/airflow/.local/lib/python3.7/site-packages/airflow/example_dags/example_local_kubernetes_executor.py
[2024-06-04T21:44:40.176+0000] {processor.py:799} INFO - Processing file /home/airflow/.local/lib/python3.7/site-packages/airflow/example_dags/example_local_kubernetes_executor.py for tasks to queue
[2024-06-04T21:44:40.180+0000] {logging_mixin.py:149} INFO - [2024-06-04T21:44:40.179+0000] {dagbag.py:541} INFO - Filling up the DagBag from /home/airflow/.local/lib/python3.7/site-packages/airflow/example_dags/example_local_kubernetes_executor.py
[2024-06-04T21:44:40.458+0000] {processor.py:809} INFO - DAG(s) dict_keys(['example_local_kubernetes_executor']) retrieved from /home/airflow/.local/lib/python3.7/site-packages/airflow/example_dags/example_local_kubernetes_executor.py
[2024-06-04T21:44:40.506+0000] {logging_mixin.py:149} INFO - [2024-06-04T21:44:40.506+0000] {dag.py:2726} INFO - Sync 1 DAGs
[2024-06-04T21:44:40.542+0000] {logging_mixin.py:149} INFO - [2024-06-04T21:44:40.542+0000] {dag.py:3490} INFO - Setting next_dagrun for example_local_kubernetes_executor to None, run_after=None
[2024-06-04T21:44:40.576+0000] {processor.py:178} INFO - Processing /home/airflow/.local/lib/python3.7/site-packages/airflow/example_dags/example_local_kubernetes_executor.py took 0.408 seconds
[2024-06-04T21:45:11.245+0000] {processor.py:156} INFO - Started process (PID=275) to work on /home/airflow/.local/lib/python3.7/site-packages/airflow/example_dags/example_local_kubernetes_executor.py
[2024-06-04T21:45:11.247+0000] {processor.py:799} INFO - Processing file /home/airflow/.local/lib/python3.7/site-packages/airflow/example_dags/example_local_kubernetes_executor.py for tasks to queue
[2024-06-04T21:45:11.252+0000] {logging_mixin.py:149} INFO - [2024-06-04T21:45:11.251+0000] {dagbag.py:541} INFO - Filling up the DagBag from /home/airflow/.local/lib/python3.7/site-packages/airflow/example_dags/example_local_kubernetes_executor.py
[2024-06-04T21:45:11.609+0000] {processor.py:809} INFO - DAG(s) dict_keys(['example_local_kubernetes_executor']) retrieved from /home/airflow/.local/lib/python3.7/site-packages/airflow/example_dags/example_local_kubernetes_executor.py
[2024-06-04T21:45:11.656+0000] {logging_mixin.py:149} INFO - [2024-06-04T21:45:11.655+0000] {dag.py:2726} INFO - Sync 1 DAGs
[2024-06-04T21:45:11.692+0000] {logging_mixin.py:149} INFO - [2024-06-04T21:45:11.691+0000] {dag.py:3490} INFO - Setting next_dagrun for example_local_kubernetes_executor to None, run_after=None
[2024-06-04T21:45:11.729+0000] {processor.py:178} INFO - Processing /home/airflow/.local/lib/python3.7/site-packages/airflow/example_dags/example_local_kubernetes_executor.py took 0.490 seconds
[2024-06-04T21:45:41.769+0000] {processor.py:156} INFO - Started process (PID=330) to work on /home/airflow/.local/lib/python3.7/site-packages/airflow/example_dags/example_local_kubernetes_executor.py
[2024-06-04T21:45:41.772+0000] {processor.py:799} INFO - Processing file /home/airflow/.local/lib/python3.7/site-packages/airflow/example_dags/example_local_kubernetes_executor.py for tasks to queue
[2024-06-04T21:45:41.774+0000] {logging_mixin.py:149} INFO - [2024-06-04T21:45:41.774+0000] {dagbag.py:541} INFO - Filling up the DagBag from /home/airflow/.local/lib/python3.7/site-packages/airflow/example_dags/example_local_kubernetes_executor.py
[2024-06-04T21:45:42.168+0000] {processor.py:809} INFO - DAG(s) dict_keys(['example_local_kubernetes_executor']) retrieved from /home/airflow/.local/lib/python3.7/site-packages/airflow/example_dags/example_local_kubernetes_executor.py
[2024-06-04T21:45:42.222+0000] {logging_mixin.py:149} INFO - [2024-06-04T21:45:42.222+0000] {dag.py:2726} INFO - Sync 1 DAGs
[2024-06-04T21:45:42.302+0000] {logging_mixin.py:149} INFO - [2024-06-04T21:45:42.302+0000] {dag.py:3490} INFO - Setting next_dagrun for example_local_kubernetes_executor to None, run_after=None
[2024-06-04T21:45:42.361+0000] {processor.py:178} INFO - Processing /home/airflow/.local/lib/python3.7/site-packages/airflow/example_dags/example_local_kubernetes_executor.py took 0.596 seconds
[2024-06-04T21:46:16.399+0000] {processor.py:156} INFO - Started process (PID=386) to work on /home/airflow/.local/lib/python3.7/site-packages/airflow/example_dags/example_local_kubernetes_executor.py
[2024-06-04T21:46:16.412+0000] {processor.py:799} INFO - Processing file /home/airflow/.local/lib/python3.7/site-packages/airflow/example_dags/example_local_kubernetes_executor.py for tasks to queue
[2024-06-04T21:46:16.436+0000] {logging_mixin.py:149} INFO - [2024-06-04T21:46:16.433+0000] {dagbag.py:541} INFO - Filling up the DagBag from /home/airflow/.local/lib/python3.7/site-packages/airflow/example_dags/example_local_kubernetes_executor.py
[2024-06-04T21:46:17.172+0000] {processor.py:809} INFO - DAG(s) dict_keys(['example_local_kubernetes_executor']) retrieved from /home/airflow/.local/lib/python3.7/site-packages/airflow/example_dags/example_local_kubernetes_executor.py
[2024-06-04T21:46:17.538+0000] {logging_mixin.py:149} INFO - [2024-06-04T21:46:17.538+0000] {dag.py:2726} INFO - Sync 1 DAGs
[2024-06-04T21:46:17.806+0000] {logging_mixin.py:149} INFO - [2024-06-04T21:46:17.805+0000] {dag.py:3490} INFO - Setting next_dagrun for example_local_kubernetes_executor to None, run_after=None
[2024-06-04T21:46:18.003+0000] {processor.py:178} INFO - Processing /home/airflow/.local/lib/python3.7/site-packages/airflow/example_dags/example_local_kubernetes_executor.py took 1.687 seconds
[2024-06-04T21:46:48.909+0000] {processor.py:156} INFO - Started process (PID=444) to work on /home/airflow/.local/lib/python3.7/site-packages/airflow/example_dags/example_local_kubernetes_executor.py
[2024-06-04T21:46:48.911+0000] {processor.py:799} INFO - Processing file /home/airflow/.local/lib/python3.7/site-packages/airflow/example_dags/example_local_kubernetes_executor.py for tasks to queue
[2024-06-04T21:46:48.913+0000] {logging_mixin.py:149} INFO - [2024-06-04T21:46:48.912+0000] {dagbag.py:541} INFO - Filling up the DagBag from /home/airflow/.local/lib/python3.7/site-packages/airflow/example_dags/example_local_kubernetes_executor.py
[2024-06-04T21:46:49.276+0000] {processor.py:809} INFO - DAG(s) dict_keys(['example_local_kubernetes_executor']) retrieved from /home/airflow/.local/lib/python3.7/site-packages/airflow/example_dags/example_local_kubernetes_executor.py
[2024-06-04T21:46:49.329+0000] {logging_mixin.py:149} INFO - [2024-06-04T21:46:49.329+0000] {dag.py:2726} INFO - Sync 1 DAGs
[2024-06-04T21:46:49.369+0000] {logging_mixin.py:149} INFO - [2024-06-04T21:46:49.369+0000] {dag.py:3490} INFO - Setting next_dagrun for example_local_kubernetes_executor to None, run_after=None
[2024-06-04T21:46:49.428+0000] {processor.py:178} INFO - Processing /home/airflow/.local/lib/python3.7/site-packages/airflow/example_dags/example_local_kubernetes_executor.py took 0.526 seconds
[2024-06-04T21:47:19.537+0000] {processor.py:156} INFO - Started process (PID=500) to work on /home/airflow/.local/lib/python3.7/site-packages/airflow/example_dags/example_local_kubernetes_executor.py
[2024-06-04T21:47:19.541+0000] {processor.py:799} INFO - Processing file /home/airflow/.local/lib/python3.7/site-packages/airflow/example_dags/example_local_kubernetes_executor.py for tasks to queue
[2024-06-04T21:47:19.547+0000] {logging_mixin.py:149} INFO - [2024-06-04T21:47:19.547+0000] {dagbag.py:541} INFO - Filling up the DagBag from /home/airflow/.local/lib/python3.7/site-packages/airflow/example_dags/example_local_kubernetes_executor.py
[2024-06-04T21:47:19.945+0000] {processor.py:809} INFO - DAG(s) dict_keys(['example_local_kubernetes_executor']) retrieved from /home/airflow/.local/lib/python3.7/site-packages/airflow/example_dags/example_local_kubernetes_executor.py
[2024-06-04T21:47:20.015+0000] {logging_mixin.py:149} INFO - [2024-06-04T21:47:20.015+0000] {dag.py:2726} INFO - Sync 1 DAGs
[2024-06-04T21:47:20.076+0000] {logging_mixin.py:149} INFO - [2024-06-04T21:47:20.075+0000] {dag.py:3490} INFO - Setting next_dagrun for example_local_kubernetes_executor to None, run_after=None
[2024-06-04T21:47:20.119+0000] {processor.py:178} INFO - Processing /home/airflow/.local/lib/python3.7/site-packages/airflow/example_dags/example_local_kubernetes_executor.py took 0.589 seconds
[2024-06-04T21:47:50.453+0000] {processor.py:156} INFO - Started process (PID=556) to work on /home/airflow/.local/lib/python3.7/site-packages/airflow/example_dags/example_local_kubernetes_executor.py
[2024-06-04T21:47:50.459+0000] {processor.py:799} INFO - Processing file /home/airflow/.local/lib/python3.7/site-packages/airflow/example_dags/example_local_kubernetes_executor.py for tasks to queue
[2024-06-04T21:47:50.467+0000] {logging_mixin.py:149} INFO - [2024-06-04T21:47:50.466+0000] {dagbag.py:541} INFO - Filling up the DagBag from /home/airflow/.local/lib/python3.7/site-packages/airflow/example_dags/example_local_kubernetes_executor.py
[2024-06-04T21:47:51.364+0000] {processor.py:809} INFO - DAG(s) dict_keys(['example_local_kubernetes_executor']) retrieved from /home/airflow/.local/lib/python3.7/site-packages/airflow/example_dags/example_local_kubernetes_executor.py
[2024-06-04T21:47:51.529+0000] {logging_mixin.py:149} INFO - [2024-06-04T21:47:51.528+0000] {dag.py:2726} INFO - Sync 1 DAGs
[2024-06-04T21:47:51.690+0000] {logging_mixin.py:149} INFO - [2024-06-04T21:47:51.689+0000] {dag.py:3490} INFO - Setting next_dagrun for example_local_kubernetes_executor to None, run_after=None
[2024-06-04T21:47:51.891+0000] {processor.py:178} INFO - Processing /home/airflow/.local/lib/python3.7/site-packages/airflow/example_dags/example_local_kubernetes_executor.py took 1.446 seconds
[2024-06-04T21:48:22.558+0000] {processor.py:156} INFO - Started process (PID=614) to work on /home/airflow/.local/lib/python3.7/site-packages/airflow/example_dags/example_local_kubernetes_executor.py
[2024-06-04T21:48:22.561+0000] {processor.py:799} INFO - Processing file /home/airflow/.local/lib/python3.7/site-packages/airflow/example_dags/example_local_kubernetes_executor.py for tasks to queue
[2024-06-04T21:48:22.563+0000] {logging_mixin.py:149} INFO - [2024-06-04T21:48:22.563+0000] {dagbag.py:541} INFO - Filling up the DagBag from /home/airflow/.local/lib/python3.7/site-packages/airflow/example_dags/example_local_kubernetes_executor.py
[2024-06-04T21:48:22.862+0000] {processor.py:809} INFO - DAG(s) dict_keys(['example_local_kubernetes_executor']) retrieved from /home/airflow/.local/lib/python3.7/site-packages/airflow/example_dags/example_local_kubernetes_executor.py
[2024-06-04T21:48:23.021+0000] {logging_mixin.py:149} INFO - [2024-06-04T21:48:23.021+0000] {dag.py:2726} INFO - Sync 1 DAGs
[2024-06-04T21:48:23.123+0000] {logging_mixin.py:149} INFO - [2024-06-04T21:48:23.123+0000] {dag.py:3490} INFO - Setting next_dagrun for example_local_kubernetes_executor to None, run_after=None
[2024-06-04T21:48:23.238+0000] {processor.py:178} INFO - Processing /home/airflow/.local/lib/python3.7/site-packages/airflow/example_dags/example_local_kubernetes_executor.py took 0.686 seconds
[2024-06-04T21:48:54.077+0000] {processor.py:156} INFO - Started process (PID=669) to work on /home/airflow/.local/lib/python3.7/site-packages/airflow/example_dags/example_local_kubernetes_executor.py
[2024-06-04T21:48:54.079+0000] {processor.py:799} INFO - Processing file /home/airflow/.local/lib/python3.7/site-packages/airflow/example_dags/example_local_kubernetes_executor.py for tasks to queue
[2024-06-04T21:48:54.081+0000] {logging_mixin.py:149} INFO - [2024-06-04T21:48:54.081+0000] {dagbag.py:541} INFO - Filling up the DagBag from /home/airflow/.local/lib/python3.7/site-packages/airflow/example_dags/example_local_kubernetes_executor.py
[2024-06-04T21:48:54.480+0000] {processor.py:809} INFO - DAG(s) dict_keys(['example_local_kubernetes_executor']) retrieved from /home/airflow/.local/lib/python3.7/site-packages/airflow/example_dags/example_local_kubernetes_executor.py
[2024-06-04T21:48:54.547+0000] {logging_mixin.py:149} INFO - [2024-06-04T21:48:54.547+0000] {dag.py:2726} INFO - Sync 1 DAGs
[2024-06-04T21:48:54.595+0000] {logging_mixin.py:149} INFO - [2024-06-04T21:48:54.595+0000] {dag.py:3490} INFO - Setting next_dagrun for example_local_kubernetes_executor to None, run_after=None
[2024-06-04T21:48:54.638+0000] {processor.py:178} INFO - Processing /home/airflow/.local/lib/python3.7/site-packages/airflow/example_dags/example_local_kubernetes_executor.py took 0.568 seconds
[2024-06-04T21:49:25.289+0000] {processor.py:156} INFO - Started process (PID=726) to work on /home/airflow/.local/lib/python3.7/site-packages/airflow/example_dags/example_local_kubernetes_executor.py
[2024-06-04T21:49:25.292+0000] {processor.py:799} INFO - Processing file /home/airflow/.local/lib/python3.7/site-packages/airflow/example_dags/example_local_kubernetes_executor.py for tasks to queue
[2024-06-04T21:49:25.295+0000] {logging_mixin.py:149} INFO - [2024-06-04T21:49:25.294+0000] {dagbag.py:541} INFO - Filling up the DagBag from /home/airflow/.local/lib/python3.7/site-packages/airflow/example_dags/example_local_kubernetes_executor.py
[2024-06-04T21:49:25.745+0000] {processor.py:809} INFO - DAG(s) dict_keys(['example_local_kubernetes_executor']) retrieved from /home/airflow/.local/lib/python3.7/site-packages/airflow/example_dags/example_local_kubernetes_executor.py
[2024-06-04T21:49:25.844+0000] {logging_mixin.py:149} INFO - [2024-06-04T21:49:25.844+0000] {dag.py:2726} INFO - Sync 1 DAGs
[2024-06-04T21:49:25.921+0000] {logging_mixin.py:149} INFO - [2024-06-04T21:49:25.920+0000] {dag.py:3490} INFO - Setting next_dagrun for example_local_kubernetes_executor to None, run_after=None
[2024-06-04T21:49:25.976+0000] {processor.py:178} INFO - Processing /home/airflow/.local/lib/python3.7/site-packages/airflow/example_dags/example_local_kubernetes_executor.py took 0.691 seconds
[2024-06-04T21:49:56.475+0000] {processor.py:156} INFO - Started process (PID=783) to work on /home/airflow/.local/lib/python3.7/site-packages/airflow/example_dags/example_local_kubernetes_executor.py
[2024-06-04T21:49:56.479+0000] {processor.py:799} INFO - Processing file /home/airflow/.local/lib/python3.7/site-packages/airflow/example_dags/example_local_kubernetes_executor.py for tasks to queue
[2024-06-04T21:49:56.482+0000] {logging_mixin.py:149} INFO - [2024-06-04T21:49:56.481+0000] {dagbag.py:541} INFO - Filling up the DagBag from /home/airflow/.local/lib/python3.7/site-packages/airflow/example_dags/example_local_kubernetes_executor.py
[2024-06-04T21:49:56.940+0000] {processor.py:809} INFO - DAG(s) dict_keys(['example_local_kubernetes_executor']) retrieved from /home/airflow/.local/lib/python3.7/site-packages/airflow/example_dags/example_local_kubernetes_executor.py
[2024-06-04T21:49:56.997+0000] {logging_mixin.py:149} INFO - [2024-06-04T21:49:56.997+0000] {dag.py:2726} INFO - Sync 1 DAGs
[2024-06-04T21:49:57.040+0000] {logging_mixin.py:149} INFO - [2024-06-04T21:49:57.040+0000] {dag.py:3490} INFO - Setting next_dagrun for example_local_kubernetes_executor to None, run_after=None
[2024-06-04T21:49:57.073+0000] {processor.py:178} INFO - Processing /home/airflow/.local/lib/python3.7/site-packages/airflow/example_dags/example_local_kubernetes_executor.py took 0.606 seconds
[2024-06-04T21:50:27.159+0000] {processor.py:156} INFO - Started process (PID=839) to work on /home/airflow/.local/lib/python3.7/site-packages/airflow/example_dags/example_local_kubernetes_executor.py
[2024-06-04T21:50:27.161+0000] {processor.py:799} INFO - Processing file /home/airflow/.local/lib/python3.7/site-packages/airflow/example_dags/example_local_kubernetes_executor.py for tasks to queue
[2024-06-04T21:50:27.163+0000] {logging_mixin.py:149} INFO - [2024-06-04T21:50:27.163+0000] {dagbag.py:541} INFO - Filling up the DagBag from /home/airflow/.local/lib/python3.7/site-packages/airflow/example_dags/example_local_kubernetes_executor.py
[2024-06-04T21:50:27.465+0000] {processor.py:809} INFO - DAG(s) dict_keys(['example_local_kubernetes_executor']) retrieved from /home/airflow/.local/lib/python3.7/site-packages/airflow/example_dags/example_local_kubernetes_executor.py
[2024-06-04T21:50:27.513+0000] {logging_mixin.py:149} INFO - [2024-06-04T21:50:27.513+0000] {dag.py:2726} INFO - Sync 1 DAGs
[2024-06-04T21:50:27.551+0000] {logging_mixin.py:149} INFO - [2024-06-04T21:50:27.551+0000] {dag.py:3490} INFO - Setting next_dagrun for example_local_kubernetes_executor to None, run_after=None
[2024-06-04T21:50:27.585+0000] {processor.py:178} INFO - Processing /home/airflow/.local/lib/python3.7/site-packages/airflow/example_dags/example_local_kubernetes_executor.py took 0.432 seconds
[2024-06-04T21:50:57.736+0000] {processor.py:156} INFO - Started process (PID=895) to work on /home/airflow/.local/lib/python3.7/site-packages/airflow/example_dags/example_local_kubernetes_executor.py
[2024-06-04T21:50:57.737+0000] {processor.py:799} INFO - Processing file /home/airflow/.local/lib/python3.7/site-packages/airflow/example_dags/example_local_kubernetes_executor.py for tasks to queue
[2024-06-04T21:50:57.743+0000] {logging_mixin.py:149} INFO - [2024-06-04T21:50:57.743+0000] {dagbag.py:541} INFO - Filling up the DagBag from /home/airflow/.local/lib/python3.7/site-packages/airflow/example_dags/example_local_kubernetes_executor.py
[2024-06-04T21:50:58.292+0000] {processor.py:809} INFO - DAG(s) dict_keys(['example_local_kubernetes_executor']) retrieved from /home/airflow/.local/lib/python3.7/site-packages/airflow/example_dags/example_local_kubernetes_executor.py
[2024-06-04T21:50:58.386+0000] {logging_mixin.py:149} INFO - [2024-06-04T21:50:58.386+0000] {dag.py:2726} INFO - Sync 1 DAGs
[2024-06-04T21:50:58.428+0000] {logging_mixin.py:149} INFO - [2024-06-04T21:50:58.427+0000] {dag.py:3490} INFO - Setting next_dagrun for example_local_kubernetes_executor to None, run_after=None
[2024-06-04T21:50:58.462+0000] {processor.py:178} INFO - Processing /home/airflow/.local/lib/python3.7/site-packages/airflow/example_dags/example_local_kubernetes_executor.py took 0.734 seconds
[2024-06-04T21:51:28.637+0000] {processor.py:156} INFO - Started process (PID=950) to work on /home/airflow/.local/lib/python3.7/site-packages/airflow/example_dags/example_local_kubernetes_executor.py
[2024-06-04T21:51:28.639+0000] {processor.py:799} INFO - Processing file /home/airflow/.local/lib/python3.7/site-packages/airflow/example_dags/example_local_kubernetes_executor.py for tasks to queue
[2024-06-04T21:51:28.641+0000] {logging_mixin.py:149} INFO - [2024-06-04T21:51:28.641+0000] {dagbag.py:541} INFO - Filling up the DagBag from /home/airflow/.local/lib/python3.7/site-packages/airflow/example_dags/example_local_kubernetes_executor.py
[2024-06-04T21:51:29.028+0000] {processor.py:809} INFO - DAG(s) dict_keys(['example_local_kubernetes_executor']) retrieved from /home/airflow/.local/lib/python3.7/site-packages/airflow/example_dags/example_local_kubernetes_executor.py
[2024-06-04T21:51:29.095+0000] {logging_mixin.py:149} INFO - [2024-06-04T21:51:29.094+0000] {dag.py:2726} INFO - Sync 1 DAGs
[2024-06-04T21:51:29.148+0000] {logging_mixin.py:149} INFO - [2024-06-04T21:51:29.148+0000] {dag.py:3490} INFO - Setting next_dagrun for example_local_kubernetes_executor to None, run_after=None
[2024-06-04T21:51:29.196+0000] {processor.py:178} INFO - Processing /home/airflow/.local/lib/python3.7/site-packages/airflow/example_dags/example_local_kubernetes_executor.py took 0.568 seconds
