[2024-06-04T21:41:59.801+0000] {processor.py:156} INFO - Started process (PID=49) to work on /home/airflow/.local/lib/python3.7/site-packages/airflow/example_dags/example_branch_labels.py
[2024-06-04T21:41:59.826+0000] {processor.py:799} INFO - Processing file /home/airflow/.local/lib/python3.7/site-packages/airflow/example_dags/example_branch_labels.py for tasks to queue
[2024-06-04T21:41:59.828+0000] {logging_mixin.py:149} INFO - [2024-06-04T21:41:59.827+0000] {dagbag.py:541} INFO - Filling up the DagBag from /home/airflow/.local/lib/python3.7/site-packages/airflow/example_dags/example_branch_labels.py
[2024-06-04T21:41:59.973+0000] {processor.py:809} INFO - DAG(s) dict_keys(['example_branch_labels']) retrieved from /home/airflow/.local/lib/python3.7/site-packages/airflow/example_dags/example_branch_labels.py
[2024-06-04T21:42:01.972+0000] {logging_mixin.py:149} INFO - [2024-06-04T21:42:01.971+0000] {manager.py:504} INFO - Created Permission View: can delete on DAG:example_branch_labels
[2024-06-04T21:42:02.397+0000] {logging_mixin.py:149} INFO - [2024-06-04T21:42:02.397+0000] {manager.py:504} INFO - Created Permission View: can read on DAG:example_branch_labels
[2024-06-04T21:42:02.493+0000] {logging_mixin.py:149} INFO - [2024-06-04T21:42:02.491+0000] {manager.py:504} INFO - Created Permission View: can edit on DAG:example_branch_labels
[2024-06-04T21:42:02.499+0000] {logging_mixin.py:149} INFO - [2024-06-04T21:42:02.498+0000] {dag.py:2726} INFO - Sync 1 DAGs
[2024-06-04T21:42:02.695+0000] {logging_mixin.py:149} INFO - [2024-06-04T21:42:02.692+0000] {dag.py:2747} INFO - Creating ORM DAG for example_branch_labels
[2024-06-04T21:42:02.935+0000] {logging_mixin.py:149} INFO - [2024-06-04T21:42:02.935+0000] {dag.py:3490} INFO - Setting next_dagrun for example_branch_labels to 2024-06-03T00:00:00+00:00, run_after=2024-06-04T00:00:00+00:00
[2024-06-04T21:42:04.259+0000] {processor.py:178} INFO - Processing /home/airflow/.local/lib/python3.7/site-packages/airflow/example_dags/example_branch_labels.py took 4.489 seconds
[2024-06-04T21:43:45.454+0000] {processor.py:156} INFO - Started process (PID=118) to work on /home/airflow/.local/lib/python3.7/site-packages/airflow/example_dags/example_branch_labels.py
[2024-06-04T21:43:45.468+0000] {processor.py:799} INFO - Processing file /home/airflow/.local/lib/python3.7/site-packages/airflow/example_dags/example_branch_labels.py for tasks to queue
[2024-06-04T21:43:45.474+0000] {logging_mixin.py:149} INFO - [2024-06-04T21:43:45.473+0000] {dagbag.py:541} INFO - Filling up the DagBag from /home/airflow/.local/lib/python3.7/site-packages/airflow/example_dags/example_branch_labels.py
[2024-06-04T21:43:45.586+0000] {processor.py:809} INFO - DAG(s) dict_keys(['example_branch_labels']) retrieved from /home/airflow/.local/lib/python3.7/site-packages/airflow/example_dags/example_branch_labels.py
[2024-06-04T21:43:45.893+0000] {logging_mixin.py:149} INFO - [2024-06-04T21:43:45.893+0000] {dag.py:2726} INFO - Sync 1 DAGs
[2024-06-04T21:43:46.133+0000] {logging_mixin.py:149} INFO - [2024-06-04T21:43:46.133+0000] {dag.py:3490} INFO - Setting next_dagrun for example_branch_labels to 2024-06-03T00:00:00+00:00, run_after=2024-06-04T00:00:00+00:00
[2024-06-04T21:43:46.275+0000] {processor.py:178} INFO - Processing /home/airflow/.local/lib/python3.7/site-packages/airflow/example_dags/example_branch_labels.py took 0.851 seconds
[2024-06-04T21:44:16.888+0000] {processor.py:156} INFO - Started process (PID=168) to work on /home/airflow/.local/lib/python3.7/site-packages/airflow/example_dags/example_branch_labels.py
[2024-06-04T21:44:16.898+0000] {processor.py:799} INFO - Processing file /home/airflow/.local/lib/python3.7/site-packages/airflow/example_dags/example_branch_labels.py for tasks to queue
[2024-06-04T21:44:16.921+0000] {logging_mixin.py:149} INFO - [2024-06-04T21:44:16.920+0000] {dagbag.py:541} INFO - Filling up the DagBag from /home/airflow/.local/lib/python3.7/site-packages/airflow/example_dags/example_branch_labels.py
[2024-06-04T21:44:17.174+0000] {processor.py:809} INFO - DAG(s) dict_keys(['example_branch_labels']) retrieved from /home/airflow/.local/lib/python3.7/site-packages/airflow/example_dags/example_branch_labels.py
[2024-06-04T21:44:17.698+0000] {logging_mixin.py:149} INFO - [2024-06-04T21:44:17.692+0000] {dag.py:2726} INFO - Sync 1 DAGs
[2024-06-04T21:44:18.080+0000] {logging_mixin.py:149} INFO - [2024-06-04T21:44:18.078+0000] {dag.py:3490} INFO - Setting next_dagrun for example_branch_labels to 2024-06-03T00:00:00+00:00, run_after=2024-06-04T00:00:00+00:00
[2024-06-04T21:44:18.594+0000] {processor.py:178} INFO - Processing /home/airflow/.local/lib/python3.7/site-packages/airflow/example_dags/example_branch_labels.py took 1.753 seconds
[2024-06-04T21:44:49.472+0000] {processor.py:156} INFO - Started process (PID=224) to work on /home/airflow/.local/lib/python3.7/site-packages/airflow/example_dags/example_branch_labels.py
[2024-06-04T21:44:49.476+0000] {processor.py:799} INFO - Processing file /home/airflow/.local/lib/python3.7/site-packages/airflow/example_dags/example_branch_labels.py for tasks to queue
[2024-06-04T21:44:49.479+0000] {logging_mixin.py:149} INFO - [2024-06-04T21:44:49.479+0000] {dagbag.py:541} INFO - Filling up the DagBag from /home/airflow/.local/lib/python3.7/site-packages/airflow/example_dags/example_branch_labels.py
[2024-06-04T21:44:49.495+0000] {processor.py:809} INFO - DAG(s) dict_keys(['example_branch_labels']) retrieved from /home/airflow/.local/lib/python3.7/site-packages/airflow/example_dags/example_branch_labels.py
[2024-06-04T21:44:49.552+0000] {logging_mixin.py:149} INFO - [2024-06-04T21:44:49.552+0000] {dag.py:2726} INFO - Sync 1 DAGs
[2024-06-04T21:44:49.630+0000] {logging_mixin.py:149} INFO - [2024-06-04T21:44:49.630+0000] {dag.py:3490} INFO - Setting next_dagrun for example_branch_labels to 2024-06-03T00:00:00+00:00, run_after=2024-06-04T00:00:00+00:00
[2024-06-04T21:44:49.677+0000] {processor.py:178} INFO - Processing /home/airflow/.local/lib/python3.7/site-packages/airflow/example_dags/example_branch_labels.py took 0.217 seconds
[2024-06-04T21:45:20.064+0000] {processor.py:156} INFO - Started process (PID=280) to work on /home/airflow/.local/lib/python3.7/site-packages/airflow/example_dags/example_branch_labels.py
[2024-06-04T21:45:20.066+0000] {processor.py:799} INFO - Processing file /home/airflow/.local/lib/python3.7/site-packages/airflow/example_dags/example_branch_labels.py for tasks to queue
[2024-06-04T21:45:20.068+0000] {logging_mixin.py:149} INFO - [2024-06-04T21:45:20.068+0000] {dagbag.py:541} INFO - Filling up the DagBag from /home/airflow/.local/lib/python3.7/site-packages/airflow/example_dags/example_branch_labels.py
[2024-06-04T21:45:20.087+0000] {processor.py:809} INFO - DAG(s) dict_keys(['example_branch_labels']) retrieved from /home/airflow/.local/lib/python3.7/site-packages/airflow/example_dags/example_branch_labels.py
[2024-06-04T21:45:20.152+0000] {logging_mixin.py:149} INFO - [2024-06-04T21:45:20.151+0000] {dag.py:2726} INFO - Sync 1 DAGs
[2024-06-04T21:45:20.222+0000] {logging_mixin.py:149} INFO - [2024-06-04T21:45:20.222+0000] {dag.py:3490} INFO - Setting next_dagrun for example_branch_labels to 2024-06-03T00:00:00+00:00, run_after=2024-06-04T00:00:00+00:00
[2024-06-04T21:45:20.265+0000] {processor.py:178} INFO - Processing /home/airflow/.local/lib/python3.7/site-packages/airflow/example_dags/example_branch_labels.py took 0.206 seconds
[2024-06-04T21:45:50.886+0000] {processor.py:156} INFO - Started process (PID=335) to work on /home/airflow/.local/lib/python3.7/site-packages/airflow/example_dags/example_branch_labels.py
[2024-06-04T21:45:50.893+0000] {processor.py:799} INFO - Processing file /home/airflow/.local/lib/python3.7/site-packages/airflow/example_dags/example_branch_labels.py for tasks to queue
[2024-06-04T21:45:50.904+0000] {logging_mixin.py:149} INFO - [2024-06-04T21:45:50.903+0000] {dagbag.py:541} INFO - Filling up the DagBag from /home/airflow/.local/lib/python3.7/site-packages/airflow/example_dags/example_branch_labels.py
[2024-06-04T21:45:51.003+0000] {processor.py:809} INFO - DAG(s) dict_keys(['example_branch_labels']) retrieved from /home/airflow/.local/lib/python3.7/site-packages/airflow/example_dags/example_branch_labels.py
[2024-06-04T21:45:51.261+0000] {logging_mixin.py:149} INFO - [2024-06-04T21:45:51.261+0000] {dag.py:2726} INFO - Sync 1 DAGs
[2024-06-04T21:45:51.380+0000] {logging_mixin.py:149} INFO - [2024-06-04T21:45:51.379+0000] {dag.py:3490} INFO - Setting next_dagrun for example_branch_labels to 2024-06-03T00:00:00+00:00, run_after=2024-06-04T00:00:00+00:00
[2024-06-04T21:45:51.679+0000] {processor.py:178} INFO - Processing /home/airflow/.local/lib/python3.7/site-packages/airflow/example_dags/example_branch_labels.py took 0.821 seconds
[2024-06-04T21:46:22.690+0000] {processor.py:156} INFO - Started process (PID=391) to work on /home/airflow/.local/lib/python3.7/site-packages/airflow/example_dags/example_branch_labels.py
[2024-06-04T21:46:22.692+0000] {processor.py:799} INFO - Processing file /home/airflow/.local/lib/python3.7/site-packages/airflow/example_dags/example_branch_labels.py for tasks to queue
[2024-06-04T21:46:22.695+0000] {logging_mixin.py:149} INFO - [2024-06-04T21:46:22.695+0000] {dagbag.py:541} INFO - Filling up the DagBag from /home/airflow/.local/lib/python3.7/site-packages/airflow/example_dags/example_branch_labels.py
[2024-06-04T21:46:22.707+0000] {processor.py:809} INFO - DAG(s) dict_keys(['example_branch_labels']) retrieved from /home/airflow/.local/lib/python3.7/site-packages/airflow/example_dags/example_branch_labels.py
[2024-06-04T21:46:22.743+0000] {logging_mixin.py:149} INFO - [2024-06-04T21:46:22.743+0000] {dag.py:2726} INFO - Sync 1 DAGs
[2024-06-04T21:46:22.783+0000] {logging_mixin.py:149} INFO - [2024-06-04T21:46:22.782+0000] {dag.py:3490} INFO - Setting next_dagrun for example_branch_labels to 2024-06-03T00:00:00+00:00, run_after=2024-06-04T00:00:00+00:00
[2024-06-04T21:46:22.814+0000] {processor.py:178} INFO - Processing /home/airflow/.local/lib/python3.7/site-packages/airflow/example_dags/example_branch_labels.py took 0.128 seconds
[2024-06-04T21:46:53.308+0000] {processor.py:156} INFO - Started process (PID=447) to work on /home/airflow/.local/lib/python3.7/site-packages/airflow/example_dags/example_branch_labels.py
[2024-06-04T21:46:53.324+0000] {processor.py:799} INFO - Processing file /home/airflow/.local/lib/python3.7/site-packages/airflow/example_dags/example_branch_labels.py for tasks to queue
[2024-06-04T21:46:53.350+0000] {logging_mixin.py:149} INFO - [2024-06-04T21:46:53.350+0000] {dagbag.py:541} INFO - Filling up the DagBag from /home/airflow/.local/lib/python3.7/site-packages/airflow/example_dags/example_branch_labels.py
[2024-06-04T21:46:53.410+0000] {processor.py:809} INFO - DAG(s) dict_keys(['example_branch_labels']) retrieved from /home/airflow/.local/lib/python3.7/site-packages/airflow/example_dags/example_branch_labels.py
[2024-06-04T21:46:53.501+0000] {logging_mixin.py:149} INFO - [2024-06-04T21:46:53.500+0000] {dag.py:2726} INFO - Sync 1 DAGs
[2024-06-04T21:46:53.548+0000] {logging_mixin.py:149} INFO - [2024-06-04T21:46:53.547+0000] {dag.py:3490} INFO - Setting next_dagrun for example_branch_labels to 2024-06-03T00:00:00+00:00, run_after=2024-06-04T00:00:00+00:00
[2024-06-04T21:46:53.583+0000] {processor.py:178} INFO - Processing /home/airflow/.local/lib/python3.7/site-packages/airflow/example_dags/example_branch_labels.py took 0.314 seconds
[2024-06-04T21:47:23.799+0000] {processor.py:156} INFO - Started process (PID=503) to work on /home/airflow/.local/lib/python3.7/site-packages/airflow/example_dags/example_branch_labels.py
[2024-06-04T21:47:23.800+0000] {processor.py:799} INFO - Processing file /home/airflow/.local/lib/python3.7/site-packages/airflow/example_dags/example_branch_labels.py for tasks to queue
[2024-06-04T21:47:23.804+0000] {logging_mixin.py:149} INFO - [2024-06-04T21:47:23.803+0000] {dagbag.py:541} INFO - Filling up the DagBag from /home/airflow/.local/lib/python3.7/site-packages/airflow/example_dags/example_branch_labels.py
[2024-06-04T21:47:23.820+0000] {processor.py:809} INFO - DAG(s) dict_keys(['example_branch_labels']) retrieved from /home/airflow/.local/lib/python3.7/site-packages/airflow/example_dags/example_branch_labels.py
[2024-06-04T21:47:23.866+0000] {logging_mixin.py:149} INFO - [2024-06-04T21:47:23.866+0000] {dag.py:2726} INFO - Sync 1 DAGs
[2024-06-04T21:47:23.908+0000] {logging_mixin.py:149} INFO - [2024-06-04T21:47:23.908+0000] {dag.py:3490} INFO - Setting next_dagrun for example_branch_labels to 2024-06-03T00:00:00+00:00, run_after=2024-06-04T00:00:00+00:00
[2024-06-04T21:47:23.942+0000] {processor.py:178} INFO - Processing /home/airflow/.local/lib/python3.7/site-packages/airflow/example_dags/example_branch_labels.py took 0.148 seconds
[2024-06-04T21:47:54.194+0000] {processor.py:156} INFO - Started process (PID=559) to work on /home/airflow/.local/lib/python3.7/site-packages/airflow/example_dags/example_branch_labels.py
[2024-06-04T21:47:54.198+0000] {processor.py:799} INFO - Processing file /home/airflow/.local/lib/python3.7/site-packages/airflow/example_dags/example_branch_labels.py for tasks to queue
[2024-06-04T21:47:54.209+0000] {logging_mixin.py:149} INFO - [2024-06-04T21:47:54.209+0000] {dagbag.py:541} INFO - Filling up the DagBag from /home/airflow/.local/lib/python3.7/site-packages/airflow/example_dags/example_branch_labels.py
[2024-06-04T21:47:54.313+0000] {processor.py:809} INFO - DAG(s) dict_keys(['example_branch_labels']) retrieved from /home/airflow/.local/lib/python3.7/site-packages/airflow/example_dags/example_branch_labels.py
[2024-06-04T21:47:54.477+0000] {logging_mixin.py:149} INFO - [2024-06-04T21:47:54.477+0000] {dag.py:2726} INFO - Sync 1 DAGs
[2024-06-04T21:47:54.584+0000] {logging_mixin.py:149} INFO - [2024-06-04T21:47:54.583+0000] {dag.py:3490} INFO - Setting next_dagrun for example_branch_labels to 2024-06-03T00:00:00+00:00, run_after=2024-06-04T00:00:00+00:00
[2024-06-04T21:47:54.678+0000] {processor.py:178} INFO - Processing /home/airflow/.local/lib/python3.7/site-packages/airflow/example_dags/example_branch_labels.py took 0.505 seconds
[2024-06-04T21:48:25.321+0000] {processor.py:156} INFO - Started process (PID=615) to work on /home/airflow/.local/lib/python3.7/site-packages/airflow/example_dags/example_branch_labels.py
[2024-06-04T21:48:25.323+0000] {processor.py:799} INFO - Processing file /home/airflow/.local/lib/python3.7/site-packages/airflow/example_dags/example_branch_labels.py for tasks to queue
[2024-06-04T21:48:25.324+0000] {logging_mixin.py:149} INFO - [2024-06-04T21:48:25.324+0000] {dagbag.py:541} INFO - Filling up the DagBag from /home/airflow/.local/lib/python3.7/site-packages/airflow/example_dags/example_branch_labels.py
[2024-06-04T21:48:25.338+0000] {processor.py:809} INFO - DAG(s) dict_keys(['example_branch_labels']) retrieved from /home/airflow/.local/lib/python3.7/site-packages/airflow/example_dags/example_branch_labels.py
[2024-06-04T21:48:25.379+0000] {logging_mixin.py:149} INFO - [2024-06-04T21:48:25.379+0000] {dag.py:2726} INFO - Sync 1 DAGs
[2024-06-04T21:48:25.426+0000] {logging_mixin.py:149} INFO - [2024-06-04T21:48:25.425+0000] {dag.py:3490} INFO - Setting next_dagrun for example_branch_labels to 2024-06-03T00:00:00+00:00, run_after=2024-06-04T00:00:00+00:00
[2024-06-04T21:48:25.459+0000] {processor.py:178} INFO - Processing /home/airflow/.local/lib/python3.7/site-packages/airflow/example_dags/example_branch_labels.py took 0.142 seconds
[2024-06-04T21:48:55.673+0000] {processor.py:156} INFO - Started process (PID=670) to work on /home/airflow/.local/lib/python3.7/site-packages/airflow/example_dags/example_branch_labels.py
[2024-06-04T21:48:55.676+0000] {processor.py:799} INFO - Processing file /home/airflow/.local/lib/python3.7/site-packages/airflow/example_dags/example_branch_labels.py for tasks to queue
[2024-06-04T21:48:55.678+0000] {logging_mixin.py:149} INFO - [2024-06-04T21:48:55.678+0000] {dagbag.py:541} INFO - Filling up the DagBag from /home/airflow/.local/lib/python3.7/site-packages/airflow/example_dags/example_branch_labels.py
[2024-06-04T21:48:55.690+0000] {processor.py:809} INFO - DAG(s) dict_keys(['example_branch_labels']) retrieved from /home/airflow/.local/lib/python3.7/site-packages/airflow/example_dags/example_branch_labels.py
[2024-06-04T21:48:55.732+0000] {logging_mixin.py:149} INFO - [2024-06-04T21:48:55.732+0000] {dag.py:2726} INFO - Sync 1 DAGs
[2024-06-04T21:48:55.788+0000] {logging_mixin.py:149} INFO - [2024-06-04T21:48:55.788+0000] {dag.py:3490} INFO - Setting next_dagrun for example_branch_labels to 2024-06-03T00:00:00+00:00, run_after=2024-06-04T00:00:00+00:00
[2024-06-04T21:48:55.832+0000] {processor.py:178} INFO - Processing /home/airflow/.local/lib/python3.7/site-packages/airflow/example_dags/example_branch_labels.py took 0.165 seconds
[2024-06-04T21:49:26.013+0000] {processor.py:156} INFO - Started process (PID=727) to work on /home/airflow/.local/lib/python3.7/site-packages/airflow/example_dags/example_branch_labels.py
[2024-06-04T21:49:26.015+0000] {processor.py:799} INFO - Processing file /home/airflow/.local/lib/python3.7/site-packages/airflow/example_dags/example_branch_labels.py for tasks to queue
[2024-06-04T21:49:26.017+0000] {logging_mixin.py:149} INFO - [2024-06-04T21:49:26.016+0000] {dagbag.py:541} INFO - Filling up the DagBag from /home/airflow/.local/lib/python3.7/site-packages/airflow/example_dags/example_branch_labels.py
[2024-06-04T21:49:26.033+0000] {processor.py:809} INFO - DAG(s) dict_keys(['example_branch_labels']) retrieved from /home/airflow/.local/lib/python3.7/site-packages/airflow/example_dags/example_branch_labels.py
[2024-06-04T21:49:26.099+0000] {logging_mixin.py:149} INFO - [2024-06-04T21:49:26.099+0000] {dag.py:2726} INFO - Sync 1 DAGs
[2024-06-04T21:49:26.172+0000] {logging_mixin.py:149} INFO - [2024-06-04T21:49:26.171+0000] {dag.py:3490} INFO - Setting next_dagrun for example_branch_labels to 2024-06-03T00:00:00+00:00, run_after=2024-06-04T00:00:00+00:00
[2024-06-04T21:49:26.222+0000] {processor.py:178} INFO - Processing /home/airflow/.local/lib/python3.7/site-packages/airflow/example_dags/example_branch_labels.py took 0.216 seconds
[2024-06-04T21:49:56.468+0000] {processor.py:156} INFO - Started process (PID=782) to work on /home/airflow/.local/lib/python3.7/site-packages/airflow/example_dags/example_branch_labels.py
[2024-06-04T21:49:56.469+0000] {processor.py:799} INFO - Processing file /home/airflow/.local/lib/python3.7/site-packages/airflow/example_dags/example_branch_labels.py for tasks to queue
[2024-06-04T21:49:56.472+0000] {logging_mixin.py:149} INFO - [2024-06-04T21:49:56.471+0000] {dagbag.py:541} INFO - Filling up the DagBag from /home/airflow/.local/lib/python3.7/site-packages/airflow/example_dags/example_branch_labels.py
[2024-06-04T21:49:56.493+0000] {processor.py:809} INFO - DAG(s) dict_keys(['example_branch_labels']) retrieved from /home/airflow/.local/lib/python3.7/site-packages/airflow/example_dags/example_branch_labels.py
[2024-06-04T21:49:56.569+0000] {logging_mixin.py:149} INFO - [2024-06-04T21:49:56.568+0000] {dag.py:2726} INFO - Sync 1 DAGs
[2024-06-04T21:49:56.661+0000] {logging_mixin.py:149} INFO - [2024-06-04T21:49:56.660+0000] {dag.py:3490} INFO - Setting next_dagrun for example_branch_labels to 2024-06-03T00:00:00+00:00, run_after=2024-06-04T00:00:00+00:00
[2024-06-04T21:49:56.711+0000] {processor.py:178} INFO - Processing /home/airflow/.local/lib/python3.7/site-packages/airflow/example_dags/example_branch_labels.py took 0.248 seconds
[2024-06-04T21:50:27.147+0000] {processor.py:156} INFO - Started process (PID=838) to work on /home/airflow/.local/lib/python3.7/site-packages/airflow/example_dags/example_branch_labels.py
[2024-06-04T21:50:27.150+0000] {processor.py:799} INFO - Processing file /home/airflow/.local/lib/python3.7/site-packages/airflow/example_dags/example_branch_labels.py for tasks to queue
[2024-06-04T21:50:27.152+0000] {logging_mixin.py:149} INFO - [2024-06-04T21:50:27.151+0000] {dagbag.py:541} INFO - Filling up the DagBag from /home/airflow/.local/lib/python3.7/site-packages/airflow/example_dags/example_branch_labels.py
[2024-06-04T21:50:27.171+0000] {processor.py:809} INFO - DAG(s) dict_keys(['example_branch_labels']) retrieved from /home/airflow/.local/lib/python3.7/site-packages/airflow/example_dags/example_branch_labels.py
[2024-06-04T21:50:27.211+0000] {logging_mixin.py:149} INFO - [2024-06-04T21:50:27.211+0000] {dag.py:2726} INFO - Sync 1 DAGs
[2024-06-04T21:50:27.254+0000] {logging_mixin.py:149} INFO - [2024-06-04T21:50:27.254+0000] {dag.py:3490} INFO - Setting next_dagrun for example_branch_labels to 2024-06-03T00:00:00+00:00, run_after=2024-06-04T00:00:00+00:00
[2024-06-04T21:50:27.291+0000] {processor.py:178} INFO - Processing /home/airflow/.local/lib/python3.7/site-packages/airflow/example_dags/example_branch_labels.py took 0.149 seconds
[2024-06-04T21:50:57.713+0000] {processor.py:156} INFO - Started process (PID=894) to work on /home/airflow/.local/lib/python3.7/site-packages/airflow/example_dags/example_branch_labels.py
[2024-06-04T21:50:57.715+0000] {processor.py:799} INFO - Processing file /home/airflow/.local/lib/python3.7/site-packages/airflow/example_dags/example_branch_labels.py for tasks to queue
[2024-06-04T21:50:57.718+0000] {logging_mixin.py:149} INFO - [2024-06-04T21:50:57.717+0000] {dagbag.py:541} INFO - Filling up the DagBag from /home/airflow/.local/lib/python3.7/site-packages/airflow/example_dags/example_branch_labels.py
[2024-06-04T21:50:57.745+0000] {processor.py:809} INFO - DAG(s) dict_keys(['example_branch_labels']) retrieved from /home/airflow/.local/lib/python3.7/site-packages/airflow/example_dags/example_branch_labels.py
[2024-06-04T21:50:57.819+0000] {logging_mixin.py:149} INFO - [2024-06-04T21:50:57.819+0000] {dag.py:2726} INFO - Sync 1 DAGs
[2024-06-04T21:50:57.900+0000] {logging_mixin.py:149} INFO - [2024-06-04T21:50:57.900+0000] {dag.py:3490} INFO - Setting next_dagrun for example_branch_labels to 2024-06-03T00:00:00+00:00, run_after=2024-06-04T00:00:00+00:00
[2024-06-04T21:50:57.984+0000] {processor.py:178} INFO - Processing /home/airflow/.local/lib/python3.7/site-packages/airflow/example_dags/example_branch_labels.py took 0.279 seconds
[2024-06-04T21:51:28.621+0000] {processor.py:156} INFO - Started process (PID=949) to work on /home/airflow/.local/lib/python3.7/site-packages/airflow/example_dags/example_branch_labels.py
[2024-06-04T21:51:28.624+0000] {processor.py:799} INFO - Processing file /home/airflow/.local/lib/python3.7/site-packages/airflow/example_dags/example_branch_labels.py for tasks to queue
[2024-06-04T21:51:28.625+0000] {logging_mixin.py:149} INFO - [2024-06-04T21:51:28.625+0000] {dagbag.py:541} INFO - Filling up the DagBag from /home/airflow/.local/lib/python3.7/site-packages/airflow/example_dags/example_branch_labels.py
[2024-06-04T21:51:28.647+0000] {processor.py:809} INFO - DAG(s) dict_keys(['example_branch_labels']) retrieved from /home/airflow/.local/lib/python3.7/site-packages/airflow/example_dags/example_branch_labels.py
[2024-06-04T21:51:28.707+0000] {logging_mixin.py:149} INFO - [2024-06-04T21:51:28.707+0000] {dag.py:2726} INFO - Sync 1 DAGs
[2024-06-04T21:51:28.774+0000] {logging_mixin.py:149} INFO - [2024-06-04T21:51:28.774+0000] {dag.py:3490} INFO - Setting next_dagrun for example_branch_labels to 2024-06-03T00:00:00+00:00, run_after=2024-06-04T00:00:00+00:00
[2024-06-04T21:51:28.826+0000] {processor.py:178} INFO - Processing /home/airflow/.local/lib/python3.7/site-packages/airflow/example_dags/example_branch_labels.py took 0.212 seconds
