[2024-06-04T21:43:27.921+0000] {processor.py:156} INFO - Started process (PID=95) to work on /home/airflow/.local/lib/python3.7/site-packages/airflow/example_dags/example_nested_branch_dag.py
[2024-06-04T21:43:27.930+0000] {processor.py:799} INFO - Processing file /home/airflow/.local/lib/python3.7/site-packages/airflow/example_dags/example_nested_branch_dag.py for tasks to queue
[2024-06-04T21:43:27.977+0000] {logging_mixin.py:149} INFO - [2024-06-04T21:43:27.973+0000] {dagbag.py:541} INFO - Filling up the DagBag from /home/airflow/.local/lib/python3.7/site-packages/airflow/example_dags/example_nested_branch_dag.py
[2024-06-04T21:43:28.230+0000] {processor.py:809} INFO - DAG(s) dict_keys(['example_nested_branch_dag']) retrieved from /home/airflow/.local/lib/python3.7/site-packages/airflow/example_dags/example_nested_branch_dag.py
[2024-06-04T21:43:28.424+0000] {logging_mixin.py:149} INFO - [2024-06-04T21:43:28.423+0000] {dag.py:2726} INFO - Sync 1 DAGs
[2024-06-04T21:43:28.588+0000] {logging_mixin.py:149} INFO - [2024-06-04T21:43:28.587+0000] {dag.py:2747} INFO - Creating ORM DAG for example_nested_branch_dag
[2024-06-04T21:43:28.742+0000] {logging_mixin.py:149} INFO - [2024-06-04T21:43:28.741+0000] {dag.py:3490} INFO - Setting next_dagrun for example_nested_branch_dag to 2024-06-03T00:00:00+00:00, run_after=2024-06-04T00:00:00+00:00
[2024-06-04T21:43:29.231+0000] {processor.py:178} INFO - Processing /home/airflow/.local/lib/python3.7/site-packages/airflow/example_dags/example_nested_branch_dag.py took 1.366 seconds
[2024-06-04T21:44:01.958+0000] {processor.py:156} INFO - Started process (PID=151) to work on /home/airflow/.local/lib/python3.7/site-packages/airflow/example_dags/example_nested_branch_dag.py
[2024-06-04T21:44:01.962+0000] {processor.py:799} INFO - Processing file /home/airflow/.local/lib/python3.7/site-packages/airflow/example_dags/example_nested_branch_dag.py for tasks to queue
[2024-06-04T21:44:01.967+0000] {logging_mixin.py:149} INFO - [2024-06-04T21:44:01.967+0000] {dagbag.py:541} INFO - Filling up the DagBag from /home/airflow/.local/lib/python3.7/site-packages/airflow/example_dags/example_nested_branch_dag.py
[2024-06-04T21:44:02.014+0000] {processor.py:809} INFO - DAG(s) dict_keys(['example_nested_branch_dag']) retrieved from /home/airflow/.local/lib/python3.7/site-packages/airflow/example_dags/example_nested_branch_dag.py
[2024-06-04T21:44:02.153+0000] {logging_mixin.py:149} INFO - [2024-06-04T21:44:02.153+0000] {dag.py:2726} INFO - Sync 1 DAGs
[2024-06-04T21:44:02.350+0000] {logging_mixin.py:149} INFO - [2024-06-04T21:44:02.350+0000] {dag.py:3490} INFO - Setting next_dagrun for example_nested_branch_dag to 2024-06-03T00:00:00+00:00, run_after=2024-06-04T00:00:00+00:00
[2024-06-04T21:44:02.436+0000] {processor.py:178} INFO - Processing /home/airflow/.local/lib/python3.7/site-packages/airflow/example_dags/example_nested_branch_dag.py took 0.486 seconds
[2024-06-04T21:44:32.673+0000] {processor.py:156} INFO - Started process (PID=213) to work on /home/airflow/.local/lib/python3.7/site-packages/airflow/example_dags/example_nested_branch_dag.py
[2024-06-04T21:44:32.682+0000] {processor.py:799} INFO - Processing file /home/airflow/.local/lib/python3.7/site-packages/airflow/example_dags/example_nested_branch_dag.py for tasks to queue
[2024-06-04T21:44:32.684+0000] {logging_mixin.py:149} INFO - [2024-06-04T21:44:32.684+0000] {dagbag.py:541} INFO - Filling up the DagBag from /home/airflow/.local/lib/python3.7/site-packages/airflow/example_dags/example_nested_branch_dag.py
[2024-06-04T21:44:32.702+0000] {processor.py:809} INFO - DAG(s) dict_keys(['example_nested_branch_dag']) retrieved from /home/airflow/.local/lib/python3.7/site-packages/airflow/example_dags/example_nested_branch_dag.py
[2024-06-04T21:44:32.741+0000] {logging_mixin.py:149} INFO - [2024-06-04T21:44:32.740+0000] {dag.py:2726} INFO - Sync 1 DAGs
[2024-06-04T21:44:32.786+0000] {logging_mixin.py:149} INFO - [2024-06-04T21:44:32.786+0000] {dag.py:3490} INFO - Setting next_dagrun for example_nested_branch_dag to 2024-06-03T00:00:00+00:00, run_after=2024-06-04T00:00:00+00:00
[2024-06-04T21:44:32.830+0000] {processor.py:178} INFO - Processing /home/airflow/.local/lib/python3.7/site-packages/airflow/example_dags/example_nested_branch_dag.py took 0.162 seconds
[2024-06-04T21:45:04.740+0000] {processor.py:156} INFO - Started process (PID=269) to work on /home/airflow/.local/lib/python3.7/site-packages/airflow/example_dags/example_nested_branch_dag.py
[2024-06-04T21:45:04.742+0000] {processor.py:799} INFO - Processing file /home/airflow/.local/lib/python3.7/site-packages/airflow/example_dags/example_nested_branch_dag.py for tasks to queue
[2024-06-04T21:45:04.744+0000] {logging_mixin.py:149} INFO - [2024-06-04T21:45:04.743+0000] {dagbag.py:541} INFO - Filling up the DagBag from /home/airflow/.local/lib/python3.7/site-packages/airflow/example_dags/example_nested_branch_dag.py
[2024-06-04T21:45:04.763+0000] {processor.py:809} INFO - DAG(s) dict_keys(['example_nested_branch_dag']) retrieved from /home/airflow/.local/lib/python3.7/site-packages/airflow/example_dags/example_nested_branch_dag.py
[2024-06-04T21:45:04.810+0000] {logging_mixin.py:149} INFO - [2024-06-04T21:45:04.810+0000] {dag.py:2726} INFO - Sync 1 DAGs
[2024-06-04T21:45:04.870+0000] {logging_mixin.py:149} INFO - [2024-06-04T21:45:04.870+0000] {dag.py:3490} INFO - Setting next_dagrun for example_nested_branch_dag to 2024-06-03T00:00:00+00:00, run_after=2024-06-04T00:00:00+00:00
[2024-06-04T21:45:04.910+0000] {processor.py:178} INFO - Processing /home/airflow/.local/lib/python3.7/site-packages/airflow/example_dags/example_nested_branch_dag.py took 0.175 seconds
[2024-06-04T21:45:35.940+0000] {processor.py:156} INFO - Started process (PID=324) to work on /home/airflow/.local/lib/python3.7/site-packages/airflow/example_dags/example_nested_branch_dag.py
[2024-06-04T21:45:35.941+0000] {processor.py:799} INFO - Processing file /home/airflow/.local/lib/python3.7/site-packages/airflow/example_dags/example_nested_branch_dag.py for tasks to queue
[2024-06-04T21:45:35.950+0000] {logging_mixin.py:149} INFO - [2024-06-04T21:45:35.949+0000] {dagbag.py:541} INFO - Filling up the DagBag from /home/airflow/.local/lib/python3.7/site-packages/airflow/example_dags/example_nested_branch_dag.py
[2024-06-04T21:45:35.982+0000] {processor.py:809} INFO - DAG(s) dict_keys(['example_nested_branch_dag']) retrieved from /home/airflow/.local/lib/python3.7/site-packages/airflow/example_dags/example_nested_branch_dag.py
[2024-06-04T21:45:36.123+0000] {logging_mixin.py:149} INFO - [2024-06-04T21:45:36.123+0000] {dag.py:2726} INFO - Sync 1 DAGs
[2024-06-04T21:45:36.276+0000] {logging_mixin.py:149} INFO - [2024-06-04T21:45:36.276+0000] {dag.py:3490} INFO - Setting next_dagrun for example_nested_branch_dag to 2024-06-03T00:00:00+00:00, run_after=2024-06-04T00:00:00+00:00
[2024-06-04T21:45:36.327+0000] {processor.py:178} INFO - Processing /home/airflow/.local/lib/python3.7/site-packages/airflow/example_dags/example_nested_branch_dag.py took 0.399 seconds
[2024-06-04T21:46:12.309+0000] {processor.py:156} INFO - Started process (PID=380) to work on /home/airflow/.local/lib/python3.7/site-packages/airflow/example_dags/example_nested_branch_dag.py
[2024-06-04T21:46:12.369+0000] {processor.py:799} INFO - Processing file /home/airflow/.local/lib/python3.7/site-packages/airflow/example_dags/example_nested_branch_dag.py for tasks to queue
[2024-06-04T21:46:12.417+0000] {logging_mixin.py:149} INFO - [2024-06-04T21:46:12.416+0000] {dagbag.py:541} INFO - Filling up the DagBag from /home/airflow/.local/lib/python3.7/site-packages/airflow/example_dags/example_nested_branch_dag.py
[2024-06-04T21:46:12.495+0000] {processor.py:809} INFO - DAG(s) dict_keys(['example_nested_branch_dag']) retrieved from /home/airflow/.local/lib/python3.7/site-packages/airflow/example_dags/example_nested_branch_dag.py
[2024-06-04T21:46:12.927+0000] {logging_mixin.py:149} INFO - [2024-06-04T21:46:12.927+0000] {dag.py:2726} INFO - Sync 1 DAGs
[2024-06-04T21:46:13.182+0000] {logging_mixin.py:149} INFO - [2024-06-04T21:46:13.181+0000] {dag.py:3490} INFO - Setting next_dagrun for example_nested_branch_dag to 2024-06-03T00:00:00+00:00, run_after=2024-06-04T00:00:00+00:00
[2024-06-04T21:46:13.420+0000] {processor.py:178} INFO - Processing /home/airflow/.local/lib/python3.7/site-packages/airflow/example_dags/example_nested_branch_dag.py took 1.242 seconds
[2024-06-04T21:46:43.567+0000] {processor.py:156} INFO - Started process (PID=436) to work on /home/airflow/.local/lib/python3.7/site-packages/airflow/example_dags/example_nested_branch_dag.py
[2024-06-04T21:46:43.569+0000] {processor.py:799} INFO - Processing file /home/airflow/.local/lib/python3.7/site-packages/airflow/example_dags/example_nested_branch_dag.py for tasks to queue
[2024-06-04T21:46:43.572+0000] {logging_mixin.py:149} INFO - [2024-06-04T21:46:43.571+0000] {dagbag.py:541} INFO - Filling up the DagBag from /home/airflow/.local/lib/python3.7/site-packages/airflow/example_dags/example_nested_branch_dag.py
[2024-06-04T21:46:43.592+0000] {processor.py:809} INFO - DAG(s) dict_keys(['example_nested_branch_dag']) retrieved from /home/airflow/.local/lib/python3.7/site-packages/airflow/example_dags/example_nested_branch_dag.py
[2024-06-04T21:46:43.633+0000] {logging_mixin.py:149} INFO - [2024-06-04T21:46:43.632+0000] {dag.py:2726} INFO - Sync 1 DAGs
[2024-06-04T21:46:43.678+0000] {logging_mixin.py:149} INFO - [2024-06-04T21:46:43.678+0000] {dag.py:3490} INFO - Setting next_dagrun for example_nested_branch_dag to 2024-06-03T00:00:00+00:00, run_after=2024-06-04T00:00:00+00:00
[2024-06-04T21:46:43.716+0000] {processor.py:178} INFO - Processing /home/airflow/.local/lib/python3.7/site-packages/airflow/example_dags/example_nested_branch_dag.py took 0.153 seconds
[2024-06-04T21:47:13.885+0000] {processor.py:156} INFO - Started process (PID=492) to work on /home/airflow/.local/lib/python3.7/site-packages/airflow/example_dags/example_nested_branch_dag.py
[2024-06-04T21:47:13.889+0000] {processor.py:799} INFO - Processing file /home/airflow/.local/lib/python3.7/site-packages/airflow/example_dags/example_nested_branch_dag.py for tasks to queue
[2024-06-04T21:47:13.898+0000] {logging_mixin.py:149} INFO - [2024-06-04T21:47:13.898+0000] {dagbag.py:541} INFO - Filling up the DagBag from /home/airflow/.local/lib/python3.7/site-packages/airflow/example_dags/example_nested_branch_dag.py
[2024-06-04T21:47:13.920+0000] {processor.py:809} INFO - DAG(s) dict_keys(['example_nested_branch_dag']) retrieved from /home/airflow/.local/lib/python3.7/site-packages/airflow/example_dags/example_nested_branch_dag.py
[2024-06-04T21:47:13.961+0000] {logging_mixin.py:149} INFO - [2024-06-04T21:47:13.960+0000] {dag.py:2726} INFO - Sync 1 DAGs
[2024-06-04T21:47:14.003+0000] {logging_mixin.py:149} INFO - [2024-06-04T21:47:14.002+0000] {dag.py:3490} INFO - Setting next_dagrun for example_nested_branch_dag to 2024-06-03T00:00:00+00:00, run_after=2024-06-04T00:00:00+00:00
[2024-06-04T21:47:14.039+0000] {processor.py:178} INFO - Processing /home/airflow/.local/lib/python3.7/site-packages/airflow/example_dags/example_nested_branch_dag.py took 0.162 seconds
[2024-06-04T21:47:45.563+0000] {processor.py:156} INFO - Started process (PID=548) to work on /home/airflow/.local/lib/python3.7/site-packages/airflow/example_dags/example_nested_branch_dag.py
[2024-06-04T21:47:45.568+0000] {processor.py:799} INFO - Processing file /home/airflow/.local/lib/python3.7/site-packages/airflow/example_dags/example_nested_branch_dag.py for tasks to queue
[2024-06-04T21:47:45.580+0000] {logging_mixin.py:149} INFO - [2024-06-04T21:47:45.580+0000] {dagbag.py:541} INFO - Filling up the DagBag from /home/airflow/.local/lib/python3.7/site-packages/airflow/example_dags/example_nested_branch_dag.py
[2024-06-04T21:47:45.700+0000] {processor.py:809} INFO - DAG(s) dict_keys(['example_nested_branch_dag']) retrieved from /home/airflow/.local/lib/python3.7/site-packages/airflow/example_dags/example_nested_branch_dag.py
[2024-06-04T21:47:45.911+0000] {logging_mixin.py:149} INFO - [2024-06-04T21:47:45.910+0000] {dag.py:2726} INFO - Sync 1 DAGs
[2024-06-04T21:47:46.025+0000] {logging_mixin.py:149} INFO - [2024-06-04T21:47:46.024+0000] {dag.py:3490} INFO - Setting next_dagrun for example_nested_branch_dag to 2024-06-03T00:00:00+00:00, run_after=2024-06-04T00:00:00+00:00
[2024-06-04T21:47:46.140+0000] {processor.py:178} INFO - Processing /home/airflow/.local/lib/python3.7/site-packages/airflow/example_dags/example_nested_branch_dag.py took 0.591 seconds
[2024-06-04T21:48:16.900+0000] {processor.py:156} INFO - Started process (PID=604) to work on /home/airflow/.local/lib/python3.7/site-packages/airflow/example_dags/example_nested_branch_dag.py
[2024-06-04T21:48:16.913+0000] {processor.py:799} INFO - Processing file /home/airflow/.local/lib/python3.7/site-packages/airflow/example_dags/example_nested_branch_dag.py for tasks to queue
[2024-06-04T21:48:16.921+0000] {logging_mixin.py:149} INFO - [2024-06-04T21:48:16.921+0000] {dagbag.py:541} INFO - Filling up the DagBag from /home/airflow/.local/lib/python3.7/site-packages/airflow/example_dags/example_nested_branch_dag.py
[2024-06-04T21:48:17.001+0000] {processor.py:809} INFO - DAG(s) dict_keys(['example_nested_branch_dag']) retrieved from /home/airflow/.local/lib/python3.7/site-packages/airflow/example_dags/example_nested_branch_dag.py
[2024-06-04T21:48:17.203+0000] {logging_mixin.py:149} INFO - [2024-06-04T21:48:17.203+0000] {dag.py:2726} INFO - Sync 1 DAGs
[2024-06-04T21:48:17.352+0000] {logging_mixin.py:149} INFO - [2024-06-04T21:48:17.352+0000] {dag.py:3490} INFO - Setting next_dagrun for example_nested_branch_dag to 2024-06-03T00:00:00+00:00, run_after=2024-06-04T00:00:00+00:00
[2024-06-04T21:48:17.462+0000] {processor.py:178} INFO - Processing /home/airflow/.local/lib/python3.7/site-packages/airflow/example_dags/example_nested_branch_dag.py took 0.592 seconds
[2024-06-04T21:48:48.399+0000] {processor.py:156} INFO - Started process (PID=659) to work on /home/airflow/.local/lib/python3.7/site-packages/airflow/example_dags/example_nested_branch_dag.py
[2024-06-04T21:48:48.403+0000] {processor.py:799} INFO - Processing file /home/airflow/.local/lib/python3.7/site-packages/airflow/example_dags/example_nested_branch_dag.py for tasks to queue
[2024-06-04T21:48:48.406+0000] {logging_mixin.py:149} INFO - [2024-06-04T21:48:48.405+0000] {dagbag.py:541} INFO - Filling up the DagBag from /home/airflow/.local/lib/python3.7/site-packages/airflow/example_dags/example_nested_branch_dag.py
[2024-06-04T21:48:48.454+0000] {processor.py:809} INFO - DAG(s) dict_keys(['example_nested_branch_dag']) retrieved from /home/airflow/.local/lib/python3.7/site-packages/airflow/example_dags/example_nested_branch_dag.py
[2024-06-04T21:48:48.574+0000] {logging_mixin.py:149} INFO - [2024-06-04T21:48:48.574+0000] {dag.py:2726} INFO - Sync 1 DAGs
[2024-06-04T21:48:48.663+0000] {logging_mixin.py:149} INFO - [2024-06-04T21:48:48.662+0000] {dag.py:3490} INFO - Setting next_dagrun for example_nested_branch_dag to 2024-06-03T00:00:00+00:00, run_after=2024-06-04T00:00:00+00:00
[2024-06-04T21:48:48.722+0000] {processor.py:178} INFO - Processing /home/airflow/.local/lib/python3.7/site-packages/airflow/example_dags/example_nested_branch_dag.py took 0.333 seconds
[2024-06-04T21:49:19.159+0000] {processor.py:156} INFO - Started process (PID=716) to work on /home/airflow/.local/lib/python3.7/site-packages/airflow/example_dags/example_nested_branch_dag.py
[2024-06-04T21:49:19.161+0000] {processor.py:799} INFO - Processing file /home/airflow/.local/lib/python3.7/site-packages/airflow/example_dags/example_nested_branch_dag.py for tasks to queue
[2024-06-04T21:49:19.163+0000] {logging_mixin.py:149} INFO - [2024-06-04T21:49:19.163+0000] {dagbag.py:541} INFO - Filling up the DagBag from /home/airflow/.local/lib/python3.7/site-packages/airflow/example_dags/example_nested_branch_dag.py
[2024-06-04T21:49:19.187+0000] {processor.py:809} INFO - DAG(s) dict_keys(['example_nested_branch_dag']) retrieved from /home/airflow/.local/lib/python3.7/site-packages/airflow/example_dags/example_nested_branch_dag.py
[2024-06-04T21:49:19.248+0000] {logging_mixin.py:149} INFO - [2024-06-04T21:49:19.248+0000] {dag.py:2726} INFO - Sync 1 DAGs
[2024-06-04T21:49:19.327+0000] {logging_mixin.py:149} INFO - [2024-06-04T21:49:19.327+0000] {dag.py:3490} INFO - Setting next_dagrun for example_nested_branch_dag to 2024-06-03T00:00:00+00:00, run_after=2024-06-04T00:00:00+00:00
[2024-06-04T21:49:19.380+0000] {processor.py:178} INFO - Processing /home/airflow/.local/lib/python3.7/site-packages/airflow/example_dags/example_nested_branch_dag.py took 0.227 seconds
[2024-06-04T21:49:49.600+0000] {processor.py:156} INFO - Started process (PID=772) to work on /home/airflow/.local/lib/python3.7/site-packages/airflow/example_dags/example_nested_branch_dag.py
[2024-06-04T21:49:49.601+0000] {processor.py:799} INFO - Processing file /home/airflow/.local/lib/python3.7/site-packages/airflow/example_dags/example_nested_branch_dag.py for tasks to queue
[2024-06-04T21:49:49.604+0000] {logging_mixin.py:149} INFO - [2024-06-04T21:49:49.603+0000] {dagbag.py:541} INFO - Filling up the DagBag from /home/airflow/.local/lib/python3.7/site-packages/airflow/example_dags/example_nested_branch_dag.py
[2024-06-04T21:49:49.623+0000] {processor.py:809} INFO - DAG(s) dict_keys(['example_nested_branch_dag']) retrieved from /home/airflow/.local/lib/python3.7/site-packages/airflow/example_dags/example_nested_branch_dag.py
[2024-06-04T21:49:49.673+0000] {logging_mixin.py:149} INFO - [2024-06-04T21:49:49.673+0000] {dag.py:2726} INFO - Sync 1 DAGs
[2024-06-04T21:49:49.728+0000] {logging_mixin.py:149} INFO - [2024-06-04T21:49:49.728+0000] {dag.py:3490} INFO - Setting next_dagrun for example_nested_branch_dag to 2024-06-03T00:00:00+00:00, run_after=2024-06-04T00:00:00+00:00
[2024-06-04T21:49:49.777+0000] {processor.py:178} INFO - Processing /home/airflow/.local/lib/python3.7/site-packages/airflow/example_dags/example_nested_branch_dag.py took 0.188 seconds
[2024-06-04T21:50:20.267+0000] {processor.py:156} INFO - Started process (PID=828) to work on /home/airflow/.local/lib/python3.7/site-packages/airflow/example_dags/example_nested_branch_dag.py
[2024-06-04T21:50:20.268+0000] {processor.py:799} INFO - Processing file /home/airflow/.local/lib/python3.7/site-packages/airflow/example_dags/example_nested_branch_dag.py for tasks to queue
[2024-06-04T21:50:20.271+0000] {logging_mixin.py:149} INFO - [2024-06-04T21:50:20.270+0000] {dagbag.py:541} INFO - Filling up the DagBag from /home/airflow/.local/lib/python3.7/site-packages/airflow/example_dags/example_nested_branch_dag.py
[2024-06-04T21:50:20.303+0000] {processor.py:809} INFO - DAG(s) dict_keys(['example_nested_branch_dag']) retrieved from /home/airflow/.local/lib/python3.7/site-packages/airflow/example_dags/example_nested_branch_dag.py
[2024-06-04T21:50:20.358+0000] {logging_mixin.py:149} INFO - [2024-06-04T21:50:20.358+0000] {dag.py:2726} INFO - Sync 1 DAGs
[2024-06-04T21:50:20.417+0000] {logging_mixin.py:149} INFO - [2024-06-04T21:50:20.417+0000] {dag.py:3490} INFO - Setting next_dagrun for example_nested_branch_dag to 2024-06-03T00:00:00+00:00, run_after=2024-06-04T00:00:00+00:00
[2024-06-04T21:50:20.463+0000] {processor.py:178} INFO - Processing /home/airflow/.local/lib/python3.7/site-packages/airflow/example_dags/example_nested_branch_dag.py took 0.202 seconds
[2024-06-04T21:50:50.796+0000] {processor.py:156} INFO - Started process (PID=884) to work on /home/airflow/.local/lib/python3.7/site-packages/airflow/example_dags/example_nested_branch_dag.py
[2024-06-04T21:50:50.802+0000] {processor.py:799} INFO - Processing file /home/airflow/.local/lib/python3.7/site-packages/airflow/example_dags/example_nested_branch_dag.py for tasks to queue
[2024-06-04T21:50:50.806+0000] {logging_mixin.py:149} INFO - [2024-06-04T21:50:50.805+0000] {dagbag.py:541} INFO - Filling up the DagBag from /home/airflow/.local/lib/python3.7/site-packages/airflow/example_dags/example_nested_branch_dag.py
[2024-06-04T21:50:50.848+0000] {processor.py:809} INFO - DAG(s) dict_keys(['example_nested_branch_dag']) retrieved from /home/airflow/.local/lib/python3.7/site-packages/airflow/example_dags/example_nested_branch_dag.py
[2024-06-04T21:50:50.906+0000] {logging_mixin.py:149} INFO - [2024-06-04T21:50:50.906+0000] {dag.py:2726} INFO - Sync 1 DAGs
[2024-06-04T21:50:50.954+0000] {logging_mixin.py:149} INFO - [2024-06-04T21:50:50.954+0000] {dag.py:3490} INFO - Setting next_dagrun for example_nested_branch_dag to 2024-06-03T00:00:00+00:00, run_after=2024-06-04T00:00:00+00:00
[2024-06-04T21:50:50.997+0000] {processor.py:178} INFO - Processing /home/airflow/.local/lib/python3.7/site-packages/airflow/example_dags/example_nested_branch_dag.py took 0.208 seconds
[2024-06-04T21:51:21.682+0000] {processor.py:156} INFO - Started process (PID=939) to work on /home/airflow/.local/lib/python3.7/site-packages/airflow/example_dags/example_nested_branch_dag.py
[2024-06-04T21:51:21.686+0000] {processor.py:799} INFO - Processing file /home/airflow/.local/lib/python3.7/site-packages/airflow/example_dags/example_nested_branch_dag.py for tasks to queue
[2024-06-04T21:51:21.691+0000] {logging_mixin.py:149} INFO - [2024-06-04T21:51:21.691+0000] {dagbag.py:541} INFO - Filling up the DagBag from /home/airflow/.local/lib/python3.7/site-packages/airflow/example_dags/example_nested_branch_dag.py
[2024-06-04T21:51:21.720+0000] {processor.py:809} INFO - DAG(s) dict_keys(['example_nested_branch_dag']) retrieved from /home/airflow/.local/lib/python3.7/site-packages/airflow/example_dags/example_nested_branch_dag.py
[2024-06-04T21:51:21.787+0000] {logging_mixin.py:149} INFO - [2024-06-04T21:51:21.787+0000] {dag.py:2726} INFO - Sync 1 DAGs
[2024-06-04T21:51:21.843+0000] {logging_mixin.py:149} INFO - [2024-06-04T21:51:21.843+0000] {dag.py:3490} INFO - Setting next_dagrun for example_nested_branch_dag to 2024-06-03T00:00:00+00:00, run_after=2024-06-04T00:00:00+00:00
[2024-06-04T21:51:21.885+0000] {processor.py:178} INFO - Processing /home/airflow/.local/lib/python3.7/site-packages/airflow/example_dags/example_nested_branch_dag.py took 0.210 seconds
[2024-06-04T21:51:52.175+0000] {processor.py:156} INFO - Started process (PID=996) to work on /home/airflow/.local/lib/python3.7/site-packages/airflow/example_dags/example_nested_branch_dag.py
[2024-06-04T21:51:52.177+0000] {processor.py:799} INFO - Processing file /home/airflow/.local/lib/python3.7/site-packages/airflow/example_dags/example_nested_branch_dag.py for tasks to queue
[2024-06-04T21:51:52.179+0000] {logging_mixin.py:149} INFO - [2024-06-04T21:51:52.179+0000] {dagbag.py:541} INFO - Filling up the DagBag from /home/airflow/.local/lib/python3.7/site-packages/airflow/example_dags/example_nested_branch_dag.py
[2024-06-04T21:51:52.208+0000] {processor.py:809} INFO - DAG(s) dict_keys(['example_nested_branch_dag']) retrieved from /home/airflow/.local/lib/python3.7/site-packages/airflow/example_dags/example_nested_branch_dag.py
[2024-06-04T21:51:52.254+0000] {logging_mixin.py:149} INFO - [2024-06-04T21:51:52.254+0000] {dag.py:2726} INFO - Sync 1 DAGs
[2024-06-04T21:51:52.368+0000] {logging_mixin.py:149} INFO - [2024-06-04T21:51:52.368+0000] {dag.py:3490} INFO - Setting next_dagrun for example_nested_branch_dag to 2024-06-03T00:00:00+00:00, run_after=2024-06-04T00:00:00+00:00
[2024-06-04T21:51:52.443+0000] {processor.py:178} INFO - Processing /home/airflow/.local/lib/python3.7/site-packages/airflow/example_dags/example_nested_branch_dag.py took 0.274 seconds
