[2024-06-04T21:42:01.082+0000] {processor.py:156} INFO - Started process (PID=50) to work on /home/airflow/.local/lib/python3.7/site-packages/airflow/example_dags/example_complex.py
[2024-06-04T21:42:01.084+0000] {processor.py:799} INFO - Processing file /home/airflow/.local/lib/python3.7/site-packages/airflow/example_dags/example_complex.py for tasks to queue
[2024-06-04T21:42:01.099+0000] {logging_mixin.py:149} INFO - [2024-06-04T21:42:01.099+0000] {dagbag.py:541} INFO - Filling up the DagBag from /home/airflow/.local/lib/python3.7/site-packages/airflow/example_dags/example_complex.py
[2024-06-04T21:42:01.878+0000] {logging_mixin.py:149} INFO - [2024-06-04T21:42:01.878+0000] {taskmixin.py:211} WARNING - Dependency <Task(BashOperator): create_entry_group>, delete_entry_group already registered for DAG: example_complex
[2024-06-04T21:42:01.908+0000] {logging_mixin.py:149} INFO - [2024-06-04T21:42:01.905+0000] {taskmixin.py:211} WARNING - Dependency <Task(BashOperator): delete_entry_group>, create_entry_group already registered for DAG: example_complex
[2024-06-04T21:42:01.931+0000] {logging_mixin.py:149} INFO - [2024-06-04T21:42:01.931+0000] {taskmixin.py:211} WARNING - Dependency <Task(BashOperator): create_entry_gcs>, delete_entry already registered for DAG: example_complex
[2024-06-04T21:42:01.936+0000] {logging_mixin.py:149} INFO - [2024-06-04T21:42:01.936+0000] {taskmixin.py:211} WARNING - Dependency <Task(BashOperator): delete_entry>, create_entry_gcs already registered for DAG: example_complex
[2024-06-04T21:42:01.968+0000] {logging_mixin.py:149} INFO - [2024-06-04T21:42:01.967+0000] {taskmixin.py:211} WARNING - Dependency <Task(BashOperator): create_tag>, delete_tag already registered for DAG: example_complex
[2024-06-04T21:42:02.002+0000] {logging_mixin.py:149} INFO - [2024-06-04T21:42:02.000+0000] {taskmixin.py:211} WARNING - Dependency <Task(BashOperator): delete_tag>, create_tag already registered for DAG: example_complex
[2024-06-04T21:42:02.124+0000] {processor.py:809} INFO - DAG(s) dict_keys(['example_complex']) retrieved from /home/airflow/.local/lib/python3.7/site-packages/airflow/example_dags/example_complex.py
[2024-06-04T21:42:04.170+0000] {logging_mixin.py:149} INFO - [2024-06-04T21:42:04.147+0000] {manager.py:504} INFO - Created Permission View: can delete on DAG:example_complex
[2024-06-04T21:42:04.423+0000] {logging_mixin.py:149} INFO - [2024-06-04T21:42:04.423+0000] {manager.py:504} INFO - Created Permission View: can read on DAG:example_complex
[2024-06-04T21:42:04.603+0000] {logging_mixin.py:149} INFO - [2024-06-04T21:42:04.603+0000] {manager.py:504} INFO - Created Permission View: can edit on DAG:example_complex
[2024-06-04T21:42:04.607+0000] {logging_mixin.py:149} INFO - [2024-06-04T21:42:04.605+0000] {dag.py:2726} INFO - Sync 1 DAGs
[2024-06-04T21:42:04.951+0000] {logging_mixin.py:149} INFO - [2024-06-04T21:42:04.947+0000] {dag.py:2747} INFO - Creating ORM DAG for example_complex
[2024-06-04T21:42:05.191+0000] {logging_mixin.py:149} INFO - [2024-06-04T21:42:05.191+0000] {dag.py:3490} INFO - Setting next_dagrun for example_complex to None, run_after=None
[2024-06-04T21:42:05.577+0000] {processor.py:178} INFO - Processing /home/airflow/.local/lib/python3.7/site-packages/airflow/example_dags/example_complex.py took 4.503 seconds
[2024-06-04T21:43:46.553+0000] {processor.py:156} INFO - Started process (PID=119) to work on /home/airflow/.local/lib/python3.7/site-packages/airflow/example_dags/example_complex.py
[2024-06-04T21:43:46.581+0000] {processor.py:799} INFO - Processing file /home/airflow/.local/lib/python3.7/site-packages/airflow/example_dags/example_complex.py for tasks to queue
[2024-06-04T21:43:46.593+0000] {logging_mixin.py:149} INFO - [2024-06-04T21:43:46.589+0000] {dagbag.py:541} INFO - Filling up the DagBag from /home/airflow/.local/lib/python3.7/site-packages/airflow/example_dags/example_complex.py
[2024-06-04T21:43:46.730+0000] {logging_mixin.py:149} INFO - [2024-06-04T21:43:46.730+0000] {taskmixin.py:211} WARNING - Dependency <Task(BashOperator): create_entry_group>, delete_entry_group already registered for DAG: example_complex
[2024-06-04T21:43:46.750+0000] {logging_mixin.py:149} INFO - [2024-06-04T21:43:46.749+0000] {taskmixin.py:211} WARNING - Dependency <Task(BashOperator): delete_entry_group>, create_entry_group already registered for DAG: example_complex
[2024-06-04T21:43:46.751+0000] {logging_mixin.py:149} INFO - [2024-06-04T21:43:46.751+0000] {taskmixin.py:211} WARNING - Dependency <Task(BashOperator): create_entry_gcs>, delete_entry already registered for DAG: example_complex
[2024-06-04T21:43:46.755+0000] {logging_mixin.py:149} INFO - [2024-06-04T21:43:46.754+0000] {taskmixin.py:211} WARNING - Dependency <Task(BashOperator): delete_entry>, create_entry_gcs already registered for DAG: example_complex
[2024-06-04T21:43:46.763+0000] {logging_mixin.py:149} INFO - [2024-06-04T21:43:46.758+0000] {taskmixin.py:211} WARNING - Dependency <Task(BashOperator): create_tag>, delete_tag already registered for DAG: example_complex
[2024-06-04T21:43:46.766+0000] {logging_mixin.py:149} INFO - [2024-06-04T21:43:46.765+0000] {taskmixin.py:211} WARNING - Dependency <Task(BashOperator): delete_tag>, create_tag already registered for DAG: example_complex
[2024-06-04T21:43:46.784+0000] {processor.py:809} INFO - DAG(s) dict_keys(['example_complex']) retrieved from /home/airflow/.local/lib/python3.7/site-packages/airflow/example_dags/example_complex.py
[2024-06-04T21:43:47.012+0000] {logging_mixin.py:149} INFO - [2024-06-04T21:43:47.011+0000] {dag.py:2726} INFO - Sync 1 DAGs
[2024-06-04T21:43:47.234+0000] {logging_mixin.py:149} INFO - [2024-06-04T21:43:47.230+0000] {dag.py:3490} INFO - Setting next_dagrun for example_complex to None, run_after=None
[2024-06-04T21:43:47.397+0000] {processor.py:178} INFO - Processing /home/airflow/.local/lib/python3.7/site-packages/airflow/example_dags/example_complex.py took 0.881 seconds
[2024-06-04T21:44:18.874+0000] {processor.py:156} INFO - Started process (PID=173) to work on /home/airflow/.local/lib/python3.7/site-packages/airflow/example_dags/example_complex.py
[2024-06-04T21:44:18.880+0000] {processor.py:799} INFO - Processing file /home/airflow/.local/lib/python3.7/site-packages/airflow/example_dags/example_complex.py for tasks to queue
[2024-06-04T21:44:18.889+0000] {logging_mixin.py:149} INFO - [2024-06-04T21:44:18.888+0000] {dagbag.py:541} INFO - Filling up the DagBag from /home/airflow/.local/lib/python3.7/site-packages/airflow/example_dags/example_complex.py
[2024-06-04T21:44:19.112+0000] {logging_mixin.py:149} INFO - [2024-06-04T21:44:19.112+0000] {taskmixin.py:211} WARNING - Dependency <Task(BashOperator): create_entry_group>, delete_entry_group already registered for DAG: example_complex
[2024-06-04T21:44:19.119+0000] {logging_mixin.py:149} INFO - [2024-06-04T21:44:19.114+0000] {taskmixin.py:211} WARNING - Dependency <Task(BashOperator): delete_entry_group>, create_entry_group already registered for DAG: example_complex
[2024-06-04T21:44:19.136+0000] {logging_mixin.py:149} INFO - [2024-06-04T21:44:19.133+0000] {taskmixin.py:211} WARNING - Dependency <Task(BashOperator): create_entry_gcs>, delete_entry already registered for DAG: example_complex
[2024-06-04T21:44:19.165+0000] {logging_mixin.py:149} INFO - [2024-06-04T21:44:19.164+0000] {taskmixin.py:211} WARNING - Dependency <Task(BashOperator): delete_entry>, create_entry_gcs already registered for DAG: example_complex
[2024-06-04T21:44:19.195+0000] {logging_mixin.py:149} INFO - [2024-06-04T21:44:19.188+0000] {taskmixin.py:211} WARNING - Dependency <Task(BashOperator): create_tag>, delete_tag already registered for DAG: example_complex
[2024-06-04T21:44:19.214+0000] {logging_mixin.py:149} INFO - [2024-06-04T21:44:19.203+0000] {taskmixin.py:211} WARNING - Dependency <Task(BashOperator): delete_tag>, create_tag already registered for DAG: example_complex
[2024-06-04T21:44:19.282+0000] {processor.py:809} INFO - DAG(s) dict_keys(['example_complex']) retrieved from /home/airflow/.local/lib/python3.7/site-packages/airflow/example_dags/example_complex.py
[2024-06-04T21:44:20.202+0000] {logging_mixin.py:149} INFO - [2024-06-04T21:44:20.197+0000] {dag.py:2726} INFO - Sync 1 DAGs
[2024-06-04T21:44:21.224+0000] {logging_mixin.py:149} INFO - [2024-06-04T21:44:21.224+0000] {dag.py:3490} INFO - Setting next_dagrun for example_complex to None, run_after=None
[2024-06-04T21:44:21.872+0000] {processor.py:178} INFO - Processing /home/airflow/.local/lib/python3.7/site-packages/airflow/example_dags/example_complex.py took 3.019 seconds
[2024-06-04T21:44:52.666+0000] {processor.py:156} INFO - Started process (PID=225) to work on /home/airflow/.local/lib/python3.7/site-packages/airflow/example_dags/example_complex.py
[2024-06-04T21:44:52.668+0000] {processor.py:799} INFO - Processing file /home/airflow/.local/lib/python3.7/site-packages/airflow/example_dags/example_complex.py for tasks to queue
[2024-06-04T21:44:52.675+0000] {logging_mixin.py:149} INFO - [2024-06-04T21:44:52.674+0000] {dagbag.py:541} INFO - Filling up the DagBag from /home/airflow/.local/lib/python3.7/site-packages/airflow/example_dags/example_complex.py
[2024-06-04T21:44:52.709+0000] {logging_mixin.py:149} INFO - [2024-06-04T21:44:52.708+0000] {taskmixin.py:211} WARNING - Dependency <Task(BashOperator): create_entry_group>, delete_entry_group already registered for DAG: example_complex
[2024-06-04T21:44:52.713+0000] {logging_mixin.py:149} INFO - [2024-06-04T21:44:52.712+0000] {taskmixin.py:211} WARNING - Dependency <Task(BashOperator): delete_entry_group>, create_entry_group already registered for DAG: example_complex
[2024-06-04T21:44:52.715+0000] {logging_mixin.py:149} INFO - [2024-06-04T21:44:52.715+0000] {taskmixin.py:211} WARNING - Dependency <Task(BashOperator): create_entry_gcs>, delete_entry already registered for DAG: example_complex
[2024-06-04T21:44:52.721+0000] {logging_mixin.py:149} INFO - [2024-06-04T21:44:52.716+0000] {taskmixin.py:211} WARNING - Dependency <Task(BashOperator): delete_entry>, create_entry_gcs already registered for DAG: example_complex
[2024-06-04T21:44:52.727+0000] {logging_mixin.py:149} INFO - [2024-06-04T21:44:52.727+0000] {taskmixin.py:211} WARNING - Dependency <Task(BashOperator): create_tag>, delete_tag already registered for DAG: example_complex
[2024-06-04T21:44:52.730+0000] {logging_mixin.py:149} INFO - [2024-06-04T21:44:52.730+0000] {taskmixin.py:211} WARNING - Dependency <Task(BashOperator): delete_tag>, create_tag already registered for DAG: example_complex
[2024-06-04T21:44:52.736+0000] {processor.py:809} INFO - DAG(s) dict_keys(['example_complex']) retrieved from /home/airflow/.local/lib/python3.7/site-packages/airflow/example_dags/example_complex.py
[2024-06-04T21:44:52.840+0000] {logging_mixin.py:149} INFO - [2024-06-04T21:44:52.840+0000] {dag.py:2726} INFO - Sync 1 DAGs
[2024-06-04T21:44:52.933+0000] {logging_mixin.py:149} INFO - [2024-06-04T21:44:52.933+0000] {dag.py:3490} INFO - Setting next_dagrun for example_complex to None, run_after=None
[2024-06-04T21:44:52.994+0000] {processor.py:178} INFO - Processing /home/airflow/.local/lib/python3.7/site-packages/airflow/example_dags/example_complex.py took 0.338 seconds
[2024-06-04T21:45:23.156+0000] {processor.py:156} INFO - Started process (PID=281) to work on /home/airflow/.local/lib/python3.7/site-packages/airflow/example_dags/example_complex.py
[2024-06-04T21:45:23.162+0000] {processor.py:799} INFO - Processing file /home/airflow/.local/lib/python3.7/site-packages/airflow/example_dags/example_complex.py for tasks to queue
[2024-06-04T21:45:23.170+0000] {logging_mixin.py:149} INFO - [2024-06-04T21:45:23.169+0000] {dagbag.py:541} INFO - Filling up the DagBag from /home/airflow/.local/lib/python3.7/site-packages/airflow/example_dags/example_complex.py
[2024-06-04T21:45:23.224+0000] {logging_mixin.py:149} INFO - [2024-06-04T21:45:23.223+0000] {taskmixin.py:211} WARNING - Dependency <Task(BashOperator): create_entry_group>, delete_entry_group already registered for DAG: example_complex
[2024-06-04T21:45:23.230+0000] {logging_mixin.py:149} INFO - [2024-06-04T21:45:23.226+0000] {taskmixin.py:211} WARNING - Dependency <Task(BashOperator): delete_entry_group>, create_entry_group already registered for DAG: example_complex
[2024-06-04T21:45:23.239+0000] {logging_mixin.py:149} INFO - [2024-06-04T21:45:23.238+0000] {taskmixin.py:211} WARNING - Dependency <Task(BashOperator): create_entry_gcs>, delete_entry already registered for DAG: example_complex
[2024-06-04T21:45:23.246+0000] {logging_mixin.py:149} INFO - [2024-06-04T21:45:23.241+0000] {taskmixin.py:211} WARNING - Dependency <Task(BashOperator): delete_entry>, create_entry_gcs already registered for DAG: example_complex
[2024-06-04T21:45:23.256+0000] {logging_mixin.py:149} INFO - [2024-06-04T21:45:23.255+0000] {taskmixin.py:211} WARNING - Dependency <Task(BashOperator): create_tag>, delete_tag already registered for DAG: example_complex
[2024-06-04T21:45:23.261+0000] {logging_mixin.py:149} INFO - [2024-06-04T21:45:23.257+0000] {taskmixin.py:211} WARNING - Dependency <Task(BashOperator): delete_tag>, create_tag already registered for DAG: example_complex
[2024-06-04T21:45:23.276+0000] {processor.py:809} INFO - DAG(s) dict_keys(['example_complex']) retrieved from /home/airflow/.local/lib/python3.7/site-packages/airflow/example_dags/example_complex.py
[2024-06-04T21:45:23.382+0000] {logging_mixin.py:149} INFO - [2024-06-04T21:45:23.381+0000] {dag.py:2726} INFO - Sync 1 DAGs
[2024-06-04T21:45:23.519+0000] {logging_mixin.py:149} INFO - [2024-06-04T21:45:23.519+0000] {dag.py:3490} INFO - Setting next_dagrun for example_complex to None, run_after=None
[2024-06-04T21:45:23.668+0000] {processor.py:178} INFO - Processing /home/airflow/.local/lib/python3.7/site-packages/airflow/example_dags/example_complex.py took 0.524 seconds
[2024-06-04T21:45:53.842+0000] {processor.py:156} INFO - Started process (PID=336) to work on /home/airflow/.local/lib/python3.7/site-packages/airflow/example_dags/example_complex.py
[2024-06-04T21:45:53.852+0000] {processor.py:799} INFO - Processing file /home/airflow/.local/lib/python3.7/site-packages/airflow/example_dags/example_complex.py for tasks to queue
[2024-06-04T21:45:53.859+0000] {logging_mixin.py:149} INFO - [2024-06-04T21:45:53.858+0000] {dagbag.py:541} INFO - Filling up the DagBag from /home/airflow/.local/lib/python3.7/site-packages/airflow/example_dags/example_complex.py
[2024-06-04T21:45:53.952+0000] {logging_mixin.py:149} INFO - [2024-06-04T21:45:53.951+0000] {taskmixin.py:211} WARNING - Dependency <Task(BashOperator): create_entry_group>, delete_entry_group already registered for DAG: example_complex
[2024-06-04T21:45:53.955+0000] {logging_mixin.py:149} INFO - [2024-06-04T21:45:53.954+0000] {taskmixin.py:211} WARNING - Dependency <Task(BashOperator): delete_entry_group>, create_entry_group already registered for DAG: example_complex
[2024-06-04T21:45:53.958+0000] {logging_mixin.py:149} INFO - [2024-06-04T21:45:53.957+0000] {taskmixin.py:211} WARNING - Dependency <Task(BashOperator): create_entry_gcs>, delete_entry already registered for DAG: example_complex
[2024-06-04T21:45:53.968+0000] {logging_mixin.py:149} INFO - [2024-06-04T21:45:53.960+0000] {taskmixin.py:211} WARNING - Dependency <Task(BashOperator): delete_entry>, create_entry_gcs already registered for DAG: example_complex
[2024-06-04T21:45:53.977+0000] {logging_mixin.py:149} INFO - [2024-06-04T21:45:53.977+0000] {taskmixin.py:211} WARNING - Dependency <Task(BashOperator): create_tag>, delete_tag already registered for DAG: example_complex
[2024-06-04T21:45:53.984+0000] {logging_mixin.py:149} INFO - [2024-06-04T21:45:53.984+0000] {taskmixin.py:211} WARNING - Dependency <Task(BashOperator): delete_tag>, create_tag already registered for DAG: example_complex
[2024-06-04T21:45:54.014+0000] {processor.py:809} INFO - DAG(s) dict_keys(['example_complex']) retrieved from /home/airflow/.local/lib/python3.7/site-packages/airflow/example_dags/example_complex.py
[2024-06-04T21:45:54.182+0000] {logging_mixin.py:149} INFO - [2024-06-04T21:45:54.181+0000] {dag.py:2726} INFO - Sync 1 DAGs
[2024-06-04T21:45:54.406+0000] {logging_mixin.py:149} INFO - [2024-06-04T21:45:54.406+0000] {dag.py:3490} INFO - Setting next_dagrun for example_complex to None, run_after=None
[2024-06-04T21:45:54.562+0000] {processor.py:178} INFO - Processing /home/airflow/.local/lib/python3.7/site-packages/airflow/example_dags/example_complex.py took 0.728 seconds
[2024-06-04T21:46:24.726+0000] {processor.py:156} INFO - Started process (PID=392) to work on /home/airflow/.local/lib/python3.7/site-packages/airflow/example_dags/example_complex.py
[2024-06-04T21:46:24.728+0000] {processor.py:799} INFO - Processing file /home/airflow/.local/lib/python3.7/site-packages/airflow/example_dags/example_complex.py for tasks to queue
[2024-06-04T21:46:24.730+0000] {logging_mixin.py:149} INFO - [2024-06-04T21:46:24.729+0000] {dagbag.py:541} INFO - Filling up the DagBag from /home/airflow/.local/lib/python3.7/site-packages/airflow/example_dags/example_complex.py
[2024-06-04T21:46:24.751+0000] {logging_mixin.py:149} INFO - [2024-06-04T21:46:24.751+0000] {taskmixin.py:211} WARNING - Dependency <Task(BashOperator): create_entry_group>, delete_entry_group already registered for DAG: example_complex
[2024-06-04T21:46:24.753+0000] {logging_mixin.py:149} INFO - [2024-06-04T21:46:24.752+0000] {taskmixin.py:211} WARNING - Dependency <Task(BashOperator): delete_entry_group>, create_entry_group already registered for DAG: example_complex
[2024-06-04T21:46:24.754+0000] {logging_mixin.py:149} INFO - [2024-06-04T21:46:24.754+0000] {taskmixin.py:211} WARNING - Dependency <Task(BashOperator): create_entry_gcs>, delete_entry already registered for DAG: example_complex
[2024-06-04T21:46:24.757+0000] {logging_mixin.py:149} INFO - [2024-06-04T21:46:24.756+0000] {taskmixin.py:211} WARNING - Dependency <Task(BashOperator): delete_entry>, create_entry_gcs already registered for DAG: example_complex
[2024-06-04T21:46:24.760+0000] {logging_mixin.py:149} INFO - [2024-06-04T21:46:24.760+0000] {taskmixin.py:211} WARNING - Dependency <Task(BashOperator): create_tag>, delete_tag already registered for DAG: example_complex
[2024-06-04T21:46:24.761+0000] {logging_mixin.py:149} INFO - [2024-06-04T21:46:24.761+0000] {taskmixin.py:211} WARNING - Dependency <Task(BashOperator): delete_tag>, create_tag already registered for DAG: example_complex
[2024-06-04T21:46:24.765+0000] {processor.py:809} INFO - DAG(s) dict_keys(['example_complex']) retrieved from /home/airflow/.local/lib/python3.7/site-packages/airflow/example_dags/example_complex.py
[2024-06-04T21:46:24.868+0000] {logging_mixin.py:149} INFO - [2024-06-04T21:46:24.867+0000] {dag.py:2726} INFO - Sync 1 DAGs
[2024-06-04T21:46:24.939+0000] {logging_mixin.py:149} INFO - [2024-06-04T21:46:24.939+0000] {dag.py:3490} INFO - Setting next_dagrun for example_complex to None, run_after=None
[2024-06-04T21:46:24.979+0000] {processor.py:178} INFO - Processing /home/airflow/.local/lib/python3.7/site-packages/airflow/example_dags/example_complex.py took 0.257 seconds
[2024-06-04T21:46:55.411+0000] {processor.py:156} INFO - Started process (PID=448) to work on /home/airflow/.local/lib/python3.7/site-packages/airflow/example_dags/example_complex.py
[2024-06-04T21:46:55.413+0000] {processor.py:799} INFO - Processing file /home/airflow/.local/lib/python3.7/site-packages/airflow/example_dags/example_complex.py for tasks to queue
[2024-06-04T21:46:55.415+0000] {logging_mixin.py:149} INFO - [2024-06-04T21:46:55.414+0000] {dagbag.py:541} INFO - Filling up the DagBag from /home/airflow/.local/lib/python3.7/site-packages/airflow/example_dags/example_complex.py
[2024-06-04T21:46:55.434+0000] {logging_mixin.py:149} INFO - [2024-06-04T21:46:55.434+0000] {taskmixin.py:211} WARNING - Dependency <Task(BashOperator): create_entry_group>, delete_entry_group already registered for DAG: example_complex
[2024-06-04T21:46:55.434+0000] {logging_mixin.py:149} INFO - [2024-06-04T21:46:55.434+0000] {taskmixin.py:211} WARNING - Dependency <Task(BashOperator): delete_entry_group>, create_entry_group already registered for DAG: example_complex
[2024-06-04T21:46:55.436+0000] {logging_mixin.py:149} INFO - [2024-06-04T21:46:55.436+0000] {taskmixin.py:211} WARNING - Dependency <Task(BashOperator): create_entry_gcs>, delete_entry already registered for DAG: example_complex
[2024-06-04T21:46:55.437+0000] {logging_mixin.py:149} INFO - [2024-06-04T21:46:55.437+0000] {taskmixin.py:211} WARNING - Dependency <Task(BashOperator): delete_entry>, create_entry_gcs already registered for DAG: example_complex
[2024-06-04T21:46:55.439+0000] {logging_mixin.py:149} INFO - [2024-06-04T21:46:55.438+0000] {taskmixin.py:211} WARNING - Dependency <Task(BashOperator): create_tag>, delete_tag already registered for DAG: example_complex
[2024-06-04T21:46:55.440+0000] {logging_mixin.py:149} INFO - [2024-06-04T21:46:55.440+0000] {taskmixin.py:211} WARNING - Dependency <Task(BashOperator): delete_tag>, create_tag already registered for DAG: example_complex
[2024-06-04T21:46:55.448+0000] {processor.py:809} INFO - DAG(s) dict_keys(['example_complex']) retrieved from /home/airflow/.local/lib/python3.7/site-packages/airflow/example_dags/example_complex.py
[2024-06-04T21:46:55.507+0000] {logging_mixin.py:149} INFO - [2024-06-04T21:46:55.506+0000] {dag.py:2726} INFO - Sync 1 DAGs
[2024-06-04T21:46:55.580+0000] {logging_mixin.py:149} INFO - [2024-06-04T21:46:55.580+0000] {dag.py:3490} INFO - Setting next_dagrun for example_complex to None, run_after=None
[2024-06-04T21:46:55.618+0000] {processor.py:178} INFO - Processing /home/airflow/.local/lib/python3.7/site-packages/airflow/example_dags/example_complex.py took 0.212 seconds
[2024-06-04T21:47:25.839+0000] {processor.py:156} INFO - Started process (PID=504) to work on /home/airflow/.local/lib/python3.7/site-packages/airflow/example_dags/example_complex.py
[2024-06-04T21:47:25.841+0000] {processor.py:799} INFO - Processing file /home/airflow/.local/lib/python3.7/site-packages/airflow/example_dags/example_complex.py for tasks to queue
[2024-06-04T21:47:25.843+0000] {logging_mixin.py:149} INFO - [2024-06-04T21:47:25.843+0000] {dagbag.py:541} INFO - Filling up the DagBag from /home/airflow/.local/lib/python3.7/site-packages/airflow/example_dags/example_complex.py
[2024-06-04T21:47:25.870+0000] {logging_mixin.py:149} INFO - [2024-06-04T21:47:25.870+0000] {taskmixin.py:211} WARNING - Dependency <Task(BashOperator): create_entry_group>, delete_entry_group already registered for DAG: example_complex
[2024-06-04T21:47:25.871+0000] {logging_mixin.py:149} INFO - [2024-06-04T21:47:25.871+0000] {taskmixin.py:211} WARNING - Dependency <Task(BashOperator): delete_entry_group>, create_entry_group already registered for DAG: example_complex
[2024-06-04T21:47:25.873+0000] {logging_mixin.py:149} INFO - [2024-06-04T21:47:25.872+0000] {taskmixin.py:211} WARNING - Dependency <Task(BashOperator): create_entry_gcs>, delete_entry already registered for DAG: example_complex
[2024-06-04T21:47:25.873+0000] {logging_mixin.py:149} INFO - [2024-06-04T21:47:25.873+0000] {taskmixin.py:211} WARNING - Dependency <Task(BashOperator): delete_entry>, create_entry_gcs already registered for DAG: example_complex
[2024-06-04T21:47:25.875+0000] {logging_mixin.py:149} INFO - [2024-06-04T21:47:25.874+0000] {taskmixin.py:211} WARNING - Dependency <Task(BashOperator): create_tag>, delete_tag already registered for DAG: example_complex
[2024-06-04T21:47:25.877+0000] {logging_mixin.py:149} INFO - [2024-06-04T21:47:25.876+0000] {taskmixin.py:211} WARNING - Dependency <Task(BashOperator): delete_tag>, create_tag already registered for DAG: example_complex
[2024-06-04T21:47:25.884+0000] {processor.py:809} INFO - DAG(s) dict_keys(['example_complex']) retrieved from /home/airflow/.local/lib/python3.7/site-packages/airflow/example_dags/example_complex.py
[2024-06-04T21:47:26.002+0000] {logging_mixin.py:149} INFO - [2024-06-04T21:47:26.002+0000] {dag.py:2726} INFO - Sync 1 DAGs
[2024-06-04T21:47:26.054+0000] {logging_mixin.py:149} INFO - [2024-06-04T21:47:26.054+0000] {dag.py:3490} INFO - Setting next_dagrun for example_complex to None, run_after=None
[2024-06-04T21:47:26.093+0000] {processor.py:178} INFO - Processing /home/airflow/.local/lib/python3.7/site-packages/airflow/example_dags/example_complex.py took 0.261 seconds
[2024-06-04T21:47:56.450+0000] {processor.py:156} INFO - Started process (PID=560) to work on /home/airflow/.local/lib/python3.7/site-packages/airflow/example_dags/example_complex.py
[2024-06-04T21:47:56.464+0000] {processor.py:799} INFO - Processing file /home/airflow/.local/lib/python3.7/site-packages/airflow/example_dags/example_complex.py for tasks to queue
[2024-06-04T21:47:56.467+0000] {logging_mixin.py:149} INFO - [2024-06-04T21:47:56.466+0000] {dagbag.py:541} INFO - Filling up the DagBag from /home/airflow/.local/lib/python3.7/site-packages/airflow/example_dags/example_complex.py
[2024-06-04T21:47:56.516+0000] {logging_mixin.py:149} INFO - [2024-06-04T21:47:56.515+0000] {taskmixin.py:211} WARNING - Dependency <Task(BashOperator): create_entry_group>, delete_entry_group already registered for DAG: example_complex
[2024-06-04T21:47:56.517+0000] {logging_mixin.py:149} INFO - [2024-06-04T21:47:56.516+0000] {taskmixin.py:211} WARNING - Dependency <Task(BashOperator): delete_entry_group>, create_entry_group already registered for DAG: example_complex
[2024-06-04T21:47:56.527+0000] {logging_mixin.py:149} INFO - [2024-06-04T21:47:56.524+0000] {taskmixin.py:211} WARNING - Dependency <Task(BashOperator): create_entry_gcs>, delete_entry already registered for DAG: example_complex
[2024-06-04T21:47:56.535+0000] {logging_mixin.py:149} INFO - [2024-06-04T21:47:56.534+0000] {taskmixin.py:211} WARNING - Dependency <Task(BashOperator): delete_entry>, create_entry_gcs already registered for DAG: example_complex
[2024-06-04T21:47:56.544+0000] {logging_mixin.py:149} INFO - [2024-06-04T21:47:56.544+0000] {taskmixin.py:211} WARNING - Dependency <Task(BashOperator): create_tag>, delete_tag already registered for DAG: example_complex
[2024-06-04T21:47:56.547+0000] {logging_mixin.py:149} INFO - [2024-06-04T21:47:56.546+0000] {taskmixin.py:211} WARNING - Dependency <Task(BashOperator): delete_tag>, create_tag already registered for DAG: example_complex
[2024-06-04T21:47:56.570+0000] {processor.py:809} INFO - DAG(s) dict_keys(['example_complex']) retrieved from /home/airflow/.local/lib/python3.7/site-packages/airflow/example_dags/example_complex.py
[2024-06-04T21:47:56.729+0000] {logging_mixin.py:149} INFO - [2024-06-04T21:47:56.728+0000] {dag.py:2726} INFO - Sync 1 DAGs
[2024-06-04T21:47:56.885+0000] {logging_mixin.py:149} INFO - [2024-06-04T21:47:56.885+0000] {dag.py:3490} INFO - Setting next_dagrun for example_complex to None, run_after=None
[2024-06-04T21:47:56.995+0000] {processor.py:178} INFO - Processing /home/airflow/.local/lib/python3.7/site-packages/airflow/example_dags/example_complex.py took 0.552 seconds
[2024-06-04T21:48:27.392+0000] {processor.py:156} INFO - Started process (PID=616) to work on /home/airflow/.local/lib/python3.7/site-packages/airflow/example_dags/example_complex.py
[2024-06-04T21:48:27.401+0000] {processor.py:799} INFO - Processing file /home/airflow/.local/lib/python3.7/site-packages/airflow/example_dags/example_complex.py for tasks to queue
[2024-06-04T21:48:27.419+0000] {logging_mixin.py:149} INFO - [2024-06-04T21:48:27.409+0000] {dagbag.py:541} INFO - Filling up the DagBag from /home/airflow/.local/lib/python3.7/site-packages/airflow/example_dags/example_complex.py
[2024-06-04T21:48:27.482+0000] {logging_mixin.py:149} INFO - [2024-06-04T21:48:27.480+0000] {taskmixin.py:211} WARNING - Dependency <Task(BashOperator): create_entry_group>, delete_entry_group already registered for DAG: example_complex
[2024-06-04T21:48:27.485+0000] {logging_mixin.py:149} INFO - [2024-06-04T21:48:27.484+0000] {taskmixin.py:211} WARNING - Dependency <Task(BashOperator): delete_entry_group>, create_entry_group already registered for DAG: example_complex
[2024-06-04T21:48:27.491+0000] {logging_mixin.py:149} INFO - [2024-06-04T21:48:27.490+0000] {taskmixin.py:211} WARNING - Dependency <Task(BashOperator): create_entry_gcs>, delete_entry already registered for DAG: example_complex
[2024-06-04T21:48:27.495+0000] {logging_mixin.py:149} INFO - [2024-06-04T21:48:27.494+0000] {taskmixin.py:211} WARNING - Dependency <Task(BashOperator): delete_entry>, create_entry_gcs already registered for DAG: example_complex
[2024-06-04T21:48:27.502+0000] {logging_mixin.py:149} INFO - [2024-06-04T21:48:27.502+0000] {taskmixin.py:211} WARNING - Dependency <Task(BashOperator): create_tag>, delete_tag already registered for DAG: example_complex
[2024-06-04T21:48:27.521+0000] {logging_mixin.py:149} INFO - [2024-06-04T21:48:27.519+0000] {taskmixin.py:211} WARNING - Dependency <Task(BashOperator): delete_tag>, create_tag already registered for DAG: example_complex
[2024-06-04T21:48:27.531+0000] {processor.py:809} INFO - DAG(s) dict_keys(['example_complex']) retrieved from /home/airflow/.local/lib/python3.7/site-packages/airflow/example_dags/example_complex.py
[2024-06-04T21:48:27.688+0000] {logging_mixin.py:149} INFO - [2024-06-04T21:48:27.688+0000] {dag.py:2726} INFO - Sync 1 DAGs
[2024-06-04T21:48:27.777+0000] {logging_mixin.py:149} INFO - [2024-06-04T21:48:27.776+0000] {dag.py:3490} INFO - Setting next_dagrun for example_complex to None, run_after=None
[2024-06-04T21:48:27.911+0000] {processor.py:178} INFO - Processing /home/airflow/.local/lib/python3.7/site-packages/airflow/example_dags/example_complex.py took 0.552 seconds
[2024-06-04T21:48:58.829+0000] {processor.py:156} INFO - Started process (PID=671) to work on /home/airflow/.local/lib/python3.7/site-packages/airflow/example_dags/example_complex.py
[2024-06-04T21:48:58.832+0000] {processor.py:799} INFO - Processing file /home/airflow/.local/lib/python3.7/site-packages/airflow/example_dags/example_complex.py for tasks to queue
[2024-06-04T21:48:58.834+0000] {logging_mixin.py:149} INFO - [2024-06-04T21:48:58.834+0000] {dagbag.py:541} INFO - Filling up the DagBag from /home/airflow/.local/lib/python3.7/site-packages/airflow/example_dags/example_complex.py
[2024-06-04T21:48:58.880+0000] {logging_mixin.py:149} INFO - [2024-06-04T21:48:58.879+0000] {taskmixin.py:211} WARNING - Dependency <Task(BashOperator): create_entry_group>, delete_entry_group already registered for DAG: example_complex
[2024-06-04T21:48:58.881+0000] {logging_mixin.py:149} INFO - [2024-06-04T21:48:58.881+0000] {taskmixin.py:211} WARNING - Dependency <Task(BashOperator): delete_entry_group>, create_entry_group already registered for DAG: example_complex
[2024-06-04T21:48:58.887+0000] {logging_mixin.py:149} INFO - [2024-06-04T21:48:58.885+0000] {taskmixin.py:211} WARNING - Dependency <Task(BashOperator): create_entry_gcs>, delete_entry already registered for DAG: example_complex
[2024-06-04T21:48:58.903+0000] {logging_mixin.py:149} INFO - [2024-06-04T21:48:58.896+0000] {taskmixin.py:211} WARNING - Dependency <Task(BashOperator): delete_entry>, create_entry_gcs already registered for DAG: example_complex
[2024-06-04T21:48:58.915+0000] {logging_mixin.py:149} INFO - [2024-06-04T21:48:58.914+0000] {taskmixin.py:211} WARNING - Dependency <Task(BashOperator): create_tag>, delete_tag already registered for DAG: example_complex
[2024-06-04T21:48:58.923+0000] {logging_mixin.py:149} INFO - [2024-06-04T21:48:58.920+0000] {taskmixin.py:211} WARNING - Dependency <Task(BashOperator): delete_tag>, create_tag already registered for DAG: example_complex
[2024-06-04T21:48:58.937+0000] {processor.py:809} INFO - DAG(s) dict_keys(['example_complex']) retrieved from /home/airflow/.local/lib/python3.7/site-packages/airflow/example_dags/example_complex.py
[2024-06-04T21:48:59.062+0000] {logging_mixin.py:149} INFO - [2024-06-04T21:48:59.061+0000] {dag.py:2726} INFO - Sync 1 DAGs
[2024-06-04T21:48:59.117+0000] {logging_mixin.py:149} INFO - [2024-06-04T21:48:59.117+0000] {dag.py:3490} INFO - Setting next_dagrun for example_complex to None, run_after=None
[2024-06-04T21:48:59.172+0000] {processor.py:178} INFO - Processing /home/airflow/.local/lib/python3.7/site-packages/airflow/example_dags/example_complex.py took 0.371 seconds
[2024-06-04T21:49:29.292+0000] {processor.py:156} INFO - Started process (PID=728) to work on /home/airflow/.local/lib/python3.7/site-packages/airflow/example_dags/example_complex.py
[2024-06-04T21:49:29.293+0000] {processor.py:799} INFO - Processing file /home/airflow/.local/lib/python3.7/site-packages/airflow/example_dags/example_complex.py for tasks to queue
[2024-06-04T21:49:29.296+0000] {logging_mixin.py:149} INFO - [2024-06-04T21:49:29.296+0000] {dagbag.py:541} INFO - Filling up the DagBag from /home/airflow/.local/lib/python3.7/site-packages/airflow/example_dags/example_complex.py
[2024-06-04T21:49:29.314+0000] {logging_mixin.py:149} INFO - [2024-06-04T21:49:29.314+0000] {taskmixin.py:211} WARNING - Dependency <Task(BashOperator): create_entry_group>, delete_entry_group already registered for DAG: example_complex
[2024-06-04T21:49:29.315+0000] {logging_mixin.py:149} INFO - [2024-06-04T21:49:29.314+0000] {taskmixin.py:211} WARNING - Dependency <Task(BashOperator): delete_entry_group>, create_entry_group already registered for DAG: example_complex
[2024-06-04T21:49:29.316+0000] {logging_mixin.py:149} INFO - [2024-06-04T21:49:29.316+0000] {taskmixin.py:211} WARNING - Dependency <Task(BashOperator): create_entry_gcs>, delete_entry already registered for DAG: example_complex
[2024-06-04T21:49:29.318+0000] {logging_mixin.py:149} INFO - [2024-06-04T21:49:29.317+0000] {taskmixin.py:211} WARNING - Dependency <Task(BashOperator): delete_entry>, create_entry_gcs already registered for DAG: example_complex
[2024-06-04T21:49:29.320+0000] {logging_mixin.py:149} INFO - [2024-06-04T21:49:29.319+0000] {taskmixin.py:211} WARNING - Dependency <Task(BashOperator): create_tag>, delete_tag already registered for DAG: example_complex
[2024-06-04T21:49:29.321+0000] {logging_mixin.py:149} INFO - [2024-06-04T21:49:29.321+0000] {taskmixin.py:211} WARNING - Dependency <Task(BashOperator): delete_tag>, create_tag already registered for DAG: example_complex
[2024-06-04T21:49:29.325+0000] {processor.py:809} INFO - DAG(s) dict_keys(['example_complex']) retrieved from /home/airflow/.local/lib/python3.7/site-packages/airflow/example_dags/example_complex.py
[2024-06-04T21:49:29.403+0000] {logging_mixin.py:149} INFO - [2024-06-04T21:49:29.403+0000] {dag.py:2726} INFO - Sync 1 DAGs
[2024-06-04T21:49:29.465+0000] {logging_mixin.py:149} INFO - [2024-06-04T21:49:29.465+0000] {dag.py:3490} INFO - Setting next_dagrun for example_complex to None, run_after=None
[2024-06-04T21:49:29.515+0000] {processor.py:178} INFO - Processing /home/airflow/.local/lib/python3.7/site-packages/airflow/example_dags/example_complex.py took 0.228 seconds
[2024-06-04T21:49:59.792+0000] {processor.py:156} INFO - Started process (PID=784) to work on /home/airflow/.local/lib/python3.7/site-packages/airflow/example_dags/example_complex.py
[2024-06-04T21:49:59.797+0000] {processor.py:799} INFO - Processing file /home/airflow/.local/lib/python3.7/site-packages/airflow/example_dags/example_complex.py for tasks to queue
[2024-06-04T21:49:59.801+0000] {logging_mixin.py:149} INFO - [2024-06-04T21:49:59.800+0000] {dagbag.py:541} INFO - Filling up the DagBag from /home/airflow/.local/lib/python3.7/site-packages/airflow/example_dags/example_complex.py
[2024-06-04T21:49:59.822+0000] {logging_mixin.py:149} INFO - [2024-06-04T21:49:59.822+0000] {taskmixin.py:211} WARNING - Dependency <Task(BashOperator): create_entry_group>, delete_entry_group already registered for DAG: example_complex
[2024-06-04T21:49:59.823+0000] {logging_mixin.py:149} INFO - [2024-06-04T21:49:59.823+0000] {taskmixin.py:211} WARNING - Dependency <Task(BashOperator): delete_entry_group>, create_entry_group already registered for DAG: example_complex
[2024-06-04T21:49:59.826+0000] {logging_mixin.py:149} INFO - [2024-06-04T21:49:59.825+0000] {taskmixin.py:211} WARNING - Dependency <Task(BashOperator): create_entry_gcs>, delete_entry already registered for DAG: example_complex
[2024-06-04T21:49:59.827+0000] {logging_mixin.py:149} INFO - [2024-06-04T21:49:59.826+0000] {taskmixin.py:211} WARNING - Dependency <Task(BashOperator): delete_entry>, create_entry_gcs already registered for DAG: example_complex
[2024-06-04T21:49:59.829+0000] {logging_mixin.py:149} INFO - [2024-06-04T21:49:59.828+0000] {taskmixin.py:211} WARNING - Dependency <Task(BashOperator): create_tag>, delete_tag already registered for DAG: example_complex
[2024-06-04T21:49:59.830+0000] {logging_mixin.py:149} INFO - [2024-06-04T21:49:59.829+0000] {taskmixin.py:211} WARNING - Dependency <Task(BashOperator): delete_tag>, create_tag already registered for DAG: example_complex
[2024-06-04T21:49:59.834+0000] {processor.py:809} INFO - DAG(s) dict_keys(['example_complex']) retrieved from /home/airflow/.local/lib/python3.7/site-packages/airflow/example_dags/example_complex.py
[2024-06-04T21:49:59.886+0000] {logging_mixin.py:149} INFO - [2024-06-04T21:49:59.886+0000] {dag.py:2726} INFO - Sync 1 DAGs
[2024-06-04T21:49:59.927+0000] {logging_mixin.py:149} INFO - [2024-06-04T21:49:59.927+0000] {dag.py:3490} INFO - Setting next_dagrun for example_complex to None, run_after=None
[2024-06-04T21:49:59.961+0000] {processor.py:178} INFO - Processing /home/airflow/.local/lib/python3.7/site-packages/airflow/example_dags/example_complex.py took 0.178 seconds
[2024-06-04T21:50:30.371+0000] {processor.py:156} INFO - Started process (PID=840) to work on /home/airflow/.local/lib/python3.7/site-packages/airflow/example_dags/example_complex.py
[2024-06-04T21:50:30.372+0000] {processor.py:799} INFO - Processing file /home/airflow/.local/lib/python3.7/site-packages/airflow/example_dags/example_complex.py for tasks to queue
[2024-06-04T21:50:30.376+0000] {logging_mixin.py:149} INFO - [2024-06-04T21:50:30.375+0000] {dagbag.py:541} INFO - Filling up the DagBag from /home/airflow/.local/lib/python3.7/site-packages/airflow/example_dags/example_complex.py
[2024-06-04T21:50:30.397+0000] {logging_mixin.py:149} INFO - [2024-06-04T21:50:30.396+0000] {taskmixin.py:211} WARNING - Dependency <Task(BashOperator): create_entry_group>, delete_entry_group already registered for DAG: example_complex
[2024-06-04T21:50:30.398+0000] {logging_mixin.py:149} INFO - [2024-06-04T21:50:30.397+0000] {taskmixin.py:211} WARNING - Dependency <Task(BashOperator): delete_entry_group>, create_entry_group already registered for DAG: example_complex
[2024-06-04T21:50:30.399+0000] {logging_mixin.py:149} INFO - [2024-06-04T21:50:30.398+0000] {taskmixin.py:211} WARNING - Dependency <Task(BashOperator): create_entry_gcs>, delete_entry already registered for DAG: example_complex
[2024-06-04T21:50:30.401+0000] {logging_mixin.py:149} INFO - [2024-06-04T21:50:30.400+0000] {taskmixin.py:211} WARNING - Dependency <Task(BashOperator): delete_entry>, create_entry_gcs already registered for DAG: example_complex
[2024-06-04T21:50:30.403+0000] {logging_mixin.py:149} INFO - [2024-06-04T21:50:30.402+0000] {taskmixin.py:211} WARNING - Dependency <Task(BashOperator): create_tag>, delete_tag already registered for DAG: example_complex
[2024-06-04T21:50:30.405+0000] {logging_mixin.py:149} INFO - [2024-06-04T21:50:30.404+0000] {taskmixin.py:211} WARNING - Dependency <Task(BashOperator): delete_tag>, create_tag already registered for DAG: example_complex
[2024-06-04T21:50:30.409+0000] {processor.py:809} INFO - DAG(s) dict_keys(['example_complex']) retrieved from /home/airflow/.local/lib/python3.7/site-packages/airflow/example_dags/example_complex.py
[2024-06-04T21:50:30.491+0000] {logging_mixin.py:149} INFO - [2024-06-04T21:50:30.490+0000] {dag.py:2726} INFO - Sync 1 DAGs
[2024-06-04T21:50:30.588+0000] {logging_mixin.py:149} INFO - [2024-06-04T21:50:30.588+0000] {dag.py:3490} INFO - Setting next_dagrun for example_complex to None, run_after=None
[2024-06-04T21:50:30.628+0000] {processor.py:178} INFO - Processing /home/airflow/.local/lib/python3.7/site-packages/airflow/example_dags/example_complex.py took 0.266 seconds
[2024-06-04T21:51:01.049+0000] {processor.py:156} INFO - Started process (PID=896) to work on /home/airflow/.local/lib/python3.7/site-packages/airflow/example_dags/example_complex.py
[2024-06-04T21:51:01.051+0000] {processor.py:799} INFO - Processing file /home/airflow/.local/lib/python3.7/site-packages/airflow/example_dags/example_complex.py for tasks to queue
[2024-06-04T21:51:01.053+0000] {logging_mixin.py:149} INFO - [2024-06-04T21:51:01.053+0000] {dagbag.py:541} INFO - Filling up the DagBag from /home/airflow/.local/lib/python3.7/site-packages/airflow/example_dags/example_complex.py
[2024-06-04T21:51:01.078+0000] {logging_mixin.py:149} INFO - [2024-06-04T21:51:01.078+0000] {taskmixin.py:211} WARNING - Dependency <Task(BashOperator): create_entry_group>, delete_entry_group already registered for DAG: example_complex
[2024-06-04T21:51:01.080+0000] {logging_mixin.py:149} INFO - [2024-06-04T21:51:01.079+0000] {taskmixin.py:211} WARNING - Dependency <Task(BashOperator): delete_entry_group>, create_entry_group already registered for DAG: example_complex
[2024-06-04T21:51:01.081+0000] {logging_mixin.py:149} INFO - [2024-06-04T21:51:01.081+0000] {taskmixin.py:211} WARNING - Dependency <Task(BashOperator): create_entry_gcs>, delete_entry already registered for DAG: example_complex
[2024-06-04T21:51:01.083+0000] {logging_mixin.py:149} INFO - [2024-06-04T21:51:01.083+0000] {taskmixin.py:211} WARNING - Dependency <Task(BashOperator): delete_entry>, create_entry_gcs already registered for DAG: example_complex
[2024-06-04T21:51:01.087+0000] {logging_mixin.py:149} INFO - [2024-06-04T21:51:01.086+0000] {taskmixin.py:211} WARNING - Dependency <Task(BashOperator): create_tag>, delete_tag already registered for DAG: example_complex
[2024-06-04T21:51:01.090+0000] {logging_mixin.py:149} INFO - [2024-06-04T21:51:01.090+0000] {taskmixin.py:211} WARNING - Dependency <Task(BashOperator): delete_tag>, create_tag already registered for DAG: example_complex
[2024-06-04T21:51:01.093+0000] {processor.py:809} INFO - DAG(s) dict_keys(['example_complex']) retrieved from /home/airflow/.local/lib/python3.7/site-packages/airflow/example_dags/example_complex.py
[2024-06-04T21:51:01.160+0000] {logging_mixin.py:149} INFO - [2024-06-04T21:51:01.160+0000] {dag.py:2726} INFO - Sync 1 DAGs
[2024-06-04T21:51:01.237+0000] {logging_mixin.py:149} INFO - [2024-06-04T21:51:01.237+0000] {dag.py:3490} INFO - Setting next_dagrun for example_complex to None, run_after=None
[2024-06-04T21:51:01.283+0000] {processor.py:178} INFO - Processing /home/airflow/.local/lib/python3.7/site-packages/airflow/example_dags/example_complex.py took 0.240 seconds
[2024-06-04T21:51:31.900+0000] {processor.py:156} INFO - Started process (PID=951) to work on /home/airflow/.local/lib/python3.7/site-packages/airflow/example_dags/example_complex.py
[2024-06-04T21:51:31.901+0000] {processor.py:799} INFO - Processing file /home/airflow/.local/lib/python3.7/site-packages/airflow/example_dags/example_complex.py for tasks to queue
[2024-06-04T21:51:31.903+0000] {logging_mixin.py:149} INFO - [2024-06-04T21:51:31.903+0000] {dagbag.py:541} INFO - Filling up the DagBag from /home/airflow/.local/lib/python3.7/site-packages/airflow/example_dags/example_complex.py
[2024-06-04T21:51:31.920+0000] {logging_mixin.py:149} INFO - [2024-06-04T21:51:31.920+0000] {taskmixin.py:211} WARNING - Dependency <Task(BashOperator): create_entry_group>, delete_entry_group already registered for DAG: example_complex
[2024-06-04T21:51:31.921+0000] {logging_mixin.py:149} INFO - [2024-06-04T21:51:31.920+0000] {taskmixin.py:211} WARNING - Dependency <Task(BashOperator): delete_entry_group>, create_entry_group already registered for DAG: example_complex
[2024-06-04T21:51:31.922+0000] {logging_mixin.py:149} INFO - [2024-06-04T21:51:31.921+0000] {taskmixin.py:211} WARNING - Dependency <Task(BashOperator): create_entry_gcs>, delete_entry already registered for DAG: example_complex
[2024-06-04T21:51:31.923+0000] {logging_mixin.py:149} INFO - [2024-06-04T21:51:31.923+0000] {taskmixin.py:211} WARNING - Dependency <Task(BashOperator): delete_entry>, create_entry_gcs already registered for DAG: example_complex
[2024-06-04T21:51:31.925+0000] {logging_mixin.py:149} INFO - [2024-06-04T21:51:31.924+0000] {taskmixin.py:211} WARNING - Dependency <Task(BashOperator): create_tag>, delete_tag already registered for DAG: example_complex
[2024-06-04T21:51:31.926+0000] {logging_mixin.py:149} INFO - [2024-06-04T21:51:31.926+0000] {taskmixin.py:211} WARNING - Dependency <Task(BashOperator): delete_tag>, create_tag already registered for DAG: example_complex
[2024-06-04T21:51:31.930+0000] {processor.py:809} INFO - DAG(s) dict_keys(['example_complex']) retrieved from /home/airflow/.local/lib/python3.7/site-packages/airflow/example_dags/example_complex.py
[2024-06-04T21:51:31.989+0000] {logging_mixin.py:149} INFO - [2024-06-04T21:51:31.988+0000] {dag.py:2726} INFO - Sync 1 DAGs
[2024-06-04T21:51:32.034+0000] {logging_mixin.py:149} INFO - [2024-06-04T21:51:32.034+0000] {dag.py:3490} INFO - Setting next_dagrun for example_complex to None, run_after=None
[2024-06-04T21:51:32.085+0000] {processor.py:178} INFO - Processing /home/airflow/.local/lib/python3.7/site-packages/airflow/example_dags/example_complex.py took 0.191 seconds
