[2024-06-07T05:54:43.731+0000] {processor.py:156} INFO - Started process (PID=38) to work on /opt/airflow/dags/ETL_toll_data.py
[2024-06-07T05:54:43.751+0000] {processor.py:799} INFO - Processing file /opt/airflow/dags/ETL_toll_data.py for tasks to queue
[2024-06-07T05:54:43.758+0000] {logging_mixin.py:149} INFO - [2024-06-07T05:54:43.758+0000] {dagbag.py:541} INFO - Filling up the DagBag from /opt/airflow/dags/ETL_toll_data.py
[2024-06-07T05:54:47.533+0000] {processor.py:809} INFO - DAG(s) dict_keys(['ETL_toll_data_01']) retrieved from /opt/airflow/dags/ETL_toll_data.py
[2024-06-07T05:54:47.988+0000] {logging_mixin.py:149} INFO - [2024-06-07T05:54:47.979+0000] {dag.py:2726} INFO - Sync 1 DAGs
[2024-06-07T05:54:48.182+0000] {logging_mixin.py:149} INFO - [2024-06-07T05:54:48.182+0000] {dag.py:3490} INFO - Setting next_dagrun for ETL_toll_data_01 to 2024-06-07T00:00:00+00:00, run_after=2024-06-08T00:00:00+00:00
[2024-06-07T05:54:48.597+0000] {processor.py:178} INFO - Processing /opt/airflow/dags/ETL_toll_data.py took 4.929 seconds
[2024-06-07T05:55:19.220+0000] {processor.py:156} INFO - Started process (PID=54) to work on /opt/airflow/dags/ETL_toll_data.py
[2024-06-07T05:55:19.222+0000] {processor.py:799} INFO - Processing file /opt/airflow/dags/ETL_toll_data.py for tasks to queue
[2024-06-07T05:55:19.223+0000] {logging_mixin.py:149} INFO - [2024-06-07T05:55:19.223+0000] {dagbag.py:541} INFO - Filling up the DagBag from /opt/airflow/dags/ETL_toll_data.py
[2024-06-07T05:55:21.040+0000] {processor.py:809} INFO - DAG(s) dict_keys(['ETL_toll_data_01']) retrieved from /opt/airflow/dags/ETL_toll_data.py
[2024-06-07T05:55:21.175+0000] {logging_mixin.py:149} INFO - [2024-06-07T05:55:21.172+0000] {dag.py:2726} INFO - Sync 1 DAGs
[2024-06-07T05:55:21.718+0000] {logging_mixin.py:149} INFO - [2024-06-07T05:55:21.717+0000] {dag.py:3490} INFO - Setting next_dagrun for ETL_toll_data_01 to 2024-06-07T00:00:00+00:00, run_after=2024-06-08T00:00:00+00:00
[2024-06-07T05:55:21.896+0000] {processor.py:178} INFO - Processing /opt/airflow/dags/ETL_toll_data.py took 2.703 seconds
[2024-06-07T05:55:52.433+0000] {processor.py:156} INFO - Started process (PID=65) to work on /opt/airflow/dags/ETL_toll_data.py
[2024-06-07T05:55:52.443+0000] {processor.py:799} INFO - Processing file /opt/airflow/dags/ETL_toll_data.py for tasks to queue
[2024-06-07T05:55:52.446+0000] {logging_mixin.py:149} INFO - [2024-06-07T05:55:52.445+0000] {dagbag.py:541} INFO - Filling up the DagBag from /opt/airflow/dags/ETL_toll_data.py
[2024-06-07T05:55:54.102+0000] {processor.py:809} INFO - DAG(s) dict_keys(['ETL_toll_data_01']) retrieved from /opt/airflow/dags/ETL_toll_data.py
[2024-06-07T05:55:54.183+0000] {logging_mixin.py:149} INFO - [2024-06-07T05:55:54.182+0000] {dag.py:2726} INFO - Sync 1 DAGs
[2024-06-07T05:55:54.299+0000] {logging_mixin.py:149} INFO - [2024-06-07T05:55:54.299+0000] {dag.py:3490} INFO - Setting next_dagrun for ETL_toll_data_01 to 2024-06-07T00:00:00+00:00, run_after=2024-06-08T00:00:00+00:00
[2024-06-07T05:55:54.362+0000] {processor.py:178} INFO - Processing /opt/airflow/dags/ETL_toll_data.py took 1.945 seconds
[2024-06-07T05:59:12.056+0000] {processor.py:156} INFO - Started process (PID=32) to work on /opt/airflow/dags/ETL_toll_data.py
[2024-06-07T05:59:12.065+0000] {processor.py:799} INFO - Processing file /opt/airflow/dags/ETL_toll_data.py for tasks to queue
[2024-06-07T05:59:12.093+0000] {logging_mixin.py:149} INFO - [2024-06-07T05:59:12.093+0000] {dagbag.py:541} INFO - Filling up the DagBag from /opt/airflow/dags/ETL_toll_data.py
[2024-06-07T05:59:23.652+0000] {processor.py:809} INFO - DAG(s) dict_keys(['ETL_toll_data_01']) retrieved from /opt/airflow/dags/ETL_toll_data.py
[2024-06-07T05:59:23.923+0000] {logging_mixin.py:149} INFO - [2024-06-07T05:59:23.922+0000] {dag.py:2726} INFO - Sync 1 DAGs
[2024-06-07T05:59:23.997+0000] {logging_mixin.py:149} INFO - [2024-06-07T05:59:23.996+0000] {dag.py:3490} INFO - Setting next_dagrun for ETL_toll_data_01 to 2024-06-07T00:00:00+00:00, run_after=2024-06-08T00:00:00+00:00
[2024-06-07T05:59:24.058+0000] {processor.py:178} INFO - Processing /opt/airflow/dags/ETL_toll_data.py took 12.048 seconds
[2024-06-07T05:59:54.151+0000] {processor.py:156} INFO - Started process (PID=50) to work on /opt/airflow/dags/ETL_toll_data.py
[2024-06-07T05:59:54.154+0000] {processor.py:799} INFO - Processing file /opt/airflow/dags/ETL_toll_data.py for tasks to queue
[2024-06-07T05:59:54.162+0000] {logging_mixin.py:149} INFO - [2024-06-07T05:59:54.162+0000] {dagbag.py:541} INFO - Filling up the DagBag from /opt/airflow/dags/ETL_toll_data.py
[2024-06-07T05:59:55.539+0000] {processor.py:809} INFO - DAG(s) dict_keys(['ETL_toll_data_01']) retrieved from /opt/airflow/dags/ETL_toll_data.py
[2024-06-07T05:59:55.669+0000] {logging_mixin.py:149} INFO - [2024-06-07T05:59:55.666+0000] {dag.py:2726} INFO - Sync 1 DAGs
[2024-06-07T05:59:55.828+0000] {logging_mixin.py:149} INFO - [2024-06-07T05:59:55.828+0000] {dag.py:3490} INFO - Setting next_dagrun for ETL_toll_data_01 to 2024-06-07T00:00:00+00:00, run_after=2024-06-08T00:00:00+00:00
[2024-06-07T05:59:55.987+0000] {processor.py:178} INFO - Processing /opt/airflow/dags/ETL_toll_data.py took 1.854 seconds
[2024-06-07T06:00:26.339+0000] {processor.py:156} INFO - Started process (PID=62) to work on /opt/airflow/dags/ETL_toll_data.py
[2024-06-07T06:00:26.340+0000] {processor.py:799} INFO - Processing file /opt/airflow/dags/ETL_toll_data.py for tasks to queue
[2024-06-07T06:00:26.343+0000] {logging_mixin.py:149} INFO - [2024-06-07T06:00:26.342+0000] {dagbag.py:541} INFO - Filling up the DagBag from /opt/airflow/dags/ETL_toll_data.py
[2024-06-07T06:00:27.209+0000] {processor.py:809} INFO - DAG(s) dict_keys(['ETL_toll_data_01']) retrieved from /opt/airflow/dags/ETL_toll_data.py
[2024-06-07T06:00:27.291+0000] {logging_mixin.py:149} INFO - [2024-06-07T06:00:27.290+0000] {dag.py:2726} INFO - Sync 1 DAGs
[2024-06-07T06:00:27.360+0000] {logging_mixin.py:149} INFO - [2024-06-07T06:00:27.360+0000] {dag.py:3490} INFO - Setting next_dagrun for ETL_toll_data_01 to 2024-06-07T00:00:00+00:00, run_after=2024-06-08T00:00:00+00:00
[2024-06-07T06:00:27.411+0000] {processor.py:178} INFO - Processing /opt/airflow/dags/ETL_toll_data.py took 1.079 seconds
[2024-06-07T06:00:57.639+0000] {processor.py:156} INFO - Started process (PID=74) to work on /opt/airflow/dags/ETL_toll_data.py
[2024-06-07T06:00:57.644+0000] {processor.py:799} INFO - Processing file /opt/airflow/dags/ETL_toll_data.py for tasks to queue
[2024-06-07T06:00:57.648+0000] {logging_mixin.py:149} INFO - [2024-06-07T06:00:57.647+0000] {dagbag.py:541} INFO - Filling up the DagBag from /opt/airflow/dags/ETL_toll_data.py
[2024-06-07T06:00:58.601+0000] {processor.py:809} INFO - DAG(s) dict_keys(['ETL_toll_data_01']) retrieved from /opt/airflow/dags/ETL_toll_data.py
[2024-06-07T06:00:58.688+0000] {logging_mixin.py:149} INFO - [2024-06-07T06:00:58.686+0000] {dag.py:2726} INFO - Sync 1 DAGs
[2024-06-07T06:00:58.765+0000] {logging_mixin.py:149} INFO - [2024-06-07T06:00:58.764+0000] {dag.py:3490} INFO - Setting next_dagrun for ETL_toll_data_01 to 2024-06-07T00:00:00+00:00, run_after=2024-06-08T00:00:00+00:00
[2024-06-07T06:00:58.808+0000] {processor.py:178} INFO - Processing /opt/airflow/dags/ETL_toll_data.py took 1.177 seconds
[2024-06-07T06:01:29.010+0000] {processor.py:156} INFO - Started process (PID=86) to work on /opt/airflow/dags/ETL_toll_data.py
[2024-06-07T06:01:29.014+0000] {processor.py:799} INFO - Processing file /opt/airflow/dags/ETL_toll_data.py for tasks to queue
[2024-06-07T06:01:29.020+0000] {logging_mixin.py:149} INFO - [2024-06-07T06:01:29.019+0000] {dagbag.py:541} INFO - Filling up the DagBag from /opt/airflow/dags/ETL_toll_data.py
[2024-06-07T06:01:29.643+0000] {processor.py:809} INFO - DAG(s) dict_keys(['ETL_toll_data_01']) retrieved from /opt/airflow/dags/ETL_toll_data.py
[2024-06-07T06:01:29.689+0000] {logging_mixin.py:149} INFO - [2024-06-07T06:01:29.688+0000] {dag.py:2726} INFO - Sync 1 DAGs
[2024-06-07T06:01:29.739+0000] {logging_mixin.py:149} INFO - [2024-06-07T06:01:29.739+0000] {dag.py:3490} INFO - Setting next_dagrun for ETL_toll_data_01 to 2024-06-07T00:00:00+00:00, run_after=2024-06-08T00:00:00+00:00
[2024-06-07T06:01:29.776+0000] {processor.py:178} INFO - Processing /opt/airflow/dags/ETL_toll_data.py took 0.772 seconds
[2024-06-07T06:02:00.086+0000] {processor.py:156} INFO - Started process (PID=98) to work on /opt/airflow/dags/ETL_toll_data.py
[2024-06-07T06:02:00.087+0000] {processor.py:799} INFO - Processing file /opt/airflow/dags/ETL_toll_data.py for tasks to queue
[2024-06-07T06:02:00.091+0000] {logging_mixin.py:149} INFO - [2024-06-07T06:02:00.090+0000] {dagbag.py:541} INFO - Filling up the DagBag from /opt/airflow/dags/ETL_toll_data.py
[2024-06-07T06:02:00.710+0000] {processor.py:809} INFO - DAG(s) dict_keys(['ETL_toll_data_01']) retrieved from /opt/airflow/dags/ETL_toll_data.py
[2024-06-07T06:02:00.758+0000] {logging_mixin.py:149} INFO - [2024-06-07T06:02:00.756+0000] {dag.py:2726} INFO - Sync 1 DAGs
[2024-06-07T06:02:00.808+0000] {logging_mixin.py:149} INFO - [2024-06-07T06:02:00.807+0000] {dag.py:3490} INFO - Setting next_dagrun for ETL_toll_data_01 to 2024-06-07T00:00:00+00:00, run_after=2024-06-08T00:00:00+00:00
[2024-06-07T06:02:00.848+0000] {processor.py:178} INFO - Processing /opt/airflow/dags/ETL_toll_data.py took 0.765 seconds
[2024-06-07T06:02:31.157+0000] {processor.py:156} INFO - Started process (PID=109) to work on /opt/airflow/dags/ETL_toll_data.py
[2024-06-07T06:02:31.158+0000] {processor.py:799} INFO - Processing file /opt/airflow/dags/ETL_toll_data.py for tasks to queue
[2024-06-07T06:02:31.161+0000] {logging_mixin.py:149} INFO - [2024-06-07T06:02:31.160+0000] {dagbag.py:541} INFO - Filling up the DagBag from /opt/airflow/dags/ETL_toll_data.py
[2024-06-07T06:02:31.826+0000] {processor.py:809} INFO - DAG(s) dict_keys(['ETL_toll_data_01']) retrieved from /opt/airflow/dags/ETL_toll_data.py
[2024-06-07T06:02:31.877+0000] {logging_mixin.py:149} INFO - [2024-06-07T06:02:31.876+0000] {dag.py:2726} INFO - Sync 1 DAGs
[2024-06-07T06:02:31.927+0000] {logging_mixin.py:149} INFO - [2024-06-07T06:02:31.926+0000] {dag.py:3490} INFO - Setting next_dagrun for ETL_toll_data_01 to 2024-06-07T00:00:00+00:00, run_after=2024-06-08T00:00:00+00:00
[2024-06-07T06:02:31.984+0000] {processor.py:178} INFO - Processing /opt/airflow/dags/ETL_toll_data.py took 0.839 seconds
[2024-06-07T06:03:02.285+0000] {processor.py:156} INFO - Started process (PID=121) to work on /opt/airflow/dags/ETL_toll_data.py
[2024-06-07T06:03:02.287+0000] {processor.py:799} INFO - Processing file /opt/airflow/dags/ETL_toll_data.py for tasks to queue
[2024-06-07T06:03:02.291+0000] {logging_mixin.py:149} INFO - [2024-06-07T06:03:02.290+0000] {dagbag.py:541} INFO - Filling up the DagBag from /opt/airflow/dags/ETL_toll_data.py
[2024-06-07T06:03:02.918+0000] {processor.py:809} INFO - DAG(s) dict_keys(['ETL_toll_data_01']) retrieved from /opt/airflow/dags/ETL_toll_data.py
[2024-06-07T06:03:02.967+0000] {logging_mixin.py:149} INFO - [2024-06-07T06:03:02.966+0000] {dag.py:2726} INFO - Sync 1 DAGs
[2024-06-07T06:03:03.018+0000] {logging_mixin.py:149} INFO - [2024-06-07T06:03:03.018+0000] {dag.py:3490} INFO - Setting next_dagrun for ETL_toll_data_01 to 2024-06-07T00:00:00+00:00, run_after=2024-06-08T00:00:00+00:00
[2024-06-07T06:03:03.055+0000] {processor.py:178} INFO - Processing /opt/airflow/dags/ETL_toll_data.py took 0.777 seconds
[2024-06-07T06:03:33.327+0000] {processor.py:156} INFO - Started process (PID=133) to work on /opt/airflow/dags/ETL_toll_data.py
[2024-06-07T06:03:33.329+0000] {processor.py:799} INFO - Processing file /opt/airflow/dags/ETL_toll_data.py for tasks to queue
[2024-06-07T06:03:33.332+0000] {logging_mixin.py:149} INFO - [2024-06-07T06:03:33.331+0000] {dagbag.py:541} INFO - Filling up the DagBag from /opt/airflow/dags/ETL_toll_data.py
[2024-06-07T06:03:33.996+0000] {processor.py:809} INFO - DAG(s) dict_keys(['ETL_toll_data_01']) retrieved from /opt/airflow/dags/ETL_toll_data.py
[2024-06-07T06:03:34.057+0000] {logging_mixin.py:149} INFO - [2024-06-07T06:03:34.056+0000] {dag.py:2726} INFO - Sync 1 DAGs
[2024-06-07T06:03:34.123+0000] {logging_mixin.py:149} INFO - [2024-06-07T06:03:34.122+0000] {dag.py:3490} INFO - Setting next_dagrun for ETL_toll_data_01 to 2024-06-07T00:00:00+00:00, run_after=2024-06-08T00:00:00+00:00
[2024-06-07T06:03:34.165+0000] {processor.py:178} INFO - Processing /opt/airflow/dags/ETL_toll_data.py took 0.844 seconds
[2024-06-07T06:04:04.323+0000] {processor.py:156} INFO - Started process (PID=145) to work on /opt/airflow/dags/ETL_toll_data.py
[2024-06-07T06:04:04.325+0000] {processor.py:799} INFO - Processing file /opt/airflow/dags/ETL_toll_data.py for tasks to queue
[2024-06-07T06:04:04.327+0000] {logging_mixin.py:149} INFO - [2024-06-07T06:04:04.327+0000] {dagbag.py:541} INFO - Filling up the DagBag from /opt/airflow/dags/ETL_toll_data.py
[2024-06-07T06:04:05.107+0000] {processor.py:809} INFO - DAG(s) dict_keys(['ETL_toll_data_01']) retrieved from /opt/airflow/dags/ETL_toll_data.py
[2024-06-07T06:04:05.157+0000] {logging_mixin.py:149} INFO - [2024-06-07T06:04:05.157+0000] {dag.py:2726} INFO - Sync 1 DAGs
[2024-06-07T06:04:05.253+0000] {logging_mixin.py:149} INFO - [2024-06-07T06:04:05.253+0000] {dag.py:3490} INFO - Setting next_dagrun for ETL_toll_data_01 to 2024-06-07T00:00:00+00:00, run_after=2024-06-08T00:00:00+00:00
[2024-06-07T06:04:05.372+0000] {processor.py:178} INFO - Processing /opt/airflow/dags/ETL_toll_data.py took 1.054 seconds
[2024-06-07T06:04:35.824+0000] {processor.py:156} INFO - Started process (PID=156) to work on /opt/airflow/dags/ETL_toll_data.py
[2024-06-07T06:04:35.828+0000] {processor.py:799} INFO - Processing file /opt/airflow/dags/ETL_toll_data.py for tasks to queue
[2024-06-07T06:04:35.835+0000] {logging_mixin.py:149} INFO - [2024-06-07T06:04:35.834+0000] {dagbag.py:541} INFO - Filling up the DagBag from /opt/airflow/dags/ETL_toll_data.py
[2024-06-07T06:04:36.400+0000] {processor.py:809} INFO - DAG(s) dict_keys(['ETL_toll_data_01']) retrieved from /opt/airflow/dags/ETL_toll_data.py
[2024-06-07T06:04:36.442+0000] {logging_mixin.py:149} INFO - [2024-06-07T06:04:36.441+0000] {dag.py:2726} INFO - Sync 1 DAGs
[2024-06-07T06:04:36.485+0000] {logging_mixin.py:149} INFO - [2024-06-07T06:04:36.485+0000] {dag.py:3490} INFO - Setting next_dagrun for ETL_toll_data_01 to 2024-06-07T00:00:00+00:00, run_after=2024-06-08T00:00:00+00:00
[2024-06-07T06:04:36.514+0000] {processor.py:178} INFO - Processing /opt/airflow/dags/ETL_toll_data.py took 0.704 seconds
[2024-06-07T06:05:06.817+0000] {processor.py:156} INFO - Started process (PID=168) to work on /opt/airflow/dags/ETL_toll_data.py
[2024-06-07T06:05:06.819+0000] {processor.py:799} INFO - Processing file /opt/airflow/dags/ETL_toll_data.py for tasks to queue
[2024-06-07T06:05:06.822+0000] {logging_mixin.py:149} INFO - [2024-06-07T06:05:06.821+0000] {dagbag.py:541} INFO - Filling up the DagBag from /opt/airflow/dags/ETL_toll_data.py
[2024-06-07T06:05:07.631+0000] {processor.py:809} INFO - DAG(s) dict_keys(['ETL_toll_data_01']) retrieved from /opt/airflow/dags/ETL_toll_data.py
[2024-06-07T06:05:07.695+0000] {logging_mixin.py:149} INFO - [2024-06-07T06:05:07.694+0000] {dag.py:2726} INFO - Sync 1 DAGs
[2024-06-07T06:05:07.778+0000] {logging_mixin.py:149} INFO - [2024-06-07T06:05:07.777+0000] {dag.py:3490} INFO - Setting next_dagrun for ETL_toll_data_01 to 2024-06-07T00:00:00+00:00, run_after=2024-06-08T00:00:00+00:00
[2024-06-07T06:05:07.830+0000] {processor.py:178} INFO - Processing /opt/airflow/dags/ETL_toll_data.py took 1.017 seconds
[2024-06-07T06:05:38.216+0000] {processor.py:156} INFO - Started process (PID=180) to work on /opt/airflow/dags/ETL_toll_data.py
[2024-06-07T06:05:38.220+0000] {processor.py:799} INFO - Processing file /opt/airflow/dags/ETL_toll_data.py for tasks to queue
[2024-06-07T06:05:38.228+0000] {logging_mixin.py:149} INFO - [2024-06-07T06:05:38.228+0000] {dagbag.py:541} INFO - Filling up the DagBag from /opt/airflow/dags/ETL_toll_data.py
[2024-06-07T06:05:39.291+0000] {processor.py:809} INFO - DAG(s) dict_keys(['ETL_toll_data_01']) retrieved from /opt/airflow/dags/ETL_toll_data.py
[2024-06-07T06:05:39.413+0000] {logging_mixin.py:149} INFO - [2024-06-07T06:05:39.411+0000] {dag.py:2726} INFO - Sync 1 DAGs
[2024-06-07T06:05:39.514+0000] {logging_mixin.py:149} INFO - [2024-06-07T06:05:39.514+0000] {dag.py:3490} INFO - Setting next_dagrun for ETL_toll_data_01 to 2024-06-07T00:00:00+00:00, run_after=2024-06-08T00:00:00+00:00
[2024-06-07T06:05:39.563+0000] {processor.py:178} INFO - Processing /opt/airflow/dags/ETL_toll_data.py took 1.359 seconds
[2024-06-07T06:06:09.864+0000] {processor.py:156} INFO - Started process (PID=192) to work on /opt/airflow/dags/ETL_toll_data.py
[2024-06-07T06:06:09.865+0000] {processor.py:799} INFO - Processing file /opt/airflow/dags/ETL_toll_data.py for tasks to queue
[2024-06-07T06:06:09.869+0000] {logging_mixin.py:149} INFO - [2024-06-07T06:06:09.869+0000] {dagbag.py:541} INFO - Filling up the DagBag from /opt/airflow/dags/ETL_toll_data.py
[2024-06-07T06:06:11.016+0000] {processor.py:809} INFO - DAG(s) dict_keys(['ETL_toll_data_01']) retrieved from /opt/airflow/dags/ETL_toll_data.py
[2024-06-07T06:06:11.167+0000] {logging_mixin.py:149} INFO - [2024-06-07T06:06:11.166+0000] {dag.py:2726} INFO - Sync 1 DAGs
[2024-06-07T06:06:11.296+0000] {logging_mixin.py:149} INFO - [2024-06-07T06:06:11.296+0000] {dag.py:3490} INFO - Setting next_dagrun for ETL_toll_data_01 to 2024-06-07T00:00:00+00:00, run_after=2024-06-08T00:00:00+00:00
[2024-06-07T06:06:11.353+0000] {processor.py:178} INFO - Processing /opt/airflow/dags/ETL_toll_data.py took 1.496 seconds
[2024-06-07T06:06:41.714+0000] {processor.py:156} INFO - Started process (PID=204) to work on /opt/airflow/dags/ETL_toll_data.py
[2024-06-07T06:06:41.716+0000] {processor.py:799} INFO - Processing file /opt/airflow/dags/ETL_toll_data.py for tasks to queue
[2024-06-07T06:06:41.719+0000] {logging_mixin.py:149} INFO - [2024-06-07T06:06:41.718+0000] {dagbag.py:541} INFO - Filling up the DagBag from /opt/airflow/dags/ETL_toll_data.py
[2024-06-07T06:06:42.384+0000] {processor.py:809} INFO - DAG(s) dict_keys(['ETL_toll_data_01']) retrieved from /opt/airflow/dags/ETL_toll_data.py
[2024-06-07T06:06:42.432+0000] {logging_mixin.py:149} INFO - [2024-06-07T06:06:42.431+0000] {dag.py:2726} INFO - Sync 1 DAGs
[2024-06-07T06:06:42.480+0000] {logging_mixin.py:149} INFO - [2024-06-07T06:06:42.480+0000] {dag.py:3490} INFO - Setting next_dagrun for ETL_toll_data_01 to 2024-06-07T00:00:00+00:00, run_after=2024-06-08T00:00:00+00:00
[2024-06-07T06:06:42.517+0000] {processor.py:178} INFO - Processing /opt/airflow/dags/ETL_toll_data.py took 0.808 seconds
[2024-06-07T06:07:12.597+0000] {processor.py:156} INFO - Started process (PID=215) to work on /opt/airflow/dags/ETL_toll_data.py
[2024-06-07T06:07:12.600+0000] {processor.py:799} INFO - Processing file /opt/airflow/dags/ETL_toll_data.py for tasks to queue
[2024-06-07T06:07:12.610+0000] {logging_mixin.py:149} INFO - [2024-06-07T06:07:12.609+0000] {dagbag.py:541} INFO - Filling up the DagBag from /opt/airflow/dags/ETL_toll_data.py
[2024-06-07T06:07:14.019+0000] {processor.py:809} INFO - DAG(s) dict_keys(['ETL_toll_data_01']) retrieved from /opt/airflow/dags/ETL_toll_data.py
[2024-06-07T06:07:14.327+0000] {logging_mixin.py:149} INFO - [2024-06-07T06:07:14.308+0000] {dag.py:2726} INFO - Sync 1 DAGs
[2024-06-07T06:07:14.627+0000] {logging_mixin.py:149} INFO - [2024-06-07T06:07:14.626+0000] {dag.py:3490} INFO - Setting next_dagrun for ETL_toll_data_01 to 2024-06-07T00:00:00+00:00, run_after=2024-06-08T00:00:00+00:00
[2024-06-07T06:07:14.893+0000] {processor.py:178} INFO - Processing /opt/airflow/dags/ETL_toll_data.py took 2.313 seconds
[2024-06-07T06:07:45.319+0000] {processor.py:156} INFO - Started process (PID=233) to work on /opt/airflow/dags/ETL_toll_data.py
[2024-06-07T06:07:45.324+0000] {processor.py:799} INFO - Processing file /opt/airflow/dags/ETL_toll_data.py for tasks to queue
[2024-06-07T06:07:45.327+0000] {logging_mixin.py:149} INFO - [2024-06-07T06:07:45.326+0000] {dagbag.py:541} INFO - Filling up the DagBag from /opt/airflow/dags/ETL_toll_data.py
[2024-06-07T06:07:46.041+0000] {processor.py:809} INFO - DAG(s) dict_keys(['ETL_toll_data_01']) retrieved from /opt/airflow/dags/ETL_toll_data.py
[2024-06-07T06:07:46.086+0000] {logging_mixin.py:149} INFO - [2024-06-07T06:07:46.086+0000] {dag.py:2726} INFO - Sync 1 DAGs
[2024-06-07T06:07:46.136+0000] {logging_mixin.py:149} INFO - [2024-06-07T06:07:46.135+0000] {dag.py:3490} INFO - Setting next_dagrun for ETL_toll_data_01 to 2024-06-07T00:00:00+00:00, run_after=2024-06-08T00:00:00+00:00
[2024-06-07T06:07:46.169+0000] {processor.py:178} INFO - Processing /opt/airflow/dags/ETL_toll_data.py took 0.860 seconds
[2024-06-07T06:08:07.405+0000] {processor.py:156} INFO - Started process (PID=238) to work on /opt/airflow/dags/ETL_toll_data.py
[2024-06-07T06:08:07.408+0000] {processor.py:799} INFO - Processing file /opt/airflow/dags/ETL_toll_data.py for tasks to queue
[2024-06-07T06:08:07.412+0000] {logging_mixin.py:149} INFO - [2024-06-07T06:08:07.411+0000] {dagbag.py:541} INFO - Filling up the DagBag from /opt/airflow/dags/ETL_toll_data.py
[2024-06-07T06:08:08.323+0000] {processor.py:809} INFO - DAG(s) dict_keys(['ETL_toll_data_01']) retrieved from /opt/airflow/dags/ETL_toll_data.py
[2024-06-07T06:08:08.369+0000] {logging_mixin.py:149} INFO - [2024-06-07T06:08:08.368+0000] {dag.py:2726} INFO - Sync 1 DAGs
[2024-06-07T06:08:08.421+0000] {logging_mixin.py:149} INFO - [2024-06-07T06:08:08.421+0000] {dag.py:3490} INFO - Setting next_dagrun for ETL_toll_data_01 to 2024-06-07T00:00:00+00:00, run_after=2024-06-08T00:00:00+00:00
[2024-06-07T06:08:08.462+0000] {processor.py:178} INFO - Processing /opt/airflow/dags/ETL_toll_data.py took 1.071 seconds
[2024-06-07T06:08:38.788+0000] {processor.py:156} INFO - Started process (PID=250) to work on /opt/airflow/dags/ETL_toll_data.py
[2024-06-07T06:08:38.789+0000] {processor.py:799} INFO - Processing file /opt/airflow/dags/ETL_toll_data.py for tasks to queue
[2024-06-07T06:08:38.792+0000] {logging_mixin.py:149} INFO - [2024-06-07T06:08:38.791+0000] {dagbag.py:541} INFO - Filling up the DagBag from /opt/airflow/dags/ETL_toll_data.py
[2024-06-07T06:08:39.489+0000] {processor.py:809} INFO - DAG(s) dict_keys(['ETL_toll_data_01']) retrieved from /opt/airflow/dags/ETL_toll_data.py
[2024-06-07T06:08:39.557+0000] {logging_mixin.py:149} INFO - [2024-06-07T06:08:39.556+0000] {dag.py:2726} INFO - Sync 1 DAGs
[2024-06-07T06:08:39.626+0000] {logging_mixin.py:149} INFO - [2024-06-07T06:08:39.625+0000] {dag.py:3490} INFO - Setting next_dagrun for ETL_toll_data_01 to 2024-06-07T00:00:00+00:00, run_after=2024-06-08T00:00:00+00:00
[2024-06-07T06:08:39.671+0000] {processor.py:178} INFO - Processing /opt/airflow/dags/ETL_toll_data.py took 0.889 seconds
[2024-06-07T06:09:09.943+0000] {processor.py:156} INFO - Started process (PID=262) to work on /opt/airflow/dags/ETL_toll_data.py
[2024-06-07T06:09:09.945+0000] {processor.py:799} INFO - Processing file /opt/airflow/dags/ETL_toll_data.py for tasks to queue
[2024-06-07T06:09:09.948+0000] {logging_mixin.py:149} INFO - [2024-06-07T06:09:09.947+0000] {dagbag.py:541} INFO - Filling up the DagBag from /opt/airflow/dags/ETL_toll_data.py
[2024-06-07T06:09:10.601+0000] {processor.py:809} INFO - DAG(s) dict_keys(['ETL_toll_data_01']) retrieved from /opt/airflow/dags/ETL_toll_data.py
[2024-06-07T06:09:10.647+0000] {logging_mixin.py:149} INFO - [2024-06-07T06:09:10.647+0000] {dag.py:2726} INFO - Sync 1 DAGs
[2024-06-07T06:09:10.694+0000] {logging_mixin.py:149} INFO - [2024-06-07T06:09:10.694+0000] {dag.py:3490} INFO - Setting next_dagrun for ETL_toll_data_01 to 2024-06-07T00:00:00+00:00, run_after=2024-06-08T00:00:00+00:00
[2024-06-07T06:09:10.740+0000] {processor.py:178} INFO - Processing /opt/airflow/dags/ETL_toll_data.py took 0.802 seconds
[2024-06-07T06:09:41.076+0000] {processor.py:156} INFO - Started process (PID=275) to work on /opt/airflow/dags/ETL_toll_data.py
[2024-06-07T06:09:41.080+0000] {processor.py:799} INFO - Processing file /opt/airflow/dags/ETL_toll_data.py for tasks to queue
[2024-06-07T06:09:41.087+0000] {logging_mixin.py:149} INFO - [2024-06-07T06:09:41.086+0000] {dagbag.py:541} INFO - Filling up the DagBag from /opt/airflow/dags/ETL_toll_data.py
[2024-06-07T06:09:41.649+0000] {processor.py:809} INFO - DAG(s) dict_keys(['ETL_toll_data_01']) retrieved from /opt/airflow/dags/ETL_toll_data.py
[2024-06-07T06:09:41.697+0000] {logging_mixin.py:149} INFO - [2024-06-07T06:09:41.696+0000] {dag.py:2726} INFO - Sync 1 DAGs
[2024-06-07T06:09:41.751+0000] {logging_mixin.py:149} INFO - [2024-06-07T06:09:41.750+0000] {dag.py:3490} INFO - Setting next_dagrun for ETL_toll_data_01 to 2024-06-07T00:00:00+00:00, run_after=2024-06-08T00:00:00+00:00
[2024-06-07T06:09:41.780+0000] {processor.py:178} INFO - Processing /opt/airflow/dags/ETL_toll_data.py took 0.719 seconds
[2024-06-07T06:10:12.006+0000] {processor.py:156} INFO - Started process (PID=286) to work on /opt/airflow/dags/ETL_toll_data.py
[2024-06-07T06:10:12.008+0000] {processor.py:799} INFO - Processing file /opt/airflow/dags/ETL_toll_data.py for tasks to queue
[2024-06-07T06:10:12.010+0000] {logging_mixin.py:149} INFO - [2024-06-07T06:10:12.009+0000] {dagbag.py:541} INFO - Filling up the DagBag from /opt/airflow/dags/ETL_toll_data.py
[2024-06-07T06:10:12.600+0000] {processor.py:809} INFO - DAG(s) dict_keys(['ETL_toll_data_01']) retrieved from /opt/airflow/dags/ETL_toll_data.py
[2024-06-07T06:10:12.642+0000] {logging_mixin.py:149} INFO - [2024-06-07T06:10:12.642+0000] {dag.py:2726} INFO - Sync 1 DAGs
[2024-06-07T06:10:12.688+0000] {logging_mixin.py:149} INFO - [2024-06-07T06:10:12.688+0000] {dag.py:3490} INFO - Setting next_dagrun for ETL_toll_data_01 to 2024-06-07T00:00:00+00:00, run_after=2024-06-08T00:00:00+00:00
[2024-06-07T06:10:12.719+0000] {processor.py:178} INFO - Processing /opt/airflow/dags/ETL_toll_data.py took 0.718 seconds
[2024-06-07T06:10:42.792+0000] {processor.py:156} INFO - Started process (PID=298) to work on /opt/airflow/dags/ETL_toll_data.py
[2024-06-07T06:10:42.795+0000] {processor.py:799} INFO - Processing file /opt/airflow/dags/ETL_toll_data.py for tasks to queue
[2024-06-07T06:10:42.797+0000] {logging_mixin.py:149} INFO - [2024-06-07T06:10:42.797+0000] {dagbag.py:541} INFO - Filling up the DagBag from /opt/airflow/dags/ETL_toll_data.py
[2024-06-07T06:10:44.024+0000] {processor.py:809} INFO - DAG(s) dict_keys(['ETL_toll_data_01']) retrieved from /opt/airflow/dags/ETL_toll_data.py
[2024-06-07T06:10:44.236+0000] {logging_mixin.py:149} INFO - [2024-06-07T06:10:44.234+0000] {dag.py:2726} INFO - Sync 1 DAGs
[2024-06-07T06:10:44.645+0000] {logging_mixin.py:149} INFO - [2024-06-07T06:10:44.642+0000] {dag.py:3490} INFO - Setting next_dagrun for ETL_toll_data_01 to 2024-06-07T00:00:00+00:00, run_after=2024-06-08T00:00:00+00:00
[2024-06-07T06:10:44.880+0000] {processor.py:178} INFO - Processing /opt/airflow/dags/ETL_toll_data.py took 2.097 seconds
[2024-06-07T06:11:15.219+0000] {processor.py:156} INFO - Started process (PID=310) to work on /opt/airflow/dags/ETL_toll_data.py
[2024-06-07T06:11:15.222+0000] {processor.py:799} INFO - Processing file /opt/airflow/dags/ETL_toll_data.py for tasks to queue
[2024-06-07T06:11:15.224+0000] {logging_mixin.py:149} INFO - [2024-06-07T06:11:15.224+0000] {dagbag.py:541} INFO - Filling up the DagBag from /opt/airflow/dags/ETL_toll_data.py
[2024-06-07T06:11:15.923+0000] {processor.py:809} INFO - DAG(s) dict_keys(['ETL_toll_data_01']) retrieved from /opt/airflow/dags/ETL_toll_data.py
[2024-06-07T06:11:15.966+0000] {logging_mixin.py:149} INFO - [2024-06-07T06:11:15.965+0000] {dag.py:2726} INFO - Sync 1 DAGs
[2024-06-07T06:11:16.012+0000] {logging_mixin.py:149} INFO - [2024-06-07T06:11:16.012+0000] {dag.py:3490} INFO - Setting next_dagrun for ETL_toll_data_01 to 2024-06-07T00:00:00+00:00, run_after=2024-06-08T00:00:00+00:00
[2024-06-07T06:11:16.054+0000] {processor.py:178} INFO - Processing /opt/airflow/dags/ETL_toll_data.py took 0.844 seconds
[2024-06-07T06:11:46.293+0000] {processor.py:156} INFO - Started process (PID=328) to work on /opt/airflow/dags/ETL_toll_data.py
[2024-06-07T06:11:46.296+0000] {processor.py:799} INFO - Processing file /opt/airflow/dags/ETL_toll_data.py for tasks to queue
[2024-06-07T06:11:46.299+0000] {logging_mixin.py:149} INFO - [2024-06-07T06:11:46.298+0000] {dagbag.py:541} INFO - Filling up the DagBag from /opt/airflow/dags/ETL_toll_data.py
[2024-06-07T06:11:46.956+0000] {processor.py:809} INFO - DAG(s) dict_keys(['ETL_toll_data_01']) retrieved from /opt/airflow/dags/ETL_toll_data.py
[2024-06-07T06:11:47.006+0000] {logging_mixin.py:149} INFO - [2024-06-07T06:11:47.005+0000] {dag.py:2726} INFO - Sync 1 DAGs
[2024-06-07T06:11:47.059+0000] {logging_mixin.py:149} INFO - [2024-06-07T06:11:47.059+0000] {dag.py:3490} INFO - Setting next_dagrun for ETL_toll_data_01 to 2024-06-07T00:00:00+00:00, run_after=2024-06-08T00:00:00+00:00
[2024-06-07T06:11:47.099+0000] {processor.py:178} INFO - Processing /opt/airflow/dags/ETL_toll_data.py took 0.810 seconds
[2024-06-07T06:12:17.458+0000] {processor.py:156} INFO - Started process (PID=340) to work on /opt/airflow/dags/ETL_toll_data.py
[2024-06-07T06:12:17.463+0000] {processor.py:799} INFO - Processing file /opt/airflow/dags/ETL_toll_data.py for tasks to queue
[2024-06-07T06:12:17.470+0000] {logging_mixin.py:149} INFO - [2024-06-07T06:12:17.469+0000] {dagbag.py:541} INFO - Filling up the DagBag from /opt/airflow/dags/ETL_toll_data.py
[2024-06-07T06:12:18.060+0000] {processor.py:809} INFO - DAG(s) dict_keys(['ETL_toll_data_01']) retrieved from /opt/airflow/dags/ETL_toll_data.py
[2024-06-07T06:12:18.102+0000] {logging_mixin.py:149} INFO - [2024-06-07T06:12:18.101+0000] {dag.py:2726} INFO - Sync 1 DAGs
[2024-06-07T06:12:18.148+0000] {logging_mixin.py:149} INFO - [2024-06-07T06:12:18.148+0000] {dag.py:3490} INFO - Setting next_dagrun for ETL_toll_data_01 to 2024-06-07T00:00:00+00:00, run_after=2024-06-08T00:00:00+00:00
[2024-06-07T06:12:18.178+0000] {processor.py:178} INFO - Processing /opt/airflow/dags/ETL_toll_data.py took 0.734 seconds
[2024-06-07T06:12:48.499+0000] {processor.py:156} INFO - Started process (PID=352) to work on /opt/airflow/dags/ETL_toll_data.py
[2024-06-07T06:12:48.504+0000] {processor.py:799} INFO - Processing file /opt/airflow/dags/ETL_toll_data.py for tasks to queue
[2024-06-07T06:12:48.509+0000] {logging_mixin.py:149} INFO - [2024-06-07T06:12:48.508+0000] {dagbag.py:541} INFO - Filling up the DagBag from /opt/airflow/dags/ETL_toll_data.py
[2024-06-07T06:12:49.086+0000] {processor.py:809} INFO - DAG(s) dict_keys(['ETL_toll_data_01']) retrieved from /opt/airflow/dags/ETL_toll_data.py
[2024-06-07T06:12:49.136+0000] {logging_mixin.py:149} INFO - [2024-06-07T06:12:49.135+0000] {dag.py:2726} INFO - Sync 1 DAGs
[2024-06-07T06:12:49.182+0000] {logging_mixin.py:149} INFO - [2024-06-07T06:12:49.182+0000] {dag.py:3490} INFO - Setting next_dagrun for ETL_toll_data_01 to 2024-06-07T00:00:00+00:00, run_after=2024-06-08T00:00:00+00:00
[2024-06-07T06:12:49.212+0000] {processor.py:178} INFO - Processing /opt/airflow/dags/ETL_toll_data.py took 0.728 seconds
[2024-06-07T06:13:19.407+0000] {processor.py:156} INFO - Started process (PID=364) to work on /opt/airflow/dags/ETL_toll_data.py
[2024-06-07T06:13:19.410+0000] {processor.py:799} INFO - Processing file /opt/airflow/dags/ETL_toll_data.py for tasks to queue
[2024-06-07T06:13:19.415+0000] {logging_mixin.py:149} INFO - [2024-06-07T06:13:19.414+0000] {dagbag.py:541} INFO - Filling up the DagBag from /opt/airflow/dags/ETL_toll_data.py
[2024-06-07T06:13:20.152+0000] {processor.py:809} INFO - DAG(s) dict_keys(['ETL_toll_data_01']) retrieved from /opt/airflow/dags/ETL_toll_data.py
[2024-06-07T06:13:20.195+0000] {logging_mixin.py:149} INFO - [2024-06-07T06:13:20.194+0000] {dag.py:2726} INFO - Sync 1 DAGs
[2024-06-07T06:13:20.239+0000] {logging_mixin.py:149} INFO - [2024-06-07T06:13:20.239+0000] {dag.py:3490} INFO - Setting next_dagrun for ETL_toll_data_01 to 2024-06-07T00:00:00+00:00, run_after=2024-06-08T00:00:00+00:00
[2024-06-07T06:13:20.271+0000] {processor.py:178} INFO - Processing /opt/airflow/dags/ETL_toll_data.py took 0.876 seconds
[2024-06-07T06:13:50.663+0000] {processor.py:156} INFO - Started process (PID=376) to work on /opt/airflow/dags/ETL_toll_data.py
[2024-06-07T06:13:50.668+0000] {processor.py:799} INFO - Processing file /opt/airflow/dags/ETL_toll_data.py for tasks to queue
[2024-06-07T06:13:50.680+0000] {logging_mixin.py:149} INFO - [2024-06-07T06:13:50.679+0000] {dagbag.py:541} INFO - Filling up the DagBag from /opt/airflow/dags/ETL_toll_data.py
[2024-06-07T06:13:51.245+0000] {processor.py:809} INFO - DAG(s) dict_keys(['ETL_toll_data_01']) retrieved from /opt/airflow/dags/ETL_toll_data.py
[2024-06-07T06:13:51.285+0000] {logging_mixin.py:149} INFO - [2024-06-07T06:13:51.284+0000] {dag.py:2726} INFO - Sync 1 DAGs
[2024-06-07T06:13:51.331+0000] {logging_mixin.py:149} INFO - [2024-06-07T06:13:51.330+0000] {dag.py:3490} INFO - Setting next_dagrun for ETL_toll_data_01 to 2024-06-07T00:00:00+00:00, run_after=2024-06-08T00:00:00+00:00
[2024-06-07T06:13:51.363+0000] {processor.py:178} INFO - Processing /opt/airflow/dags/ETL_toll_data.py took 0.719 seconds
[2024-06-07T06:14:21.770+0000] {processor.py:156} INFO - Started process (PID=387) to work on /opt/airflow/dags/ETL_toll_data.py
[2024-06-07T06:14:21.774+0000] {processor.py:799} INFO - Processing file /opt/airflow/dags/ETL_toll_data.py for tasks to queue
[2024-06-07T06:14:21.780+0000] {logging_mixin.py:149} INFO - [2024-06-07T06:14:21.779+0000] {dagbag.py:541} INFO - Filling up the DagBag from /opt/airflow/dags/ETL_toll_data.py
[2024-06-07T06:14:22.374+0000] {processor.py:809} INFO - DAG(s) dict_keys(['ETL_toll_data_01']) retrieved from /opt/airflow/dags/ETL_toll_data.py
[2024-06-07T06:14:22.415+0000] {logging_mixin.py:149} INFO - [2024-06-07T06:14:22.414+0000] {dag.py:2726} INFO - Sync 1 DAGs
[2024-06-07T06:14:22.459+0000] {logging_mixin.py:149} INFO - [2024-06-07T06:14:22.459+0000] {dag.py:3490} INFO - Setting next_dagrun for ETL_toll_data_01 to 2024-06-07T00:00:00+00:00, run_after=2024-06-08T00:00:00+00:00
[2024-06-07T06:14:22.491+0000] {processor.py:178} INFO - Processing /opt/airflow/dags/ETL_toll_data.py took 0.737 seconds
[2024-06-07T06:14:52.543+0000] {processor.py:156} INFO - Started process (PID=398) to work on /opt/airflow/dags/ETL_toll_data.py
[2024-06-07T06:14:52.546+0000] {processor.py:799} INFO - Processing file /opt/airflow/dags/ETL_toll_data.py for tasks to queue
[2024-06-07T06:14:52.549+0000] {logging_mixin.py:149} INFO - [2024-06-07T06:14:52.548+0000] {dagbag.py:541} INFO - Filling up the DagBag from /opt/airflow/dags/ETL_toll_data.py
[2024-06-07T06:14:53.544+0000] {processor.py:809} INFO - DAG(s) dict_keys(['ETL_toll_data_01']) retrieved from /opt/airflow/dags/ETL_toll_data.py
[2024-06-07T06:14:53.724+0000] {logging_mixin.py:149} INFO - [2024-06-07T06:14:53.723+0000] {dag.py:2726} INFO - Sync 1 DAGs
[2024-06-07T06:14:54.025+0000] {logging_mixin.py:149} INFO - [2024-06-07T06:14:54.025+0000] {dag.py:3490} INFO - Setting next_dagrun for ETL_toll_data_01 to 2024-06-07T00:00:00+00:00, run_after=2024-06-08T00:00:00+00:00
[2024-06-07T06:14:54.301+0000] {processor.py:178} INFO - Processing /opt/airflow/dags/ETL_toll_data.py took 1.768 seconds
[2024-06-07T06:15:24.919+0000] {processor.py:156} INFO - Started process (PID=409) to work on /opt/airflow/dags/ETL_toll_data.py
[2024-06-07T06:15:24.923+0000] {processor.py:799} INFO - Processing file /opt/airflow/dags/ETL_toll_data.py for tasks to queue
[2024-06-07T06:15:24.928+0000] {logging_mixin.py:149} INFO - [2024-06-07T06:15:24.927+0000] {dagbag.py:541} INFO - Filling up the DagBag from /opt/airflow/dags/ETL_toll_data.py
[2024-06-07T06:15:25.519+0000] {processor.py:809} INFO - DAG(s) dict_keys(['ETL_toll_data_01']) retrieved from /opt/airflow/dags/ETL_toll_data.py
[2024-06-07T06:15:25.560+0000] {logging_mixin.py:149} INFO - [2024-06-07T06:15:25.560+0000] {dag.py:2726} INFO - Sync 1 DAGs
[2024-06-07T06:15:25.602+0000] {logging_mixin.py:149} INFO - [2024-06-07T06:15:25.602+0000] {dag.py:3490} INFO - Setting next_dagrun for ETL_toll_data_01 to 2024-06-07T00:00:00+00:00, run_after=2024-06-08T00:00:00+00:00
[2024-06-07T06:15:25.631+0000] {processor.py:178} INFO - Processing /opt/airflow/dags/ETL_toll_data.py took 0.725 seconds
[2024-06-07T06:15:55.997+0000] {processor.py:156} INFO - Started process (PID=420) to work on /opt/airflow/dags/ETL_toll_data.py
[2024-06-07T06:15:56.000+0000] {processor.py:799} INFO - Processing file /opt/airflow/dags/ETL_toll_data.py for tasks to queue
[2024-06-07T06:15:56.004+0000] {logging_mixin.py:149} INFO - [2024-06-07T06:15:56.004+0000] {dagbag.py:541} INFO - Filling up the DagBag from /opt/airflow/dags/ETL_toll_data.py
[2024-06-07T06:15:56.709+0000] {processor.py:809} INFO - DAG(s) dict_keys(['ETL_toll_data_01']) retrieved from /opt/airflow/dags/ETL_toll_data.py
[2024-06-07T06:15:56.755+0000] {logging_mixin.py:149} INFO - [2024-06-07T06:15:56.754+0000] {dag.py:2726} INFO - Sync 1 DAGs
[2024-06-07T06:15:56.812+0000] {logging_mixin.py:149} INFO - [2024-06-07T06:15:56.811+0000] {dag.py:3490} INFO - Setting next_dagrun for ETL_toll_data_01 to 2024-06-07T00:00:00+00:00, run_after=2024-06-08T00:00:00+00:00
[2024-06-07T06:15:56.856+0000] {processor.py:178} INFO - Processing /opt/airflow/dags/ETL_toll_data.py took 0.868 seconds
[2024-06-07T06:16:27.181+0000] {processor.py:156} INFO - Started process (PID=433) to work on /opt/airflow/dags/ETL_toll_data.py
[2024-06-07T06:16:27.183+0000] {processor.py:799} INFO - Processing file /opt/airflow/dags/ETL_toll_data.py for tasks to queue
[2024-06-07T06:16:27.185+0000] {logging_mixin.py:149} INFO - [2024-06-07T06:16:27.184+0000] {dagbag.py:541} INFO - Filling up the DagBag from /opt/airflow/dags/ETL_toll_data.py
[2024-06-07T06:16:27.772+0000] {processor.py:809} INFO - DAG(s) dict_keys(['ETL_toll_data_01']) retrieved from /opt/airflow/dags/ETL_toll_data.py
[2024-06-07T06:16:27.814+0000] {logging_mixin.py:149} INFO - [2024-06-07T06:16:27.814+0000] {dag.py:2726} INFO - Sync 1 DAGs
[2024-06-07T06:16:27.860+0000] {logging_mixin.py:149} INFO - [2024-06-07T06:16:27.860+0000] {dag.py:3490} INFO - Setting next_dagrun for ETL_toll_data_01 to 2024-06-07T00:00:00+00:00, run_after=2024-06-08T00:00:00+00:00
[2024-06-07T06:16:27.893+0000] {processor.py:178} INFO - Processing /opt/airflow/dags/ETL_toll_data.py took 0.722 seconds
[2024-06-07T06:16:57.941+0000] {processor.py:156} INFO - Started process (PID=444) to work on /opt/airflow/dags/ETL_toll_data.py
[2024-06-07T06:16:57.943+0000] {processor.py:799} INFO - Processing file /opt/airflow/dags/ETL_toll_data.py for tasks to queue
[2024-06-07T06:16:57.947+0000] {logging_mixin.py:149} INFO - [2024-06-07T06:16:57.947+0000] {dagbag.py:541} INFO - Filling up the DagBag from /opt/airflow/dags/ETL_toll_data.py
[2024-06-07T06:16:58.558+0000] {processor.py:809} INFO - DAG(s) dict_keys(['ETL_toll_data_01']) retrieved from /opt/airflow/dags/ETL_toll_data.py
[2024-06-07T06:16:58.601+0000] {logging_mixin.py:149} INFO - [2024-06-07T06:16:58.601+0000] {dag.py:2726} INFO - Sync 1 DAGs
[2024-06-07T06:16:58.648+0000] {logging_mixin.py:149} INFO - [2024-06-07T06:16:58.648+0000] {dag.py:3490} INFO - Setting next_dagrun for ETL_toll_data_01 to 2024-06-07T00:00:00+00:00, run_after=2024-06-08T00:00:00+00:00
[2024-06-07T06:16:58.682+0000] {processor.py:178} INFO - Processing /opt/airflow/dags/ETL_toll_data.py took 0.747 seconds
[2024-06-07T06:17:29.078+0000] {processor.py:156} INFO - Started process (PID=456) to work on /opt/airflow/dags/ETL_toll_data.py
[2024-06-07T06:17:29.083+0000] {processor.py:799} INFO - Processing file /opt/airflow/dags/ETL_toll_data.py for tasks to queue
[2024-06-07T06:17:29.087+0000] {logging_mixin.py:149} INFO - [2024-06-07T06:17:29.087+0000] {dagbag.py:541} INFO - Filling up the DagBag from /opt/airflow/dags/ETL_toll_data.py
[2024-06-07T06:17:29.703+0000] {processor.py:809} INFO - DAG(s) dict_keys(['ETL_toll_data_01']) retrieved from /opt/airflow/dags/ETL_toll_data.py
[2024-06-07T06:17:29.753+0000] {logging_mixin.py:149} INFO - [2024-06-07T06:17:29.752+0000] {dag.py:2726} INFO - Sync 1 DAGs
[2024-06-07T06:17:29.803+0000] {logging_mixin.py:149} INFO - [2024-06-07T06:17:29.802+0000] {dag.py:3490} INFO - Setting next_dagrun for ETL_toll_data_01 to 2024-06-07T00:00:00+00:00, run_after=2024-06-08T00:00:00+00:00
[2024-06-07T06:17:29.838+0000] {processor.py:178} INFO - Processing /opt/airflow/dags/ETL_toll_data.py took 0.771 seconds
[2024-06-07T06:18:00.122+0000] {processor.py:156} INFO - Started process (PID=468) to work on /opt/airflow/dags/ETL_toll_data.py
[2024-06-07T06:18:00.127+0000] {processor.py:799} INFO - Processing file /opt/airflow/dags/ETL_toll_data.py for tasks to queue
[2024-06-07T06:18:00.134+0000] {logging_mixin.py:149} INFO - [2024-06-07T06:18:00.133+0000] {dagbag.py:541} INFO - Filling up the DagBag from /opt/airflow/dags/ETL_toll_data.py
[2024-06-07T06:18:00.653+0000] {processor.py:809} INFO - DAG(s) dict_keys(['ETL_toll_data_01']) retrieved from /opt/airflow/dags/ETL_toll_data.py
[2024-06-07T06:18:00.706+0000] {logging_mixin.py:149} INFO - [2024-06-07T06:18:00.705+0000] {dag.py:2726} INFO - Sync 1 DAGs
[2024-06-07T06:18:00.758+0000] {logging_mixin.py:149} INFO - [2024-06-07T06:18:00.758+0000] {dag.py:3490} INFO - Setting next_dagrun for ETL_toll_data_01 to 2024-06-07T00:00:00+00:00, run_after=2024-06-08T00:00:00+00:00
[2024-06-07T06:18:00.793+0000] {processor.py:178} INFO - Processing /opt/airflow/dags/ETL_toll_data.py took 0.742 seconds
[2024-06-07T06:18:30.934+0000] {processor.py:156} INFO - Started process (PID=479) to work on /opt/airflow/dags/ETL_toll_data.py
[2024-06-07T06:18:30.935+0000] {processor.py:799} INFO - Processing file /opt/airflow/dags/ETL_toll_data.py for tasks to queue
[2024-06-07T06:18:30.937+0000] {logging_mixin.py:149} INFO - [2024-06-07T06:18:30.937+0000] {dagbag.py:541} INFO - Filling up the DagBag from /opt/airflow/dags/ETL_toll_data.py
[2024-06-07T06:18:31.493+0000] {processor.py:809} INFO - DAG(s) dict_keys(['ETL_toll_data_01']) retrieved from /opt/airflow/dags/ETL_toll_data.py
[2024-06-07T06:18:31.541+0000] {logging_mixin.py:149} INFO - [2024-06-07T06:18:31.540+0000] {dag.py:2726} INFO - Sync 1 DAGs
[2024-06-07T06:18:31.587+0000] {logging_mixin.py:149} INFO - [2024-06-07T06:18:31.586+0000] {dag.py:3490} INFO - Setting next_dagrun for ETL_toll_data_01 to 2024-06-07T00:00:00+00:00, run_after=2024-06-08T00:00:00+00:00
[2024-06-07T06:18:31.620+0000] {processor.py:178} INFO - Processing /opt/airflow/dags/ETL_toll_data.py took 0.693 seconds
[2024-06-07T06:19:01.899+0000] {processor.py:156} INFO - Started process (PID=491) to work on /opt/airflow/dags/ETL_toll_data.py
[2024-06-07T06:19:01.901+0000] {processor.py:799} INFO - Processing file /opt/airflow/dags/ETL_toll_data.py for tasks to queue
[2024-06-07T06:19:01.903+0000] {logging_mixin.py:149} INFO - [2024-06-07T06:19:01.903+0000] {dagbag.py:541} INFO - Filling up the DagBag from /opt/airflow/dags/ETL_toll_data.py
[2024-06-07T06:19:02.834+0000] {processor.py:809} INFO - DAG(s) dict_keys(['ETL_toll_data_01']) retrieved from /opt/airflow/dags/ETL_toll_data.py
[2024-06-07T06:19:02.897+0000] {logging_mixin.py:149} INFO - [2024-06-07T06:19:02.897+0000] {dag.py:2726} INFO - Sync 1 DAGs
[2024-06-07T06:19:02.948+0000] {logging_mixin.py:149} INFO - [2024-06-07T06:19:02.947+0000] {dag.py:3490} INFO - Setting next_dagrun for ETL_toll_data_01 to 2024-06-07T00:00:00+00:00, run_after=2024-06-08T00:00:00+00:00
[2024-06-07T06:19:02.985+0000] {processor.py:178} INFO - Processing /opt/airflow/dags/ETL_toll_data.py took 1.091 seconds
[2024-06-07T06:19:33.113+0000] {processor.py:156} INFO - Started process (PID=503) to work on /opt/airflow/dags/ETL_toll_data.py
[2024-06-07T06:19:33.116+0000] {processor.py:799} INFO - Processing file /opt/airflow/dags/ETL_toll_data.py for tasks to queue
[2024-06-07T06:19:33.119+0000] {logging_mixin.py:149} INFO - [2024-06-07T06:19:33.119+0000] {dagbag.py:541} INFO - Filling up the DagBag from /opt/airflow/dags/ETL_toll_data.py
[2024-06-07T06:19:34.122+0000] {processor.py:809} INFO - DAG(s) dict_keys(['ETL_toll_data_01']) retrieved from /opt/airflow/dags/ETL_toll_data.py
[2024-06-07T06:19:34.186+0000] {logging_mixin.py:149} INFO - [2024-06-07T06:19:34.185+0000] {dag.py:2726} INFO - Sync 1 DAGs
[2024-06-07T06:19:34.262+0000] {logging_mixin.py:149} INFO - [2024-06-07T06:19:34.262+0000] {dag.py:3490} INFO - Setting next_dagrun for ETL_toll_data_01 to 2024-06-07T00:00:00+00:00, run_after=2024-06-08T00:00:00+00:00
[2024-06-07T06:19:34.318+0000] {processor.py:178} INFO - Processing /opt/airflow/dags/ETL_toll_data.py took 1.211 seconds
[2024-06-07T06:20:04.585+0000] {processor.py:156} INFO - Started process (PID=515) to work on /opt/airflow/dags/ETL_toll_data.py
[2024-06-07T06:20:04.588+0000] {processor.py:799} INFO - Processing file /opt/airflow/dags/ETL_toll_data.py for tasks to queue
[2024-06-07T06:20:04.591+0000] {logging_mixin.py:149} INFO - [2024-06-07T06:20:04.590+0000] {dagbag.py:541} INFO - Filling up the DagBag from /opt/airflow/dags/ETL_toll_data.py
[2024-06-07T06:20:05.561+0000] {processor.py:809} INFO - DAG(s) dict_keys(['ETL_toll_data_01']) retrieved from /opt/airflow/dags/ETL_toll_data.py
[2024-06-07T06:20:05.612+0000] {logging_mixin.py:149} INFO - [2024-06-07T06:20:05.612+0000] {dag.py:2726} INFO - Sync 1 DAGs
[2024-06-07T06:20:05.678+0000] {logging_mixin.py:149} INFO - [2024-06-07T06:20:05.678+0000] {dag.py:3490} INFO - Setting next_dagrun for ETL_toll_data_01 to 2024-06-07T00:00:00+00:00, run_after=2024-06-08T00:00:00+00:00
[2024-06-07T06:20:05.720+0000] {processor.py:178} INFO - Processing /opt/airflow/dags/ETL_toll_data.py took 1.142 seconds
[2024-06-07T06:20:35.875+0000] {processor.py:156} INFO - Started process (PID=527) to work on /opt/airflow/dags/ETL_toll_data.py
[2024-06-07T06:20:35.878+0000] {processor.py:799} INFO - Processing file /opt/airflow/dags/ETL_toll_data.py for tasks to queue
[2024-06-07T06:20:35.880+0000] {logging_mixin.py:149} INFO - [2024-06-07T06:20:35.879+0000] {dagbag.py:541} INFO - Filling up the DagBag from /opt/airflow/dags/ETL_toll_data.py
[2024-06-07T06:20:36.690+0000] {processor.py:809} INFO - DAG(s) dict_keys(['ETL_toll_data_01']) retrieved from /opt/airflow/dags/ETL_toll_data.py
[2024-06-07T06:20:36.760+0000] {logging_mixin.py:149} INFO - [2024-06-07T06:20:36.759+0000] {dag.py:2726} INFO - Sync 1 DAGs
[2024-06-07T06:20:36.807+0000] {logging_mixin.py:149} INFO - [2024-06-07T06:20:36.806+0000] {dag.py:3490} INFO - Setting next_dagrun for ETL_toll_data_01 to 2024-06-07T00:00:00+00:00, run_after=2024-06-08T00:00:00+00:00
[2024-06-07T06:20:36.838+0000] {processor.py:178} INFO - Processing /opt/airflow/dags/ETL_toll_data.py took 0.970 seconds
[2024-06-07T06:21:07.114+0000] {processor.py:156} INFO - Started process (PID=539) to work on /opt/airflow/dags/ETL_toll_data.py
[2024-06-07T06:21:07.117+0000] {processor.py:799} INFO - Processing file /opt/airflow/dags/ETL_toll_data.py for tasks to queue
[2024-06-07T06:21:07.119+0000] {logging_mixin.py:149} INFO - [2024-06-07T06:21:07.119+0000] {dagbag.py:541} INFO - Filling up the DagBag from /opt/airflow/dags/ETL_toll_data.py
[2024-06-07T06:21:07.832+0000] {processor.py:809} INFO - DAG(s) dict_keys(['ETL_toll_data_01']) retrieved from /opt/airflow/dags/ETL_toll_data.py
[2024-06-07T06:21:07.877+0000] {logging_mixin.py:149} INFO - [2024-06-07T06:21:07.876+0000] {dag.py:2726} INFO - Sync 1 DAGs
[2024-06-07T06:21:08.001+0000] {logging_mixin.py:149} INFO - [2024-06-07T06:21:08.001+0000] {dag.py:3490} INFO - Setting next_dagrun for ETL_toll_data_01 to 2024-06-07T00:00:00+00:00, run_after=2024-06-08T00:00:00+00:00
[2024-06-07T06:21:08.064+0000] {processor.py:178} INFO - Processing /opt/airflow/dags/ETL_toll_data.py took 0.957 seconds
[2024-06-07T06:21:38.396+0000] {processor.py:156} INFO - Started process (PID=550) to work on /opt/airflow/dags/ETL_toll_data.py
[2024-06-07T06:21:38.398+0000] {processor.py:799} INFO - Processing file /opt/airflow/dags/ETL_toll_data.py for tasks to queue
[2024-06-07T06:21:38.400+0000] {logging_mixin.py:149} INFO - [2024-06-07T06:21:38.400+0000] {dagbag.py:541} INFO - Filling up the DagBag from /opt/airflow/dags/ETL_toll_data.py
[2024-06-07T06:21:38.992+0000] {processor.py:809} INFO - DAG(s) dict_keys(['ETL_toll_data_01']) retrieved from /opt/airflow/dags/ETL_toll_data.py
[2024-06-07T06:21:39.038+0000] {logging_mixin.py:149} INFO - [2024-06-07T06:21:39.037+0000] {dag.py:2726} INFO - Sync 1 DAGs
[2024-06-07T06:21:39.085+0000] {logging_mixin.py:149} INFO - [2024-06-07T06:21:39.085+0000] {dag.py:3490} INFO - Setting next_dagrun for ETL_toll_data_01 to 2024-06-07T00:00:00+00:00, run_after=2024-06-08T00:00:00+00:00
[2024-06-07T06:21:39.118+0000] {processor.py:178} INFO - Processing /opt/airflow/dags/ETL_toll_data.py took 0.726 seconds
[2024-06-07T06:22:09.730+0000] {processor.py:156} INFO - Started process (PID=561) to work on /opt/airflow/dags/ETL_toll_data.py
[2024-06-07T06:22:09.731+0000] {processor.py:799} INFO - Processing file /opt/airflow/dags/ETL_toll_data.py for tasks to queue
[2024-06-07T06:22:09.734+0000] {logging_mixin.py:149} INFO - [2024-06-07T06:22:09.733+0000] {dagbag.py:541} INFO - Filling up the DagBag from /opt/airflow/dags/ETL_toll_data.py
[2024-06-07T06:22:10.438+0000] {processor.py:809} INFO - DAG(s) dict_keys(['ETL_toll_data_01']) retrieved from /opt/airflow/dags/ETL_toll_data.py
[2024-06-07T06:22:10.504+0000] {logging_mixin.py:149} INFO - [2024-06-07T06:22:10.503+0000] {dag.py:2726} INFO - Sync 1 DAGs
[2024-06-07T06:22:10.558+0000] {logging_mixin.py:149} INFO - [2024-06-07T06:22:10.558+0000] {dag.py:3490} INFO - Setting next_dagrun for ETL_toll_data_01 to 2024-06-07T00:00:00+00:00, run_after=2024-06-08T00:00:00+00:00
[2024-06-07T06:22:10.596+0000] {processor.py:178} INFO - Processing /opt/airflow/dags/ETL_toll_data.py took 0.871 seconds
[2024-06-07T06:22:40.977+0000] {processor.py:156} INFO - Started process (PID=572) to work on /opt/airflow/dags/ETL_toll_data.py
[2024-06-07T06:22:40.979+0000] {processor.py:799} INFO - Processing file /opt/airflow/dags/ETL_toll_data.py for tasks to queue
[2024-06-07T06:22:40.982+0000] {logging_mixin.py:149} INFO - [2024-06-07T06:22:40.982+0000] {dagbag.py:541} INFO - Filling up the DagBag from /opt/airflow/dags/ETL_toll_data.py
[2024-06-07T06:22:41.655+0000] {processor.py:809} INFO - DAG(s) dict_keys(['ETL_toll_data_01']) retrieved from /opt/airflow/dags/ETL_toll_data.py
[2024-06-07T06:22:41.696+0000] {logging_mixin.py:149} INFO - [2024-06-07T06:22:41.696+0000] {dag.py:2726} INFO - Sync 1 DAGs
[2024-06-07T06:22:41.745+0000] {logging_mixin.py:149} INFO - [2024-06-07T06:22:41.745+0000] {dag.py:3490} INFO - Setting next_dagrun for ETL_toll_data_01 to 2024-06-07T00:00:00+00:00, run_after=2024-06-08T00:00:00+00:00
[2024-06-07T06:22:41.776+0000] {processor.py:178} INFO - Processing /opt/airflow/dags/ETL_toll_data.py took 0.806 seconds
[2024-06-07T06:23:12.077+0000] {processor.py:156} INFO - Started process (PID=584) to work on /opt/airflow/dags/ETL_toll_data.py
[2024-06-07T06:23:12.079+0000] {processor.py:799} INFO - Processing file /opt/airflow/dags/ETL_toll_data.py for tasks to queue
[2024-06-07T06:23:12.083+0000] {logging_mixin.py:149} INFO - [2024-06-07T06:23:12.082+0000] {dagbag.py:541} INFO - Filling up the DagBag from /opt/airflow/dags/ETL_toll_data.py
[2024-06-07T06:23:12.742+0000] {processor.py:809} INFO - DAG(s) dict_keys(['ETL_toll_data_01']) retrieved from /opt/airflow/dags/ETL_toll_data.py
[2024-06-07T06:23:12.803+0000] {logging_mixin.py:149} INFO - [2024-06-07T06:23:12.802+0000] {dag.py:2726} INFO - Sync 1 DAGs
[2024-06-07T06:23:12.862+0000] {logging_mixin.py:149} INFO - [2024-06-07T06:23:12.862+0000] {dag.py:3490} INFO - Setting next_dagrun for ETL_toll_data_01 to 2024-06-07T00:00:00+00:00, run_after=2024-06-08T00:00:00+00:00
[2024-06-07T06:23:12.901+0000] {processor.py:178} INFO - Processing /opt/airflow/dags/ETL_toll_data.py took 0.831 seconds
[2024-06-07T06:24:45.867+0000] {processor.py:156} INFO - Started process (PID=32) to work on /opt/airflow/dags/ETL_toll_data.py
[2024-06-07T06:24:45.873+0000] {processor.py:799} INFO - Processing file /opt/airflow/dags/ETL_toll_data.py for tasks to queue
[2024-06-07T06:24:45.875+0000] {logging_mixin.py:149} INFO - [2024-06-07T06:24:45.874+0000] {dagbag.py:541} INFO - Filling up the DagBag from /opt/airflow/dags/ETL_toll_data.py
[2024-06-07T06:24:48.584+0000] {processor.py:809} INFO - DAG(s) dict_keys(['ETL_toll_data_01']) retrieved from /opt/airflow/dags/ETL_toll_data.py
[2024-06-07T06:24:48.775+0000] {logging_mixin.py:149} INFO - [2024-06-07T06:24:48.774+0000] {dag.py:2726} INFO - Sync 1 DAGs
[2024-06-07T06:24:48.838+0000] {logging_mixin.py:149} INFO - [2024-06-07T06:24:48.838+0000] {dag.py:3490} INFO - Setting next_dagrun for ETL_toll_data_01 to 2024-06-07T00:00:00+00:00, run_after=2024-06-08T00:00:00+00:00
[2024-06-07T06:24:48.891+0000] {processor.py:178} INFO - Processing /opt/airflow/dags/ETL_toll_data.py took 3.039 seconds
[2024-06-07T06:25:19.178+0000] {processor.py:156} INFO - Started process (PID=43) to work on /opt/airflow/dags/ETL_toll_data.py
[2024-06-07T06:25:19.180+0000] {processor.py:799} INFO - Processing file /opt/airflow/dags/ETL_toll_data.py for tasks to queue
[2024-06-07T06:25:19.182+0000] {logging_mixin.py:149} INFO - [2024-06-07T06:25:19.182+0000] {dagbag.py:541} INFO - Filling up the DagBag from /opt/airflow/dags/ETL_toll_data.py
[2024-06-07T06:25:19.772+0000] {processor.py:809} INFO - DAG(s) dict_keys(['ETL_toll_data_01']) retrieved from /opt/airflow/dags/ETL_toll_data.py
[2024-06-07T06:25:19.818+0000] {logging_mixin.py:149} INFO - [2024-06-07T06:25:19.817+0000] {dag.py:2726} INFO - Sync 1 DAGs
[2024-06-07T06:25:19.863+0000] {logging_mixin.py:149} INFO - [2024-06-07T06:25:19.862+0000] {dag.py:3490} INFO - Setting next_dagrun for ETL_toll_data_01 to 2024-06-07T00:00:00+00:00, run_after=2024-06-08T00:00:00+00:00
[2024-06-07T06:25:19.893+0000] {processor.py:178} INFO - Processing /opt/airflow/dags/ETL_toll_data.py took 0.720 seconds
[2024-06-07T06:25:50.171+0000] {processor.py:156} INFO - Started process (PID=54) to work on /opt/airflow/dags/ETL_toll_data.py
[2024-06-07T06:25:50.173+0000] {processor.py:799} INFO - Processing file /opt/airflow/dags/ETL_toll_data.py for tasks to queue
[2024-06-07T06:25:50.176+0000] {logging_mixin.py:149} INFO - [2024-06-07T06:25:50.176+0000] {dagbag.py:541} INFO - Filling up the DagBag from /opt/airflow/dags/ETL_toll_data.py
[2024-06-07T06:25:50.841+0000] {processor.py:809} INFO - DAG(s) dict_keys(['ETL_toll_data_01']) retrieved from /opt/airflow/dags/ETL_toll_data.py
[2024-06-07T06:25:50.885+0000] {logging_mixin.py:149} INFO - [2024-06-07T06:25:50.883+0000] {dag.py:2726} INFO - Sync 1 DAGs
[2024-06-07T06:25:50.928+0000] {logging_mixin.py:149} INFO - [2024-06-07T06:25:50.928+0000] {dag.py:3490} INFO - Setting next_dagrun for ETL_toll_data_01 to 2024-06-07T00:00:00+00:00, run_after=2024-06-08T00:00:00+00:00
[2024-06-07T06:25:50.958+0000] {processor.py:178} INFO - Processing /opt/airflow/dags/ETL_toll_data.py took 0.793 seconds
[2024-06-07T06:26:21.148+0000] {processor.py:156} INFO - Started process (PID=65) to work on /opt/airflow/dags/ETL_toll_data.py
[2024-06-07T06:26:21.150+0000] {processor.py:799} INFO - Processing file /opt/airflow/dags/ETL_toll_data.py for tasks to queue
[2024-06-07T06:26:21.153+0000] {logging_mixin.py:149} INFO - [2024-06-07T06:26:21.152+0000] {dagbag.py:541} INFO - Filling up the DagBag from /opt/airflow/dags/ETL_toll_data.py
[2024-06-07T06:26:21.689+0000] {processor.py:809} INFO - DAG(s) dict_keys(['ETL_toll_data_01']) retrieved from /opt/airflow/dags/ETL_toll_data.py
[2024-06-07T06:26:21.731+0000] {logging_mixin.py:149} INFO - [2024-06-07T06:26:21.730+0000] {dag.py:2726} INFO - Sync 1 DAGs
[2024-06-07T06:26:21.775+0000] {logging_mixin.py:149} INFO - [2024-06-07T06:26:21.774+0000] {dag.py:3490} INFO - Setting next_dagrun for ETL_toll_data_01 to 2024-06-07T00:00:00+00:00, run_after=2024-06-08T00:00:00+00:00
[2024-06-07T06:26:21.805+0000] {processor.py:178} INFO - Processing /opt/airflow/dags/ETL_toll_data.py took 0.662 seconds
[2024-06-07T06:26:52.090+0000] {processor.py:156} INFO - Started process (PID=77) to work on /opt/airflow/dags/ETL_toll_data.py
[2024-06-07T06:26:52.094+0000] {processor.py:799} INFO - Processing file /opt/airflow/dags/ETL_toll_data.py for tasks to queue
[2024-06-07T06:26:52.098+0000] {logging_mixin.py:149} INFO - [2024-06-07T06:26:52.097+0000] {dagbag.py:541} INFO - Filling up the DagBag from /opt/airflow/dags/ETL_toll_data.py
[2024-06-07T06:26:52.668+0000] {processor.py:809} INFO - DAG(s) dict_keys(['ETL_toll_data_01']) retrieved from /opt/airflow/dags/ETL_toll_data.py
[2024-06-07T06:26:52.710+0000] {logging_mixin.py:149} INFO - [2024-06-07T06:26:52.709+0000] {dag.py:2726} INFO - Sync 1 DAGs
[2024-06-07T06:26:52.758+0000] {logging_mixin.py:149} INFO - [2024-06-07T06:26:52.758+0000] {dag.py:3490} INFO - Setting next_dagrun for ETL_toll_data_01 to 2024-06-07T00:00:00+00:00, run_after=2024-06-08T00:00:00+00:00
[2024-06-07T06:26:52.798+0000] {processor.py:178} INFO - Processing /opt/airflow/dags/ETL_toll_data.py took 0.723 seconds
[2024-06-07T06:27:23.151+0000] {processor.py:156} INFO - Started process (PID=89) to work on /opt/airflow/dags/ETL_toll_data.py
[2024-06-07T06:27:23.155+0000] {processor.py:799} INFO - Processing file /opt/airflow/dags/ETL_toll_data.py for tasks to queue
[2024-06-07T06:27:23.162+0000] {logging_mixin.py:149} INFO - [2024-06-07T06:27:23.161+0000] {dagbag.py:541} INFO - Filling up the DagBag from /opt/airflow/dags/ETL_toll_data.py
[2024-06-07T06:27:23.778+0000] {processor.py:809} INFO - DAG(s) dict_keys(['ETL_toll_data_01']) retrieved from /opt/airflow/dags/ETL_toll_data.py
[2024-06-07T06:27:23.853+0000] {logging_mixin.py:149} INFO - [2024-06-07T06:27:23.850+0000] {dag.py:2726} INFO - Sync 1 DAGs
[2024-06-07T06:27:23.927+0000] {logging_mixin.py:149} INFO - [2024-06-07T06:27:23.927+0000] {dag.py:3490} INFO - Setting next_dagrun for ETL_toll_data_01 to 2024-06-07T00:00:00+00:00, run_after=2024-06-08T00:00:00+00:00
[2024-06-07T06:27:23.970+0000] {processor.py:178} INFO - Processing /opt/airflow/dags/ETL_toll_data.py took 0.834 seconds
[2024-06-07T06:27:54.320+0000] {processor.py:156} INFO - Started process (PID=108) to work on /opt/airflow/dags/ETL_toll_data.py
[2024-06-07T06:27:54.325+0000] {processor.py:799} INFO - Processing file /opt/airflow/dags/ETL_toll_data.py for tasks to queue
[2024-06-07T06:27:54.332+0000] {logging_mixin.py:149} INFO - [2024-06-07T06:27:54.330+0000] {dagbag.py:541} INFO - Filling up the DagBag from /opt/airflow/dags/ETL_toll_data.py
[2024-06-07T06:27:54.903+0000] {processor.py:809} INFO - DAG(s) dict_keys(['ETL_toll_data_01']) retrieved from /opt/airflow/dags/ETL_toll_data.py
[2024-06-07T06:27:54.944+0000] {logging_mixin.py:149} INFO - [2024-06-07T06:27:54.942+0000] {dag.py:2726} INFO - Sync 1 DAGs
[2024-06-07T06:27:55.002+0000] {logging_mixin.py:149} INFO - [2024-06-07T06:27:55.001+0000] {dag.py:3490} INFO - Setting next_dagrun for ETL_toll_data_01 to 2024-06-07T00:00:00+00:00, run_after=2024-06-08T00:00:00+00:00
[2024-06-07T06:27:55.038+0000] {processor.py:178} INFO - Processing /opt/airflow/dags/ETL_toll_data.py took 0.732 seconds
[2024-06-07T06:28:25.283+0000] {processor.py:156} INFO - Started process (PID=120) to work on /opt/airflow/dags/ETL_toll_data.py
[2024-06-07T06:28:25.285+0000] {processor.py:799} INFO - Processing file /opt/airflow/dags/ETL_toll_data.py for tasks to queue
[2024-06-07T06:28:25.287+0000] {logging_mixin.py:149} INFO - [2024-06-07T06:28:25.286+0000] {dagbag.py:541} INFO - Filling up the DagBag from /opt/airflow/dags/ETL_toll_data.py
[2024-06-07T06:28:25.815+0000] {processor.py:809} INFO - DAG(s) dict_keys(['ETL_toll_data_01']) retrieved from /opt/airflow/dags/ETL_toll_data.py
[2024-06-07T06:28:25.855+0000] {logging_mixin.py:149} INFO - [2024-06-07T06:28:25.855+0000] {dag.py:2726} INFO - Sync 1 DAGs
[2024-06-07T06:28:25.896+0000] {logging_mixin.py:149} INFO - [2024-06-07T06:28:25.896+0000] {dag.py:3490} INFO - Setting next_dagrun for ETL_toll_data_01 to 2024-06-07T00:00:00+00:00, run_after=2024-06-08T00:00:00+00:00
[2024-06-07T06:28:25.923+0000] {processor.py:178} INFO - Processing /opt/airflow/dags/ETL_toll_data.py took 0.649 seconds
[2024-06-07T06:28:56.203+0000] {processor.py:156} INFO - Started process (PID=132) to work on /opt/airflow/dags/ETL_toll_data.py
[2024-06-07T06:28:56.206+0000] {processor.py:799} INFO - Processing file /opt/airflow/dags/ETL_toll_data.py for tasks to queue
[2024-06-07T06:28:56.208+0000] {logging_mixin.py:149} INFO - [2024-06-07T06:28:56.208+0000] {dagbag.py:541} INFO - Filling up the DagBag from /opt/airflow/dags/ETL_toll_data.py
[2024-06-07T06:28:56.806+0000] {processor.py:809} INFO - DAG(s) dict_keys(['ETL_toll_data_01']) retrieved from /opt/airflow/dags/ETL_toll_data.py
[2024-06-07T06:28:56.851+0000] {logging_mixin.py:149} INFO - [2024-06-07T06:28:56.850+0000] {dag.py:2726} INFO - Sync 1 DAGs
[2024-06-07T06:28:56.896+0000] {logging_mixin.py:149} INFO - [2024-06-07T06:28:56.896+0000] {dag.py:3490} INFO - Setting next_dagrun for ETL_toll_data_01 to 2024-06-07T00:00:00+00:00, run_after=2024-06-08T00:00:00+00:00
[2024-06-07T06:28:56.931+0000] {processor.py:178} INFO - Processing /opt/airflow/dags/ETL_toll_data.py took 0.740 seconds
[2024-06-07T06:29:27.150+0000] {processor.py:156} INFO - Started process (PID=144) to work on /opt/airflow/dags/ETL_toll_data.py
[2024-06-07T06:29:27.152+0000] {processor.py:799} INFO - Processing file /opt/airflow/dags/ETL_toll_data.py for tasks to queue
[2024-06-07T06:29:27.154+0000] {logging_mixin.py:149} INFO - [2024-06-07T06:29:27.154+0000] {dagbag.py:541} INFO - Filling up the DagBag from /opt/airflow/dags/ETL_toll_data.py
[2024-06-07T06:29:27.794+0000] {processor.py:809} INFO - DAG(s) dict_keys(['ETL_toll_data_01']) retrieved from /opt/airflow/dags/ETL_toll_data.py
[2024-06-07T06:29:27.843+0000] {logging_mixin.py:149} INFO - [2024-06-07T06:29:27.842+0000] {dag.py:2726} INFO - Sync 1 DAGs
[2024-06-07T06:29:27.894+0000] {logging_mixin.py:149} INFO - [2024-06-07T06:29:27.893+0000] {dag.py:3490} INFO - Setting next_dagrun for ETL_toll_data_01 to 2024-06-07T00:00:00+00:00, run_after=2024-06-08T00:00:00+00:00
[2024-06-07T06:29:27.924+0000] {processor.py:178} INFO - Processing /opt/airflow/dags/ETL_toll_data.py took 0.778 seconds
[2024-06-07T06:29:58.250+0000] {processor.py:156} INFO - Started process (PID=156) to work on /opt/airflow/dags/ETL_toll_data.py
[2024-06-07T06:29:58.255+0000] {processor.py:799} INFO - Processing file /opt/airflow/dags/ETL_toll_data.py for tasks to queue
[2024-06-07T06:29:58.271+0000] {logging_mixin.py:149} INFO - [2024-06-07T06:29:58.265+0000] {dagbag.py:541} INFO - Filling up the DagBag from /opt/airflow/dags/ETL_toll_data.py
[2024-06-07T06:29:59.243+0000] {processor.py:809} INFO - DAG(s) dict_keys(['ETL_toll_data_01']) retrieved from /opt/airflow/dags/ETL_toll_data.py
[2024-06-07T06:29:59.354+0000] {logging_mixin.py:149} INFO - [2024-06-07T06:29:59.351+0000] {dag.py:2726} INFO - Sync 1 DAGs
[2024-06-07T06:29:59.459+0000] {logging_mixin.py:149} INFO - [2024-06-07T06:29:59.458+0000] {dag.py:3490} INFO - Setting next_dagrun for ETL_toll_data_01 to 2024-06-07T00:00:00+00:00, run_after=2024-06-08T00:00:00+00:00
[2024-06-07T06:29:59.510+0000] {processor.py:178} INFO - Processing /opt/airflow/dags/ETL_toll_data.py took 1.287 seconds
[2024-06-07T06:30:29.919+0000] {processor.py:156} INFO - Started process (PID=167) to work on /opt/airflow/dags/ETL_toll_data.py
[2024-06-07T06:30:29.921+0000] {processor.py:799} INFO - Processing file /opt/airflow/dags/ETL_toll_data.py for tasks to queue
[2024-06-07T06:30:29.924+0000] {logging_mixin.py:149} INFO - [2024-06-07T06:30:29.924+0000] {dagbag.py:541} INFO - Filling up the DagBag from /opt/airflow/dags/ETL_toll_data.py
[2024-06-07T06:30:30.809+0000] {processor.py:809} INFO - DAG(s) dict_keys(['ETL_toll_data_01']) retrieved from /opt/airflow/dags/ETL_toll_data.py
[2024-06-07T06:30:30.883+0000] {logging_mixin.py:149} INFO - [2024-06-07T06:30:30.882+0000] {dag.py:2726} INFO - Sync 1 DAGs
[2024-06-07T06:30:30.956+0000] {logging_mixin.py:149} INFO - [2024-06-07T06:30:30.956+0000] {dag.py:3490} INFO - Setting next_dagrun for ETL_toll_data_01 to 2024-06-07T00:00:00+00:00, run_after=2024-06-08T00:00:00+00:00
[2024-06-07T06:30:31.032+0000] {processor.py:178} INFO - Processing /opt/airflow/dags/ETL_toll_data.py took 1.108 seconds
[2024-06-07T06:31:01.219+0000] {processor.py:156} INFO - Started process (PID=179) to work on /opt/airflow/dags/ETL_toll_data.py
[2024-06-07T06:31:01.223+0000] {processor.py:799} INFO - Processing file /opt/airflow/dags/ETL_toll_data.py for tasks to queue
[2024-06-07T06:31:01.227+0000] {logging_mixin.py:149} INFO - [2024-06-07T06:31:01.226+0000] {dagbag.py:541} INFO - Filling up the DagBag from /opt/airflow/dags/ETL_toll_data.py
[2024-06-07T06:31:01.846+0000] {processor.py:809} INFO - DAG(s) dict_keys(['ETL_toll_data_01']) retrieved from /opt/airflow/dags/ETL_toll_data.py
[2024-06-07T06:31:01.885+0000] {logging_mixin.py:149} INFO - [2024-06-07T06:31:01.885+0000] {dag.py:2726} INFO - Sync 1 DAGs
[2024-06-07T06:31:01.928+0000] {logging_mixin.py:149} INFO - [2024-06-07T06:31:01.928+0000] {dag.py:3490} INFO - Setting next_dagrun for ETL_toll_data_01 to 2024-06-07T00:00:00+00:00, run_after=2024-06-08T00:00:00+00:00
[2024-06-07T06:31:01.960+0000] {processor.py:178} INFO - Processing /opt/airflow/dags/ETL_toll_data.py took 0.750 seconds
[2024-06-07T06:31:32.310+0000] {processor.py:156} INFO - Started process (PID=191) to work on /opt/airflow/dags/ETL_toll_data.py
[2024-06-07T06:31:32.315+0000] {processor.py:799} INFO - Processing file /opt/airflow/dags/ETL_toll_data.py for tasks to queue
[2024-06-07T06:31:32.320+0000] {logging_mixin.py:149} INFO - [2024-06-07T06:31:32.319+0000] {dagbag.py:541} INFO - Filling up the DagBag from /opt/airflow/dags/ETL_toll_data.py
[2024-06-07T06:31:32.916+0000] {processor.py:809} INFO - DAG(s) dict_keys(['ETL_toll_data_01']) retrieved from /opt/airflow/dags/ETL_toll_data.py
[2024-06-07T06:31:32.955+0000] {logging_mixin.py:149} INFO - [2024-06-07T06:31:32.954+0000] {dag.py:2726} INFO - Sync 1 DAGs
[2024-06-07T06:31:32.996+0000] {logging_mixin.py:149} INFO - [2024-06-07T06:31:32.995+0000] {dag.py:3490} INFO - Setting next_dagrun for ETL_toll_data_01 to 2024-06-07T00:00:00+00:00, run_after=2024-06-08T00:00:00+00:00
[2024-06-07T06:31:33.026+0000] {processor.py:178} INFO - Processing /opt/airflow/dags/ETL_toll_data.py took 0.732 seconds
[2024-06-07T06:32:03.371+0000] {processor.py:156} INFO - Started process (PID=202) to work on /opt/airflow/dags/ETL_toll_data.py
[2024-06-07T06:32:03.375+0000] {processor.py:799} INFO - Processing file /opt/airflow/dags/ETL_toll_data.py for tasks to queue
[2024-06-07T06:32:03.378+0000] {logging_mixin.py:149} INFO - [2024-06-07T06:32:03.377+0000] {dagbag.py:541} INFO - Filling up the DagBag from /opt/airflow/dags/ETL_toll_data.py
[2024-06-07T06:32:03.925+0000] {processor.py:809} INFO - DAG(s) dict_keys(['ETL_toll_data_01']) retrieved from /opt/airflow/dags/ETL_toll_data.py
[2024-06-07T06:32:03.966+0000] {logging_mixin.py:149} INFO - [2024-06-07T06:32:03.964+0000] {dag.py:2726} INFO - Sync 1 DAGs
[2024-06-07T06:32:04.018+0000] {logging_mixin.py:149} INFO - [2024-06-07T06:32:04.018+0000] {dag.py:3490} INFO - Setting next_dagrun for ETL_toll_data_01 to 2024-06-07T00:00:00+00:00, run_after=2024-06-08T00:00:00+00:00
[2024-06-07T06:32:04.060+0000] {processor.py:178} INFO - Processing /opt/airflow/dags/ETL_toll_data.py took 0.701 seconds
[2024-06-07T06:33:38.675+0000] {processor.py:156} INFO - Started process (PID=32) to work on /opt/airflow/dags/ETL_toll_data.py
[2024-06-07T06:33:38.694+0000] {processor.py:799} INFO - Processing file /opt/airflow/dags/ETL_toll_data.py for tasks to queue
[2024-06-07T06:33:38.741+0000] {logging_mixin.py:149} INFO - [2024-06-07T06:33:38.741+0000] {dagbag.py:541} INFO - Filling up the DagBag from /opt/airflow/dags/ETL_toll_data.py
[2024-06-07T06:33:42.783+0000] {processor.py:809} INFO - DAG(s) dict_keys(['ETL_toll_data_01']) retrieved from /opt/airflow/dags/ETL_toll_data.py
[2024-06-07T06:33:43.223+0000] {logging_mixin.py:149} INFO - [2024-06-07T06:33:43.222+0000] {dag.py:2726} INFO - Sync 1 DAGs
[2024-06-07T06:33:43.357+0000] {logging_mixin.py:149} INFO - [2024-06-07T06:33:43.356+0000] {dag.py:3490} INFO - Setting next_dagrun for ETL_toll_data_01 to 2024-06-07T00:00:00+00:00, run_after=2024-06-08T00:00:00+00:00
[2024-06-07T06:33:43.457+0000] {processor.py:178} INFO - Processing /opt/airflow/dags/ETL_toll_data.py took 4.900 seconds
[2024-06-07T06:34:13.704+0000] {processor.py:156} INFO - Started process (PID=51) to work on /opt/airflow/dags/ETL_toll_data.py
[2024-06-07T06:34:13.708+0000] {processor.py:799} INFO - Processing file /opt/airflow/dags/ETL_toll_data.py for tasks to queue
[2024-06-07T06:34:13.711+0000] {logging_mixin.py:149} INFO - [2024-06-07T06:34:13.711+0000] {dagbag.py:541} INFO - Filling up the DagBag from /opt/airflow/dags/ETL_toll_data.py
[2024-06-07T06:34:14.324+0000] {processor.py:809} INFO - DAG(s) dict_keys(['ETL_toll_data_01']) retrieved from /opt/airflow/dags/ETL_toll_data.py
[2024-06-07T06:34:14.412+0000] {logging_mixin.py:149} INFO - [2024-06-07T06:34:14.411+0000] {dag.py:2726} INFO - Sync 1 DAGs
[2024-06-07T06:34:14.482+0000] {logging_mixin.py:149} INFO - [2024-06-07T06:34:14.482+0000] {dag.py:3490} INFO - Setting next_dagrun for ETL_toll_data_01 to 2024-06-07T00:00:00+00:00, run_after=2024-06-08T00:00:00+00:00
[2024-06-07T06:34:14.526+0000] {processor.py:178} INFO - Processing /opt/airflow/dags/ETL_toll_data.py took 0.831 seconds
[2024-06-07T06:35:41.246+0000] {processor.py:156} INFO - Started process (PID=32) to work on /opt/airflow/dags/ETL_toll_data.py
[2024-06-07T06:35:41.255+0000] {processor.py:799} INFO - Processing file /opt/airflow/dags/ETL_toll_data.py for tasks to queue
[2024-06-07T06:35:41.259+0000] {logging_mixin.py:149} INFO - [2024-06-07T06:35:41.259+0000] {dagbag.py:541} INFO - Filling up the DagBag from /opt/airflow/dags/ETL_toll_data.py
[2024-06-07T06:35:44.660+0000] {processor.py:809} INFO - DAG(s) dict_keys(['ETL_toll_data_01']) retrieved from /opt/airflow/dags/ETL_toll_data.py
[2024-06-07T06:35:45.263+0000] {logging_mixin.py:149} INFO - [2024-06-07T06:35:45.260+0000] {dag.py:2726} INFO - Sync 1 DAGs
[2024-06-07T06:35:45.377+0000] {logging_mixin.py:149} INFO - [2024-06-07T06:35:45.377+0000] {dag.py:3490} INFO - Setting next_dagrun for ETL_toll_data_01 to 2024-06-07T00:00:00+00:00, run_after=2024-06-08T00:00:00+00:00
[2024-06-07T06:35:45.539+0000] {processor.py:178} INFO - Processing /opt/airflow/dags/ETL_toll_data.py took 4.317 seconds
[2024-06-07T06:36:16.020+0000] {processor.py:156} INFO - Started process (PID=43) to work on /opt/airflow/dags/ETL_toll_data.py
[2024-06-07T06:36:16.022+0000] {processor.py:799} INFO - Processing file /opt/airflow/dags/ETL_toll_data.py for tasks to queue
[2024-06-07T06:36:16.025+0000] {logging_mixin.py:149} INFO - [2024-06-07T06:36:16.024+0000] {dagbag.py:541} INFO - Filling up the DagBag from /opt/airflow/dags/ETL_toll_data.py
[2024-06-07T06:36:17.601+0000] {processor.py:809} INFO - DAG(s) dict_keys(['ETL_toll_data_01']) retrieved from /opt/airflow/dags/ETL_toll_data.py
[2024-06-07T06:36:17.651+0000] {logging_mixin.py:149} INFO - [2024-06-07T06:36:17.650+0000] {dag.py:2726} INFO - Sync 1 DAGs
[2024-06-07T06:36:17.691+0000] {logging_mixin.py:149} INFO - [2024-06-07T06:36:17.691+0000] {dag.py:3490} INFO - Setting next_dagrun for ETL_toll_data_01 to 2024-06-07T00:00:00+00:00, run_after=2024-06-08T00:00:00+00:00
[2024-06-07T06:36:17.719+0000] {processor.py:178} INFO - Processing /opt/airflow/dags/ETL_toll_data.py took 1.704 seconds
[2024-06-07T06:36:23.152+0000] {processor.py:156} INFO - Started process (PID=55) to work on /opt/airflow/dags/ETL_toll_data.py
[2024-06-07T06:36:23.155+0000] {processor.py:799} INFO - Processing file /opt/airflow/dags/ETL_toll_data.py for tasks to queue
[2024-06-07T06:36:23.160+0000] {logging_mixin.py:149} INFO - [2024-06-07T06:36:23.159+0000] {dagbag.py:541} INFO - Filling up the DagBag from /opt/airflow/dags/ETL_toll_data.py
[2024-06-07T06:36:24.037+0000] {processor.py:809} INFO - DAG(s) dict_keys(['ETL_toll_data_01']) retrieved from /opt/airflow/dags/ETL_toll_data.py
[2024-06-07T06:36:24.113+0000] {logging_mixin.py:149} INFO - [2024-06-07T06:36:24.112+0000] {dag.py:2726} INFO - Sync 1 DAGs
[2024-06-07T06:36:24.243+0000] {logging_mixin.py:149} INFO - [2024-06-07T06:36:24.242+0000] {dag.py:3490} INFO - Setting next_dagrun for ETL_toll_data_01 to 2024-06-07T00:00:00+00:00, run_after=2024-06-08T00:00:00+00:00
[2024-06-07T06:36:24.367+0000] {processor.py:178} INFO - Processing /opt/airflow/dags/ETL_toll_data.py took 1.225 seconds
[2024-06-07T06:36:54.450+0000] {processor.py:156} INFO - Started process (PID=67) to work on /opt/airflow/dags/ETL_toll_data.py
[2024-06-07T06:36:54.452+0000] {processor.py:799} INFO - Processing file /opt/airflow/dags/ETL_toll_data.py for tasks to queue
[2024-06-07T06:36:54.456+0000] {logging_mixin.py:149} INFO - [2024-06-07T06:36:54.455+0000] {dagbag.py:541} INFO - Filling up the DagBag from /opt/airflow/dags/ETL_toll_data.py
[2024-06-07T06:36:55.168+0000] {processor.py:809} INFO - DAG(s) dict_keys(['ETL_toll_data_01']) retrieved from /opt/airflow/dags/ETL_toll_data.py
[2024-06-07T06:36:55.223+0000] {logging_mixin.py:149} INFO - [2024-06-07T06:36:55.222+0000] {dag.py:2726} INFO - Sync 1 DAGs
[2024-06-07T06:36:55.271+0000] {logging_mixin.py:149} INFO - [2024-06-07T06:36:55.271+0000] {dag.py:3490} INFO - Setting next_dagrun for ETL_toll_data_01 to 2024-06-07T00:00:00+00:00, run_after=2024-06-08T00:00:00+00:00
[2024-06-07T06:36:55.456+0000] {processor.py:178} INFO - Processing /opt/airflow/dags/ETL_toll_data.py took 1.012 seconds
[2024-06-07T06:37:25.799+0000] {processor.py:156} INFO - Started process (PID=79) to work on /opt/airflow/dags/ETL_toll_data.py
[2024-06-07T06:37:25.800+0000] {processor.py:799} INFO - Processing file /opt/airflow/dags/ETL_toll_data.py for tasks to queue
[2024-06-07T06:37:25.803+0000] {logging_mixin.py:149} INFO - [2024-06-07T06:37:25.802+0000] {dagbag.py:541} INFO - Filling up the DagBag from /opt/airflow/dags/ETL_toll_data.py
[2024-06-07T06:37:26.430+0000] {processor.py:809} INFO - DAG(s) dict_keys(['ETL_toll_data_01']) retrieved from /opt/airflow/dags/ETL_toll_data.py
[2024-06-07T06:37:26.477+0000] {logging_mixin.py:149} INFO - [2024-06-07T06:37:26.476+0000] {dag.py:2726} INFO - Sync 1 DAGs
[2024-06-07T06:37:26.532+0000] {logging_mixin.py:149} INFO - [2024-06-07T06:37:26.531+0000] {dag.py:3490} INFO - Setting next_dagrun for ETL_toll_data_01 to 2024-06-07T00:00:00+00:00, run_after=2024-06-08T00:00:00+00:00
[2024-06-07T06:37:26.562+0000] {processor.py:178} INFO - Processing /opt/airflow/dags/ETL_toll_data.py took 0.771 seconds
[2024-06-07T06:37:56.963+0000] {processor.py:156} INFO - Started process (PID=91) to work on /opt/airflow/dags/ETL_toll_data.py
[2024-06-07T06:37:56.965+0000] {processor.py:799} INFO - Processing file /opt/airflow/dags/ETL_toll_data.py for tasks to queue
[2024-06-07T06:37:56.967+0000] {logging_mixin.py:149} INFO - [2024-06-07T06:37:56.966+0000] {dagbag.py:541} INFO - Filling up the DagBag from /opt/airflow/dags/ETL_toll_data.py
[2024-06-07T06:37:57.495+0000] {processor.py:809} INFO - DAG(s) dict_keys(['ETL_toll_data_01']) retrieved from /opt/airflow/dags/ETL_toll_data.py
[2024-06-07T06:37:57.533+0000] {logging_mixin.py:149} INFO - [2024-06-07T06:37:57.533+0000] {dag.py:2726} INFO - Sync 1 DAGs
[2024-06-07T06:37:57.573+0000] {logging_mixin.py:149} INFO - [2024-06-07T06:37:57.573+0000] {dag.py:3490} INFO - Setting next_dagrun for ETL_toll_data_01 to 2024-06-07T00:00:00+00:00, run_after=2024-06-08T00:00:00+00:00
[2024-06-07T06:37:57.601+0000] {processor.py:178} INFO - Processing /opt/airflow/dags/ETL_toll_data.py took 0.643 seconds
[2024-06-07T06:38:27.909+0000] {processor.py:156} INFO - Started process (PID=102) to work on /opt/airflow/dags/ETL_toll_data.py
[2024-06-07T06:38:27.914+0000] {processor.py:799} INFO - Processing file /opt/airflow/dags/ETL_toll_data.py for tasks to queue
[2024-06-07T06:38:27.917+0000] {logging_mixin.py:149} INFO - [2024-06-07T06:38:27.917+0000] {dagbag.py:541} INFO - Filling up the DagBag from /opt/airflow/dags/ETL_toll_data.py
[2024-06-07T06:38:29.120+0000] {processor.py:809} INFO - DAG(s) dict_keys(['ETL_toll_data_01']) retrieved from /opt/airflow/dags/ETL_toll_data.py
[2024-06-07T06:38:29.242+0000] {logging_mixin.py:149} INFO - [2024-06-07T06:38:29.241+0000] {dag.py:2726} INFO - Sync 1 DAGs
[2024-06-07T06:38:29.306+0000] {logging_mixin.py:149} INFO - [2024-06-07T06:38:29.305+0000] {dag.py:3490} INFO - Setting next_dagrun for ETL_toll_data_01 to 2024-06-07T00:00:00+00:00, run_after=2024-06-08T00:00:00+00:00
[2024-06-07T06:38:29.365+0000] {processor.py:178} INFO - Processing /opt/airflow/dags/ETL_toll_data.py took 1.464 seconds
[2024-06-07T06:38:59.646+0000] {processor.py:156} INFO - Started process (PID=114) to work on /opt/airflow/dags/ETL_toll_data.py
[2024-06-07T06:38:59.649+0000] {processor.py:799} INFO - Processing file /opt/airflow/dags/ETL_toll_data.py for tasks to queue
[2024-06-07T06:38:59.652+0000] {logging_mixin.py:149} INFO - [2024-06-07T06:38:59.651+0000] {dagbag.py:541} INFO - Filling up the DagBag from /opt/airflow/dags/ETL_toll_data.py
[2024-06-07T06:39:00.222+0000] {processor.py:809} INFO - DAG(s) dict_keys(['ETL_toll_data_01']) retrieved from /opt/airflow/dags/ETL_toll_data.py
[2024-06-07T06:39:00.272+0000] {logging_mixin.py:149} INFO - [2024-06-07T06:39:00.271+0000] {dag.py:2726} INFO - Sync 1 DAGs
[2024-06-07T06:39:00.317+0000] {logging_mixin.py:149} INFO - [2024-06-07T06:39:00.316+0000] {dag.py:3490} INFO - Setting next_dagrun for ETL_toll_data_01 to 2024-06-07T00:00:00+00:00, run_after=2024-06-08T00:00:00+00:00
[2024-06-07T06:39:00.359+0000] {processor.py:178} INFO - Processing /opt/airflow/dags/ETL_toll_data.py took 0.723 seconds
[2024-06-07T06:39:30.696+0000] {processor.py:156} INFO - Started process (PID=125) to work on /opt/airflow/dags/ETL_toll_data.py
[2024-06-07T06:39:30.700+0000] {processor.py:799} INFO - Processing file /opt/airflow/dags/ETL_toll_data.py for tasks to queue
[2024-06-07T06:39:30.706+0000] {logging_mixin.py:149} INFO - [2024-06-07T06:39:30.705+0000] {dagbag.py:541} INFO - Filling up the DagBag from /opt/airflow/dags/ETL_toll_data.py
[2024-06-07T06:39:31.636+0000] {processor.py:809} INFO - DAG(s) dict_keys(['ETL_toll_data_01']) retrieved from /opt/airflow/dags/ETL_toll_data.py
[2024-06-07T06:39:31.709+0000] {logging_mixin.py:149} INFO - [2024-06-07T06:39:31.708+0000] {dag.py:2726} INFO - Sync 1 DAGs
[2024-06-07T06:39:31.775+0000] {logging_mixin.py:149} INFO - [2024-06-07T06:39:31.775+0000] {dag.py:3490} INFO - Setting next_dagrun for ETL_toll_data_01 to 2024-06-07T00:00:00+00:00, run_after=2024-06-08T00:00:00+00:00
[2024-06-07T06:39:31.810+0000] {processor.py:178} INFO - Processing /opt/airflow/dags/ETL_toll_data.py took 1.127 seconds
[2024-06-07T06:39:39.801+0000] {processor.py:156} INFO - Started process (PID=130) to work on /opt/airflow/dags/ETL_toll_data.py
[2024-06-07T06:39:39.803+0000] {processor.py:799} INFO - Processing file /opt/airflow/dags/ETL_toll_data.py for tasks to queue
[2024-06-07T06:39:39.805+0000] {logging_mixin.py:149} INFO - [2024-06-07T06:39:39.804+0000] {dagbag.py:541} INFO - Filling up the DagBag from /opt/airflow/dags/ETL_toll_data.py
[2024-06-07T06:39:40.358+0000] {processor.py:809} INFO - DAG(s) dict_keys(['ETL_toll_data_01']) retrieved from /opt/airflow/dags/ETL_toll_data.py
[2024-06-07T06:39:40.405+0000] {logging_mixin.py:149} INFO - [2024-06-07T06:39:40.404+0000] {dag.py:2726} INFO - Sync 1 DAGs
[2024-06-07T06:39:40.453+0000] {logging_mixin.py:149} INFO - [2024-06-07T06:39:40.453+0000] {dag.py:3490} INFO - Setting next_dagrun for ETL_toll_data_01 to 2024-06-07T00:00:00+00:00, run_after=2024-06-08T00:00:00+00:00
[2024-06-07T06:39:40.492+0000] {processor.py:178} INFO - Processing /opt/airflow/dags/ETL_toll_data.py took 0.698 seconds
[2024-06-07T06:40:10.700+0000] {processor.py:156} INFO - Started process (PID=142) to work on /opt/airflow/dags/ETL_toll_data.py
[2024-06-07T06:40:10.701+0000] {processor.py:799} INFO - Processing file /opt/airflow/dags/ETL_toll_data.py for tasks to queue
[2024-06-07T06:40:10.704+0000] {logging_mixin.py:149} INFO - [2024-06-07T06:40:10.704+0000] {dagbag.py:541} INFO - Filling up the DagBag from /opt/airflow/dags/ETL_toll_data.py
[2024-06-07T06:40:11.358+0000] {processor.py:809} INFO - DAG(s) dict_keys(['ETL_toll_data_01']) retrieved from /opt/airflow/dags/ETL_toll_data.py
[2024-06-07T06:40:11.422+0000] {logging_mixin.py:149} INFO - [2024-06-07T06:40:11.421+0000] {dag.py:2726} INFO - Sync 1 DAGs
[2024-06-07T06:40:11.464+0000] {logging_mixin.py:149} INFO - [2024-06-07T06:40:11.464+0000] {dag.py:3490} INFO - Setting next_dagrun for ETL_toll_data_01 to 2024-06-07T00:00:00+00:00, run_after=2024-06-08T00:00:00+00:00
[2024-06-07T06:40:11.495+0000] {processor.py:178} INFO - Processing /opt/airflow/dags/ETL_toll_data.py took 0.802 seconds
[2024-06-07T06:40:13.136+0000] {processor.py:156} INFO - Started process (PID=147) to work on /opt/airflow/dags/ETL_toll_data.py
[2024-06-07T06:40:13.138+0000] {processor.py:799} INFO - Processing file /opt/airflow/dags/ETL_toll_data.py for tasks to queue
[2024-06-07T06:40:13.141+0000] {logging_mixin.py:149} INFO - [2024-06-07T06:40:13.141+0000] {dagbag.py:541} INFO - Filling up the DagBag from /opt/airflow/dags/ETL_toll_data.py
[2024-06-07T06:40:13.157+0000] {logging_mixin.py:149} INFO - [2024-06-07T06:40:13.155+0000] {dagbag.py:350} ERROR - Failed to import: /opt/airflow/dags/ETL_toll_data.py
Traceback (most recent call last):
  File "/home/airflow/.local/lib/python3.7/site-packages/airflow/models/dagbag.py", line 346, in parse
    loader.exec_module(new_module)
  File "<frozen importlib._bootstrap_external>", line 724, in exec_module
  File "<frozen importlib._bootstrap_external>", line 860, in get_code
  File "<frozen importlib._bootstrap_external>", line 791, in source_to_code
  File "<frozen importlib._bootstrap>", line 219, in _call_with_frames_removed
  File "/opt/airflow/dags/ETL_toll_data.py", line 138
    unzip_task >> [extract_csv_task,extract_tsv_task,extract_data_from_fixed_width_task] >> consolidate_data_task >> transform_data_task>>
                                                                                                                                          ^
SyntaxError: invalid syntax
[2024-06-07T06:40:13.158+0000] {processor.py:811} WARNING - No viable dags retrieved from /opt/airflow/dags/ETL_toll_data.py
[2024-06-07T06:40:13.196+0000] {processor.py:178} INFO - Processing /opt/airflow/dags/ETL_toll_data.py took 0.065 seconds
[2024-06-07T06:40:37.207+0000] {processor.py:156} INFO - Started process (PID=154) to work on /opt/airflow/dags/ETL_toll_data.py
[2024-06-07T06:40:37.210+0000] {processor.py:799} INFO - Processing file /opt/airflow/dags/ETL_toll_data.py for tasks to queue
[2024-06-07T06:40:37.212+0000] {logging_mixin.py:149} INFO - [2024-06-07T06:40:37.212+0000] {dagbag.py:541} INFO - Filling up the DagBag from /opt/airflow/dags/ETL_toll_data.py
[2024-06-07T06:40:37.908+0000] {processor.py:809} INFO - DAG(s) dict_keys(['ETL_toll_data_01']) retrieved from /opt/airflow/dags/ETL_toll_data.py
[2024-06-07T06:40:38.097+0000] {logging_mixin.py:149} INFO - [2024-06-07T06:40:38.097+0000] {dag.py:2726} INFO - Sync 1 DAGs
[2024-06-07T06:40:38.140+0000] {logging_mixin.py:149} INFO - [2024-06-07T06:40:38.140+0000] {dag.py:3490} INFO - Setting next_dagrun for ETL_toll_data_01 to 2024-06-07T00:00:00+00:00, run_after=2024-06-08T00:00:00+00:00
[2024-06-07T06:40:38.180+0000] {processor.py:178} INFO - Processing /opt/airflow/dags/ETL_toll_data.py took 0.979 seconds
[2024-06-07T06:41:08.849+0000] {processor.py:156} INFO - Started process (PID=166) to work on /opt/airflow/dags/ETL_toll_data.py
[2024-06-07T06:41:08.851+0000] {processor.py:799} INFO - Processing file /opt/airflow/dags/ETL_toll_data.py for tasks to queue
[2024-06-07T06:41:08.854+0000] {logging_mixin.py:149} INFO - [2024-06-07T06:41:08.854+0000] {dagbag.py:541} INFO - Filling up the DagBag from /opt/airflow/dags/ETL_toll_data.py
[2024-06-07T06:41:09.693+0000] {processor.py:809} INFO - DAG(s) dict_keys(['ETL_toll_data_01']) retrieved from /opt/airflow/dags/ETL_toll_data.py
[2024-06-07T06:41:09.749+0000] {logging_mixin.py:149} INFO - [2024-06-07T06:41:09.748+0000] {dag.py:2726} INFO - Sync 1 DAGs
[2024-06-07T06:41:09.802+0000] {logging_mixin.py:149} INFO - [2024-06-07T06:41:09.801+0000] {dag.py:3490} INFO - Setting next_dagrun for ETL_toll_data_01 to 2024-06-07T00:00:00+00:00, run_after=2024-06-08T00:00:00+00:00
[2024-06-07T06:41:09.838+0000] {processor.py:178} INFO - Processing /opt/airflow/dags/ETL_toll_data.py took 0.995 seconds
[2024-06-07T06:41:27.115+0000] {processor.py:156} INFO - Started process (PID=182) to work on /opt/airflow/dags/ETL_toll_data.py
[2024-06-07T06:41:27.118+0000] {processor.py:799} INFO - Processing file /opt/airflow/dags/ETL_toll_data.py for tasks to queue
[2024-06-07T06:41:27.122+0000] {logging_mixin.py:149} INFO - [2024-06-07T06:41:27.122+0000] {dagbag.py:541} INFO - Filling up the DagBag from /opt/airflow/dags/ETL_toll_data.py
[2024-06-07T06:41:28.267+0000] {processor.py:809} INFO - DAG(s) dict_keys(['ETL_toll_data_16']) retrieved from /opt/airflow/dags/ETL_toll_data.py
[2024-06-07T06:41:28.584+0000] {logging_mixin.py:149} INFO - [2024-06-07T06:41:28.583+0000] {manager.py:504} INFO - Created Permission View: can edit on DAG:ETL_toll_data_16
[2024-06-07T06:41:28.608+0000] {logging_mixin.py:149} INFO - [2024-06-07T06:41:28.608+0000] {manager.py:504} INFO - Created Permission View: can delete on DAG:ETL_toll_data_16
[2024-06-07T06:41:28.627+0000] {logging_mixin.py:149} INFO - [2024-06-07T06:41:28.626+0000] {manager.py:504} INFO - Created Permission View: can read on DAG:ETL_toll_data_16
[2024-06-07T06:41:28.630+0000] {logging_mixin.py:149} INFO - [2024-06-07T06:41:28.628+0000] {dag.py:2726} INFO - Sync 1 DAGs
[2024-06-07T06:41:28.659+0000] {logging_mixin.py:149} INFO - [2024-06-07T06:41:28.658+0000] {dag.py:2747} INFO - Creating ORM DAG for ETL_toll_data_16
[2024-06-07T06:41:28.686+0000] {logging_mixin.py:149} INFO - [2024-06-07T06:41:28.686+0000] {dag.py:3490} INFO - Setting next_dagrun for ETL_toll_data_16 to 2024-06-07T00:00:00+00:00, run_after=2024-06-08T00:00:00+00:00
[2024-06-07T06:41:28.722+0000] {processor.py:178} INFO - Processing /opt/airflow/dags/ETL_toll_data.py took 1.619 seconds
[2024-06-07T06:41:59.278+0000] {processor.py:156} INFO - Started process (PID=199) to work on /opt/airflow/dags/ETL_toll_data.py
[2024-06-07T06:41:59.280+0000] {processor.py:799} INFO - Processing file /opt/airflow/dags/ETL_toll_data.py for tasks to queue
[2024-06-07T06:41:59.284+0000] {logging_mixin.py:149} INFO - [2024-06-07T06:41:59.284+0000] {dagbag.py:541} INFO - Filling up the DagBag from /opt/airflow/dags/ETL_toll_data.py
[2024-06-07T06:41:59.922+0000] {processor.py:809} INFO - DAG(s) dict_keys(['ETL_toll_data_16']) retrieved from /opt/airflow/dags/ETL_toll_data.py
[2024-06-07T06:41:59.969+0000] {logging_mixin.py:149} INFO - [2024-06-07T06:41:59.968+0000] {dag.py:2726} INFO - Sync 1 DAGs
[2024-06-07T06:42:00.013+0000] {logging_mixin.py:149} INFO - [2024-06-07T06:42:00.013+0000] {dag.py:3490} INFO - Setting next_dagrun for ETL_toll_data_16 to 2024-06-07T00:00:00+00:00, run_after=2024-06-08T00:00:00+00:00
[2024-06-07T06:42:00.044+0000] {processor.py:178} INFO - Processing /opt/airflow/dags/ETL_toll_data.py took 0.771 seconds
[2024-06-07T06:42:30.163+0000] {processor.py:156} INFO - Started process (PID=211) to work on /opt/airflow/dags/ETL_toll_data.py
[2024-06-07T06:42:30.167+0000] {processor.py:799} INFO - Processing file /opt/airflow/dags/ETL_toll_data.py for tasks to queue
[2024-06-07T06:42:30.172+0000] {logging_mixin.py:149} INFO - [2024-06-07T06:42:30.171+0000] {dagbag.py:541} INFO - Filling up the DagBag from /opt/airflow/dags/ETL_toll_data.py
[2024-06-07T06:42:30.882+0000] {processor.py:809} INFO - DAG(s) dict_keys(['ETL_toll_data_16']) retrieved from /opt/airflow/dags/ETL_toll_data.py
[2024-06-07T06:42:30.959+0000] {logging_mixin.py:149} INFO - [2024-06-07T06:42:30.957+0000] {dag.py:2726} INFO - Sync 1 DAGs
[2024-06-07T06:42:31.003+0000] {logging_mixin.py:149} INFO - [2024-06-07T06:42:31.003+0000] {dag.py:3490} INFO - Setting next_dagrun for ETL_toll_data_16 to 2024-06-07T00:00:00+00:00, run_after=2024-06-08T00:00:00+00:00
[2024-06-07T06:42:31.032+0000] {processor.py:178} INFO - Processing /opt/airflow/dags/ETL_toll_data.py took 0.740 seconds
[2024-06-07T06:42:40.120+0000] {processor.py:156} INFO - Started process (PID=216) to work on /opt/airflow/dags/ETL_toll_data.py
[2024-06-07T06:42:40.124+0000] {processor.py:799} INFO - Processing file /opt/airflow/dags/ETL_toll_data.py for tasks to queue
[2024-06-07T06:42:40.129+0000] {logging_mixin.py:149} INFO - [2024-06-07T06:42:40.128+0000] {dagbag.py:541} INFO - Filling up the DagBag from /opt/airflow/dags/ETL_toll_data.py
[2024-06-07T06:42:40.771+0000] {processor.py:809} INFO - DAG(s) dict_keys(['ETL_toll_data_16']) retrieved from /opt/airflow/dags/ETL_toll_data.py
[2024-06-07T06:42:40.918+0000] {logging_mixin.py:149} INFO - [2024-06-07T06:42:40.917+0000] {dag.py:2726} INFO - Sync 1 DAGs
[2024-06-07T06:42:40.968+0000] {logging_mixin.py:149} INFO - [2024-06-07T06:42:40.967+0000] {dag.py:3490} INFO - Setting next_dagrun for ETL_toll_data_16 to 2024-06-07T00:00:00+00:00, run_after=2024-06-08T00:00:00+00:00
[2024-06-07T06:42:41.000+0000] {processor.py:178} INFO - Processing /opt/airflow/dags/ETL_toll_data.py took 0.891 seconds
[2024-06-07T06:43:00.249+0000] {processor.py:156} INFO - Started process (PID=227) to work on /opt/airflow/dags/ETL_toll_data.py
[2024-06-07T06:43:00.251+0000] {processor.py:799} INFO - Processing file /opt/airflow/dags/ETL_toll_data.py for tasks to queue
[2024-06-07T06:43:00.254+0000] {logging_mixin.py:149} INFO - [2024-06-07T06:43:00.253+0000] {dagbag.py:541} INFO - Filling up the DagBag from /opt/airflow/dags/ETL_toll_data.py
[2024-06-07T06:43:01.195+0000] {processor.py:809} INFO - DAG(s) dict_keys(['ETL_toll_data_16']) retrieved from /opt/airflow/dags/ETL_toll_data.py
[2024-06-07T06:43:01.823+0000] {logging_mixin.py:149} INFO - [2024-06-07T06:43:01.812+0000] {dag.py:2726} INFO - Sync 1 DAGs
[2024-06-07T06:43:01.962+0000] {logging_mixin.py:149} INFO - [2024-06-07T06:43:01.961+0000] {dag.py:3490} INFO - Setting next_dagrun for ETL_toll_data_16 to 2024-06-07T00:00:00+00:00, run_after=2024-06-08T00:00:00+00:00
[2024-06-07T06:43:02.047+0000] {processor.py:178} INFO - Processing /opt/airflow/dags/ETL_toll_data.py took 1.794 seconds
[2024-06-07T06:43:32.501+0000] {processor.py:156} INFO - Started process (PID=243) to work on /opt/airflow/dags/ETL_toll_data.py
[2024-06-07T06:43:32.503+0000] {processor.py:799} INFO - Processing file /opt/airflow/dags/ETL_toll_data.py for tasks to queue
[2024-06-07T06:43:32.505+0000] {logging_mixin.py:149} INFO - [2024-06-07T06:43:32.505+0000] {dagbag.py:541} INFO - Filling up the DagBag from /opt/airflow/dags/ETL_toll_data.py
[2024-06-07T06:43:33.691+0000] {processor.py:809} INFO - DAG(s) dict_keys(['ETL_toll_data_16']) retrieved from /opt/airflow/dags/ETL_toll_data.py
[2024-06-07T06:43:33.764+0000] {logging_mixin.py:149} INFO - [2024-06-07T06:43:33.763+0000] {dag.py:2726} INFO - Sync 1 DAGs
[2024-06-07T06:43:33.848+0000] {logging_mixin.py:149} INFO - [2024-06-07T06:43:33.848+0000] {dag.py:3490} INFO - Setting next_dagrun for ETL_toll_data_16 to 2024-06-07T00:00:00+00:00, run_after=2024-06-08T00:00:00+00:00
[2024-06-07T06:43:33.898+0000] {processor.py:178} INFO - Processing /opt/airflow/dags/ETL_toll_data.py took 1.404 seconds
